second,frame_no,seconds,channelrate,sourcerate,redundantPkts,redundancyrate
4455, 0, 1664192696, 200000, 6976.853, 1, 0
4455, 1, 1664192696, 42925.09933959532, 6976.853, 1, 0
4456, 2, 1664192696, 42925.09933959532, 6976.853, 1, 17.1875
4456, 3, 1664192697, 42925.09933959532, 6976.853, 1, 17.1875
4456, 4, 1664192697, 46940.03044380745, 6976.853, 1, 17.1875
4457, 5, 1664192697, 46940.03044380745, 6976.853, 1, 25.78125
4457, 6, 1664192698, 46940.03044380745, 6976.853, 1, 25.78125
4457, 7, 1664192698, 39742.76910005816, 6976.853, 1, 25.78125
4459, 8, 1664192699, 39742.76910005816, 6976.853, 1, 25.78125
4459, 9, 1664192699, 39742.76910005816, 6976.853, 1, 25.78125
4459, 10, 1664192699, 35958.14808557382, 6976.853, 1, 25.78125
450, 11, 1664192700, 35958.14808557382, 6976.853, 1, 25.78125
450, 12, 1664192700, 35958.14808557382, 6976.853, 1, 25.78125
450, 13, 1664192700, 25615.499617854515, 6976.853, 1, 25.78125
451, 14, 1664192701, 25615.499617854515, 6976.853, 1, 25.78125
451, 15, 1664192701, 25615.499617854515, 6976.853, 1, 25.78125
451, 16, 1664192702, 54630.03188086892, 6976.853, 1, 25.78125
452, 17, 1664192702, 54630.03188086892, 6976.853, 1, 25.78125
452, 18, 1664192702, 54630.03188086892, 6976.853, 1, 25.78125
452, 19, 1664192703, 46169.10408870591, 6976.853, 1, 25.78125
453, 20, 1664192703, 46169.10408870591, 6976.853, 1, 25.78125
453, 21, 1664192703, 46169.10408870591, 6976.853, 1, 25.78125
453, 22, 1664192704, 46862.10569586395, 6976.853, 1, 25.78125
454, 23, 1664192704, 46862.10569586395, 6976.853, 1, 25.78125
454, 24, 1664192705, 46862.10569586395, 6976.853, 1, 25.78125
454, 25, 1664192705, 33201.65792901917, 6976.853, 1, 25.78125
455, 26, 1664192705, 33201.65792901917, 6976.853, 1, 25.78125
455, 27, 1664192706, 33201.65792901917, 6976.853, 1, 25.78125
455, 28, 1664192706, 46271.185675763445, 6976.853, 1, 25.78125
456, 29, 1664192706, 46271.185675763445, 6976.853, 1, 25.78125
456, 30, 1664192707, 46271.185675763445, 6976.853, 1, 25.78125
456, 31, 1664192707, 49380.173821031574, 6976.853, 1, 25.78125
458, 32, 1664192708, 49380.173821031574, 6976.853, 1, 25.78125
458, 33, 1664192708, 49380.173821031574, 6976.853, 1, 25.78125
458, 34, 1664192708, 37039.25138197046, 6976.853, 1, 25.78125
459, 35, 1664192709, 37039.25138197046, 6976.853, 1, 25.78125
459, 36, 1664192709, 37039.25138197046, 6976.853, 1, 25.78125
459, 37, 1664192710, 45422.823079434675, 6976.853, 1, 25.78125
4510, 38, 1664192710, 45422.823079434675, 6976.853, 1, 25.78125
4510, 39, 1664192710, 45422.823079434675, 6976.853, 1, 25.78125
4510, 40, 1664192711, 47748.62006235336, 6976.853, 1, 25.78125
4511, 41, 1664192711, 47748.62006235336, 6976.853, 1, 25.78125
4511, 42, 1664192712, 47748.62006235336, 6976.853, 1, 25.78125
4511, 43, 1664192712, 43218.937371840795, 6976.853, 1, 25.78125
4512, 44, 1664192712, 43218.937371840795, 6976.853, 1, 25.78125
4512, 45, 1664192713, 43218.937371840795, 6976.853, 1, 25.78125
4512, 46, 1664192713, 32518.943360728535, 6976.853, 1, 25.78125
4513, 47, 1664192714, 32518.943360728535, 6976.853, 1, 25.78125
4513, 48, 1664192714, 32518.943360728535, 6976.853, 1, 25.78125
4513, 49, 1664192714, 30771.614611022018, 6976.853, 1, 25.78125
4515, 50, 1664192715, 30771.614611022018, 6976.853, 1, 25.78125
4515, 51, 1664192715, 30771.614611022018, 6976.853, 1, 25.78125
4515, 52, 1664192716, 36223.11955524248, 6976.853, 1, 25.78125
4516, 53, 1664192716, 36223.11955524248, 6976.853, 1, 25.78125
4516, 54, 1664192716, 36223.11955524248, 6976.853, 1, 25.78125
4516, 55, 1664192717, 40797.59597743348, 6976.853, 1, 25.78125
4517, 56, 1664192717, 40797.59597743348, 6976.853, 1, 25.78125
4517, 57, 1664192717, 40797.59597743348, 6976.853, 1, 25.78125
4517, 58, 1664192718, 45851.11845538355, 6976.853, 1, 25.78125
4518, 59, 1664192718, 45851.11845538355, 6976.853, 1, 25.78125
4518, 60, 1664192719, 45851.11845538355, 6976.853, 1, 25.78125
4518, 61, 1664192719, 43035.19230083764, 6976.853, 1, 25.78125
4519, 62, 1664192719, 43035.19230083764, 6976.853, 1, 25.78125
4519, 63, 1664192720, 43035.19230083764, 6976.853, 1, 25.78125
4519, 64, 1664192720, 43327.91274306061, 6976.853, 1, 25.78125
4520, 65, 1664192720, 43327.91274306061, 6976.853, 1, 25.78125
4520, 66, 1664192721, 43327.91274306061, 6976.853, 1, 25.78125
4520, 67, 1664192721, 40985.38792119157, 6976.853, 1, 25.78125
4521, 68, 1664192721, 40985.38792119157, 6976.853, 1, 25.78125
4521, 69, 1664192722, 40985.38792119157, 6976.853, 1, 25.78125
4521, 70, 1664192722, 45942.933265018575, 6976.853, 1, 25.78125
4523, 71, 1664192723, 45942.933265018575, 6976.853, 1, 25.78125
4523, 72, 1664192723, 45942.933265018575, 6976.853, 1, 25.78125
4523, 73, 1664192723, 43401.18840681836, 6976.853, 1, 25.78125
4524, 74, 1664192724, 43401.18840681836, 6976.853, 1, 25.78125
4524, 75, 1664192724, 43401.18840681836, 6976.853, 1, 25.78125
4524, 76, 1664192725, 35877.79917464577, 6976.853, 1, 25.78125
4525, 77, 1664192725, 35877.79917464577, 6976.853, 1, 25.78125
4525, 78, 1664192725, 35877.79917464577, 6976.853, 1, 25.78125
4525, 79, 1664192726, 36872.94163373261, 6976.853, 1, 25.78125
4526, 80, 1664192726, 36872.94163373261, 6976.853, 1, 25.78125
4526, 81, 1664192726, 36872.94163373261, 6976.853, 1, 25.78125
4526, 82, 1664192727, 47141.42100547951, 6976.853, 1, 25.78125
4527, 83, 1664192727, 47141.42100547951, 6976.853, 1, 25.78125
4527, 84, 1664192728, 47141.42100547951, 6976.853, 1, 25.78125
4527, 85, 1664192728, 45823.98991882176, 6976.853, 1, 25.78125
4528, 86, 1664192728, 45823.98991882176, 6976.853, 1, 25.78125
4528, 87, 1664192729, 45823.98991882176, 6976.853, 1, 25.78125
4528, 88, 1664192729, 46345.5690154847, 6976.853, 1, 25.78125
4529, 89, 1664192729, 46345.5690154847, 6976.853, 1, 25.78125
4529, 90, 1664192730, 46345.5690154847, 6976.853, 1, 25.78125
4529, 91, 1664192730, 43037.67389301567, 6976.853, 1, 25.78125
