second,frame_no,seconds,channelrate,sourcerate,redundantPkts,redundancyrate,redundantPkts_error,redundancyrate_error
5430, 0, 1664927670, 200000, 6976.853
5430, 1, 1664927670, 200000, 6976.853
5430, 2, 1664927670, 200000, 6976.853
5430, 3, 1664927670, 44266.726559747214, 6976.853
5430, 4, 1664927670, 44266.726559747214, 6976.853
5430, 5, 1664927670, 44266.726559747214, 6976.853
5430, 6, 1664927671, 44266.726559747214, 6976.853
5430, 7, 1664927671, 44266.726559747214, 6976.853
5430, 8, 1664927671, 44266.726559747214, 6976.853
5430, 9, 1664927671, 44266.726559747214, 6976.853
5430, 10, 1664927671, 44266.726559747214, 6976.853
5430, 11, 1664927671, 44266.726559747214, 6976.853
5430, 12, 1664927671, 44266.726559747214, 6976.853
5430, 13, 1664927671, 44266.726559747214, 6976.853
5430, 14, 1664927671, 44266.726559747214, 6976.853
5430, 15, 1664927671, 44266.726559747214, 6976.853
5430, 16, 1664927671, 44266.726559747214, 6976.853
5430, 17, 1664927671, 44266.726559747214, 6976.853
5430, 18, 1664927671, 44266.726559747214, 6976.853
5430, 19, 1664927671, 44266.726559747214, 6976.853
5430, 20, 1664927671, 44266.726559747214, 6976.853
5430, 21, 1664927671, 44266.726559747214, 6976.853
5430, 22, 1664927671, 44266.726559747214, 6976.853
5430, 23, 1664927671, 44266.726559747214, 6976.853
5430, 24, 1664927671, 44266.726559747214, 6976.853
5430, 25, 1664927671, 44266.726559747214, 6976.853
5430, 26, 1664927671, 44266.726559747214, 6976.853
5430, 27, 1664927671, 44266.726559747214, 6976.853
5431, 28, 1664927671, 44266.726559747214, 6976.853
5431, 29, 1664927671, 44266.726559747214, 6976.853
5431, 30, 1664927671, 44266.726559747214, 6976.853
5431, 31, 1664927671, 7172.2891069417765, 6976.853
5431, 32, 1664927671, 7172.2891069417765, 6976.853
5431, 33, 1664927671, 7172.2891069417765, 6976.853
5431, 34, 1664927671, 7172.2891069417765, 6976.853
5431, 35, 1664927672, 7172.2891069417765, 6976.853
5431, 36, 1664927672, 7172.2891069417765, 6976.853
5431, 37, 1664927672, 7172.2891069417765, 6976.853
5431, 38, 1664927672, 7172.2891069417765, 6976.853
5431, 39, 1664927672, 7172.2891069417765, 6976.853
5431, 40, 1664927672, 7172.2891069417765, 2116.26
5431, 41, 1664927672, 7172.2891069417765, 2116.26
5431, 42, 1664927672, 7172.2891069417765, 2116.26
5431, 43, 1664927672, 7172.2891069417765, 2116.26
5431, 44, 1664927672, 7172.2891069417765, 2116.26
5431, 45, 1664927672, 7172.2891069417765, 2116.26
5431, 46, 1664927672, 7172.2891069417765, 2116.26
5431, 47, 1664927672, 7172.2891069417765, 2116.26
5431, 48, 1664927672, 7172.2891069417765, 2116.26
5431, 49, 1664927672, 7172.2891069417765, 2116.26
5431, 50, 1664927672, 7172.2891069417765, 2116.26
5431, 51, 1664927672, 7172.2891069417765, 2116.26
5431, 52, 1664927672, 7172.2891069417765, 2116.26
5431, 53, 1664927672, 7172.2891069417765, 2116.26
5431, 54, 1664927672, 7172.2891069417765, 2116.26
5431, 55, 1664927672, 7172.2891069417765, 2116.26
5431, 56, 1664927672, 7172.2891069417765, 2116.26
5432, 57, 1664927672, 7172.2891069417765, 2116.26
5432, 58, 1664927672, 7172.2891069417765, 2116.26
5432, 59, 1664927672, 7172.2891069417765, 2116.26
5432, 60, 1664927672, 6985.828202360092, 2116.26
5432, 61, 1664927672, 6985.828202360092, 2116.26
5432, 62, 1664927672, 6985.828202360092, 2116.26
5432, 63, 1664927673, 6985.828202360092, 2116.26
5432, 64, 1664927673, 6985.828202360092, 2116.26
5432, 65, 1664927673, 6985.828202360092, 2116.26
5432, 66, 1664927673, 6985.828202360092, 2116.26
5432, 67, 1664927673, 6985.828202360092, 2116.26
5432, 68, 1664927673, 6985.828202360092, 2116.26
5432, 69, 1664927673, 6985.828202360092, 2116.26
5432, 70, 1664927673, 6985.828202360092, 2116.26
5432, 71, 1664927673, 6985.828202360092, 2116.26
5432, 72, 1664927673, 6985.828202360092, 2116.26
5432, 73, 1664927673, 6985.828202360092, 2116.26
5432, 74, 1664927673, 6985.828202360092, 2116.26
5432, 75, 1664927673, 6985.828202360092, 2116.26
5432, 76, 1664927673, 6985.828202360092, 2116.26
5432, 77, 1664927673, 6985.828202360092, 2116.26
5432, 78, 1664927673, 6985.828202360092, 2116.26
5432, 79, 1664927673, 6985.828202360092, 2116.26
5432, 80, 1664927673, 6985.828202360092, 2116.26
5432, 81, 1664927673, 6985.828202360092, 2116.26
5432, 82, 1664927673, 6985.828202360092, 2116.26
5432, 83, 1664927673, 6985.828202360092, 2116.26
5432, 84, 1664927673, 6985.828202360092, 2116.26
5432, 85, 1664927673, 6985.828202360092, 2116.26
5432, 86, 1664927673, 6985.828202360092, 2116.26
5433, 87, 1664927673, 6985.828202360092, 2116.26
5433, 88, 1664927673, 6985.828202360092, 2116.26
5433, 89, 1664927673, 6985.828202360092, 2116.26
5433, 90, 1664927673, 35839.07178839438, 2116.26
5433, 91, 1664927673, 35839.07178839438, 2116.26
5433, 92, 1664927674, 35839.07178839438, 2116.26
5433, 93, 1664927674, 35839.07178839438, 2116.26
5433, 94, 1664927674, 35839.07178839438, 2116.26
5433, 95, 1664927674, 35839.07178839438, 2116.26
5433, 96, 1664927674, 35839.07178839438, 2116.26
5433, 97, 1664927674, 35839.07178839438, 2116.26
5433, 98, 1664927674, 35839.07178839438, 2116.26
5433, 99, 1664927674, 35839.07178839438, 2116.26
5433, 100, 1664927674, 35839.07178839438, 6976.853
5433, 101, 1664927674, 35839.07178839438, 6976.853
5433, 102, 1664927674, 35839.07178839438, 6976.853
5433, 103, 1664927674, 35839.07178839438, 6976.853
5433, 104, 1664927674, 35839.07178839438, 6976.853
5433, 105, 1664927674, 35839.07178839438, 6976.853
5433, 106, 1664927674, 35839.07178839438, 6976.853
5433, 107, 1664927674, 35839.07178839438, 6976.853
5433, 108, 1664927674, 35839.07178839438, 6976.853
5433, 109, 1664927674, 35839.07178839438, 6976.853
5433, 110, 1664927674, 35839.07178839438, 6976.853
5433, 111, 1664927674, 35839.07178839438, 6976.853
5433, 112, 1664927674, 35839.07178839438, 6976.853
5433, 113, 1664927674, 35839.07178839438, 6976.853
5433, 114, 1664927674, 35839.07178839438, 6976.853
5433, 115, 1664927674, 35839.07178839438, 6976.853
5434, 116, 1664927674, 35839.07178839438, 6976.853
5434, 117, 1664927674, 35839.07178839438, 6976.853
5434, 118, 1664927674, 35839.07178839438, 6976.853
5434, 119, 1664927674, 28486.091264667535, 6976.853
5434, 120, 1664927674, 28486.091264667535, 6976.853
5434, 121, 1664927675, 28486.091264667535, 6976.853
5434, 122, 1664927675, 28486.091264667535, 6976.853
5434, 123, 1664927675, 28486.091264667535, 6976.853
5434, 124, 1664927675, 28486.091264667535, 6976.853
5434, 125, 1664927675, 28486.091264667535, 6976.853
5434, 126, 1664927675, 28486.091264667535, 6976.853
5434, 127, 1664927675, 28486.091264667535, 6976.853
5434, 128, 1664927675, 28486.091264667535, 6976.853
5434, 129, 1664927675, 28486.091264667535, 6976.853
5434, 130, 1664927675, 28486.091264667535, 6976.853
5434, 131, 1664927675, 28486.091264667535, 6976.853
5434, 132, 1664927675, 28486.091264667535, 6976.853
5434, 133, 1664927675, 28486.091264667535, 6976.853
5434, 134, 1664927675, 28486.091264667535, 6976.853
5434, 135, 1664927675, 28486.091264667535, 6976.853
5434, 136, 1664927675, 28486.091264667535, 6976.853
5434, 137, 1664927675, 28486.091264667535, 6976.853
5434, 138, 1664927675, 28486.091264667535, 6976.853
5434, 139, 1664927675, 28486.091264667535, 6976.853
5434, 140, 1664927675, 28486.091264667535, 6976.853
5434, 141, 1664927675, 28486.091264667535, 6976.853
5434, 142, 1664927675, 28486.091264667535, 6976.853
5434, 143, 1664927675, 28486.091264667535, 6976.853
5434, 144, 1664927675, 28486.091264667535, 6976.853
5435, 145, 1664927675, 28486.091264667535, 6976.853
5435, 146, 1664927675, 28486.091264667535, 6976.853
5435, 147, 1664927675, 28486.091264667535, 6976.853
5435, 148, 1664927675, 28486.091264667535, 6976.853
5435, 149, 1664927676, 28486.091264667535, 6976.853
5435, 150, 1664927676, 28486.091264667535, 6976.853
5435, 151, 1664927676, 29579.90118150572, 6976.853
5435, 152, 1664927676, 29579.90118150572, 6976.853
5435, 153, 1664927676, 29579.90118150572, 6976.853
5435, 154, 1664927676, 29579.90118150572, 6976.853
5435, 155, 1664927676, 29579.90118150572, 6976.853
5435, 156, 1664927676, 29579.90118150572, 6976.853
5435, 157, 1664927676, 29579.90118150572, 6976.853
5435, 158, 1664927676, 29579.90118150572, 6976.853
5435, 159, 1664927676, 29579.90118150572, 6976.853
5435, 160, 1664927676, 29579.90118150572, 6976.853
5435, 161, 1664927676, 29579.90118150572, 6976.853
5435, 162, 1664927676, 29579.90118150572, 6976.853
5435, 163, 1664927676, 29579.90118150572, 6976.853
5435, 164, 1664927676, 29579.90118150572, 6976.853
5435, 165, 1664927676, 29579.90118150572, 6976.853
5435, 166, 1664927676, 29579.90118150572, 6976.853
5435, 167, 1664927676, 29579.90118150572, 6976.853
5435, 168, 1664927676, 29579.90118150572, 6976.853
5435, 169, 1664927676, 29579.90118150572, 6976.853
5435, 170, 1664927676, 29579.90118150572, 6976.853
5435, 171, 1664927676, 29579.90118150572, 6976.853
5435, 172, 1664927676, 29579.90118150572, 6976.853
5435, 173, 1664927676, 29579.90118150572, 6976.853
5436, 174, 1664927676, 29579.90118150572, 6976.853
5436, 175, 1664927676, 29579.90118150572, 6976.853
5436, 176, 1664927676, 29579.90118150572, 6976.853
5436, 177, 1664927676, 6730.620403458346, 6976.853
5436, 178, 1664927677, 6730.620403458346, 6976.853
5436, 179, 1664927677, 6730.620403458346, 6976.853
5436, 180, 1664927677, 6730.620403458346, 2116.26
5436, 181, 1664927677, 6730.620403458346, 2116.26
5436, 182, 1664927677, 6730.620403458346, 2116.26
5436, 183, 1664927677, 6730.620403458346, 2116.26
5436, 184, 1664927677, 6730.620403458346, 2116.26
5436, 185, 1664927677, 6730.620403458346, 2116.26
5436, 186, 1664927677, 6730.620403458346, 2116.26
5436, 187, 1664927677, 6730.620403458346, 2116.26
5436, 188, 1664927677, 6730.620403458346, 2116.26
5436, 189, 1664927677, 6730.620403458346, 2116.26
5436, 190, 1664927677, 6730.620403458346, 2116.26
5436, 191, 1664927677, 6730.620403458346, 2116.26
5436, 192, 1664927677, 6730.620403458346, 2116.26
5436, 193, 1664927677, 6730.620403458346, 2116.26
5436, 194, 1664927677, 6730.620403458346, 2116.26
5436, 195, 1664927677, 6730.620403458346, 2116.26
5436, 196, 1664927677, 6730.620403458346, 2116.26
5436, 197, 1664927677, 6730.620403458346, 2116.26
5436, 198, 1664927677, 6730.620403458346, 2116.26
5436, 199, 1664927677, 6730.620403458346, 2116.26
5436, 200, 1664927677, 6730.620403458346, 2116.26
5436, 201, 1664927677, 6730.620403458346, 2116.26
5436, 202, 1664927677, 6730.620403458346, 2116.26
5437, 203, 1664927677, 6730.620403458346, 2116.26
5437, 204, 1664927677, 6730.620403458346, 2116.26
5437, 205, 1664927677, 6730.620403458346, 2116.26
5437, 206, 1664927677, 6730.620403458346, 2116.26
5437, 207, 1664927678, 6730.620403458346, 2116.26
5437, 208, 1664927678, 6730.620403458346, 2116.26
5437, 209, 1664927678, 6730.620403458346, 2116.26
5437, 210, 1664927678, 6062.063789979489, 2116.26
5437, 211, 1664927678, 6062.063789979489, 2116.26
5437, 212, 1664927678, 6062.063789979489, 2116.26
5437, 213, 1664927678, 6062.063789979489, 2116.26
5437, 214, 1664927678, 6062.063789979489, 2116.26
5437, 215, 1664927678, 6062.063789979489, 2116.26
5437, 216, 1664927678, 6062.063789979489, 2116.26
5437, 217, 1664927678, 6062.063789979489, 2116.26
5437, 218, 1664927678, 6062.063789979489, 2116.26
5437, 219, 1664927678, 6062.063789979489, 2116.26
5437, 220, 1664927678, 6062.063789979489, 2116.26
5437, 221, 1664927678, 6062.063789979489, 2116.26
5437, 222, 1664927678, 6062.063789979489, 2116.26
5437, 223, 1664927678, 6062.063789979489, 2116.26
5437, 224, 1664927678, 6062.063789979489, 2116.26
5437, 225, 1664927678, 6062.063789979489, 2116.26
5437, 226, 1664927678, 6062.063789979489, 2116.26
5437, 227, 1664927678, 6062.063789979489, 2116.26
5437, 228, 1664927678, 6062.063789979489, 2116.26
5437, 229, 1664927678, 6062.063789979489, 2116.26
5437, 230, 1664927678, 6062.063789979489, 2116.26
5437, 231, 1664927678, 6062.063789979489, 2116.26
5438, 232, 1664927678, 6062.063789979489, 2116.26
5438, 233, 1664927678, 6062.063789979489, 2116.26
5438, 234, 1664927678, 6062.063789979489, 2116.26
5438, 235, 1664927679, 6062.063789979489, 2116.26
5438, 236, 1664927679, 6062.063789979489, 2116.26
5438, 237, 1664927679, 6062.063789979489, 2116.26
5438, 238, 1664927679, 6062.063789979489, 2116.26
5438, 239, 1664927679, 5417.308482476321, 2116.26
5438, 240, 1664927679, 5417.308482476321, 2116.26
5438, 241, 1664927679, 5417.308482476321, 2116.26
5438, 242, 1664927679, 5417.308482476321, 2116.26
5438, 243, 1664927679, 5417.308482476321, 2116.26
5438, 244, 1664927679, 5417.308482476321, 2116.26
5438, 245, 1664927679, 5417.308482476321, 2116.26
5438, 246, 1664927679, 5417.308482476321, 2116.26
5438, 247, 1664927679, 5417.308482476321, 2116.26
5438, 248, 1664927679, 5417.308482476321, 2116.26
5438, 249, 1664927679, 5417.308482476321, 2116.26
5438, 250, 1664927679, 5417.308482476321, 2116.26
5438, 251, 1664927679, 5417.308482476321, 2116.26
5438, 252, 1664927679, 5417.308482476321, 2116.26
5438, 253, 1664927679, 5417.308482476321, 2116.26
5438, 254, 1664927679, 5417.308482476321, 2116.26
5438, 255, 1664927679, 5417.308482476321, 2116.26
5438, 256, 1664927679, 5417.308482476321, 2116.26
5438, 257, 1664927679, 5417.308482476321, 2116.26
5438, 258, 1664927679, 5417.308482476321, 2116.26
5438, 259, 1664927679, 5417.308482476321, 2116.26
5438, 260, 1664927679, 5417.308482476321, 2116.26
5439, 261, 1664927679, 5417.308482476321, 2116.26
5439, 262, 1664927679, 5417.308482476321, 2116.26
5439, 263, 1664927679, 5417.308482476321, 2116.26
5439, 264, 1664927680, 5417.308482476321, 2116.26
5439, 265, 1664927680, 5417.308482476321, 2116.26
5439, 266, 1664927680, 5417.308482476321, 2116.26
5439, 267, 1664927680, 5417.308482476321, 2116.26
5439, 268, 1664927680, 5417.308482476321, 2116.26
5439, 269, 1664927680, 4454.552806994571, 2116.26
5439, 270, 1664927680, 4454.552806994571, 2116.26
5439, 271, 1664927680, 4454.552806994571, 2116.26
5439, 272, 1664927680, 4454.552806994571, 2116.26
5439, 273, 1664927680, 4454.552806994571, 2116.26
5439, 274, 1664927680, 4454.552806994571, 2116.26
5439, 275, 1664927680, 4454.552806994571, 2116.26
5439, 276, 1664927680, 4454.552806994571, 2116.26
5439, 277, 1664927680, 4454.552806994571, 2116.26
5439, 278, 1664927680, 4454.552806994571, 2116.26
5439, 279, 1664927680, 4454.552806994571, 2116.26
5439, 280, 1664927680, 4454.552806994571, 2116.26
5439, 281, 1664927680, 4454.552806994571, 2116.26
5439, 282, 1664927680, 4454.552806994571, 2116.26
5439, 283, 1664927680, 4454.552806994571, 2116.26
5439, 284, 1664927680, 4454.552806994571, 2116.26
5439, 285, 1664927680, 4454.552806994571, 2116.26
5439, 286, 1664927680, 4454.552806994571, 2116.26
5439, 287, 1664927680, 4454.552806994571, 2116.26
5439, 288, 1664927680, 4454.552806994571, 2116.26
5439, 289, 1664927680, 4454.552806994571, 2116.26
5440, 290, 1664927680, 4454.552806994571, 2116.26
5440, 291, 1664927680, 4454.552806994571, 2116.26
5440, 292, 1664927680, 4454.552806994571, 2116.26
5440, 293, 1664927681, 4454.552806994571, 2116.26
5440, 294, 1664927681, 4454.552806994571, 2116.26
5440, 295, 1664927681, 4454.552806994571, 2116.26
5440, 296, 1664927681, 4454.552806994571, 2116.26
5440, 297, 1664927681, 4454.552806994571, 2116.26
5440, 298, 1664927681, 21755.251401535483, 2116.26
5440, 299, 1664927681, 21755.251401535483, 2116.26
5440, 300, 1664927681, 21755.251401535483, 6976.853
5440, 301, 1664927681, 21755.251401535483, 6976.853
5440, 302, 1664927681, 21755.251401535483, 6976.853
5440, 303, 1664927681, 21755.251401535483, 6976.853
5440, 304, 1664927681, 21755.251401535483, 6976.853
5440, 305, 1664927681, 21755.251401535483, 6976.853
5440, 306, 1664927681, 21755.251401535483, 6976.853
5440, 307, 1664927681, 21755.251401535483, 6976.853
5440, 308, 1664927681, 21755.251401535483, 6976.853
5440, 309, 1664927681, 21755.251401535483, 6976.853
5440, 310, 1664927681, 21755.251401535483, 6976.853
5440, 311, 1664927681, 21755.251401535483, 6976.853
5440, 312, 1664927681, 21755.251401535483, 6976.853
5440, 313, 1664927681, 21755.251401535483, 6976.853
5440, 314, 1664927681, 21755.251401535483, 6976.853
5440, 315, 1664927681, 21755.251401535483, 6976.853
5440, 316, 1664927681, 21755.251401535483, 6976.853
5440, 317, 1664927681, 21755.251401535483, 6976.853
5440, 318, 1664927681, 21755.251401535483, 6976.853
5441, 319, 1664927681, 21755.251401535483, 6976.853
5441, 320, 1664927681, 21755.251401535483, 6976.853
5441, 321, 1664927682, 21755.251401535483, 6976.853
5441, 322, 1664927682, 21755.251401535483, 6976.853
5441, 323, 1664927682, 21755.251401535483, 6976.853
5441, 324, 1664927682, 21755.251401535483, 6976.853
5441, 325, 1664927682, 21755.251401535483, 6976.853
5441, 326, 1664927682, 21755.251401535483, 6976.853
5441, 327, 1664927682, 32177.915451662764, 6976.853
5441, 328, 1664927682, 32177.915451662764, 6976.853
5441, 329, 1664927682, 32177.915451662764, 6976.853
5441, 330, 1664927682, 32177.915451662764, 6976.853
5441, 331, 1664927682, 32177.915451662764, 6976.853
5441, 332, 1664927682, 32177.915451662764, 6976.853
5441, 333, 1664927682, 32177.915451662764, 6976.853
5441, 334, 1664927682, 32177.915451662764, 6976.853
5441, 335, 1664927682, 32177.915451662764, 6976.853
5441, 336, 1664927682, 32177.915451662764, 6976.853
5441, 337, 1664927682, 32177.915451662764, 6976.853
5441, 338, 1664927682, 32177.915451662764, 6976.853
5441, 339, 1664927682, 32177.915451662764, 6976.853
5441, 340, 1664927682, 32177.915451662764, 6976.853
5441, 341, 1664927682, 32177.915451662764, 6976.853
5441, 342, 1664927682, 32177.915451662764, 6976.853
5441, 343, 1664927682, 32177.915451662764, 6976.853
5441, 344, 1664927682, 32177.915451662764, 6976.853
5441, 345, 1664927682, 32177.915451662764, 6976.853
5441, 346, 1664927682, 32177.915451662764, 6976.853
5442, 347, 1664927682, 32177.915451662764, 6976.853
5442, 348, 1664927682, 32177.915451662764, 6976.853
5442, 349, 1664927683, 32177.915451662764, 6976.853
5442, 350, 1664927683, 32177.915451662764, 6976.853
5442, 351, 1664927683, 32177.915451662764, 6976.853
5442, 352, 1664927683, 32177.915451662764, 6976.853
5442, 353, 1664927683, 32177.915451662764, 6976.853
5442, 354, 1664927683, 32177.915451662764, 6976.853
5442, 355, 1664927683, 30851.896187119513, 6976.853
5442, 356, 1664927683, 30851.896187119513, 6976.853
5442, 357, 1664927683, 30851.896187119513, 6976.853
5442, 358, 1664927683, 30851.896187119513, 6976.853
5442, 359, 1664927683, 30851.896187119513, 6976.853
5442, 360, 1664927683, 30851.896187119513, 6976.853
5442, 361, 1664927683, 30851.896187119513, 6976.853
5442, 362, 1664927683, 30851.896187119513, 6976.853
5442, 363, 1664927683, 30851.896187119513, 6976.853
5442, 364, 1664927683, 30851.896187119513, 6976.853
5442, 365, 1664927683, 30851.896187119513, 6976.853
5442, 366, 1664927683, 30851.896187119513, 6976.853
5442, 367, 1664927683, 30851.896187119513, 6976.853
5442, 368, 1664927683, 30851.896187119513, 6976.853
5442, 369, 1664927683, 30851.896187119513, 6976.853
5442, 370, 1664927683, 30851.896187119513, 6976.853
5442, 371, 1664927683, 30851.896187119513, 6976.853
5442, 372, 1664927683, 30851.896187119513, 6976.853
5442, 373, 1664927683, 30851.896187119513, 6976.853
5442, 374, 1664927683, 30851.896187119513, 6976.853
5443, 375, 1664927683, 30851.896187119513, 6976.853
5443, 376, 1664927683, 30851.896187119513, 6976.853
5443, 377, 1664927684, 30851.896187119513, 6976.853
5443, 378, 1664927684, 30851.896187119513, 6976.853
5443, 379, 1664927684, 30851.896187119513, 6976.853
5443, 380, 1664927684, 30851.896187119513, 6976.853
5443, 381, 1664927684, 30851.896187119513, 6976.853
5443, 382, 1664927684, 30851.896187119513, 6976.853
5443, 383, 1664927684, 29907.50160477795, 6976.853
5443, 384, 1664927684, 29907.50160477795, 6976.853
5443, 385, 1664927684, 29907.50160477795, 6976.853
5443, 386, 1664927684, 29907.50160477795, 6976.853
5443, 387, 1664927684, 29907.50160477795, 6976.853
5443, 388, 1664927684, 29907.50160477795, 6976.853
5443, 389, 1664927684, 29907.50160477795, 6976.853
5443, 390, 1664927684, 29907.50160477795, 6976.853
5443, 391, 1664927684, 29907.50160477795, 6976.853
5443, 392, 1664927684, 29907.50160477795, 6976.853
5443, 393, 1664927684, 29907.50160477795, 6976.853
5443, 394, 1664927684, 29907.50160477795, 6976.853
5443, 395, 1664927684, 29907.50160477795, 6976.853
5443, 396, 1664927684, 29907.50160477795, 6976.853
5443, 397, 1664927684, 29907.50160477795, 6976.853
5443, 398, 1664927684, 29907.50160477795, 6976.853
5443, 399, 1664927684, 29907.50160477795, 6976.853
5443, 400, 1664927684, 29907.50160477795, 6976.853
5443, 401, 1664927684, 29907.50160477795, 6976.853
5443, 402, 1664927684, 29907.50160477795, 6976.853
5444, 403, 1664927684, 29907.50160477795, 6976.853
5444, 404, 1664927684, 29907.50160477795, 6976.853
5444, 405, 1664927685, 29907.50160477795, 6976.853
5444, 406, 1664927685, 29907.50160477795, 6976.853
5444, 407, 1664927685, 29907.50160477795, 6976.853
5444, 408, 1664927685, 29907.50160477795, 6976.853
5444, 409, 1664927685, 29907.50160477795, 6976.853
5444, 410, 1664927685, 29907.50160477795, 6976.853
5444, 411, 1664927685, 28237.456893644277, 6976.853
5444, 412, 1664927685, 28237.456893644277, 6976.853
5444, 413, 1664927685, 28237.456893644277, 6976.853
5444, 414, 1664927685, 28237.456893644277, 6976.853
5444, 415, 1664927685, 28237.456893644277, 6976.853
5444, 416, 1664927685, 28237.456893644277, 6976.853
5444, 417, 1664927685, 28237.456893644277, 6976.853
5444, 418, 1664927685, 28237.456893644277, 6976.853
5444, 419, 1664927685, 28237.456893644277, 6976.853
5444, 420, 1664927685, 28237.456893644277, 6976.853
5444, 421, 1664927685, 28237.456893644277, 6976.853
5444, 422, 1664927685, 28237.456893644277, 6976.853
5444, 423, 1664927685, 28237.456893644277, 6976.853
5444, 424, 1664927685, 28237.456893644277, 6976.853
5444, 425, 1664927685, 28237.456893644277, 6976.853
5444, 426, 1664927685, 28237.456893644277, 6976.853
5444, 427, 1664927685, 28237.456893644277, 6976.853
5444, 428, 1664927685, 28237.456893644277, 6976.853
5444, 429, 1664927685, 28237.456893644277, 6976.853
5444, 430, 1664927685, 28237.456893644277, 6976.853
5444, 431, 1664927685, 28237.456893644277, 6976.853
5445, 432, 1664927685, 28237.456893644277, 6976.853
5445, 433, 1664927686, 28237.456893644277, 6976.853
5445, 434, 1664927686, 28237.456893644277, 6976.853
5445, 435, 1664927686, 28237.456893644277, 6976.853
5445, 436, 1664927686, 28237.456893644277, 6976.853
5445, 437, 1664927686, 28237.456893644277, 6976.853
5445, 438, 1664927686, 28237.456893644277, 6976.853
5445, 439, 1664927686, 28237.456893644277, 6976.853
5445, 440, 1664927686, 29314.944041077702, 6976.853
5445, 441, 1664927686, 29314.944041077702, 6976.853
5445, 442, 1664927686, 29314.944041077702, 6976.853
5445, 443, 1664927686, 29314.944041077702, 6976.853
5445, 444, 1664927686, 29314.944041077702, 6976.853
5445, 445, 1664927686, 29314.944041077702, 6976.853
5445, 446, 1664927686, 29314.944041077702, 6976.853
5445, 447, 1664927686, 29314.944041077702, 6976.853
5445, 448, 1664927686, 29314.944041077702, 6976.853
5445, 449, 1664927686, 29314.944041077702, 6976.853
5445, 450, 1664927686, 29314.944041077702, 6976.853
5445, 451, 1664927686, 29314.944041077702, 6976.853
5445, 452, 1664927686, 29314.944041077702, 6976.853
5445, 453, 1664927686, 29314.944041077702, 6976.853
5445, 454, 1664927686, 29314.944041077702, 6976.853
5445, 455, 1664927686, 29314.944041077702, 6976.853
5445, 456, 1664927686, 29314.944041077702, 6976.853
5445, 457, 1664927686, 29314.944041077702, 6976.853
5445, 458, 1664927686, 29314.944041077702, 6976.853
5445, 459, 1664927686, 29314.944041077702, 6976.853
5445, 460, 1664927686, 29314.944041077702, 6976.853
5447, 461, 1664927687, 29314.944041077702, 6976.853
5447, 462, 1664927687, 29314.944041077702, 6976.853
5447, 463, 1664927687, 29314.944041077702, 6976.853
5447, 464, 1664927687, 29314.944041077702, 6976.853
5447, 465, 1664927687, 29314.944041077702, 6976.853
5447, 466, 1664927687, 29314.944041077702, 6976.853
5447, 467, 1664927687, 29314.944041077702, 6976.853
5447, 468, 1664927687, 29314.944041077702, 6976.853
5447, 469, 1664927687, 33243.66504816904, 6976.853
5447, 470, 1664927687, 33243.66504816904, 6976.853
5447, 471, 1664927687, 33243.66504816904, 6976.853
5447, 472, 1664927687, 33243.66504816904, 6976.853
5447, 473, 1664927687, 33243.66504816904, 6976.853
5447, 474, 1664927687, 33243.66504816904, 6976.853
5447, 475, 1664927687, 33243.66504816904, 6976.853
5447, 476, 1664927687, 33243.66504816904, 6976.853
5447, 477, 1664927687, 33243.66504816904, 6976.853
5447, 478, 1664927687, 33243.66504816904, 6976.853
5447, 479, 1664927687, 33243.66504816904, 6976.853
5447, 480, 1664927687, 33243.66504816904, 6976.853
5447, 481, 1664927687, 33243.66504816904, 6976.853
5447, 482, 1664927687, 33243.66504816904, 6976.853
5447, 483, 1664927687, 33243.66504816904, 6976.853
5447, 484, 1664927687, 33243.66504816904, 6976.853
5447, 485, 1664927687, 33243.66504816904, 6976.853
5447, 486, 1664927687, 33243.66504816904, 6976.853
5447, 487, 1664927687, 33243.66504816904, 6976.853
5447, 488, 1664927687, 33243.66504816904, 6976.853
5448, 489, 1664927688, 33243.66504816904, 6976.853
5448, 490, 1664927688, 33243.66504816904, 6976.853
5448, 491, 1664927688, 33243.66504816904, 6976.853
5448, 492, 1664927688, 33243.66504816904, 6976.853
5448, 493, 1664927688, 33243.66504816904, 6976.853
5448, 494, 1664927688, 33243.66504816904, 6976.853
5448, 495, 1664927688, 33243.66504816904, 6976.853
5448, 496, 1664927688, 33243.66504816904, 6976.853
5448, 497, 1664927688, 32478.56811467103, 6976.853
5448, 498, 1664927688, 32478.56811467103, 6976.853
5448, 499, 1664927688, 32478.56811467103, 6976.853
5448, 500, 1664927688, 32478.56811467103, 6976.853
5448, 501, 1664927688, 32478.56811467103, 6976.853
5448, 502, 1664927688, 32478.56811467103, 6976.853
5448, 503, 1664927688, 32478.56811467103, 6976.853
5448, 504, 1664927688, 32478.56811467103, 6976.853
5448, 505, 1664927688, 32478.56811467103, 6976.853
5448, 506, 1664927688, 32478.56811467103, 6976.853
5448, 507, 1664927688, 32478.56811467103, 6976.853
5448, 508, 1664927688, 32478.56811467103, 6976.853
5448, 509, 1664927688, 32478.56811467103, 6976.853
5448, 510, 1664927688, 32478.56811467103, 6976.853
5448, 511, 1664927688, 32478.56811467103, 6976.853
5448, 512, 1664927688, 32478.56811467103, 6976.853
5448, 513, 1664927688, 32478.56811467103, 6976.853
5448, 514, 1664927688, 32478.56811467103, 6976.853
5448, 515, 1664927688, 32478.56811467103, 6976.853
5448, 516, 1664927688, 32478.56811467103, 6976.853
5449, 517, 1664927689, 32478.56811467103, 6976.853
5449, 518, 1664927689, 32478.56811467103, 6976.853
5449, 519, 1664927689, 32478.56811467103, 6976.853
5449, 520, 1664927689, 32478.56811467103, 6976.853
5449, 521, 1664927689, 32478.56811467103, 6976.853
5449, 522, 1664927689, 32478.56811467103, 6976.853
5449, 523, 1664927689, 32478.56811467103, 6976.853
5449, 524, 1664927689, 32478.56811467103, 6976.853
5449, 525, 1664927689, 32478.56811467103, 6976.853
5449, 526, 1664927689, 31300.0739846373, 6976.853
5449, 527, 1664927689, 31300.0739846373, 6976.853
5449, 528, 1664927689, 31300.0739846373, 6976.853
5449, 529, 1664927689, 31300.0739846373, 6976.853
5449, 530, 1664927689, 31300.0739846373, 6976.853
5449, 531, 1664927689, 31300.0739846373, 6976.853
5449, 532, 1664927689, 31300.0739846373, 6976.853
5449, 533, 1664927689, 31300.0739846373, 6976.853
5449, 534, 1664927689, 31300.0739846373, 6976.853
5449, 535, 1664927689, 31300.0739846373, 6976.853
5449, 536, 1664927689, 31300.0739846373, 6976.853
5449, 537, 1664927689, 31300.0739846373, 6976.853
5449, 538, 1664927689, 31300.0739846373, 6976.853
5449, 539, 1664927689, 31300.0739846373, 6976.853
5449, 540, 1664927689, 31300.0739846373, 6976.853
5449, 541, 1664927689, 31300.0739846373, 6976.853
5449, 542, 1664927689, 31300.0739846373, 6976.853
5449, 543, 1664927689, 31300.0739846373, 6976.853
5449, 544, 1664927689, 31300.0739846373, 6976.853
5449, 545, 1664927690, 31300.0739846373, 6976.853
5450, 546, 1664927690, 31300.0739846373, 6976.853
5450, 547, 1664927690, 31300.0739846373, 6976.853
5450, 548, 1664927690, 31300.0739846373, 6976.853
5450, 549, 1664927690, 31300.0739846373, 6976.853
5450, 550, 1664927690, 31300.0739846373, 6976.853
5450, 551, 1664927690, 31300.0739846373, 6976.853
5450, 552, 1664927690, 31300.0739846373, 6976.853
5450, 553, 1664927690, 31300.0739846373, 6976.853
5450, 554, 1664927690, 31300.0739846373, 6976.853
5450, 555, 1664927690, 28106.205394802517, 6976.853
5450, 556, 1664927690, 28106.205394802517, 6976.853
5450, 557, 1664927690, 28106.205394802517, 6976.853
5450, 558, 1664927690, 28106.205394802517, 6976.853
5450, 559, 1664927690, 28106.205394802517, 6976.853
5450, 560, 1664927690, 28106.205394802517, 6976.853
5450, 561, 1664927690, 28106.205394802517, 6976.853
5450, 562, 1664927690, 28106.205394802517, 6976.853
5450, 563, 1664927690, 28106.205394802517, 6976.853
5450, 564, 1664927690, 28106.205394802517, 6976.853
5450, 565, 1664927690, 28106.205394802517, 6976.853
5450, 566, 1664927690, 28106.205394802517, 6976.853
5450, 567, 1664927690, 28106.205394802517, 6976.853
5450, 568, 1664927690, 28106.205394802517, 6976.853
5450, 569, 1664927690, 28106.205394802517, 6976.853
5450, 570, 1664927690, 28106.205394802517, 6976.853
5450, 571, 1664927690, 28106.205394802517, 6976.853
5450, 572, 1664927690, 28106.205394802517, 6976.853
5450, 573, 1664927691, 28106.205394802517, 6976.853
5450, 574, 1664927691, 28106.205394802517, 6976.853
5451, 575, 1664927691, 28106.205394802517, 6976.853
5451, 576, 1664927691, 28106.205394802517, 6976.853
5451, 577, 1664927691, 28106.205394802517, 6976.853
5451, 578, 1664927691, 28106.205394802517, 6976.853
5451, 579, 1664927691, 28106.205394802517, 6976.853
5451, 580, 1664927691, 28106.205394802517, 6976.853
5451, 581, 1664927691, 28106.205394802517, 6976.853
5451, 582, 1664927691, 28106.205394802517, 6976.853
5451, 583, 1664927691, 28106.205394802517, 6976.853
5451, 584, 1664927691, 28106.205394802517, 6976.853
5451, 585, 1664927691, 19106.50120441897, 6976.853
5451, 586, 1664927691, 19106.50120441897, 6976.853
5451, 587, 1664927691, 19106.50120441897, 6976.853
5451, 588, 1664927691, 19106.50120441897, 6976.853
5451, 589, 1664927691, 19106.50120441897, 6976.853
5451, 590, 1664927691, 19106.50120441897, 6976.853
5451, 591, 1664927691, 19106.50120441897, 6976.853
5451, 592, 1664927691, 19106.50120441897, 6976.853
5451, 593, 1664927691, 19106.50120441897, 6976.853
5451, 594, 1664927691, 19106.50120441897, 6976.853
5451, 595, 1664927691, 19106.50120441897, 6976.853
5451, 596, 1664927691, 19106.50120441897, 6976.853
5451, 597, 1664927691, 19106.50120441897, 6976.853
5451, 598, 1664927691, 19106.50120441897, 6976.853
5451, 599, 1664927691, 19106.50120441897, 6976.853
5451, 600, 1664927691, 19106.50120441897, 6976.853
5451, 601, 1664927692, 19106.50120441897, 6976.853
5451, 602, 1664927692, 19106.50120441897, 6976.853
5451, 603, 1664927692, 19106.50120441897, 6976.853
5452, 604, 1664927692, 19106.50120441897, 6976.853
5452, 605, 1664927692, 19106.50120441897, 6976.853
5452, 606, 1664927692, 19106.50120441897, 6976.853
5452, 607, 1664927692, 19106.50120441897, 6976.853
5452, 608, 1664927692, 19106.50120441897, 6976.853
5452, 609, 1664927692, 19106.50120441897, 6976.853
5452, 610, 1664927692, 19106.50120441897, 6976.853
5452, 611, 1664927692, 19106.50120441897, 6976.853
5452, 612, 1664927692, 19106.50120441897, 6976.853
5452, 613, 1664927692, 19106.50120441897, 6976.853
5452, 614, 1664927692, 19106.50120441897, 6976.853
5452, 615, 1664927692, 19106.50120441897, 6976.853
5452, 616, 1664927692, 19106.50120441897, 6976.853
5452, 617, 1664927692, 19106.50120441897, 6976.853
5452, 618, 1664927692, 8489.657560564243, 6976.853
5452, 619, 1664927692, 8489.657560564243, 6976.853
5452, 620, 1664927692, 8489.657560564243, 3986.773
5452, 621, 1664927692, 8489.657560564243, 3986.773
5452, 622, 1664927692, 8489.657560564243, 3986.773
5452, 623, 1664927692, 8489.657560564243, 3986.773
5452, 624, 1664927692, 8489.657560564243, 3986.773
5452, 625, 1664927692, 8489.657560564243, 3986.773
5452, 626, 1664927692, 8489.657560564243, 3986.773
5452, 627, 1664927692, 8489.657560564243, 3986.773
5452, 628, 1664927692, 8489.657560564243, 3986.773
5452, 629, 1664927692, 8489.657560564243, 3986.773
5452, 630, 1664927693, 8489.657560564243, 3986.773
5452, 631, 1664927693, 8489.657560564243, 3986.773
5452, 632, 1664927693, 8489.657560564243, 3986.773
5453, 633, 1664927693, 8489.657560564243, 3986.773
5453, 634, 1664927693, 8489.657560564243, 3986.773
5453, 635, 1664927693, 8489.657560564243, 3986.773
5453, 636, 1664927693, 8489.657560564243, 3986.773
5453, 637, 1664927693, 8489.657560564243, 3986.773
5453, 638, 1664927693, 8489.657560564243, 3986.773
5453, 639, 1664927693, 8489.657560564243, 3986.773
5453, 640, 1664927693, 8489.657560564243, 3986.773
5453, 641, 1664927693, 8489.657560564243, 3986.773
5453, 642, 1664927693, 8489.657560564243, 3986.773
5453, 643, 1664927693, 8489.657560564243, 3986.773
5453, 644, 1664927693, 8489.657560564243, 3986.773
5453, 645, 1664927693, 8489.657560564243, 3986.773
5453, 646, 1664927693, 8489.657560564243, 3986.773
5453, 647, 1664927693, 8489.657560564243, 3986.773
5453, 648, 1664927693, 5888.251872570935, 3986.773
5453, 649, 1664927693, 5888.251872570935, 3986.773
5453, 650, 1664927693, 5888.251872570935, 2116.26
5453, 651, 1664927693, 5888.251872570935, 2116.26
5453, 652, 1664927693, 5888.251872570935, 2116.26
5453, 653, 1664927693, 5888.251872570935, 2116.26
5453, 654, 1664927693, 5888.251872570935, 2116.26
5453, 655, 1664927693, 5888.251872570935, 2116.26
5453, 656, 1664927693, 5888.251872570935, 2116.26
5453, 657, 1664927693, 5888.251872570935, 2116.26
5453, 658, 1664927693, 5888.251872570935, 2116.26
5453, 659, 1664927694, 5888.251872570935, 2116.26
5453, 660, 1664927694, 5888.251872570935, 2116.26
5453, 661, 1664927694, 5888.251872570935, 2116.26
5454, 662, 1664927694, 5888.251872570935, 2116.26
5454, 663, 1664927694, 5888.251872570935, 2116.26
5454, 664, 1664927694, 5888.251872570935, 2116.26
5454, 665, 1664927694, 5888.251872570935, 2116.26
5454, 666, 1664927694, 5888.251872570935, 2116.26
5454, 667, 1664927694, 5888.251872570935, 2116.26
5454, 668, 1664927694, 5888.251872570935, 2116.26
5454, 669, 1664927694, 5888.251872570935, 2116.26
5454, 670, 1664927694, 5888.251872570935, 2116.26
5454, 671, 1664927694, 5888.251872570935, 2116.26
5454, 672, 1664927694, 5888.251872570935, 2116.26
5454, 673, 1664927694, 5888.251872570935, 2116.26
5454, 674, 1664927694, 5888.251872570935, 2116.26
5454, 675, 1664927694, 4149.775905778614, 2116.26
5454, 676, 1664927694, 4149.775905778614, 2116.26
5454, 677, 1664927694, 4149.775905778614, 2116.26
5454, 678, 1664927694, 4149.775905778614, 2116.26
5454, 679, 1664927694, 4149.775905778614, 2116.26
5454, 680, 1664927694, 4149.775905778614, 1925.12
5454, 681, 1664927694, 4149.775905778614, 1925.12
5454, 682, 1664927694, 4149.775905778614, 1925.12
5454, 683, 1664927694, 4149.775905778614, 1925.12
5454, 684, 1664927694, 4149.775905778614, 1925.12
5454, 685, 1664927694, 4149.775905778614, 1925.12
5454, 686, 1664927694, 4149.775905778614, 1925.12
5454, 687, 1664927694, 4149.775905778614, 1925.12
5454, 688, 1664927695, 4149.775905778614, 1925.12
5454, 689, 1664927695, 4149.775905778614, 1925.12
5454, 690, 1664927695, 4149.775905778614, 1925.12
5454, 691, 1664927695, 4149.775905778614, 1925.12
5455, 692, 1664927695, 4149.775905778614, 1925.12
5455, 693, 1664927695, 4149.775905778614, 1925.12
5455, 694, 1664927695, 4149.775905778614, 1925.12
5455, 695, 1664927695, 4149.775905778614, 1925.12
5455, 696, 1664927695, 4149.775905778614, 1925.12
5455, 697, 1664927695, 4149.775905778614, 1925.12
5455, 698, 1664927695, 4149.775905778614, 1925.12
5455, 699, 1664927695, 4149.775905778614, 1925.12
5455, 700, 1664927695, 4149.775905778614, 1925.12
5455, 701, 1664927695, 4149.775905778614, 1925.12
5455, 702, 1664927695, 4149.775905778614, 1925.12
5455, 703, 1664927695, 4149.775905778614, 1925.12
5455, 704, 1664927695, 4149.775905778614, 1925.12
5455, 705, 1664927695, 3436.0473123356846, 1925.12
5455, 706, 1664927695, 3436.0473123356846, 1925.12
5455, 707, 1664927695, 3436.0473123356846, 1925.12
5455, 708, 1664927695, 3436.0473123356846, 1925.12
5455, 709, 1664927695, 3436.0473123356846, 1925.12
5455, 710, 1664927695, 3436.0473123356846, 1365.33
5455, 711, 1664927695, 3436.0473123356846, 1365.33
5455, 712, 1664927695, 3436.0473123356846, 1365.33
5455, 713, 1664927695, 3436.0473123356846, 1365.33
5455, 714, 1664927695, 3436.0473123356846, 1365.33
5455, 715, 1664927695, 3436.0473123356846, 1365.33
5455, 716, 1664927695, 3436.0473123356846, 1365.33
5455, 717, 1664927696, 3436.0473123356846, 1365.33
5455, 718, 1664927696, 3436.0473123356846, 1365.33
5455, 719, 1664927696, 3436.0473123356846, 1365.33
5455, 720, 1664927696, 3436.0473123356846, 1365.33
5455, 721, 1664927696, 3436.0473123356846, 1365.33
5456, 722, 1664927696, 3436.0473123356846, 1365.33
5456, 723, 1664927696, 3436.0473123356846, 1365.33
5456, 724, 1664927696, 3436.0473123356846, 1365.33
5456, 725, 1664927696, 3436.0473123356846, 1365.33
5456, 726, 1664927696, 3436.0473123356846, 1365.33
5456, 727, 1664927696, 3436.0473123356846, 1365.33
5456, 728, 1664927696, 3436.0473123356846, 1365.33
5456, 729, 1664927696, 3436.0473123356846, 1365.33
5456, 730, 1664927696, 3436.0473123356846, 1365.33
5456, 731, 1664927696, 3436.0473123356846, 1365.33
5456, 732, 1664927696, 3436.0473123356846, 1365.33
5456, 733, 1664927696, 3436.0473123356846, 1365.33
5456, 734, 1664927696, 3436.0473123356846, 1365.33
5456, 735, 1664927696, 26448.93355538285, 1365.33
5456, 736, 1664927696, 26448.93355538285, 1365.33
5456, 737, 1664927696, 26448.93355538285, 1365.33
5456, 738, 1664927696, 26448.93355538285, 1365.33
5456, 739, 1664927696, 26448.93355538285, 1365.33
5456, 740, 1664927696, 26448.93355538285, 6976.853
5456, 741, 1664927696, 26448.93355538285, 6976.853
5456, 742, 1664927696, 26448.93355538285, 6976.853
5456, 743, 1664927696, 26448.93355538285, 6976.853
5456, 744, 1664927696, 26448.93355538285, 6976.853
5456, 745, 1664927696, 26448.93355538285, 6976.853
5456, 746, 1664927697, 26448.93355538285, 6976.853
5456, 747, 1664927697, 26448.93355538285, 6976.853
5456, 748, 1664927697, 26448.93355538285, 6976.853
5456, 749, 1664927697, 26448.93355538285, 6976.853
5456, 750, 1664927697, 26448.93355538285, 6976.853
5457, 751, 1664927697, 26448.93355538285, 6976.853
5457, 752, 1664927697, 26448.93355538285, 6976.853
5457, 753, 1664927697, 26448.93355538285, 6976.853
5457, 754, 1664927697, 26448.93355538285, 6976.853
5457, 755, 1664927697, 26448.93355538285, 6976.853
5457, 756, 1664927697, 26448.93355538285, 6976.853
5457, 757, 1664927697, 26448.93355538285, 6976.853
5457, 758, 1664927697, 26448.93355538285, 6976.853
5457, 759, 1664927697, 26448.93355538285, 6976.853
5457, 760, 1664927697, 26448.93355538285, 6976.853
5457, 761, 1664927697, 26448.93355538285, 6976.853
5457, 762, 1664927697, 26448.93355538285, 6976.853
5457, 763, 1664927697, 26448.93355538285, 6976.853
5457, 764, 1664927697, 35383.57804011308, 6976.853
5457, 765, 1664927697, 35383.57804011308, 6976.853
5457, 766, 1664927697, 35383.57804011308, 6976.853
5457, 767, 1664927697, 35383.57804011308, 6976.853
5457, 768, 1664927697, 35383.57804011308, 6976.853
5457, 769, 1664927697, 35383.57804011308, 6976.853
5457, 770, 1664927697, 35383.57804011308, 6976.853
5457, 771, 1664927697, 35383.57804011308, 6976.853
5457, 772, 1664927697, 35383.57804011308, 6976.853
5457, 773, 1664927697, 35383.57804011308, 6976.853
5457, 774, 1664927697, 35383.57804011308, 6976.853
5457, 775, 1664927698, 35383.57804011308, 6976.853
5457, 776, 1664927698, 35383.57804011308, 6976.853
5457, 777, 1664927698, 35383.57804011308, 6976.853
5457, 778, 1664927698, 35383.57804011308, 6976.853
5457, 779, 1664927698, 35383.57804011308, 6976.853
5458, 780, 1664927698, 35383.57804011308, 6976.853
5458, 781, 1664927698, 35383.57804011308, 6976.853
5458, 782, 1664927698, 35383.57804011308, 6976.853
5458, 783, 1664927698, 35383.57804011308, 6976.853
5458, 784, 1664927698, 35383.57804011308, 6976.853
5458, 785, 1664927698, 35383.57804011308, 6976.853
5458, 786, 1664927698, 35383.57804011308, 6976.853
5458, 787, 1664927698, 35383.57804011308, 6976.853
5458, 788, 1664927698, 35383.57804011308, 6976.853
5458, 789, 1664927698, 35383.57804011308, 6976.853
5458, 790, 1664927698, 35383.57804011308, 6976.853
5458, 791, 1664927698, 35383.57804011308, 6976.853
5458, 792, 1664927698, 35383.57804011308, 6976.853
5458, 793, 1664927698, 35723.97974870177, 6976.853
5458, 794, 1664927698, 35723.97974870177, 6976.853
5458, 795, 1664927698, 35723.97974870177, 6976.853
5458, 796, 1664927698, 35723.97974870177, 6976.853
5458, 797, 1664927698, 35723.97974870177, 6976.853
5458, 798, 1664927698, 35723.97974870177, 6976.853
5458, 799, 1664927698, 35723.97974870177, 6976.853
5458, 800, 1664927698, 35723.97974870177, 6976.853
5458, 801, 1664927698, 35723.97974870177, 6976.853
5458, 802, 1664927698, 35723.97974870177, 6976.853
5458, 803, 1664927698, 35723.97974870177, 6976.853
5458, 804, 1664927699, 35723.97974870177, 6976.853
5458, 805, 1664927699, 35723.97974870177, 6976.853
5458, 806, 1664927699, 35723.97974870177, 6976.853
5458, 807, 1664927699, 35723.97974870177, 6976.853
5458, 808, 1664927699, 35723.97974870177, 6976.853
5459, 809, 1664927699, 35723.97974870177, 6976.853
5459, 810, 1664927699, 35723.97974870177, 6976.853
5459, 811, 1664927699, 35723.97974870177, 6976.853
5459, 812, 1664927699, 35723.97974870177, 6976.853
5459, 813, 1664927699, 35723.97974870177, 6976.853
5459, 814, 1664927699, 35723.97974870177, 6976.853
5459, 815, 1664927699, 35723.97974870177, 6976.853
5459, 816, 1664927699, 35723.97974870177, 6976.853
5459, 817, 1664927699, 35723.97974870177, 6976.853
5459, 818, 1664927699, 35723.97974870177, 6976.853
5459, 819, 1664927699, 35723.97974870177, 6976.853
5459, 820, 1664927699, 35723.97974870177, 6976.853
5459, 821, 1664927699, 35723.97974870177, 6976.853
5459, 822, 1664927699, 33684.63289597065, 6976.853
5459, 823, 1664927699, 33684.63289597065, 6976.853
5459, 824, 1664927699, 33684.63289597065, 6976.853
5459, 825, 1664927699, 33684.63289597065, 6976.853
5459, 826, 1664927699, 33684.63289597065, 6976.853
5459, 827, 1664927699, 33684.63289597065, 6976.853
5459, 828, 1664927699, 33684.63289597065, 6976.853
5459, 829, 1664927699, 33684.63289597065, 6976.853
5459, 830, 1664927699, 33684.63289597065, 6976.853
5459, 831, 1664927699, 33684.63289597065, 6976.853
5459, 832, 1664927700, 33684.63289597065, 6976.853
5459, 833, 1664927700, 33684.63289597065, 6976.853
5459, 834, 1664927700, 33684.63289597065, 6976.853
5459, 835, 1664927700, 33684.63289597065, 6976.853
5459, 836, 1664927700, 33684.63289597065, 6976.853
5459, 837, 1664927700, 33684.63289597065, 6976.853
550, 838, 1664927700, 33684.63289597065, 6976.853
550, 839, 1664927700, 33684.63289597065, 6976.853
550, 840, 1664927700, 33684.63289597065, 6976.853
550, 841, 1664927700, 33684.63289597065, 6976.853
550, 842, 1664927700, 33684.63289597065, 6976.853
550, 843, 1664927700, 33684.63289597065, 6976.853
550, 844, 1664927700, 33684.63289597065, 6976.853
550, 845, 1664927700, 33684.63289597065, 6976.853
550, 846, 1664927700, 33684.63289597065, 6976.853
550, 847, 1664927700, 33684.63289597065, 6976.853
550, 848, 1664927700, 33684.63289597065, 6976.853
550, 849, 1664927700, 33684.63289597065, 6976.853
550, 850, 1664927700, 33684.63289597065, 6976.853
550, 851, 1664927700, 29780.62213464657, 6976.853
550, 852, 1664927700, 29780.62213464657, 6976.853
550, 853, 1664927700, 29780.62213464657, 6976.853
550, 854, 1664927700, 29780.62213464657, 6976.853
550, 855, 1664927700, 29780.62213464657, 6976.853
550, 856, 1664927700, 29780.62213464657, 6976.853
550, 857, 1664927700, 29780.62213464657, 6976.853
550, 858, 1664927700, 29780.62213464657, 6976.853
550, 859, 1664927700, 29780.62213464657, 6976.853
550, 860, 1664927700, 29780.62213464657, 6976.853
550, 861, 1664927701, 29780.62213464657, 6976.853
550, 862, 1664927701, 29780.62213464657, 6976.853
550, 863, 1664927701, 29780.62213464657, 6976.853
550, 864, 1664927701, 29780.62213464657, 6976.853
550, 865, 1664927701, 29780.62213464657, 6976.853
550, 866, 1664927701, 29780.62213464657, 6976.853
551, 867, 1664927701, 29780.62213464657, 6976.853
551, 868, 1664927701, 29780.62213464657, 6976.853
551, 869, 1664927701, 29780.62213464657, 6976.853
551, 870, 1664927701, 29780.62213464657, 6976.853
551, 871, 1664927701, 29780.62213464657, 6976.853
551, 872, 1664927701, 29780.62213464657, 6976.853
551, 873, 1664927701, 29780.62213464657, 6976.853
551, 874, 1664927701, 29780.62213464657, 6976.853
551, 875, 1664927701, 29780.62213464657, 6976.853
551, 876, 1664927701, 29780.62213464657, 6976.853
551, 877, 1664927701, 29780.62213464657, 6976.853
551, 878, 1664927701, 29780.62213464657, 6976.853
551, 879, 1664927701, 29780.62213464657, 6976.853
551, 880, 1664927701, 35986.255785165464, 6976.853
551, 881, 1664927701, 35986.255785165464, 6976.853
551, 882, 1664927701, 35986.255785165464, 6976.853
551, 883, 1664927701, 35986.255785165464, 6976.853
551, 884, 1664927701, 35986.255785165464, 6976.853
551, 885, 1664927701, 35986.255785165464, 6976.853
551, 886, 1664927701, 35986.255785165464, 6976.853
551, 887, 1664927701, 35986.255785165464, 6976.853
551, 888, 1664927701, 35986.255785165464, 6976.853
551, 889, 1664927702, 35986.255785165464, 6976.853
551, 890, 1664927702, 35986.255785165464, 6976.853
551, 891, 1664927702, 35986.255785165464, 6976.853
551, 892, 1664927702, 35986.255785165464, 6976.853
551, 893, 1664927702, 35986.255785165464, 6976.853
551, 894, 1664927702, 35986.255785165464, 6976.853
551, 895, 1664927702, 35986.255785165464, 6976.853
552, 896, 1664927702, 35986.255785165464, 6976.853
552, 897, 1664927702, 35986.255785165464, 6976.853
552, 898, 1664927702, 35986.255785165464, 6976.853
552, 899, 1664927702, 35986.255785165464, 6976.853
552, 900, 1664927702, 35986.255785165464, 6976.853
552, 901, 1664927702, 35986.255785165464, 6976.853
552, 902, 1664927702, 35986.255785165464, 6976.853
552, 903, 1664927702, 35986.255785165464, 6976.853
552, 904, 1664927702, 35986.255785165464, 6976.853
552, 905, 1664927702, 35986.255785165464, 6976.853
552, 906, 1664927702, 35986.255785165464, 6976.853
552, 907, 1664927702, 35986.255785165464, 6976.853
552, 908, 1664927702, 35986.255785165464, 6976.853
552, 909, 1664927702, 29889.1376562042, 6976.853
552, 910, 1664927702, 29889.1376562042, 6976.853
552, 911, 1664927702, 29889.1376562042, 6976.853
552, 912, 1664927702, 29889.1376562042, 6976.853
552, 913, 1664927702, 29889.1376562042, 6976.853
552, 914, 1664927702, 29889.1376562042, 6976.853
552, 915, 1664927702, 29889.1376562042, 6976.853
552, 916, 1664927702, 29889.1376562042, 6976.853
552, 917, 1664927703, 29889.1376562042, 6976.853
552, 918, 1664927703, 29889.1376562042, 6976.853
552, 919, 1664927703, 29889.1376562042, 6976.853
552, 920, 1664927703, 29889.1376562042, 6976.853
552, 921, 1664927703, 29889.1376562042, 6976.853
552, 922, 1664927703, 29889.1376562042, 6976.853
552, 923, 1664927703, 29889.1376562042, 6976.853
552, 924, 1664927703, 29889.1376562042, 6976.853
553, 925, 1664927703, 29889.1376562042, 6976.853
553, 926, 1664927703, 29889.1376562042, 6976.853
553, 927, 1664927703, 29889.1376562042, 6976.853
553, 928, 1664927703, 29889.1376562042, 6976.853
553, 929, 1664927703, 29889.1376562042, 6976.853
553, 930, 1664927703, 29889.1376562042, 6976.853
553, 931, 1664927703, 29889.1376562042, 6976.853
553, 932, 1664927703, 29889.1376562042, 6976.853
553, 933, 1664927703, 29889.1376562042, 6976.853
553, 934, 1664927703, 29889.1376562042, 6976.853
553, 935, 1664927703, 29889.1376562042, 6976.853
553, 936, 1664927703, 29889.1376562042, 6976.853
553, 937, 1664927703, 29889.1376562042, 6976.853
553, 938, 1664927703, 31768.248830821765, 6976.853
553, 939, 1664927703, 31768.248830821765, 6976.853
553, 940, 1664927703, 31768.248830821765, 6976.853
553, 941, 1664927703, 31768.248830821765, 6976.853
553, 942, 1664927703, 31768.248830821765, 6976.853
553, 943, 1664927703, 31768.248830821765, 6976.853
553, 944, 1664927703, 31768.248830821765, 6976.853
553, 945, 1664927703, 31768.248830821765, 6976.853
553, 946, 1664927704, 31768.248830821765, 6976.853
553, 947, 1664927704, 31768.248830821765, 6976.853
553, 948, 1664927704, 31768.248830821765, 6976.853
553, 949, 1664927704, 31768.248830821765, 6976.853
553, 950, 1664927704, 31768.248830821765, 6976.853
553, 951, 1664927704, 31768.248830821765, 6976.853
553, 952, 1664927704, 31768.248830821765, 6976.853
553, 953, 1664927704, 31768.248830821765, 6976.853
554, 954, 1664927704, 31768.248830821765, 6976.853
554, 955, 1664927704, 31768.248830821765, 6976.853
554, 956, 1664927704, 31768.248830821765, 6976.853
554, 957, 1664927704, 31768.248830821765, 6976.853
554, 958, 1664927704, 31768.248830821765, 6976.853
554, 959, 1664927704, 31768.248830821765, 6976.853
554, 960, 1664927704, 31768.248830821765, 6976.853
554, 961, 1664927704, 31768.248830821765, 6976.853
554, 962, 1664927704, 31768.248830821765, 6976.853
554, 963, 1664927704, 31768.248830821765, 6976.853
554, 964, 1664927704, 31768.248830821765, 6976.853
554, 965, 1664927704, 31768.248830821765, 6976.853
554, 966, 1664927704, 31768.248830821765, 6976.853
554, 967, 1664927704, 31650.628075323155, 6976.853
554, 968, 1664927704, 31650.628075323155, 6976.853
554, 969, 1664927704, 31650.628075323155, 6976.853
554, 970, 1664927704, 31650.628075323155, 6976.853
554, 971, 1664927704, 31650.628075323155, 6976.853
554, 972, 1664927704, 31650.628075323155, 6976.853
554, 973, 1664927704, 31650.628075323155, 6976.853
554, 974, 1664927705, 31650.628075323155, 6976.853
554, 975, 1664927705, 31650.628075323155, 6976.853
554, 976, 1664927705, 31650.628075323155, 6976.853
554, 977, 1664927705, 31650.628075323155, 6976.853
554, 978, 1664927705, 31650.628075323155, 6976.853
554, 979, 1664927705, 31650.628075323155, 6976.853
554, 980, 1664927705, 31650.628075323155, 6976.853
554, 981, 1664927705, 31650.628075323155, 6976.853
555, 982, 1664927705, 31650.628075323155, 6976.853
555, 983, 1664927705, 31650.628075323155, 6976.853
555, 984, 1664927705, 31650.628075323155, 6976.853
555, 985, 1664927705, 31650.628075323155, 6976.853
555, 986, 1664927705, 31650.628075323155, 6976.853
555, 987, 1664927705, 31650.628075323155, 6976.853
555, 988, 1664927705, 31650.628075323155, 6976.853
555, 989, 1664927705, 31650.628075323155, 6976.853
555, 990, 1664927705, 31650.628075323155, 6976.853
555, 991, 1664927705, 31650.628075323155, 6976.853
555, 992, 1664927705, 31650.628075323155, 6976.853
555, 993, 1664927705, 31650.628075323155, 6976.853
555, 994, 1664927705, 31650.628075323155, 6976.853
555, 995, 1664927705, 31650.628075323155, 6976.853
555, 996, 1664927705, 31650.628075323155, 6976.853
555, 997, 1664927705, 31650.628075323155, 6976.853
555, 998, 1664927705, 25883.04738095071, 6976.853
555, 999, 1664927705, 25883.04738095071, 6976.853
555, 1000, 1664927705, 25883.04738095071, 6976.853
555, 1001, 1664927705, 25883.04738095071, 6976.853
555, 1002, 1664927706, 25883.04738095071, 6976.853
555, 1003, 1664927706, 25883.04738095071, 6976.853
555, 1004, 1664927706, 25883.04738095071, 6976.853
555, 1005, 1664927706, 25883.04738095071, 6976.853
555, 1006, 1664927706, 25883.04738095071, 6976.853
555, 1007, 1664927706, 25883.04738095071, 6976.853
555, 1008, 1664927706, 25883.04738095071, 6976.853
555, 1009, 1664927706, 25883.04738095071, 6976.853
556, 1010, 1664927706, 25883.04738095071, 6976.853
556, 1011, 1664927706, 25883.04738095071, 6976.853
556, 1012, 1664927706, 25883.04738095071, 6976.853
556, 1013, 1664927706, 25883.04738095071, 6976.853
556, 1014, 1664927706, 25883.04738095071, 6976.853
556, 1015, 1664927706, 25883.04738095071, 6976.853
556, 1016, 1664927706, 25883.04738095071, 6976.853
556, 1017, 1664927706, 25883.04738095071, 6976.853
556, 1018, 1664927706, 25883.04738095071, 6976.853
556, 1019, 1664927706, 25883.04738095071, 6976.853
556, 1020, 1664927706, 25883.04738095071, 6976.853
556, 1021, 1664927706, 25883.04738095071, 6976.853
556, 1022, 1664927706, 25883.04738095071, 6976.853
556, 1023, 1664927706, 25883.04738095071, 6976.853
556, 1024, 1664927706, 25883.04738095071, 6976.853
556, 1025, 1664927706, 15065.65894230054, 6976.853
556, 1026, 1664927706, 15065.65894230054, 6976.853
556, 1027, 1664927706, 15065.65894230054, 6976.853
556, 1028, 1664927706, 15065.65894230054, 6976.853
556, 1029, 1664927706, 15065.65894230054, 6976.853
556, 1030, 1664927707, 15065.65894230054, 6976.853
556, 1031, 1664927707, 15065.65894230054, 6976.853
556, 1032, 1664927707, 15065.65894230054, 6976.853
556, 1033, 1664927707, 15065.65894230054, 6976.853
556, 1034, 1664927707, 15065.65894230054, 6976.853
556, 1035, 1664927707, 15065.65894230054, 6976.853
556, 1036, 1664927707, 15065.65894230054, 6976.853
556, 1037, 1664927707, 15065.65894230054, 6976.853
556, 1038, 1664927707, 15065.65894230054, 6976.853
557, 1039, 1664927707, 15065.65894230054, 6976.853
557, 1040, 1664927707, 15065.65894230054, 6976.853
557, 1041, 1664927707, 15065.65894230054, 6976.853
557, 1042, 1664927707, 15065.65894230054, 6976.853
557, 1043, 1664927707, 15065.65894230054, 6976.853
557, 1044, 1664927707, 15065.65894230054, 6976.853
557, 1045, 1664927707, 15065.65894230054, 6976.853
557, 1046, 1664927707, 15065.65894230054, 6976.853
557, 1047, 1664927707, 15065.65894230054, 6976.853
557, 1048, 1664927707, 15065.65894230054, 6976.853
557, 1049, 1664927707, 15065.65894230054, 6976.853
557, 1050, 1664927707, 15065.65894230054, 6976.853
557, 1051, 1664927707, 15065.65894230054, 6976.853
557, 1052, 1664927707, 11255.353161390687, 6976.853
557, 1053, 1664927707, 11255.353161390687, 6976.853
557, 1054, 1664927707, 11255.353161390687, 6976.853
557, 1055, 1664927707, 11255.353161390687, 6976.853
557, 1056, 1664927707, 11255.353161390687, 6976.853
557, 1057, 1664927708, 11255.353161390687, 6976.853
557, 1058, 1664927708, 11255.353161390687, 6976.853
557, 1059, 1664927708, 11255.353161390687, 6976.853
557, 1060, 1664927708, 11255.353161390687, 3986.773
557, 1061, 1664927708, 11255.353161390687, 3986.773
557, 1062, 1664927708, 11255.353161390687, 3986.773
557, 1063, 1664927708, 11255.353161390687, 3986.773
557, 1064, 1664927708, 11255.353161390687, 3986.773
557, 1065, 1664927708, 11255.353161390687, 3986.773
558, 1066, 1664927708, 11255.353161390687, 3986.773
558, 1067, 1664927708, 11255.353161390687, 3986.773
558, 1068, 1664927708, 11255.353161390687, 3986.773
558, 1069, 1664927708, 11255.353161390687, 3986.773
558, 1070, 1664927708, 11255.353161390687, 3986.773
558, 1071, 1664927708, 11255.353161390687, 3986.773
558, 1072, 1664927708, 11255.353161390687, 3986.773
558, 1073, 1664927708, 11255.353161390687, 3986.773
558, 1074, 1664927708, 11255.353161390687, 3986.773
558, 1075, 1664927708, 11255.353161390687, 3986.773
558, 1076, 1664927708, 11255.353161390687, 3986.773
558, 1077, 1664927708, 11255.353161390687, 3986.773
558, 1078, 1664927708, 11255.353161390687, 3986.773
558, 1079, 1664927708, 11255.353161390687, 3986.773
558, 1080, 1664927708, 11255.353161390687, 3986.773
558, 1081, 1664927708, 11255.353161390687, 3986.773
558, 1082, 1664927708, 11255.353161390687, 3986.773
558, 1083, 1664927708, 11096.86416970229, 3986.773
558, 1084, 1664927708, 11096.86416970229, 3986.773
558, 1085, 1664927709, 11096.86416970229, 3986.773
558, 1086, 1664927709, 11096.86416970229, 3986.773
558, 1087, 1664927709, 11096.86416970229, 3986.773
558, 1088, 1664927709, 11096.86416970229, 3986.773
558, 1089, 1664927709, 11096.86416970229, 3986.773
558, 1090, 1664927709, 11096.86416970229, 3986.773
558, 1091, 1664927709, 11096.86416970229, 3986.773
558, 1092, 1664927709, 11096.86416970229, 3986.773
558, 1093, 1664927709, 11096.86416970229, 3986.773
558, 1094, 1664927709, 11096.86416970229, 3986.773
559, 1095, 1664927709, 11096.86416970229, 3986.773
559, 1096, 1664927709, 11096.86416970229, 3986.773
559, 1097, 1664927709, 11096.86416970229, 3986.773
559, 1098, 1664927709, 11096.86416970229, 3986.773
559, 1099, 1664927709, 11096.86416970229, 3986.773
559, 1100, 1664927709, 11096.86416970229, 3986.773
559, 1101, 1664927709, 11096.86416970229, 3986.773
559, 1102, 1664927709, 11096.86416970229, 3986.773
559, 1103, 1664927709, 11096.86416970229, 3986.773
559, 1104, 1664927709, 11096.86416970229, 3986.773
559, 1105, 1664927709, 11096.86416970229, 3986.773
559, 1106, 1664927709, 11096.86416970229, 3986.773
559, 1107, 1664927709, 11096.86416970229, 3986.773
559, 1108, 1664927709, 11096.86416970229, 3986.773
559, 1109, 1664927709, 11096.86416970229, 3986.773
559, 1110, 1664927709, 11096.86416970229, 3986.773
559, 1111, 1664927709, 11096.86416970229, 3986.773
559, 1112, 1664927709, 6403.269986171355, 3986.773
559, 1113, 1664927709, 6403.269986171355, 3986.773
559, 1114, 1664927710, 6403.269986171355, 3986.773
559, 1115, 1664927710, 6403.269986171355, 3986.773
559, 1116, 1664927710, 6403.269986171355, 3986.773
559, 1117, 1664927710, 6403.269986171355, 3986.773
559, 1118, 1664927710, 6403.269986171355, 3986.773
559, 1119, 1664927710, 6403.269986171355, 3986.773
559, 1120, 1664927710, 6403.269986171355, 2116.26
559, 1121, 1664927710, 6403.269986171355, 2116.26
559, 1122, 1664927710, 6403.269986171355, 2116.26
559, 1123, 1664927710, 6403.269986171355, 2116.26
5510, 1124, 1664927710, 6403.269986171355, 2116.26
5510, 1125, 1664927710, 6403.269986171355, 2116.26
5510, 1126, 1664927710, 6403.269986171355, 2116.26
5510, 1127, 1664927710, 6403.269986171355, 2116.26
5510, 1128, 1664927710, 6403.269986171355, 2116.26
5510, 1129, 1664927710, 6403.269986171355, 2116.26
5510, 1130, 1664927710, 6403.269986171355, 2116.26
5510, 1131, 1664927710, 6403.269986171355, 2116.26
5510, 1132, 1664927710, 6403.269986171355, 2116.26
5510, 1133, 1664927710, 6403.269986171355, 2116.26
5510, 1134, 1664927710, 6403.269986171355, 2116.26
5510, 1135, 1664927710, 6403.269986171355, 2116.26
5510, 1136, 1664927710, 6403.269986171355, 2116.26
5510, 1137, 1664927710, 6403.269986171355, 2116.26
5510, 1138, 1664927710, 6403.269986171355, 2116.26
5510, 1139, 1664927710, 6403.269986171355, 2116.26
5510, 1140, 1664927710, 6403.269986171355, 2116.26
5510, 1141, 1664927710, 6403.269986171355, 2116.26
5510, 1142, 1664927710, 13683.670269592476, 2116.26
5510, 1143, 1664927711, 13683.670269592476, 2116.26
5510, 1144, 1664927711, 13683.670269592476, 2116.26
5510, 1145, 1664927711, 13683.670269592476, 2116.26
5510, 1146, 1664927711, 13683.670269592476, 2116.26
5510, 1147, 1664927711, 13683.670269592476, 2116.26
5510, 1148, 1664927711, 13683.670269592476, 2116.26
5510, 1149, 1664927711, 13683.670269592476, 2116.26
5510, 1150, 1664927711, 13683.670269592476, 3986.773
5510, 1151, 1664927711, 13683.670269592476, 3986.773
5510, 1152, 1664927711, 13683.670269592476, 3986.773
5510, 1153, 1664927711, 13683.670269592476, 3986.773
5511, 1154, 1664927711, 13683.670269592476, 3986.773
5511, 1155, 1664927711, 13683.670269592476, 3986.773
5511, 1156, 1664927711, 13683.670269592476, 3986.773
5511, 1157, 1664927711, 13683.670269592476, 3986.773
5511, 1158, 1664927711, 13683.670269592476, 3986.773
5511, 1159, 1664927711, 13683.670269592476, 3986.773
5511, 1160, 1664927711, 13683.670269592476, 3986.773
5511, 1161, 1664927711, 13683.670269592476, 3986.773
5511, 1162, 1664927711, 13683.670269592476, 3986.773
5511, 1163, 1664927711, 13683.670269592476, 3986.773
5511, 1164, 1664927711, 13683.670269592476, 3986.773
5511, 1165, 1664927711, 13683.670269592476, 3986.773
5511, 1166, 1664927711, 13683.670269592476, 3986.773
5511, 1167, 1664927711, 13683.670269592476, 3986.773
5511, 1168, 1664927711, 13683.670269592476, 3986.773
5511, 1169, 1664927711, 13683.670269592476, 3986.773
5511, 1170, 1664927711, 13683.670269592476, 3986.773
5511, 1171, 1664927711, 13683.670269592476, 3986.773
5511, 1172, 1664927712, 24972.05299291843, 3986.773
5511, 1173, 1664927712, 24972.05299291843, 3986.773
5511, 1174, 1664927712, 24972.05299291843, 3986.773
5511, 1175, 1664927712, 24972.05299291843, 3986.773
5511, 1176, 1664927712, 24972.05299291843, 3986.773
5511, 1177, 1664927712, 24972.05299291843, 3986.773
5511, 1178, 1664927712, 24972.05299291843, 3986.773
5511, 1179, 1664927712, 24972.05299291843, 3986.773
5511, 1180, 1664927712, 24972.05299291843, 6976.853
5511, 1181, 1664927712, 24972.05299291843, 6976.853
5511, 1182, 1664927712, 24972.05299291843, 6976.853
5512, 1183, 1664927712, 24972.05299291843, 6976.853
5512, 1184, 1664927712, 24972.05299291843, 6976.853
5512, 1185, 1664927712, 24972.05299291843, 6976.853
5512, 1186, 1664927712, 24972.05299291843, 6976.853
5512, 1187, 1664927712, 24972.05299291843, 6976.853
5512, 1188, 1664927712, 24972.05299291843, 6976.853
5512, 1189, 1664927712, 24972.05299291843, 6976.853
5512, 1190, 1664927712, 24972.05299291843, 6976.853
5512, 1191, 1664927712, 24972.05299291843, 6976.853
5512, 1192, 1664927712, 24972.05299291843, 6976.853
5512, 1193, 1664927712, 24972.05299291843, 6976.853
5512, 1194, 1664927712, 24972.05299291843, 6976.853
5512, 1195, 1664927712, 24972.05299291843, 6976.853
5512, 1196, 1664927712, 24972.05299291843, 6976.853
5512, 1197, 1664927712, 24972.05299291843, 6976.853
5512, 1198, 1664927712, 24972.05299291843, 6976.853
5512, 1199, 1664927712, 24972.05299291843, 6976.853
5512, 1200, 1664927713, 24972.05299291843, 6976.853
5512, 1201, 1664927713, 32804.3531598604, 6976.853
5512, 1202, 1664927713, 32804.3531598604, 6976.853
5512, 1203, 1664927713, 32804.3531598604, 6976.853
5512, 1204, 1664927713, 32804.3531598604, 6976.853
5512, 1205, 1664927713, 32804.3531598604, 6976.853
5512, 1206, 1664927713, 32804.3531598604, 6976.853
5512, 1207, 1664927713, 32804.3531598604, 6976.853
5512, 1208, 1664927713, 32804.3531598604, 6976.853
5512, 1209, 1664927713, 32804.3531598604, 6976.853
5512, 1210, 1664927713, 32804.3531598604, 6976.853
5512, 1211, 1664927713, 32804.3531598604, 6976.853
5513, 1212, 1664927713, 32804.3531598604, 6976.853
5513, 1213, 1664927713, 32804.3531598604, 6976.853
5513, 1214, 1664927713, 32804.3531598604, 6976.853
5513, 1215, 1664927713, 32804.3531598604, 6976.853
5513, 1216, 1664927713, 32804.3531598604, 6976.853
5513, 1217, 1664927713, 32804.3531598604, 6976.853
5513, 1218, 1664927713, 32804.3531598604, 6976.853
5513, 1219, 1664927713, 32804.3531598604, 6976.853
5513, 1220, 1664927713, 32804.3531598604, 6976.853
5513, 1221, 1664927713, 32804.3531598604, 6976.853
5513, 1222, 1664927713, 32804.3531598604, 6976.853
5513, 1223, 1664927713, 32804.3531598604, 6976.853
5513, 1224, 1664927713, 32804.3531598604, 6976.853
5513, 1225, 1664927713, 32804.3531598604, 6976.853
5513, 1226, 1664927713, 32804.3531598604, 6976.853
5513, 1227, 1664927713, 32804.3531598604, 6976.853
5513, 1228, 1664927713, 32804.3531598604, 6976.853
5513, 1229, 1664927714, 32804.3531598604, 6976.853
5513, 1230, 1664927714, 30119.85085122579, 6976.853
5513, 1231, 1664927714, 30119.85085122579, 6976.853
5513, 1232, 1664927714, 30119.85085122579, 6976.853
5513, 1233, 1664927714, 30119.85085122579, 6976.853
5513, 1234, 1664927714, 30119.85085122579, 6976.853
5513, 1235, 1664927714, 30119.85085122579, 6976.853
5513, 1236, 1664927714, 30119.85085122579, 6976.853
5513, 1237, 1664927714, 30119.85085122579, 6976.853
5513, 1238, 1664927714, 30119.85085122579, 6976.853
5513, 1239, 1664927714, 30119.85085122579, 6976.853
5513, 1240, 1664927714, 30119.85085122579, 6976.853
5514, 1241, 1664927714, 30119.85085122579, 6976.853
5514, 1242, 1664927714, 30119.85085122579, 6976.853
5514, 1243, 1664927714, 30119.85085122579, 6976.853
5514, 1244, 1664927714, 30119.85085122579, 6976.853
5514, 1245, 1664927714, 30119.85085122579, 6976.853
5514, 1246, 1664927714, 30119.85085122579, 6976.853
5514, 1247, 1664927714, 30119.85085122579, 6976.853
5514, 1248, 1664927714, 30119.85085122579, 6976.853
5514, 1249, 1664927714, 30119.85085122579, 6976.853
5514, 1250, 1664927714, 30119.85085122579, 6976.853
5514, 1251, 1664927714, 30119.85085122579, 6976.853
5514, 1252, 1664927714, 30119.85085122579, 6976.853
5514, 1253, 1664927714, 30119.85085122579, 6976.853
5514, 1254, 1664927714, 30119.85085122579, 6976.853
5514, 1255, 1664927714, 30119.85085122579, 6976.853
5514, 1256, 1664927714, 30119.85085122579, 6976.853
5514, 1257, 1664927715, 30119.85085122579, 6976.853
5514, 1258, 1664927715, 30119.85085122579, 6976.853
5514, 1259, 1664927715, 30119.85085122579, 6976.853
5514, 1260, 1664927715, 30119.85085122579, 6976.853
5514, 1261, 1664927715, 30119.85085122579, 6976.853
5514, 1262, 1664927715, 30119.85085122579, 6976.853
5514, 1263, 1664927715, 30119.85085122579, 6976.853
5514, 1264, 1664927715, 30119.85085122579, 6976.853
5514, 1265, 1664927715, 30119.85085122579, 6976.853
5514, 1266, 1664927715, 30119.85085122579, 6976.853
5514, 1267, 1664927715, 30119.85085122579, 6976.853
5514, 1268, 1664927715, 30119.85085122579, 6976.853
5514, 1269, 1664927715, 30119.85085122579, 6976.853
5515, 1270, 1664927715, 30119.85085122579, 6976.853
5515, 1271, 1664927715, 30119.85085122579, 6976.853
5515, 1272, 1664927715, 32814.88131225099, 6976.853
5515, 1273, 1664927715, 32814.88131225099, 6976.853
5515, 1274, 1664927715, 32814.88131225099, 6976.853
5515, 1275, 1664927715, 32814.88131225099, 6976.853
5515, 1276, 1664927715, 32814.88131225099, 6976.853
5515, 1277, 1664927715, 32814.88131225099, 6976.853
5515, 1278, 1664927715, 32814.88131225099, 6976.853
5515, 1279, 1664927715, 32814.88131225099, 6976.853
5515, 1280, 1664927715, 32814.88131225099, 6976.853
5515, 1281, 1664927715, 32814.88131225099, 6976.853
5515, 1282, 1664927715, 32814.88131225099, 6976.853
5515, 1283, 1664927715, 32814.88131225099, 6976.853
5515, 1284, 1664927715, 32814.88131225099, 6976.853
5515, 1285, 1664927716, 32814.88131225099, 6976.853
5515, 1286, 1664927716, 32814.88131225099, 6976.853
5515, 1287, 1664927716, 32814.88131225099, 6976.853
5515, 1288, 1664927716, 32814.88131225099, 6976.853
5515, 1289, 1664927716, 32814.88131225099, 6976.853
5515, 1290, 1664927716, 32814.88131225099, 6976.853
5515, 1291, 1664927716, 32814.88131225099, 6976.853
5515, 1292, 1664927716, 32814.88131225099, 6976.853
5515, 1293, 1664927716, 32814.88131225099, 6976.853
5515, 1294, 1664927716, 32814.88131225099, 6976.853
5515, 1295, 1664927716, 32814.88131225099, 6976.853
5515, 1296, 1664927716, 32814.88131225099, 6976.853
5515, 1297, 1664927716, 32814.88131225099, 6976.853
5515, 1298, 1664927716, 32814.88131225099, 6976.853
5516, 1299, 1664927716, 32814.88131225099, 6976.853
5516, 1300, 1664927716, 32814.88131225099, 6976.853
5516, 1301, 1664927716, 21055.544263610976, 6976.853
5516, 1302, 1664927716, 21055.544263610976, 6976.853
5516, 1303, 1664927716, 21055.544263610976, 6976.853
5516, 1304, 1664927716, 21055.544263610976, 6976.853
5516, 1305, 1664927716, 21055.544263610976, 6976.853
5516, 1306, 1664927716, 21055.544263610976, 6976.853
5516, 1307, 1664927716, 21055.544263610976, 6976.853
5516, 1308, 1664927716, 21055.544263610976, 6976.853
5516, 1309, 1664927716, 21055.544263610976, 6976.853
5516, 1310, 1664927716, 21055.544263610976, 6976.853
5516, 1311, 1664927716, 21055.544263610976, 6976.853
5516, 1312, 1664927716, 21055.544263610976, 6976.853
5516, 1313, 1664927717, 21055.544263610976, 6976.853
5516, 1314, 1664927717, 21055.544263610976, 6976.853
5516, 1315, 1664927717, 21055.544263610976, 6976.853
5516, 1316, 1664927717, 21055.544263610976, 6976.853
5516, 1317, 1664927717, 21055.544263610976, 6976.853
5516, 1318, 1664927717, 21055.544263610976, 6976.853
5516, 1319, 1664927717, 21055.544263610976, 6976.853
5516, 1320, 1664927717, 21055.544263610976, 6976.853
5516, 1321, 1664927717, 21055.544263610976, 6976.853
5516, 1322, 1664927717, 21055.544263610976, 6976.853
5516, 1323, 1664927717, 21055.544263610976, 6976.853
5516, 1324, 1664927717, 21055.544263610976, 6976.853
5516, 1325, 1664927717, 21055.544263610976, 6976.853
5516, 1326, 1664927717, 21055.544263610976, 6976.853
5516, 1327, 1664927717, 21055.544263610976, 6976.853
5517, 1328, 1664927717, 21055.544263610976, 6976.853
5517, 1329, 1664927717, 21055.544263610976, 6976.853
5517, 1330, 1664927717, 34891.79081119429, 6976.853
5517, 1331, 1664927717, 34891.79081119429, 6976.853
5517, 1332, 1664927717, 34891.79081119429, 6976.853
5517, 1333, 1664927717, 34891.79081119429, 6976.853
5517, 1334, 1664927717, 34891.79081119429, 6976.853
5517, 1335, 1664927717, 34891.79081119429, 6976.853
5517, 1336, 1664927717, 34891.79081119429, 6976.853
5517, 1337, 1664927717, 34891.79081119429, 6976.853
5517, 1338, 1664927717, 34891.79081119429, 6976.853
5517, 1339, 1664927717, 34891.79081119429, 6976.853
5517, 1340, 1664927717, 34891.79081119429, 6976.853
5517, 1341, 1664927717, 34891.79081119429, 6976.853
5517, 1342, 1664927718, 34891.79081119429, 6976.853
5517, 1343, 1664927718, 34891.79081119429, 6976.853
5517, 1344, 1664927718, 34891.79081119429, 6976.853
5517, 1345, 1664927718, 34891.79081119429, 6976.853
5517, 1346, 1664927718, 34891.79081119429, 6976.853
5517, 1347, 1664927718, 34891.79081119429, 6976.853
5517, 1348, 1664927718, 34891.79081119429, 6976.853
5517, 1349, 1664927718, 34891.79081119429, 6976.853
5517, 1350, 1664927718, 34891.79081119429, 6976.853
5517, 1351, 1664927718, 34891.79081119429, 6976.853
5517, 1352, 1664927718, 34891.79081119429, 6976.853
5517, 1353, 1664927718, 34891.79081119429, 6976.853
5517, 1354, 1664927718, 34891.79081119429, 6976.853
5517, 1355, 1664927718, 34891.79081119429, 6976.853
5517, 1356, 1664927718, 34891.79081119429, 6976.853
5518, 1357, 1664927718, 34891.79081119429, 6976.853
5518, 1358, 1664927718, 34891.79081119429, 6976.853
5518, 1359, 1664927718, 31591.01078576358, 6976.853
5518, 1360, 1664927718, 31591.01078576358, 6976.853
5518, 1361, 1664927718, 31591.01078576358, 6976.853
5518, 1362, 1664927718, 31591.01078576358, 6976.853
5518, 1363, 1664927718, 31591.01078576358, 6976.853
5518, 1364, 1664927718, 31591.01078576358, 6976.853
5518, 1365, 1664927718, 31591.01078576358, 6976.853
5518, 1366, 1664927718, 31591.01078576358, 6976.853
5518, 1367, 1664927718, 31591.01078576358, 6976.853
5518, 1368, 1664927718, 31591.01078576358, 6976.853
5518, 1369, 1664927718, 31591.01078576358, 6976.853
5518, 1370, 1664927718, 31591.01078576358, 6976.853
5518, 1371, 1664927719, 31591.01078576358, 6976.853
5518, 1372, 1664927719, 31591.01078576358, 6976.853
5518, 1373, 1664927719, 31591.01078576358, 6976.853
5518, 1374, 1664927719, 31591.01078576358, 6976.853
5518, 1375, 1664927719, 31591.01078576358, 6976.853
5518, 1376, 1664927719, 31591.01078576358, 6976.853
5518, 1377, 1664927719, 31591.01078576358, 6976.853
5518, 1378, 1664927719, 31591.01078576358, 6976.853
5518, 1379, 1664927719, 31591.01078576358, 6976.853
5518, 1380, 1664927719, 31591.01078576358, 6976.853
5518, 1381, 1664927719, 31591.01078576358, 6976.853
5518, 1382, 1664927719, 31591.01078576358, 6976.853
5518, 1383, 1664927719, 31591.01078576358, 6976.853
5518, 1384, 1664927719, 31591.01078576358, 6976.853
5518, 1385, 1664927719, 31591.01078576358, 6976.853
5519, 1386, 1664927719, 31591.01078576358, 6976.853
5519, 1387, 1664927719, 31591.01078576358, 6976.853
5519, 1388, 1664927719, 26212.524002265145, 6976.853
5519, 1389, 1664927719, 26212.524002265145, 6976.853
5519, 1390, 1664927719, 26212.524002265145, 6976.853
5519, 1391, 1664927719, 26212.524002265145, 6976.853
5519, 1392, 1664927719, 26212.524002265145, 6976.853
5519, 1393, 1664927719, 26212.524002265145, 6976.853
5519, 1394, 1664927719, 26212.524002265145, 6976.853
5519, 1395, 1664927719, 26212.524002265145, 6976.853
5519, 1396, 1664927719, 26212.524002265145, 6976.853
5519, 1397, 1664927719, 26212.524002265145, 6976.853
5519, 1398, 1664927719, 26212.524002265145, 6976.853
5519, 1399, 1664927720, 26212.524002265145, 6976.853
5519, 1400, 1664927720, 26212.524002265145, 6976.853
5519, 1401, 1664927720, 26212.524002265145, 6976.853
5519, 1402, 1664927720, 26212.524002265145, 6976.853
5519, 1403, 1664927720, 26212.524002265145, 6976.853
5519, 1404, 1664927720, 26212.524002265145, 6976.853
5519, 1405, 1664927720, 26212.524002265145, 6976.853
5519, 1406, 1664927720, 26212.524002265145, 6976.853
5519, 1407, 1664927720, 26212.524002265145, 6976.853
5519, 1408, 1664927720, 26212.524002265145, 6976.853
5519, 1409, 1664927720, 26212.524002265145, 6976.853
5519, 1410, 1664927720, 26212.524002265145, 6976.853
5519, 1411, 1664927720, 26212.524002265145, 6976.853
5519, 1412, 1664927720, 26212.524002265145, 6976.853
5519, 1413, 1664927720, 26212.524002265145, 6976.853
5519, 1414, 1664927720, 26212.524002265145, 6976.853
5520, 1415, 1664927720, 26212.524002265145, 6976.853
5520, 1416, 1664927720, 26212.524002265145, 6976.853
5520, 1417, 1664927720, 38840.12302714247, 6976.853
5520, 1418, 1664927720, 38840.12302714247, 6976.853
5520, 1419, 1664927720, 38840.12302714247, 6976.853
5520, 1420, 1664927720, 38840.12302714247, 6976.853
5520, 1421, 1664927720, 38840.12302714247, 6976.853
5520, 1422, 1664927720, 38840.12302714247, 6976.853
5520, 1423, 1664927720, 38840.12302714247, 6976.853
5520, 1424, 1664927720, 38840.12302714247, 6976.853
5520, 1425, 1664927720, 38840.12302714247, 6976.853
5520, 1426, 1664927720, 38840.12302714247, 6976.853
5520, 1427, 1664927720, 38840.12302714247, 6976.853
5520, 1428, 1664927721, 38840.12302714247, 6976.853
5520, 1429, 1664927721, 38840.12302714247, 6976.853
5520, 1430, 1664927721, 38840.12302714247, 6976.853
5520, 1431, 1664927721, 38840.12302714247, 6976.853
5520, 1432, 1664927721, 38840.12302714247, 6976.853
5520, 1433, 1664927721, 38840.12302714247, 6976.853
5520, 1434, 1664927721, 38840.12302714247, 6976.853
5520, 1435, 1664927721, 38840.12302714247, 6976.853
5520, 1436, 1664927721, 38840.12302714247, 6976.853
5520, 1437, 1664927721, 38840.12302714247, 6976.853
5520, 1438, 1664927721, 38840.12302714247, 6976.853
5520, 1439, 1664927721, 38840.12302714247, 6976.853
5520, 1440, 1664927721, 38840.12302714247, 6976.853
5520, 1441, 1664927721, 38840.12302714247, 6976.853
5520, 1442, 1664927721, 38840.12302714247, 6976.853
5521, 1443, 1664927721, 38840.12302714247, 6976.853
5521, 1444, 1664927721, 38840.12302714247, 6976.853
5521, 1445, 1664927721, 38840.12302714247, 6976.853
5521, 1446, 1664927721, 38840.12302714247, 6976.853
5521, 1447, 1664927721, 38840.12302714247, 6976.853
5521, 1448, 1664927721, 38840.12302714247, 6976.853
5521, 1449, 1664927721, 11302.11460426961, 6976.853
5521, 1450, 1664927721, 11302.11460426961, 3986.773
5521, 1451, 1664927721, 11302.11460426961, 3986.773
5521, 1452, 1664927721, 11302.11460426961, 3986.773
5521, 1453, 1664927721, 11302.11460426961, 3986.773
5521, 1454, 1664927721, 11302.11460426961, 3986.773
5521, 1455, 1664927722, 11302.11460426961, 3986.773
5521, 1456, 1664927722, 11302.11460426961, 3986.773
5521, 1457, 1664927722, 11302.11460426961, 3986.773
5521, 1458, 1664927722, 11302.11460426961, 3986.773
5521, 1459, 1664927722, 11302.11460426961, 3986.773
5521, 1460, 1664927722, 11302.11460426961, 3986.773
5521, 1461, 1664927722, 11302.11460426961, 3986.773
5521, 1462, 1664927722, 11302.11460426961, 3986.773
5521, 1463, 1664927722, 11302.11460426961, 3986.773
5521, 1464, 1664927722, 11302.11460426961, 3986.773
5521, 1465, 1664927722, 11302.11460426961, 3986.773
5521, 1466, 1664927722, 11302.11460426961, 3986.773
5521, 1467, 1664927722, 11302.11460426961, 3986.773
5521, 1468, 1664927722, 11302.11460426961, 3986.773
5521, 1469, 1664927722, 11302.11460426961, 3986.773
5521, 1470, 1664927722, 11302.11460426961, 3986.773
5521, 1471, 1664927722, 11302.11460426961, 3986.773
5522, 1472, 1664927722, 11302.11460426961, 3986.773
5522, 1473, 1664927722, 6711.874373838732, 3986.773
5522, 1474, 1664927722, 6711.874373838732, 3986.773
5522, 1475, 1664927722, 6711.874373838732, 3986.773
5522, 1476, 1664927722, 6711.874373838732, 3986.773
5522, 1477, 1664927722, 6711.874373838732, 3986.773
5522, 1478, 1664927722, 6711.874373838732, 3986.773
5522, 1479, 1664927722, 6711.874373838732, 3986.773
5522, 1480, 1664927722, 6711.874373838732, 2116.26
5522, 1481, 1664927722, 6711.874373838732, 2116.26
5522, 1482, 1664927722, 6711.874373838732, 2116.26
5522, 1483, 1664927722, 6711.874373838732, 2116.26
5522, 1484, 1664927723, 6711.874373838732, 2116.26
5522, 1485, 1664927723, 6711.874373838732, 2116.26
5522, 1486, 1664927723, 6711.874373838732, 2116.26
5522, 1487, 1664927723, 6711.874373838732, 2116.26
5522, 1488, 1664927723, 6711.874373838732, 2116.26
5522, 1489, 1664927723, 6711.874373838732, 2116.26
5522, 1490, 1664927723, 6711.874373838732, 2116.26
5522, 1491, 1664927723, 6711.874373838732, 2116.26
5522, 1492, 1664927723, 6711.874373838732, 2116.26
5522, 1493, 1664927723, 6711.874373838732, 2116.26
5522, 1494, 1664927723, 6711.874373838732, 2116.26
5522, 1495, 1664927723, 6711.874373838732, 2116.26
5522, 1496, 1664927723, 6711.874373838732, 2116.26
5522, 1497, 1664927723, 6711.874373838732, 2116.26
5522, 1498, 1664927723, 6711.874373838732, 2116.26
5522, 1499, 1664927723, 6711.874373838732, 2116.26
5522, 1500, 1664927723, 6711.874373838732, 2116.26
5522, 1501, 1664927723, 6711.874373838732, 2116.26
5523, 1502, 1664927723, 6711.874373838732, 2116.26
5523, 1503, 1664927723, 4879.049725863285, 2116.26
5523, 1504, 1664927723, 4879.049725863285, 2116.26
5523, 1505, 1664927723, 4879.049725863285, 2116.26
5523, 1506, 1664927723, 4879.049725863285, 2116.26
5523, 1507, 1664927723, 4879.049725863285, 2116.26
5523, 1508, 1664927723, 4879.049725863285, 2116.26
5523, 1509, 1664927723, 4879.049725863285, 2116.26
5523, 1510, 1664927723, 4879.049725863285, 2116.26
5523, 1511, 1664927723, 4879.049725863285, 2116.26
5523, 1512, 1664927723, 4879.049725863285, 2116.26
5523, 1513, 1664927724, 4879.049725863285, 2116.26
5523, 1514, 1664927724, 4879.049725863285, 2116.26
5523, 1515, 1664927724, 4879.049725863285, 2116.26
5523, 1516, 1664927724, 4879.049725863285, 2116.26
5523, 1517, 1664927724, 4879.049725863285, 2116.26
5523, 1518, 1664927724, 4879.049725863285, 2116.26
5523, 1519, 1664927724, 4879.049725863285, 2116.26
5523, 1520, 1664927724, 4879.049725863285, 2116.26
5523, 1521, 1664927724, 4879.049725863285, 2116.26
5523, 1522, 1664927724, 4879.049725863285, 2116.26
5523, 1523, 1664927724, 4879.049725863285, 2116.26
5523, 1524, 1664927724, 4879.049725863285, 2116.26
5523, 1525, 1664927724, 4879.049725863285, 2116.26
5523, 1526, 1664927724, 4879.049725863285, 2116.26
5523, 1527, 1664927724, 4879.049725863285, 2116.26
5523, 1528, 1664927724, 4879.049725863285, 2116.26
5523, 1529, 1664927724, 4879.049725863285, 2116.26
5523, 1530, 1664927724, 4879.049725863285, 2116.26
5523, 1531, 1664927724, 4879.049725863285, 2116.26
5524, 1532, 1664927724, 3529.938937446775, 2116.26
5524, 1533, 1664927724, 3529.938937446775, 2116.26
5524, 1534, 1664927724, 3529.938937446775, 2116.26
5524, 1535, 1664927724, 3529.938937446775, 2116.26
5524, 1536, 1664927724, 3529.938937446775, 2116.26
5524, 1537, 1664927724, 3529.938937446775, 2116.26
5524, 1538, 1664927724, 3529.938937446775, 2116.26
5524, 1539, 1664927724, 3529.938937446775, 2116.26
5524, 1540, 1664927724, 3529.938937446775, 1365.33
5524, 1541, 1664927724, 3529.938937446775, 1365.33
5524, 1542, 1664927725, 3529.938937446775, 1365.33
5524, 1543, 1664927725, 3529.938937446775, 1365.33
5524, 1544, 1664927725, 3529.938937446775, 1365.33
5524, 1545, 1664927725, 3529.938937446775, 1365.33
5524, 1546, 1664927725, 3529.938937446775, 1365.33
5524, 1547, 1664927725, 3529.938937446775, 1365.33
5524, 1548, 1664927725, 3529.938937446775, 1365.33
5524, 1549, 1664927725, 3529.938937446775, 1365.33
5524, 1550, 1664927725, 3529.938937446775, 1365.33
5524, 1551, 1664927725, 3529.938937446775, 1365.33
5524, 1552, 1664927725, 3529.938937446775, 1365.33
5524, 1553, 1664927725, 3529.938937446775, 1365.33
5524, 1554, 1664927725, 3529.938937446775, 1365.33
5524, 1555, 1664927725, 3529.938937446775, 1365.33
5524, 1556, 1664927725, 3529.938937446775, 1365.33
5524, 1557, 1664927725, 3529.938937446775, 1365.33
5524, 1558, 1664927725, 3529.938937446775, 1365.33
5524, 1559, 1664927725, 3529.938937446775, 1365.33
5524, 1560, 1664927725, 3529.938937446775, 1365.33
5524, 1561, 1664927725, 3529.938937446775, 1365.33
5525, 1562, 1664927725, 4502.526976864062, 1365.33
5525, 1563, 1664927725, 4502.526976864062, 1365.33
5525, 1564, 1664927725, 4502.526976864062, 1365.33
5525, 1565, 1664927725, 4502.526976864062, 1365.33
5525, 1566, 1664927725, 4502.526976864062, 1365.33
5525, 1567, 1664927725, 4502.526976864062, 1365.33
5525, 1568, 1664927725, 4502.526976864062, 1365.33
5525, 1569, 1664927725, 4502.526976864062, 1365.33
5525, 1570, 1664927725, 4502.526976864062, 2116.26
5525, 1571, 1664927725, 4502.526976864062, 2116.26
5525, 1572, 1664927726, 4502.526976864062, 2116.26
5525, 1573, 1664927726, 4502.526976864062, 2116.26
5525, 1574, 1664927726, 4502.526976864062, 2116.26
5525, 1575, 1664927726, 4502.526976864062, 2116.26
5525, 1576, 1664927726, 4502.526976864062, 2116.26
5525, 1577, 1664927726, 4502.526976864062, 2116.26
5525, 1578, 1664927726, 4502.526976864062, 2116.26
5525, 1579, 1664927726, 4502.526976864062, 2116.26
5525, 1580, 1664927726, 4502.526976864062, 2116.26
5525, 1581, 1664927726, 4502.526976864062, 2116.26
5525, 1582, 1664927726, 4502.526976864062, 2116.26
5525, 1583, 1664927726, 4502.526976864062, 2116.26
5525, 1584, 1664927726, 4502.526976864062, 2116.26
5525, 1585, 1664927726, 4502.526976864062, 2116.26
5525, 1586, 1664927726, 4502.526976864062, 2116.26
5525, 1587, 1664927726, 4502.526976864062, 2116.26
5525, 1588, 1664927726, 4502.526976864062, 2116.26
5525, 1589, 1664927726, 4502.526976864062, 2116.26
5525, 1590, 1664927726, 4502.526976864062, 2116.26
5525, 1591, 1664927726, 4502.526976864062, 2116.26
5526, 1592, 1664927726, 41626.25704051899, 2116.26
5526, 1593, 1664927726, 41626.25704051899, 2116.26
5526, 1594, 1664927726, 41626.25704051899, 2116.26
5526, 1595, 1664927726, 41626.25704051899, 2116.26
5526, 1596, 1664927726, 41626.25704051899, 2116.26
5526, 1597, 1664927726, 41626.25704051899, 2116.26
5526, 1598, 1664927726, 41626.25704051899, 2116.26
5526, 1599, 1664927726, 41626.25704051899, 2116.26
5526, 1600, 1664927726, 41626.25704051899, 6976.853
5526, 1601, 1664927727, 41626.25704051899, 6976.853
5526, 1602, 1664927727, 41626.25704051899, 6976.853
5526, 1603, 1664927727, 41626.25704051899, 6976.853
5526, 1604, 1664927727, 41626.25704051899, 6976.853
5526, 1605, 1664927727, 41626.25704051899, 6976.853
5526, 1606, 1664927727, 41626.25704051899, 6976.853
5526, 1607, 1664927727, 41626.25704051899, 6976.853
5526, 1608, 1664927727, 41626.25704051899, 6976.853
5526, 1609, 1664927727, 41626.25704051899, 6976.853
5526, 1610, 1664927727, 41626.25704051899, 6976.853
5526, 1611, 1664927727, 41626.25704051899, 6976.853
5526, 1612, 1664927727, 41626.25704051899, 6976.853
5526, 1613, 1664927727, 41626.25704051899, 6976.853
5526, 1614, 1664927727, 41626.25704051899, 6976.853
5526, 1615, 1664927727, 41626.25704051899, 6976.853
5526, 1616, 1664927727, 41626.25704051899, 6976.853
5526, 1617, 1664927727, 41626.25704051899, 6976.853
5526, 1618, 1664927727, 41626.25704051899, 6976.853
5526, 1619, 1664927727, 41626.25704051899, 6976.853
5526, 1620, 1664927727, 41626.25704051899, 6976.853
5527, 1621, 1664927727, 28708.466117389304, 6976.853
5527, 1622, 1664927727, 28708.466117389304, 6976.853
5527, 1623, 1664927727, 28708.466117389304, 6976.853
5527, 1624, 1664927727, 28708.466117389304, 6976.853
5527, 1625, 1664927727, 28708.466117389304, 6976.853
5527, 1626, 1664927727, 28708.466117389304, 6976.853
5527, 1627, 1664927727, 28708.466117389304, 6976.853
5527, 1628, 1664927727, 28708.466117389304, 6976.853
5527, 1629, 1664927728, 28708.466117389304, 6976.853
5527, 1630, 1664927728, 28708.466117389304, 6976.853
5527, 1631, 1664927728, 28708.466117389304, 6976.853
5527, 1632, 1664927728, 28708.466117389304, 6976.853
5527, 1633, 1664927728, 28708.466117389304, 6976.853
5527, 1634, 1664927728, 28708.466117389304, 6976.853
5527, 1635, 1664927728, 28708.466117389304, 6976.853
5527, 1636, 1664927728, 28708.466117389304, 6976.853
5527, 1637, 1664927728, 28708.466117389304, 6976.853
5527, 1638, 1664927728, 28708.466117389304, 6976.853
5527, 1639, 1664927728, 28708.466117389304, 6976.853
5527, 1640, 1664927728, 28708.466117389304, 6976.853
5527, 1641, 1664927728, 28708.466117389304, 6976.853
5527, 1642, 1664927728, 28708.466117389304, 6976.853
5527, 1643, 1664927728, 28708.466117389304, 6976.853
5527, 1644, 1664927728, 28708.466117389304, 6976.853
5527, 1645, 1664927728, 28708.466117389304, 6976.853
5527, 1646, 1664927728, 28708.466117389304, 6976.853
5527, 1647, 1664927728, 28708.466117389304, 6976.853
5527, 1648, 1664927728, 28708.466117389304, 6976.853
5527, 1649, 1664927728, 28708.466117389304, 6976.853
5528, 1650, 1664927728, 31761.65044012947, 6976.853
5528, 1651, 1664927728, 31761.65044012947, 6976.853
5528, 1652, 1664927728, 31761.65044012947, 6976.853
5528, 1653, 1664927728, 31761.65044012947, 6976.853
5528, 1654, 1664927728, 31761.65044012947, 6976.853
5528, 1655, 1664927728, 31761.65044012947, 6976.853
5528, 1656, 1664927728, 31761.65044012947, 6976.853
5528, 1657, 1664927728, 31761.65044012947, 6976.853
5528, 1658, 1664927729, 31761.65044012947, 6976.853
5528, 1659, 1664927729, 31761.65044012947, 6976.853
5528, 1660, 1664927729, 31761.65044012947, 6976.853
5528, 1661, 1664927729, 31761.65044012947, 6976.853
5528, 1662, 1664927729, 31761.65044012947, 6976.853
5528, 1663, 1664927729, 31761.65044012947, 6976.853
5528, 1664, 1664927729, 31761.65044012947, 6976.853
5528, 1665, 1664927729, 31761.65044012947, 6976.853
5528, 1666, 1664927729, 31761.65044012947, 6976.853
5528, 1667, 1664927729, 31761.65044012947, 6976.853
5528, 1668, 1664927729, 31761.65044012947, 6976.853
5528, 1669, 1664927729, 31761.65044012947, 6976.853
5528, 1670, 1664927729, 31761.65044012947, 6976.853
5528, 1671, 1664927729, 31761.65044012947, 6976.853
5528, 1672, 1664927729, 31761.65044012947, 6976.853
5528, 1673, 1664927729, 31761.65044012947, 6976.853
5528, 1674, 1664927729, 31761.65044012947, 6976.853
5528, 1675, 1664927729, 31761.65044012947, 6976.853
5528, 1676, 1664927729, 31761.65044012947, 6976.853
5528, 1677, 1664927729, 31761.65044012947, 6976.853
5528, 1678, 1664927729, 31761.65044012947, 6976.853
5529, 1679, 1664927729, 30388.95599724345, 6976.853
5529, 1680, 1664927729, 30388.95599724345, 6976.853
5529, 1681, 1664927729, 30388.95599724345, 6976.853
5529, 1682, 1664927729, 30388.95599724345, 6976.853
5529, 1683, 1664927729, 30388.95599724345, 6976.853
5529, 1684, 1664927729, 30388.95599724345, 6976.853
5529, 1685, 1664927729, 30388.95599724345, 6976.853
5529, 1686, 1664927730, 30388.95599724345, 6976.853
5529, 1687, 1664927730, 30388.95599724345, 6976.853
5529, 1688, 1664927730, 30388.95599724345, 6976.853
5529, 1689, 1664927730, 30388.95599724345, 6976.853
5529, 1690, 1664927730, 30388.95599724345, 6976.853
5529, 1691, 1664927730, 30388.95599724345, 6976.853
5529, 1692, 1664927730, 30388.95599724345, 6976.853
5529, 1693, 1664927730, 30388.95599724345, 6976.853
5529, 1694, 1664927730, 30388.95599724345, 6976.853
5529, 1695, 1664927730, 30388.95599724345, 6976.853
5529, 1696, 1664927730, 30388.95599724345, 6976.853
5529, 1697, 1664927730, 30388.95599724345, 6976.853
5529, 1698, 1664927730, 30388.95599724345, 6976.853
5529, 1699, 1664927730, 30388.95599724345, 6976.853
5529, 1700, 1664927730, 30388.95599724345, 6976.853
5529, 1701, 1664927730, 30388.95599724345, 6976.853
5529, 1702, 1664927730, 30388.95599724345, 6976.853
5529, 1703, 1664927730, 30388.95599724345, 6976.853
5529, 1704, 1664927730, 30388.95599724345, 6976.853
5529, 1705, 1664927730, 30388.95599724345, 6976.853
5529, 1706, 1664927730, 30388.95599724345, 6976.853
5529, 1707, 1664927730, 30388.95599724345, 6976.853
5530, 1708, 1664927730, 31057.14335721802, 6976.853
5530, 1709, 1664927730, 31057.14335721802, 6976.853
5530, 1710, 1664927730, 31057.14335721802, 6976.853
5530, 1711, 1664927730, 31057.14335721802, 6976.853
5530, 1712, 1664927730, 31057.14335721802, 6976.853
5530, 1713, 1664927730, 31057.14335721802, 6976.853
5530, 1714, 1664927731, 31057.14335721802, 6976.853
5530, 1715, 1664927731, 31057.14335721802, 6976.853
5530, 1716, 1664927731, 31057.14335721802, 6976.853
5530, 1717, 1664927731, 31057.14335721802, 6976.853
5530, 1718, 1664927731, 31057.14335721802, 6976.853
5530, 1719, 1664927731, 31057.14335721802, 6976.853
5530, 1720, 1664927731, 31057.14335721802, 6976.853
5530, 1721, 1664927731, 31057.14335721802, 6976.853
5530, 1722, 1664927731, 31057.14335721802, 6976.853
5530, 1723, 1664927731, 31057.14335721802, 6976.853
5530, 1724, 1664927731, 31057.14335721802, 6976.853
5530, 1725, 1664927731, 31057.14335721802, 6976.853
5530, 1726, 1664927731, 31057.14335721802, 6976.853
5530, 1727, 1664927731, 31057.14335721802, 6976.853
5530, 1728, 1664927731, 31057.14335721802, 6976.853
5530, 1729, 1664927731, 31057.14335721802, 6976.853
5530, 1730, 1664927731, 31057.14335721802, 6976.853
5530, 1731, 1664927731, 31057.14335721802, 6976.853
5530, 1732, 1664927731, 31057.14335721802, 6976.853
5530, 1733, 1664927731, 31057.14335721802, 6976.853
5530, 1734, 1664927731, 31057.14335721802, 6976.853
5530, 1735, 1664927731, 31057.14335721802, 6976.853
5530, 1736, 1664927731, 31057.14335721802, 6976.853
5531, 1737, 1664927731, 33766.922780294764, 6976.853
5531, 1738, 1664927731, 33766.922780294764, 6976.853
5531, 1739, 1664927731, 33766.922780294764, 6976.853
5531, 1740, 1664927731, 33766.922780294764, 6976.853
5531, 1741, 1664927731, 33766.922780294764, 6976.853
5531, 1742, 1664927731, 33766.922780294764, 6976.853
5531, 1743, 1664927732, 33766.922780294764, 6976.853
5531, 1744, 1664927732, 33766.922780294764, 6976.853
5531, 1745, 1664927732, 33766.922780294764, 6976.853
5531, 1746, 1664927732, 33766.922780294764, 6976.853
5531, 1747, 1664927732, 33766.922780294764, 6976.853
5531, 1748, 1664927732, 33766.922780294764, 6976.853
5531, 1749, 1664927732, 33766.922780294764, 6976.853
5531, 1750, 1664927732, 33766.922780294764, 6976.853
5531, 1751, 1664927732, 33766.922780294764, 6976.853
5531, 1752, 1664927732, 33766.922780294764, 6976.853
5531, 1753, 1664927732, 33766.922780294764, 6976.853
5531, 1754, 1664927732, 33766.922780294764, 6976.853
5531, 1755, 1664927732, 33766.922780294764, 6976.853
5531, 1756, 1664927732, 33766.922780294764, 6976.853
5531, 1757, 1664927732, 33766.922780294764, 6976.853
5531, 1758, 1664927732, 33766.922780294764, 6976.853
5531, 1759, 1664927732, 33766.922780294764, 6976.853
5531, 1760, 1664927732, 33766.922780294764, 6976.853
5531, 1761, 1664927732, 33766.922780294764, 6976.853
5531, 1762, 1664927732, 33766.922780294764, 6976.853
5531, 1763, 1664927732, 33766.922780294764, 6976.853
5531, 1764, 1664927732, 33766.922780294764, 6976.853
5531, 1765, 1664927732, 33766.922780294764, 6976.853
5532, 1766, 1664927732, 31988.708132840846, 6976.853
5532, 1767, 1664927732, 31988.708132840846, 6976.853
5532, 1768, 1664927732, 31988.708132840846, 6976.853
5532, 1769, 1664927732, 31988.708132840846, 6976.853
5532, 1770, 1664927732, 31988.708132840846, 6976.853
5532, 1771, 1664927733, 31988.708132840846, 6976.853
5532, 1772, 1664927733, 31988.708132840846, 6976.853
5532, 1773, 1664927733, 31988.708132840846, 6976.853
5532, 1774, 1664927733, 31988.708132840846, 6976.853
5532, 1775, 1664927733, 31988.708132840846, 6976.853
5532, 1776, 1664927733, 31988.708132840846, 6976.853
5532, 1777, 1664927733, 31988.708132840846, 6976.853
5532, 1778, 1664927733, 31988.708132840846, 6976.853
5532, 1779, 1664927733, 31988.708132840846, 6976.853
5532, 1780, 1664927733, 31988.708132840846, 6976.853
5532, 1781, 1664927733, 31988.708132840846, 6976.853
5532, 1782, 1664927733, 31988.708132840846, 6976.853
5532, 1783, 1664927733, 31988.708132840846, 6976.853
5532, 1784, 1664927733, 31988.708132840846, 6976.853
5532, 1785, 1664927733, 31988.708132840846, 6976.853
5532, 1786, 1664927733, 31988.708132840846, 6976.853
5532, 1787, 1664927733, 31988.708132840846, 6976.853
5532, 1788, 1664927733, 31988.708132840846, 6976.853
5532, 1789, 1664927733, 31988.708132840846, 6976.853
5532, 1790, 1664927733, 31988.708132840846, 6976.853
5532, 1791, 1664927733, 31988.708132840846, 6976.853
5532, 1792, 1664927733, 31988.708132840846, 6976.853
5532, 1793, 1664927733, 31988.708132840846, 6976.853
5532, 1794, 1664927733, 31988.708132840846, 6976.853
5533, 1795, 1664927733, 32170.773349500687, 6976.853
5533, 1796, 1664927733, 32170.773349500687, 6976.853
5533, 1797, 1664927733, 32170.773349500687, 6976.853
5533, 1798, 1664927733, 32170.773349500687, 6976.853
5533, 1799, 1664927734, 32170.773349500687, 6976.853
