frame_no,delay,timebase,pts,ts
0,53.27939987182617,1/90000,0,1664880114841.6929
1,18.08452606201172,1/90000,3000,1664880114875.3438
2,17.300128936767578,1/90000,6000,1664880114894.4802
3,17.519712448120117,1/90000,9000,1664880114915.267
4,15.476226806640625,1/90000,12000,1664880114965.1296
5,18.178939819335938,1/90000,15000,1664880115010.553
6,15.609264373779297,1/90000,18000,1664880115063.8555
7,16.025543212890625,1/90000,21000,1664880115114.4832
8,14.67585563659668,1/90000,24000,1664880115181.84
9,14.877080917358398,1/90000,27000,1664880115236.445
10,16.094207763671875,1/90000,30000,1664880115288.47
11,13.966798782348633,1/90000,33000,1664880115332.103
12,14.541387557983398,1/90000,36000,1664880115391.8833
13,14.438152313232422,1/90000,39000,1664880115446.028
14,13.791561126708984,1/90000,42000,1664880115500.8242
15,15.800714492797852,1/90000,45000,1664880115564.085
16,13.673782348632812,1/90000,48000,1664880115612.5642
17,17.787456512451172,1/90000,51000,1664880115675.192
18,13.198375701904297,1/90000,54000,1664880115719.0754
19,12.875795364379883,1/90000,57000,1664880115774.827
20,14.287948608398438,1/90000,60000,1664880115831.2283
21,13.777017593383789,1/90000,63000,1664880115883.2295
22,16.427278518676758,1/90000,66000,1664880115952.6892
23,13.294458389282227,1/90000,69000,1664880115989.192
24,13.019084930419922,1/90000,72000,1664880116041.144
25,14.593362808227539,1/90000,75000,1664880116088.8208
26,13.411283493041992,1/90000,78000,1664880116149.5793
27,17.139673233032227,1/90000,81000,1664880116203.6133
28,14.229059219360352,1/90000,84000,1664880116270.8787
29,17.019987106323242,1/90000,87000,1664880116323.6255
30,13.78631591796875,1/90000,90000,1664880116390.0522
31,15.3961181640625,1/90000,93000,1664880116424.8992
32,13.512611389160156,1/90000,96000,1664880116488.9458
33,21.450281143188477,1/90000,99000,1664880116567.3555
34,13.069391250610352,1/90000,102000,1664880116617.6455
35,13.5650634765625,1/90000,105000,1664880116679.9116
36,17.210006713867188,1/90000,108000,1664880116732.9697
37,14.020204544067383,1/90000,111000,1664880116783.0232
38,16.28708839416504,1/90000,114000,1664880116842.1987
39,13.500213623046875,1/90000,117000,1664880116898.3718
40,13.625144958496094,1/90000,120000,1664880116937.1165
41,13.576745986938477,1/90000,123000,1664880116988.9365
42,13.490915298461914,1/90000,126000,1664880117039.8662
43,14.666557312011719,1/90000,129000,1664880117096.0493
44,12.930870056152344,1/90000,132000,1664880117142.6348
45,15.790462493896484,1/90000,135000,1664880117200.6892
46,13.669252395629883,1/90000,138000,1664880117244.1414
47,12.89057731628418,1/90000,141000,1664880117308.696
48,13.230323791503906,1/90000,144000,1664880117379.2876
49,14.852523803710938,1/90000,147000,1664880117442.58
50,13.643980026245117,1/90000,150000,1664880117502.3318
51,13.94343376159668,1/90000,153000,1664880117559.2964
52,13.533830642700195,1/90000,156000,1664880117630.6182
53,18.67818832397461,1/90000,159000,1664880117697.059
54,13.04173469543457,1/90000,162000,1664880117747.798
55,14.007091522216797,1/90000,165000,1664880117799.6182
56,17.796993255615234,1/90000,168000,1664880117866.1143
57,18.755435943603516,1/90000,171000,1664880117934.8672
58,13.543844223022461,1/90000,174000,1664880117980.3962
59,14.841079711914062,1/90000,177000,1664880118040.0496
60,12.94851303100586,1/90000,180000,1664880118110.182
61,18.115520477294922,1/90000,183000,1664880118168.483
62,15.771865844726562,1/90000,186000,1664880118232.8086
63,13.763904571533203,1/90000,189000,1664880118281.1487
64,13.40627670288086,1/90000,192000,1664880118347.8132
65,16.421794891357422,1/90000,195000,1664880118392.6667
66,15.57469367980957,1/90000,198000,1664880118460.265
67,14.014482498168945,1/90000,201000,1664880118527.9897
68,12.826204299926758,1/90000,204000,1664880118580.7825
69,14.632701873779297,1/90000,207000,1664880118629.8452
70,13.778209686279297,1/90000,210000,1664880118687.6409
71,13.54217529296875,1/90000,213000,1664880118749.2654
72,13.213396072387695,1/90000,216000,1664880118814.3435
73,14.61338996887207,1/90000,219000,1664880118870.843
74,13.341426849365234,1/90000,222000,1664880118941.5657
75,15.43569564819336,1/90000,225000,1664880119000.8474
76,14.306306838989258,1/90000,228000,1664880119080.1345
77,13.450384140014648,1/90000,231000,1664880119118.829
78,13.267993927001953,1/90000,234000,1664880119177.3267
79,13.209104537963867,1/90000,237000,1664880119240.2856
80,14.381170272827148,1/90000,240000,1664880119288.7666
81,13.165950775146484,1/90000,243000,1664880119346.0146
82,15.522956848144531,1/90000,246000,1664880119520.1323
83,16.721248626708984,1/90000,249000,1664880119546.1265
84,13.061046600341797,1/90000,252000,1664880119560.3745
85,13.852596282958984,1/90000,255000,1664880119701.2087
86,16.70241355895996,1/90000,258000,1664880119726.194
87,19.495725631713867,1/90000,261000,1664880119747.4717
88,15.552282333374023,1/90000,264000,1664880119774.1743
89,13.129711151123047,1/90000,267000,1664880119910.7488
90,16.18051528930664,1/90000,270000,1664880119934.7524
91,14.318466186523438,1/90000,273000,1664880119951.1091
92,17.728328704833984,1/90000,276000,1664880120100.1567
93,15.403032302856445,1/90000,279000,1664880120117.4973
94,14.582395553588867,1/90000,282000,1664880120142.8438
95,14.336824417114258,1/90000,285000,1664880120289.2163
96,14.315366744995117,1/90000,288000,1664880120312.9026
97,16.4031982421875,1/90000,291000,1664880120339.2175
98,14.21213150024414,1/90000,294000,1664880120354.886
99,15.929222106933594,1/90000,297000,1664880120409.6323
100,13.734579086303711,1/90000,300000,1664880120468.662
101,16.902685165405273,1/90000,303000,1664880120662.5325
102,13.042688369750977,1/90000,306000,1664880120684.062
103,14.40739631652832,1/90000,309000,1664880120763.1423
104,12.894392013549805,1/90000,312000,1664880120778.0564
105,15.042304992675781,1/90000,315000,1664880120881.4033
106,15.297174453735352,1/90000,318000,1664880120907.1248
107,13.49496841430664,1/90000,321000,1664880120921.8123
108,14.106988906860352,1/90000,324000,1664880120945.5542
109,15.01154899597168,1/90000,327000,1664880121120.9258
110,14.27316665649414,1/90000,330000,1664880121136.952
111,15.489578247070312,1/90000,333000,1664880121165.3347
112,14.113903045654297,1/90000,336000,1664880121181.4958
113,13.845443725585938,1/90000,339000,1664880121196.8381
114,16.940832138061523,1/90000,342000,1664880121347.585
115,17.937421798706055,1/90000,345000,1664880121367.4006
116,14.217853546142578,1/90000,348000,1664880121384.1125
117,15.98668098449707,1/90000,351000,1664880121410.6338
118,13.957977294921875,1/90000,354000,1664880121580.262
119,19.16050910949707,1/90000,357000,1664880121607.1548
120,15.71798324584961,1/90000,360000,1664880121624.5076
121,12.998819351196289,1/90000,363000,1664880121638.609
122,17.0135498046875,1/90000,366000,1664880121663.569
123,12.779712677001953,1/90000,369000,1664880121677.5752
124,14.550447463989258,1/90000,372000,1664880121736.5107
125,15.353679656982422,1/90000,375000,1664880121764.3281
126,15.45858383178711,1/90000,378000,1664880121904.768
127,13.51165771484375,1/90000,381000,1664880121920.7998
128,13.025760650634766,1/90000,384000,1664880121934.915
129,16.322851181030273,1/90000,387000,1664880121958.4163
130,15.345573425292969,1/90000,390000,1664880122134.9148
131,18.06950569152832,1/90000,393000,1664880122161.5261
132,14.039039611816406,1/90000,396000,1664880122177.763
133,14.168024063110352,1/90000,399000,1664880122193.4253
134,13.832807540893555,1/90000,402000,1664880122209.7983
135,17.908811569213867,1/90000,405000,1664880122374.4307
136,16.591787338256836,1/90000,408000,1664880122393.8945
137,12.942075729370117,1/90000,411000,1664880122407.8867
138,13.614416122436523,1/90000,414000,1664880122423.2073
139,16.610145568847656,1/90000,417000,1664880122609.5322
140,14.237642288208008,1/90000,420000,1664880122640.3857
141,14.887332916259766,1/90000,423000,1664880122665.4397
142,13.610363006591797,1/90000,426000,1664880122681.3977
143,17.22860336303711,1/90000,429000,1664880122706.5671
144,15.932798385620117,1/90000,432000,1664880122839.8242
145,18.118858337402344,1/90000,435000,1664880122870.2766
146,15.623092651367188,1/90000,438000,1664880122889.1655
147,13.930320739746094,1/90000,441000,1664880122904.8213
148,16.1130428314209,1/90000,444000,1664880122922.9033
149,16.884803771972656,1/90000,447000,1664880122947.192
150,14.65916633605957,1/90000,450000,1664880122964.8425
151,17.449617385864258,1/90000,453000,1664880122984.8108
152,13.920783996582031,1/90000,456000,1664880123008.9922
153,15.894651412963867,1/90000,459000,1664880123032.0579
154,16.46900177001953,1/90000,462000,1664880123067.338
155,18.030881881713867,1/90000,465000,1664880123104.269
156,18.049001693725586,1/90000,468000,1664880123132.5242
157,15.136957168579102,1/90000,471000,1664880123157.0098
158,14.121055603027344,1/90000,474000,1664880123179.016
159,15.622615814208984,1/90000,477000,1664880123206.0354
160,16.905784606933594,1/90000,480000,1664880123239.5557
161,14.988183975219727,1/90000,483000,1664880123262.9517
162,16.25204086303711,1/90000,486000,1664880123287.6636
163,14.599323272705078,1/90000,489000,1664880123317.337
164,17.061471939086914,1/90000,492000,1664880123358.262
165,13.36526870727539,1/90000,495000,1664880123383.8433
166,13.204813003540039,1/90000,498000,1664880123416.1829
167,16.33167266845703,1/90000,501000,1664880123456.8037
168,15.904426574707031,1/90000,504000,1664880123479.7065
169,15.448331832885742,1/90000,507000,1664880123526.3477
170,14.73093032836914,1/90000,510000,1664880123559.2034
171,14.43624496459961,1/90000,513000,1664880123594.1138
172,14.06097412109375,1/90000,516000,1664880123625.427
173,14.007806777954102,1/90000,519000,1664880123656.2856
174,13.666868209838867,1/90000,522000,1664880123685.187
175,17.835140228271484,1/90000,525000,1664880123728.6663
176,18.09382438659668,1/90000,528000,1664880123764.5083
177,17.10367202758789,1/90000,531000,1664880123800.8606
178,14.160394668579102,1/90000,534000,1664880123835.0076
179,14.512062072753906,1/90000,537000,1664880123882.3538
180,13.120174407958984,1/90000,540000,1664880123916.5771
181,15.892744064331055,1/90000,543000,1664880123968.607
182,14.565229415893555,1/90000,546000,1664880124012.2744
183,13.862848281860352,1/90000,549000,1664880124054.011
184,14.006614685058594,1/90000,552000,1664880124109.2815
185,13.43989372253418,1/90000,555000,1664880124174.9722
186,17.568349838256836,1/90000,558000,1664880124234.1423
187,17.968177795410156,1/90000,561000,1664880124298.873
188,17.296552658081055,1/90000,564000,1664880124368.5452
189,17.993450164794922,1/90000,567000,1664880124429.6934
190,14.587640762329102,1/90000,570000,1664880124485.396
191,13.087034225463867,1/90000,573000,1664880124543.9233
192,12.920856475830078,1/90000,576000,1664880124583.4648
193,14.281988143920898,1/90000,579000,1664880124655.793
194,13.716459274291992,1/90000,582000,1664880124704.2695
195,14.987945556640625,1/90000,585000,1664880124758.5535
196,13.011932373046875,1/90000,588000,1664880124807.5432
197,18.00060272216797,1/90000,591000,1664880124858.561
198,14.470338821411133,1/90000,594000,1664880124908.2427
199,13.183832168579102,1/90000,597000,1664880124974.3958
200,13.400554656982422,1/90000,600000,1664880125034.1013
201,15.085697174072266,1/90000,603000,1664880125096.4746
202,13.025760650634766,1/90000,606000,1664880125147.983
203,13.701200485229492,1/90000,609000,1664880125204.838
204,15.529155731201172,1/90000,612000,1664880125269.1792
205,15.413045883178711,1/90000,615000,1664880125326.5247
206,13.117551803588867,1/90000,618000,1664880125384.1973
207,14.48965072631836,1/90000,621000,1664880125436.489
208,17.61484146118164,1/90000,624000,1664880125497.8394
209,16.390085220336914,1/90000,627000,1664880125559.0347
210,13.026714324951172,1/90000,630000,1664880125645.029
211,13.825416564941406,1/90000,633000,1664880125674.5122
212,16.646146774291992,1/90000,636000,1664880125739.239
213,15.951395034790039,1/90000,639000,1664880125797.5046
214,14.821767807006836,1/90000,642000,1664880125847.1953
215,13.136863708496094,1/90000,645000,1664880125912.929
216,13.734102249145508,1/90000,648000,1664880125954.3953
217,13.715982437133789,1/90000,651000,1664880126013.72
218,13.059139251708984,1/90000,654000,1664880126052.6199
219,16.283035278320312,1/90000,657000,1664880126109.4036
220,13.891458511352539,1/90000,660000,1664880126155.7205
221,18.833160400390625,1/90000,663000,1664880126231.8765
222,16.376733779907227,1/90000,666000,1664880126266.5579
223,15.578269958496094,1/90000,669000,1664880126327.1055
224,13.871908187866211,1/90000,672000,1664880126377.1042
225,16.503095626831055,1/90000,675000,1664880126438.1033
226,13.097047805786133,1/90000,678000,1664880126507.4783
227,13.707399368286133,1/90000,681000,1664880126555.5496
228,13.135671615600586,1/90000,684000,1664880126614.923
229,17.34614372253418,1/90000,687000,1664880126668.5454
230,13.506174087524414,1/90000,690000,1664880126738.1104
231,12.940645217895508,1/90000,693000,1664880126782.4006
232,16.87765121459961,1/90000,696000,1664880126839.8264
233,13.716936111450195,1/90000,699000,1664880126885.1284
234,14.74761962890625,1/90000,702000,1664880126944.615
235,14.194011688232422,1/90000,705000,1664880127003.1787
236,17.64082908630371,1/90000,708000,1664880127067.0063
237,16.022205352783203,1/90000,711000,1664880127127.1768
238,12.96687126159668,1/90000,714000,1664880127181.6167
239,13.496875762939453,1/90000,717000,1664880127243.8286
240,13.523578643798828,1/90000,720000,1664880127292.0295
241,14.14632797241211,1/90000,723000,1664880127352.5615
242,13.084888458251953,1/90000,726000,1664880127410.7832
243,12.974023818969727,1/90000,729000,1664880127474.1282
244,13.104677200317383,1/90000,732000,1664880127540.8743
245,14.792919158935547,1/90000,735000,1664880127588.4785
246,13.025045394897461,1/90000,738000,1664880127650.8635
247,15.245676040649414,1/90000,741000,1664880127705.6648
248,16.577720642089844,1/90000,744000,1664880127765.7124
249,14.078378677368164,1/90000,747000,1664880127843.874
250,14.280080795288086,1/90000,750000,1664880127897.2786
251,15.924215316772461,1/90000,753000,1664880127961.6072
252,13.33165168762207,1/90000,756000,1664880128018.5298
253,14.025449752807617,1/90000,759000,1664880128079.7947
254,15.172243118286133,1/90000,762000,1664880128135.7014
255,13.601303100585938,1/90000,765000,1664880128188.6785
256,13.200998306274414,1/90000,768000,1664880128241.0593
257,18.998146057128906,1/90000,771000,1664880128298.502
258,13.035774230957031,1/90000,774000,1664880128352.3
259,14.162778854370117,1/90000,777000,1664880128412.8662
260,13.180732727050781,1/90000,780000,1664880128472.0586
261,17.96698570251465,1/90000,783000,1664880128532.4072
262,13.618946075439453,1/90000,786000,1664880128590.2644
263,13.179302215576172,1/90000,789000,1664880128641.3076
264,13.021230697631836,1/90000,792000,1664880128705.2944
265,14.637947082519531,1/90000,795000,1664880128775.3186
266,13.466596603393555,1/90000,798000,1664880128816.0906
267,13.377666473388672,1/90000,801000,1664880128873.7249
268,14.78719711303711,1/90000,804000,1664880128916.3398
269,17.434358596801758,1/90000,807000,1664880128964.1985
270,13.57412338256836,1/90000,810000,1664880129020.551
271,13.76962661743164,1/90000,813000,1664880129074.8887
272,14.325618743896484,1/90000,816000,1664880129130.4814
273,16.025304794311523,1/90000,819000,1664880129197.1948
274,13.071775436401367,1/90000,822000,1664880129252.7874
275,14.787912368774414,1/90000,825000,1664880129313.163
276,13.931751251220703,1/90000,828000,1664880129379.8257
277,16.75271987915039,1/90000,831000,1664880129435.1626
278,14.95361328125,1/90000,834000,1664880129491.402
279,15.982866287231445,1/90000,837000,1664880129554.999
280,13.37122917175293,1/90000,840000,1664880129613.5896
281,16.10255241394043,1/90000,843000,1664880129673.722
282,17.127037048339844,1/90000,846000,1664880129732.376
283,13.00358772277832,1/90000,849000,1664880129812.7883
284,13.601541519165039,1/90000,852000,1664880129852.095
285,17.090320587158203,1/90000,855000,1664880129914.9316
286,13.219356536865234,1/90000,858000,1664880129972.8152
287,17.048358917236328,1/90000,861000,1664880130032.7083
288,13.396501541137695,1/90000,864000,1664880130080.1582
289,14.82701301574707,1/90000,867000,1664880130123.4702
290,15.926122665405273,1/90000,870000,1664880130164.3433
291,12.989997863769531,1/90000,873000,1664880130212.8032
292,13.74363899230957,1/90000,876000,1664880130258.3896
293,15.712738037109375,1/90000,879000,1664880130302.2585
294,14.13273811340332,1/90000,882000,1664880130349.265
295,13.708829879760742,1/90000,885000,1664880130401.4033
296,13.46898078918457,1/90000,888000,1664880130457.8098
297,13.536691665649414,1/90000,891000,1664880130522.205
298,14.577388763427734,1/90000,894000,1664880130562.3633
299,13.052225112915039,1/90000,897000,1664880130611.9954
300,16.66712760925293,1/90000,900000,1664880130673.0708
301,14.783859252929688,1/90000,903000,1664880130729.9656
302,14.45317268371582,1/90000,906000,1664880130769.63
303,13.764619827270508,1/90000,909000,1664880130829.5042
304,13.998270034790039,1/90000,912000,1664880130880.4983
305,14.347314834594727,1/90000,915000,1664880130940.6475
306,14.188766479492188,1/90000,918000,1664880130981.6404
307,16.105175018310547,1/90000,921000,1664880131043.853
308,13.494253158569336,1/90000,924000,1664880131100.8875
309,16.59226417541504,1/90000,927000,1664880131164.535
310,14.089822769165039,1/90000,930000,1664880131222.4346
311,13.594627380371094,1/90000,933000,1664880131269.5642
312,13.464212417602539,1/90000,936000,1664880131321.8032
313,13.132333755493164,1/90000,939000,1664880131371.4048
314,14.513015747070312,1/90000,942000,1664880131430.4233
315,13.290166854858398,1/90000,945000,1664880131479.6655
316,13.110637664794922,1/90000,948000,1664880131552.6843
317,13.842582702636719,1/90000,951000,1664880131599.5088
318,16.985416412353516,1/90000,954000,1664880131655.9312
319,13.238906860351562,1/90000,957000,1664880131711.3757
320,15.961408615112305,1/90000,960000,1664880131771.4795
321,13.377904891967773,1/90000,963000,1664880131819.5269
322,16.133785247802734,1/90000,966000,1664880131892.4902
323,13.051986694335938,1/90000,969000,1664880131950.9482
324,13.154029846191406,1/90000,972000,1664880132009.1838
325,13.59701156616211,1/90000,975000,1664880132072.5347
326,14.495611190795898,1/90000,978000,1664880132113.9673
327,13.016462326049805,1/90000,981000,1664880132182.6714
328,14.600038528442383,1/90000,984000,1664880132250.6604
329,16.794681549072266,1/90000,987000,1664880132302.2188
330,15.103816986083984,1/90000,990000,1664880132363.6553
331,13.08894157409668,1/90000,993000,1664880132418.4148
332,12.979507446289062,1/90000,996000,1664880132474.7163
333,13.84878158569336,1/90000,999000,1664880132541.5574
334,9.343624114990234,1/90000,1002000,1664880132601.5103
335,8.200883865356445,1/90000,1005000,1664880132665.2468
336,7.046222686767578,1/90000,1008000,1664880132722.9607
337,6.665706634521484,1/90000,1011000,1664880132813.188
338,6.228446960449219,1/90000,1014000,1664880132852.7803
339,5.651712417602539,1/90000,1017000,1664880132903.0454
340,5.522012710571289,1/90000,1020000,1664880132970.5754
341,6.681203842163086,1/90000,1023000,1664880133022.8452
342,14.537572860717773,1/90000,1026000,1664880133092.49
343,15.115499496459961,1/90000,1029000,1664880133131.4114
344,13.61846923828125,1/90000,1032000,1664880133179.1006
345,16.76201820373535,1/90000,1035000,1664880133255.2104
346,13.08298110961914,1/90000,1038000,1664880133312.8403
347,14.172077178955078,1/90000,1041000,1664880133358.4707
348,13.12255859375,1/90000,1044000,1664880133418.938
349,14.098167419433594,1/90000,1047000,1664880133476.2683
350,13.94963264465332,1/90000,1050000,1664880133530.5056
351,14.327526092529297,1/90000,1053000,1664880133592.0076
352,13.911724090576172,1/90000,1056000,1664880133659.689
353,14.955520629882812,1/90000,1059000,1664880133718.58
354,13.585567474365234,1/90000,1062000,1664880133773.7021
355,13.035774230957031,1/90000,1065000,1664880133816.537
356,13.646602630615234,1/90000,1068000,1664880133876.0508
357,13.828754425048828,1/90000,1071000,1664880133943.5303
358,13.117790222167969,1/90000,1074000,1664880134007.01
359,12.91346549987793,1/90000,1077000,1664880134047.3293
360,12.955427169799805,1/90000,1080000,1664880134114.1572
361,16.576766967773438,1/90000,1083000,1664880134168.9204
362,17.81153678894043,1/90000,1086000,1664880134232.1887
363,13.583183288574219,1/90000,1089000,1664880134287.147
364,14.029502868652344,1/90000,1092000,1664880134358.4841
365,13.809919357299805,1/90000,1095000,1664880134417.0623
366,13.315677642822266,1/90000,1098000,1664880134477.9062
367,14.025688171386719,1/90000,1101000,1664880134542.3486
368,5.810260772705078,1/90000,1104000,1664880134597.7185
369,7.085561752319336,1/90000,1107000,1664880134661.279
370,6.296873092651367,1/90000,1110000,1664880134721.6562
371,6.037235260009766,1/90000,1113000,1664880134781.251
372,6.374597549438477,1/90000,1116000,1664880134850.941
373,5.761384963989258,1/90000,1119000,1664880134902.2322
374,6.608009338378906,1/90000,1122000,1664880134962.2144
375,6.403446197509766,1/90000,1125000,1664880135020.8274
376,13.703346252441406,1/90000,1128000,1664880135098.5374
377,13.621807098388672,1/90000,1131000,1664880135149.686
378,12.979745864868164,1/90000,1134000,1664880135211.4456
379,13.87476921081543,1/90000,1137000,1664880135268.2354
380,14.08076286315918,1/90000,1140000,1664880135329.3098
381,14.241218566894531,1/90000,1143000,1664880135388.3528
382,13.02027702331543,1/90000,1146000,1664880135446.2783
383,13.900995254516602,1/90000,1149000,1664880135506.444
384,14.144182205200195,1/90000,1152000,1664880135566.954
385,14.944076538085938,1/90000,1155000,1664880135641.117
386,14.40882682800293,1/90000,1158000,1664880135698.9866
387,14.002799987792969,1/90000,1161000,1664880135756.035
388,13.611316680908203,1/90000,1164000,1664880135816.2039
389,14.55545425415039,1/90000,1167000,1664880135868.1475
390,13.596296310424805,1/90000,1170000,1664880135929.9368
391,12.833595275878906,1/90000,1173000,1664880135984.8557
392,13.836145401000977,1/90000,1176000,1664880136048.3857
393,13.45372200012207,1/90000,1179000,1664880136108.3926
394,16.493558883666992,1/90000,1182000,1664880136158.6821
395,13.24915885925293,1/90000,1185000,1664880136210.0083
396,13.710975646972656,1/90000,1188000,1664880136267.5642
397,15.189647674560547,1/90000,1191000,1664880136329.8655
398,14.186382293701172,1/90000,1194000,1664880136387.3787
399,13.22627067565918,1/90000,1197000,1664880136448.7048
400,13.854742050170898,1/90000,1200000,1664880136510.0671
401,14.725685119628906,1/90000,1203000,1664880136568.335
402,13.81063461303711,1/90000,1206000,1664880136618.3938
403,13.475894927978516,1/90000,1209000,1664880136688.77
404,15.17343521118164,1/90000,1212000,1664880136767.9587
405,13.668060302734375,1/90000,1215000,1664880136807.657
406,14.215946197509766,1/90000,1218000,1664880136869.3806
407,13.116598129272461,1/90000,1221000,1664880136907.8042
408,13.546466827392578,1/90000,1224000,1664880136979.775
409,14.059066772460938,1/90000,1227000,1664880137029.1782
410,15.964746475219727,1/90000,1230000,1664880137101.217
411,13.038158416748047,1/90000,1233000,1664880137139.421
412,13.407707214355469,1/90000,1236000,1664880137185.4224
413,12.96234130859375,1/90000,1239000,1664880137249.268
414,16.140460968017578,1/90000,1242000,1664880137278.7478
415,15.570640563964844,1/90000,1245000,1664880137345.0957
416,14.942646026611328,1/90000,1248000,1664880137399.3787
417,13.331890106201172,1/90000,1251000,1664880137438.3975
418,14.393091201782227,1/90000,1254000,1664880137488.3396
419,13.786792755126953,1/90000,1257000,1664880137539.5732
420,14.815330505371094,1/90000,1260000,1664880137599.8374
421,13.765811920166016,1/90000,1263000,1664880137657.1614
422,15.275716781616211,1/90000,1266000,1664880137711.0793
423,12.929439544677734,1/90000,1269000,1664880137776.2703
424,13.616323471069336,1/90000,1272000,1664880137827.2332
425,13.982057571411133,1/90000,1275000,1664880137877.2944
426,14.576911926269531,1/90000,1278000,1664880137928.5444
427,13.831377029418945,1/90000,1281000,1664880137980.6494
428,13.016700744628906,1/90000,1284000,1664880138038.03
429,19.654035568237305,1/90000,1287000,1664880138094.008
430,12.978792190551758,1/90000,1290000,1664880138145.0146
431,15.460014343261719,1/90000,1293000,1664880138209.9758
432,13.671159744262695,1/90000,1296000,1664880138266.4956
433,15.783071517944336,1/90000,1299000,1664880138329.587
434,12.942790985107422,1/90000,1302000,1664880138406.345
435,14.27769660949707,1/90000,1305000,1664880138448.0361
436,13.184070587158203,1/90000,1308000,1664880138508.003
437,17.69423484802246,1/90000,1311000,1664880138570.06
438,13.049125671386719,1/90000,1314000,1664880138638.5884
439,18.244266510009766,1/90000,1317000,1664880138700.404
440,13.725042343139648,1/90000,1320000,1664880138736.694
441,14.062881469726562,1/90000,1323000,1664880138816.584
442,13.631343841552734,1/90000,1326000,1664880138857.3096
443,16.626596450805664,1/90000,1329000,1664880138929.4517
444,13.171911239624023,1/90000,1332000,1664880138979.92
445,13.458728790283203,1/90000,1335000,1664880139047.9802
446,16.199827194213867,1/90000,1338000,1664880139090.697
447,12.943744659423828,1/90000,1341000,1664880139145.1782
448,17.655611038208008,1/90000,1344000,1664880139212.109
449,14.510631561279297,1/90000,1347000,1664880139267.9524
450,14.857053756713867,1/90000,1350000,1664880139327.247
451,12.963294982910156,1/90000,1353000,1664880139374.5269
452,18.33629608154297,1/90000,1356000,1664880139431.5237
453,13.605117797851562,1/90000,1359000,1664880139486.1301
454,13.683080673217773,1/90000,1362000,1664880139540.6965
455,14.288902282714844,1/90000,1365000,1664880139586.967
456,15.2130126953125,1/90000,1368000,1664880139637.3953
457,18.69511604309082,1/90000,1371000,1664880139702.104
458,13.1072998046875,1/90000,1374000,1664880139745.6624
459,12.859582901000977,1/90000,1377000,1664880139804.957
460,18.22185516357422,1/90000,1380000,1664880139866.8276
461,5.994558334350586,1/90000,1383000,1664880139906.9458
462,11.848211288452148,1/90000,1386000,1664880139969.644
463,9.756326675415039,1/90000,1389000,1664880140041.4536
464,10.419845581054688,1/90000,1392000,1664880140091.722
465,12.719392776489258,1/90000,1395000,1664880140154.7932
466,9.644746780395508,1/90000,1398000,1664880140213.5178
467,9.605169296264648,1/90000,1401000,1664880140272.258
468,10.625123977661133,1/90000,1404000,1664880140332.8398
469,14.231681823730469,1/90000,1407000,1664880140386.2654
470,7.935047149658203,1/90000,1410000,1664880140447.5608
471,9.858131408691406,1/90000,1413000,1664880140505.54
472,9.699821472167969,1/90000,1416000,1664880140574.85
473,11.368513107299805,1/90000,1419000,1664880140630.4744
474,10.902643203735352,1/90000,1422000,1664880140698.9077
475,10.320901870727539,1/90000,1425000,1664880140752.5474
476,10.92839241027832,1/90000,1428000,1664880140828.8113
477,11.024951934814453,1/90000,1431000,1664880140886.6409
478,14.305591583251953,1/90000,1434000,1664880140954.8154
479,13.480424880981445,1/90000,1437000,1664880141004.3213
480,14.219522476196289,1/90000,1440000,1664880141065.0059
481,14.011383056640625,1/90000,1443000,1664880141116.369
482,13.089656829833984,1/90000,1446000,1664880141175.3481
483,14.067411422729492,1/90000,1449000,1664880141225.1438
484,13.09657096862793,1/90000,1452000,1664880141283.802
485,16.83950424194336,1/90000,1455000,1664880141331.8103
486,15.096426010131836,1/90000,1458000,1664880141385.6802
487,13.9312744140625,1/90000,1461000,1664880141434.2705
488,14.455080032348633,1/90000,1464000,1664880141494.552
489,13.831615447998047,1/90000,1467000,1664880141544.3308
490,14.39356803894043,1/90000,1470000,1664880141616.491
491,16.50691032409668,1/90000,1473000,1664880141664.2976
492,12.977123260498047,1/90000,1476000,1664880141703.5212
493,20.403146743774414,1/90000,1479000,1664880141774.9038
494,16.25800132751465,1/90000,1482000,1664880141825.1968
495,17.975807189941406,1/90000,1485000,1664880141892.4287
496,13.02194595336914,1/90000,1488000,1664880141939.3838
497,16.932010650634766,1/90000,1491000,1664880141997.5784
498,13.927459716796875,1/90000,1494000,1664880142055.3848
499,15.069007873535156,1/90000,1497000,1664880142099.119
500,13.799905776977539,1/90000,1500000,1664880142157.832
501,14.19520378112793,1/90000,1503000,1664880142216.4556
502,17.544031143188477,1/90000,1506000,1664880142268.5354
503,13.777017593383789,1/90000,1509000,1664880142324.1233
504,16.163110733032227,1/90000,1512000,1664880142386.107
505,15.291213989257812,1/90000,1515000,1664880142435.744
506,15.308141708374023,1/90000,1518000,1664880142505.062
507,13.892173767089844,1/90000,1521000,1664880142566.5264
508,13.781309127807617,1/90000,1524000,1664880142623.4424
509,13.590574264526367,1/90000,1527000,1664880142674.0688
510,14.056205749511719,1/90000,1530000,1664880142735.8289
511,12.977123260498047,1/90000,1533000,1664880142783.8755
512,13.074636459350586,1/90000,1536000,1664880142843.1504
513,14.373779296875,1/90000,1539000,1664880142915.136
514,12.924909591674805,1/90000,1542000,1664880142976.0881
515,15.724420547485352,1/90000,1545000,1664880143035.6223
516,16.793489456176758,1/90000,1548000,1664880143096.4382
517,13.323068618774414,1/90000,1551000,1664880143150.61
518,13.544321060180664,1/90000,1554000,1664880143202.9224
519,17.618417739868164,1/90000,1557000,1664880143258.9666
520,13.689279556274414,1/90000,1560000,1664880143306.5676
521,17.553329467773438,1/90000,1563000,1664880143393.3867
522,13.371944427490234,1/90000,1566000,1664880143444.2556
523,17.75503158569336,1/90000,1569000,1664880143499.227
524,14.321088790893555,1/90000,1572000,1664880143557.0686
525,13.547897338867188,1/90000,1575000,1664880143615.863
526,13.115406036376953,1/90000,1578000,1664880143684.6204
527,15.269994735717773,1/90000,1581000,1664880143735.7925
528,17.220020294189453,1/90000,1584000,1664880143797.7478
529,13.91291618347168,1/90000,1587000,1664880143838.2625
530,15.331268310546875,1/90000,1590000,1664880143906.8857
531,13.89765739440918,1/90000,1593000,1664880143956.0242
532,17.05002784729004,1/90000,1596000,1664880144007.7666
533,14.130830764770508,1/90000,1599000,1664880144056.2205
534,17.17352867126465,1/90000,1602000,1664880144126.0244
535,13.244152069091797,1/90000,1605000,1664880144173.78
536,13.060331344604492,1/90000,1608000,1664880144241.7886
537,13.774633407592773,1/90000,1611000,1664880144285.8655
538,14.77670669555664,1/90000,1614000,1664880144370.1484
539,18.565893173217773,1/90000,1617000,1664880144399.4465
540,12.980222702026367,1/90000,1620000,1664880144444.4082
541,16.86573028564453,1/90000,1623000,1664880144509.9011
542,13.167619705200195,1/90000,1626000,1664880144573.5305
543,13.947725296020508,1/90000,1629000,1664880144613.2048
544,13.511180877685547,1/90000,1632000,1664880144672.6711
545,14.684677124023438,1/90000,1635000,1664880144724.025
546,13.79847526550293,1/90000,1638000,1664880144796.5745
547,13.849258422851562,1/90000,1641000,1664880144855.2793
548,13.828039169311523,1/90000,1644000,1664880144902.8574
549,15.055179595947266,1/90000,1647000,1664880144964.5898
550,13.939142227172852,1/90000,1650000,1664880145016.5115
551,13.418197631835938,1/90000,1653000,1664880145084.2686
552,13.23390007019043,1/90000,1656000,1664880145142.6182
553,15.655755996704102,1/90000,1659000,1664880145197.3896
554,13.932943344116211,1/90000,1662000,1664880145256.34
555,13.184309005737305,1/90000,1665000,1664880145312.2268
556,16.129732131958008,1/90000,1668000,1664880145368.469
557,14.764547348022461,1/90000,1671000,1664880145414.943
558,13.246297836303711,1/90000,1674000,1664880145471.4402
559,13.730525970458984,1/90000,1677000,1664880145529.7017
560,13.501882553100586,1/90000,1680000,1664880145587.6975
561,16.347408294677734,1/90000,1683000,1664880145643.6638
562,13.520002365112305,1/90000,1686000,1664880145699.4758
563,12.97450065612793,1/90000,1689000,1664880145772.9116
564,13.166666030883789,1/90000,1692000,1664880145838.895
565,15.610218048095703,1/90000,1695000,1664880145892.7085
566,13.041019439697266,1/90000,1698000,1664880145947.596
567,14.195680618286133,1/90000,1701000,1664880146011.6414
568,13.507366180419922,1/90000,1704000,1664880146068.2634
569,18.479347229003906,1/90000,1707000,1664880146131.4863
570,13.103246688842773,1/90000,1710000,1664880146178.2324
571,17.226219177246094,1/90000,1713000,1664880146230.6926
572,16.454458236694336,1/90000,1716000,1664880146290.9165
573,14.35232162475586,1/90000,1719000,1664880146345.2415
574,14.754056930541992,1/90000,1722000,1664880146405.8418
575,16.237735748291016,1/90000,1725000,1664880146462.3264
576,13.538837432861328,1/90000,1728000,1664880146525.8457
577,16.051054000854492,1/90000,1731000,1664880146594.4407
578,14.868974685668945,1/90000,1734000,1664880146643.6187
579,14.79792594909668,1/90000,1737000,1664880146700.7324
580,15.021800994873047,1/90000,1740000,1664880146755.9692
581,14.981269836425781,1/90000,1743000,1664880146811.118
582,13.860464096069336,1/90000,1746000,1664880146868.4055
583,13.122081756591797,1/90000,1749000,1664880146918.544
584,13.34691047668457,1/90000,1752000,1664880146977.1782
585,14.556169509887695,1/90000,1755000,1664880147043.9097
586,13.657331466674805,1/90000,1758000,1664880147094.228
587,16.011714935302734,1/90000,1761000,1664880147157.5237
588,12.903213500976562,1/90000,1764000,1664880147210.6367
589,16.828060150146484,1/90000,1767000,1664880147287.5195
590,13.697147369384766,1/90000,1770000,1664880147331.938
591,13.234615325927734,1/90000,1773000,1664880147382.1448
592,13.806581497192383,1/90000,1776000,1664880147434.914
593,17.333030700683594,1/90000,1779000,1664880147495.1255
594,16.912460327148438,1/90000,1782000,1664880147546.8625
595,13.393402099609375,1/90000,1785000,1664880147603.5889
596,13.024091720581055,1/90000,1788000,1664880147651.8809
597,13.84425163269043,1/90000,1791000,1664880147711.8208
598,14.17231559753418,1/90000,1794000,1664880147761.8516
599,13.436555862426758,1/90000,1797000,1664880147822.8293
600,13.053655624389648,1/90000,1800000,1664880147874.047
601,15.552520751953125,1/90000,1803000,1664880147934.7798
602,13.83662223815918,1/90000,1806000,1664880147992.9253
603,13.786077499389648,1/90000,1809000,1664880148043.8252
604,13.688802719116211,1/90000,1812000,1664880148094.9421
605,13.770103454589844,1/90000,1815000,1664880148135.147
606,13.411521911621094,1/90000,1818000,1664880148184.166
607,13.5650634765625,1/90000,1821000,1664880148239.3726
608,15.647172927856445,1/90000,1824000,1664880148302.7234
609,15.509843826293945,1/90000,1827000,1664880148346.8057
610,15.424013137817383,1/90000,1830000,1664880148408.1726
611,15.03753662109375,1/90000,1833000,1664880148447.871
612,14.255285263061523,1/90000,1836000,1664880148506.882
613,15.28787612915039,1/90000,1839000,1664880148855.9685
614,15.139102935791016,1/90000,1842000,1664880148873.2502
615,13.635635375976562,1/90000,1845000,1664880148889.9463
616,17.04859733581543,1/90000,1848000,1664880148908.813
617,16.251802444458008,1/90000,1851000,1664880148926.7456
618,14.046907424926758,1/90000,1854000,1664880148943.7915
619,14.512777328491211,1/90000,1857000,1664880148959.9077
620,14.108896255493164,1/90000,1860000,1664880149192.1865
621,14.835834503173828,1/90000,1863000,1664880149213.6597
622,14.084577560424805,1/90000,1866000,1664880149229.2222
623,13.812780380249023,1/90000,1869000,1664880149244.5642
624,14.582157135009766,1/90000,1872000,1664880149265.2107
625,14.958858489990234,1/90000,1875000,1664880149281.681
626,17.10653305053711,1/90000,1878000,1664880149306.5098
627,13.974666595458984,1/90000,1881000,1664880149322.5913
628,13.031005859375,1/90000,1884000,1664880149338.283
629,15.401124954223633,1/90000,1887000,1664880149359.7146
630,13.983964920043945,1/90000,1890000,1664880149374.9006
631,15.635967254638672,1/90000,1893000,1664880149402.9358
632,18.91946792602539,1/90000,1896000,1664880149457.8079
633,15.080928802490234,1/90000,1899000,1664880149678.0813
634,15.879392623901367,1/90000,1902000,1664880149706.1133
635,13.155698776245117,1/90000,1905000,1664880149720.881
636,13.309001922607422,1/90000,1908000,1664880149736.681
637,13.463020324707031,1/90000,1911000,1664880149752.0952
638,13.498306274414062,1/90000,1914000,1664880149773.6765
639,17.734766006469727,1/90000,1917000,1664880149826.408
640,14.16158676147461,1/90000,1920000,1664880149863.2249
641,14.432907104492188,1/90000,1923000,1664880150177.3079
642,13.824939727783203,1/90000,1926000,1664880150193.1082
643,15.366554260253906,1/90000,1929000,1664880150210.0012
644,18.587350845336914,1/90000,1932000,1664880150237.9866
645,14.331579208374023,1/90000,1935000,1664880150254.716
646,15.512228012084961,1/90000,1938000,1664880150271.2864
647,13.43846321105957,1/90000,1941000,1664880150287.9753
648,17.020225524902344,1/90000,1944000,1664880150312.2864
649,13.48423957824707,1/90000,1947000,1664880150441.7197
650,17.27151870727539,1/90000,1950000,1664880150465.922
651,13.124227523803711,1/90000,1953000,1664880150483.363
652,13.123035430908203,1/90000,1956000,1664880150497.536
653,15.390396118164062,1/90000,1959000,1664880150514.12
654,17.240285873413086,1/90000,1962000,1664880150666.749
655,15.297412872314453,1/90000,1965000,1664880150690.2441
656,15.160322189331055,1/90000,1968000,1664880150707.103
657,13.132810592651367,1/90000,1971000,1664880150722.8918
658,14.233112335205078,1/90000,1974000,1664880150778.7456
659,14.96577262878418,1/90000,1977000,1664880150802.7615
660,14.786243438720703,1/90000,1980000,1664880150832.8113
661,13.637065887451172,1/90000,1983000,1664880150855.5786
662,15.586376190185547,1/90000,1986000,1664880150888.6528
663,14.255523681640625,1/90000,1989000,1664880150942.3247
664,18.805265426635742,1/90000,1992000,1664880151137.8203
665,16.423940658569336,1/90000,1995000,1664880151163.3918
666,13.158798217773438,1/90000,1998000,1664880151184.119
667,13.48423957824707,1/90000,2001000,1664880151236.2534
668,16.074180603027344,1/90000,2004000,1664880151254.5007
669,15.06185531616211,1/90000,2007000,1664880151280.7996
670,13.05532455444336,1/90000,2010000,1664880151296.0083
671,13.063907623291016,1/90000,2013000,1664880151645.6177
672,13.929605484008789,1/90000,2016000,1664880151666.1248
673,18.575668334960938,1/90000,2019000,1664880151692.7205
674,16.243934631347656,1/90000,2022000,1664880151710.8494
675,14.53399658203125,1/90000,2025000,1664880151726.8647
676,15.016555786132812,1/90000,2028000,1664880151745.1187
677,18.17011833190918,1/90000,2031000,1664880151773.3352
678,12.978553771972656,1/90000,2034000,1664880151788.9458
679,13.121604919433594,1/90000,2037000,1664880151803.1243
680,16.457080841064453,1/90000,2040000,1664880151828.7507
681,14.049291610717773,1/90000,2043000,1664880151844.8838
682,14.71257209777832,1/90000,2046000,1664880152137.682
683,13.801336288452148,1/90000,2049000,1664880152153.755
684,17.511606216430664,1/90000,2052000,1664880152179.1758
685,13.643264770507812,1/90000,2055000,1664880152195.5127
686,14.360904693603516,1/90000,2058000,1664880152210.936
687,14.829874038696289,1/90000,2061000,1664880152227.2324
688,13.833999633789062,1/90000,2064000,1664880152243.349
689,14.340877532958984,1/90000,2067000,1664880152259.638
690,14.837980270385742,1/90000,2070000,1664880152286.47
691,12.967586517333984,1/90000,2073000,1664880152300.5303
692,12.828826904296875,1/90000,2076000,1664880152315.6917
693,15.548467636108398,1/90000,2079000,1664880152338.238
694,16.793251037597656,1/90000,2082000,1664880152595.3462
695,13.849496841430664,1/90000,2085000,1664880152615.6655
696,13.742685317993164,1/90000,2088000,1664880152632.7258
697,13.668537139892578,1/90000,2091000,1664880152647.5056
698,13.017654418945312,1/90000,2094000,1664880152661.6577
699,12.879371643066406,1/90000,2097000,1664880152676.7642
700,16.027212142944336,1/90000,2100000,1664880152698.3203
701,15.618562698364258,1/90000,2103000,1664880152717.964
702,14.812946319580078,1/90000,2106000,1664880152733.867
703,13.661861419677734,1/90000,2109000,1664880152757.3906
704,14.707326889038086,1/90000,2112000,1664880153085.1462
705,15.464305877685547,1/90000,2115000,1664880153109.6975
706,14.708757400512695,1/90000,2118000,1664880153126.5776
707,12.977838516235352,1/90000,2121000,1664880153140.6172
708,13.030767440795898,1/90000,2124000,1664880153155.973
709,12.92872428894043,1/90000,2127000,1664880153169.9521
710,18.149852752685547,1/90000,2130000,1664880153194.5298
711,14.188051223754883,1/90000,2133000,1664880153210.5518
712,13.48567008972168,1/90000,2136000,1664880153225.1042
713,16.4339542388916,1/90000,2139000,1664880153250.1606
714,15.882253646850586,1/90000,2142000,1664880154207.1814
715,13.695001602172852,1/90000,2145000,1664880154223.4102
716,13.636350631713867,1/90000,2148000,1664880154238.142
717,14.622211456298828,1/90000,2151000,1664880154260.509
718,13.789176940917969,1/90000,2154000,1664880154275.6628
719,19.956111907958984,1/90000,2157000,1664880154307.4697
720,14.792680740356445,1/90000,2160000,1664880154325.478
721,13.164520263671875,1/90000,2163000,1664880154339.7253
722,16.34979248046875,1/90000,2166000,1664880154358.008
723,16.210317611694336,1/90000,2169000,1664880154375.784
724,16.405820846557617,1/90000,2172000,1664880154399.6174
725,15.04206657409668,1/90000,2175000,1664880154418.919
726,17.675161361694336,1/90000,2178000,1664880154438.0
727,16.94655418395996,1/90000,2181000,1664880154456.613
728,16.843318939208984,1/90000,2184000,1664880154475.7588
729,17.17209815979004,1/90000,2187000,1664880154502.2642
730,13.798952102661133,1/90000,2190000,1664880154518.3564
731,13.610363006591797,1/90000,2193000,1664880154533.2463
732,14.082193374633789,1/90000,2196000,1664880155185.735
733,15.456914901733398,1/90000,2199000,1664880155203.063
734,13.693809509277344,1/90000,2202000,1664880155217.8774
735,15.109777450561523,1/90000,2205000,1664880155235.4597
736,15.059471130371094,1/90000,2208000,1664880155251.599
737,16.80469512939453,1/90000,2211000,1664880155271.2673
738,16.446590423583984,1/90000,2214000,1664880155289.3828
739,14.830350875854492,1/90000,2217000,1664880155305.3103
740,20.34282684326172,1/90000,2220000,1664880155328.8582
741,13.039112091064453,1/90000,2223000,1664880155342.966
742,13.027429580688477,1/90000,2226000,1664880155357.0515
743,17.154932022094727,1/90000,2229000,1664880155376.2524
744,14.403581619262695,1/90000,2232000,1664880155391.8438
745,14.92929458618164,1/90000,2235000,1664880155411.1516
746,20.622968673706055,1/90000,2238000,1664880155445.9583
747,19.281387329101562,1/90000,2241000,1664880155467.6697
748,14.238119125366211,1/90000,2244000,1664880155483.0002
749,14.530420303344727,1/90000,2247000,1664880155500.0984
750,13.673782348632812,1/90000,2250000,1664880155514.869
751,12.926101684570312,1/90000,2253000,1664880155528.8516
752,16.849040985107422,1/90000,2256000,1664880155554.2014
753,17.154693603515625,1/90000,2259000,1664880155687.5325
754,13.218879699707031,1/90000,2262000,1664880155712.4368
755,16.370058059692383,1/90000,2265000,1664880155766.4397
756,13.212919235229492,1/90000,2268000,1664880155781.6675
757,12.990474700927734,1/90000,2271000,1664880155795.7014
758,19.766807556152344,1/90000,2274000,1664880155830.187
759,14.906644821166992,1/90000,2277000,1664880155847.423
760,13.389825820922852,1/90000,2280000,1664880155862.3098
761,13.699531555175781,1/90000,2283000,1664880155877.3745
762,13.716936111450195,1/90000,2286000,1664880156171.8975
763,16.187191009521484,1/90000,2289000,1664880156196.8428
764,13.907670974731445,1/90000,2292000,1664880156213.072
765,16.757965087890625,1/90000,2295000,1664880156265.272
766,18.454313278198242,1/90000,2298000,1664880156292.6313
767,12.932538986206055,1/90000,2301000,1664880156308.9133
768,18.046140670776367,1/90000,2304000,1664880156336.7961
769,14.942407608032227,1/90000,2307000,1664880156355.322
770,13.054609298706055,1/90000,2310000,1664880156369.4282
