seconds,frame_no,bw
1664925302,1,1
1664925302,2,1
1664925302,3,1
1664925302,4,1
1664925302,5,1
1664925302,6,1
1664925303,7,1
1664925303,8,1
1664925303,9,1
1664925303,10,1
1664925303,11,1
1664925303,12,1
1664925303,13,1
1664925303,14,2282.5078
1664925303,15,2282.5078
1664925303,16,2282.5078
1664925303,17,2282.5078
1664925303,18,2282.5078
1664925303,19,2282.5078
1664925303,20,2282.5078
1664925303,21,2282.5078
1664925303,22,2282.5078
1664925303,23,2282.5078
1664925303,24,2282.5078
1664925303,25,2282.5078
1664925303,26,2282.5078
1664925304,27,2282.5078
1664925304,28,2282.5078
1664925304,29,2282.5078
1664925304,30,2282.5078
1664925304,31,2282.5078
1664925304,32,2282.5078
1664925304,33,2579.7969
1664925304,34,2579.7969
1664925304,35,2579.7969
1664925304,36,2579.7969
1664925304,37,2579.7969
1664925304,38,2579.7969
1664925304,39,2579.7969
1664925304,40,2579.7969
1664925304,41,2579.7969
1664925304,42,2579.7969
1664925304,43,2579.7969
1664925305,44,2579.7969
1664925305,45,2579.7969
1664925305,46,2579.7969
1664925305,47,2579.7969
1664925305,48,2579.7969
1664925305,49,2579.7969
1664925305,50,2579.7969
1664925305,51,3021.7969
1664925305,52,3021.7969
1664925305,53,3021.7969
1664925305,54,3021.7969
1664925305,55,3021.7969
1664925305,56,3021.7969
1664925305,57,3021.7969
1664925305,58,3021.7969
1664925305,59,3021.7969
1664925305,60,3021.7969
1664925306,61,3021.7969
1664925306,62,3021.7969
1664925306,63,3021.7969
1664925306,64,3021.7969
1664925306,65,3021.7969
1664925306,66,3021.7969
1664925306,67,2858.2031
1664925306,68,2858.2031
1664925306,69,2858.2031
1664925306,70,2858.2031
1664925306,71,2858.2031
1664925306,72,2858.2031
1664925306,73,2858.2031
1664925306,74,2858.2031
1664925306,75,2858.2031
1664925306,76,2858.2031
1664925307,77,2858.2031
1664925307,78,2858.2031
1664925307,79,2858.2031
1664925307,80,2858.2031
1664925307,81,2858.2031
1664925307,82,2858.2031
1664925307,83,2858.2031
1664925307,84,2858.2031
1664925307,85,2858.2031
1664925307,86,2732.2109
1664925307,87,2732.2109
1664925307,88,2732.2109
1664925307,89,2732.2109
1664925307,90,2732.2109
1664925307,91,2732.2109
1664925307,92,2732.2109
1664925307,93,2732.2109
1664925308,94,2732.2109
1664925308,95,2732.2109
1664925308,96,2732.2109
1664925308,97,2732.2109
1664925308,98,2732.2109
1664925308,99,2732.2109
1664925308,100,2732.2109
1664925308,101,2732.2109
1664925308,102,2732.2109
1664925308,103,2732.2109
1664925308,104,2732.2109
1664925308,105,2283.6328
1664925308,106,2283.6328
1664925308,107,2283.6328
1664925308,108,2283.6328
1664925308,109,2283.6328
1664925308,110,2283.6328
1664925308,111,2283.6328
1664925309,112,2283.6328
1664925309,113,2283.6328
1664925309,114,2283.6328
1664925309,115,2283.6328
1664925309,116,2283.6328
1664925309,117,2283.6328
1664925309,118,2283.6328
1664925309,119,2283.6328
1664925309,120,2283.6328
1664925309,121,2261.2188
1664925309,122,2261.2188
1664925309,123,2261.2188
1664925309,124,2261.2188
1664925309,125,2261.2188
1664925309,126,2261.2188
1664925309,127,2261.2188
1664925309,128,2261.2188
1664925309,129,2261.2188
1664925309,130,2261.2188
1664925310,131,2261.2188
1664925310,132,2261.2188
1664925310,133,2261.2188
1664925310,134,2261.2188
1664925310,135,2261.2188
1664925310,136,2261.2188
1664925310,137,2261.2188
1664925310,138,2261.2188
1664925310,139,2261.2188
1664925310,140,2261.2188
1664925310,141,2261.2188
1664925310,142,2261.2188
1664925310,143,2261.2188
1664925310,144,2261.2188
1664925310,145,2128.7031
1664925310,146,2128.7031
1664925310,147,2128.7031
1664925310,148,2128.7031
1664925310,149,2128.7031
1664925310,150,2128.7031
1664925310,151,2128.7031
1664925310,152,2128.7031
1664925310,153,2128.7031
1664925311,154,2128.7031
1664925311,155,2128.7031
1664925311,156,2128.7031
1664925311,157,2128.7031
1664925311,158,2128.7031
1664925311,159,2128.7031
1664925311,160,2128.7031
1664925311,161,2128.7031
1664925311,162,2128.7031
1664925311,163,2128.7031
1664925311,164,2128.7031
1664925311,165,1752.5391
1664925311,166,1752.5391
1664925311,167,1752.5391
1664925311,168,1752.5391
1664925311,169,1752.5391
1664925311,170,1752.5391
1664925311,171,1752.5391
1664925311,172,1752.5391
1664925311,173,1752.5391
1664925312,174,1752.5391
1664925312,175,1752.5391
1664925312,176,1752.5391
1664925312,177,1752.5391
1664925312,178,1752.5391
1664925312,179,1752.5391
1664925312,180,1752.5391
1664925312,181,1752.5391
1664925312,182,1752.5391
1664925312,183,1752.5391
1664925312,184,1752.5391
1664925312,185,1752.5391
1664925312,186,2274.1094
1664925312,187,2274.1094
1664925312,188,2274.1094
1664925312,189,2274.1094
1664925312,190,2274.1094
1664925312,191,2274.1094
1664925312,192,2274.1094
1664925313,193,2274.1094
1664925313,194,2274.1094
1664925313,195,2274.1094
1664925313,196,2274.1094
1664925313,197,2274.1094
1664925313,198,2274.1094
1664925313,199,2274.1094
1664925313,200,2274.1094
1664925313,201,2274.1094
1664925313,202,2274.1094
1664925313,203,2520.2188
1664925313,204,2520.2188
1664925313,205,2520.2188
1664925313,206,2520.2188
1664925313,207,2520.2188
1664925313,208,2520.2188
1664925314,209,2520.2188
1664925314,210,2520.2188
1664925314,211,2520.2188
1664925314,212,2520.2188
1664925314,213,2520.2188
1664925314,214,2520.2188
1664925314,215,2520.2188
1664925314,216,2520.2188
1664925314,217,2520.2188
1664925314,218,2520.2188
1664925314,219,2520.2188
1664925314,220,2725.8438
1664925314,221,2725.8438
1664925314,222,2725.8438
1664925314,223,2725.8438
1664925314,224,2725.8438
1664925314,225,2725.8438
1664925314,226,2725.8438
1664925315,227,2725.8438
1664925315,228,2725.8438
1664925315,229,2725.8438
1664925315,230,2725.8438
1664925315,231,2725.8438
1664925315,232,2725.8438
1664925315,233,2725.8438
1664925315,234,2725.8438
1664925315,235,2725.8438
1664925315,236,2725.8438
1664925315,237,2725.8438
1664925315,238,2921.7812
1664925315,239,2921.7812
1664925315,240,2921.7812
1664925315,241,2921.7812
1664925315,242,2921.7812
1664925315,243,2921.7812
1664925316,244,2921.7812
1664925316,245,2921.7812
1664925316,246,2921.7812
1664925316,247,2921.7812
1664925316,248,2921.7812
1664925316,249,2921.7812
1664925316,250,2921.7812
1664925316,251,2921.7812
1664925316,252,2921.7812
1664925316,253,2921.7812
1664925316,254,2921.7812
1664925316,255,2921.7812
1664925316,256,2425.2656
1664925316,257,2425.2656
1664925316,258,2425.2656
1664925316,259,2425.2656
1664925316,260,2425.2656
1664925317,261,2425.2656
1664925317,262,2425.2656
1664925317,263,2425.2656
1664925317,264,2425.2656
1664925317,265,2425.2656
1664925317,266,2425.2656
1664925317,267,2425.2656
1664925317,268,2425.2656
1664925317,269,2425.2656
1664925317,270,2425.2656
1664925317,271,2425.2656
1664925317,272,2425.2656
1664925317,273,2337.625
1664925317,274,2337.625
1664925317,275,2337.625
1664925317,276,2337.625
1664925317,277,2337.625
1664925318,278,2337.625
1664925318,279,2337.625
1664925318,280,2337.625
1664925318,281,2337.625
1664925318,282,2337.625
1664925318,283,2337.625
1664925318,284,2337.625
1664925318,285,2337.625
1664925318,286,2337.625
1664925318,287,2337.625
1664925318,288,2337.625
1664925318,289,2337.625
1664925318,290,2337.625
1664925318,291,1896.1484
1664925318,292,1896.1484
1664925318,293,1896.1484
1664925318,294,1896.1484
1664925319,295,1896.1484
1664925319,296,1896.1484
1664925319,297,1896.1484
1664925319,298,1896.1484
1664925319,299,1896.1484
1664925319,300,1896.1484
1664925319,301,1896.1484
1664925319,302,1896.1484
1664925319,303,1896.1484
1664925319,304,1896.1484
1664925319,305,1896.1484
1664925319,306,1896.1484
1664925319,307,1896.1484
1664925319,308,1896.1484
1664925319,309,1275.9531
1664925319,310,1275.9531
1664925319,311,1275.9531
1664925320,312,1275.9531
1664925320,313,1275.9531
1664925320,314,1275.9531
1664925320,315,1275.9531
1664925320,316,1275.9531
1664925320,317,1275.9531
1664925320,318,1275.9531
1664925320,319,1275.9531
1664925320,320,1275.9531
1664925320,321,1275.9531
1664925320,322,1275.9531
1664925320,323,1275.9531
1664925320,324,1275.9531
1664925320,325,1275.9531
1664925320,326,2307.3281
1664925320,327,2307.3281
1664925320,328,2307.3281
1664925321,329,2307.3281
1664925321,330,2307.3281
1664925321,331,2307.3281
1664925321,332,2307.3281
1664925321,333,2307.3281
1664925321,334,2307.3281
1664925321,335,2307.3281
1664925321,336,2307.3281
1664925321,337,2307.3281
1664925321,338,2307.3281
1664925321,339,2307.3281
1664925321,340,2307.3281
1664925321,341,2307.3281
1664925321,342,2726.9453
1664925322,343,2726.9453
1664925322,344,2726.9453
1664925322,345,2726.9453
1664925322,346,2726.9453
1664925322,347,2726.9453
1664925322,348,2726.9453
1664925322,349,2726.9453
1664925322,350,2726.9453
1664925322,351,2726.9453
1664925322,352,2726.9453
1664925322,353,2726.9453
1664925322,354,2726.9453
1664925322,355,2726.9453
1664925322,356,2726.9453
1664925322,357,2726.9453
1664925322,358,2726.9453
1664925322,359,2726.9453
1664925322,360,2726.9453
1664925323,361,2085.0234
1664925323,362,2085.0234
1664925323,363,2085.0234
1664925323,364,2085.0234
1664925323,365,2085.0234
1664925323,366,2085.0234
1664925323,367,2085.0234
1664925323,368,2085.0234
1664925323,369,2085.0234
1664925323,370,2085.0234
1664925323,371,2085.0234
1664925323,372,2085.0234
1664925323,373,2085.0234
1664925323,374,2085.0234
1664925323,375,2085.0234
1664925323,376,2085.0234
1664925323,377,2085.0234
1664925324,378,3020.2969
1664925324,379,3020.2969
1664925324,380,3020.2969
1664925324,381,3020.2969
1664925324,382,3020.2969
1664925324,383,3020.2969
1664925324,384,3020.2969
1664925324,385,3020.2969
1664925324,386,3020.2969
1664925324,387,3020.2969
1664925324,388,3020.2969
1664925324,389,3020.2969
1664925324,390,3020.2969
1664925324,391,3020.2969
1664925324,392,3020.2969
1664925324,393,3020.2969
1664925324,394,3020.2969
1664925324,395,3020.2969
1664925325,396,2732.8594
1664925325,397,2732.8594
1664925325,398,2732.8594
1664925325,399,2732.8594
1664925325,400,2732.8594
1664925325,401,2732.8594
1664925325,402,2732.8594
1664925325,403,2732.8594
1664925325,404,2732.8594
1664925325,405,2732.8594
1664925325,406,2732.8594
1664925325,407,2732.8594
1664925325,408,2732.8594
1664925325,409,2732.8594
1664925325,410,2732.8594
1664925325,411,2732.8594
1664925325,412,2732.8594
1664925325,413,2732.8594
1664925326,414,2732.8594
1664925326,415,2732.8594
1664925326,416,2732.8594
1664925326,417,2672.0625
1664925326,418,2672.0625
1664925326,419,2672.0625
1664925326,420,2672.0625
1664925326,421,2672.0625
1664925326,422,2672.0625
1664925326,423,2672.0625
1664925326,424,2672.0625
1664925326,425,2672.0625
1664925326,426,2672.0625
1664925326,427,2672.0625
1664925326,428,2672.0625
1664925326,429,2672.0625
1664925326,430,2672.0625
1664925327,431,2672.0625
1664925327,432,2672.0625
1664925327,433,2672.0625
1664925327,434,2672.0625
1664925327,435,2493.4609
1664925327,436,2493.4609
1664925327,437,2493.4609
1664925327,438,2493.4609
1664925327,439,2493.4609
1664925327,440,2493.4609
1664925327,441,2493.4609
1664925327,442,2493.4609
1664925327,443,2493.4609
1664925327,444,2493.4609
1664925327,445,2493.4609
1664925327,446,2493.4609
1664925327,447,2493.4609
1664925327,448,2493.4609
1664925327,449,2493.4609
1664925327,450,2493.4609
1664925328,451,2493.4609
1664925328,452,2493.4609
1664925328,453,2493.4609
1664925328,454,2493.4609
1664925328,455,2430.0781
1664925328,456,2430.0781
1664925328,457,2430.0781
1664925328,458,2430.0781
1664925328,459,2430.0781
1664925328,460,2430.0781
1664925328,461,2430.0781
1664925328,462,2430.0781
1664925328,463,2430.0781
1664925328,464,2430.0781
1664925328,465,2430.0781
1664925328,466,2430.0781
1664925329,467,2430.0781
1664925329,468,2430.0781
1664925329,469,2430.0781
1664925329,470,2430.0781
1664925329,471,2430.0781
1664925329,472,2962.4688
1664925329,473,2962.4688
1664925329,474,2962.4688
1664925329,475,2962.4688
1664925329,476,2962.4688
1664925329,477,2962.4688
1664925329,478,2962.4688
1664925329,479,2962.4688
1664925329,480,2962.4688
1664925329,481,2962.4688
1664925329,482,2962.4688
1664925329,483,2962.4688
1664925329,484,2962.4688
1664925330,485,2962.4688
1664925330,486,2962.4688
1664925330,487,2962.4688
1664925330,488,2962.4688
1664925330,489,2962.4688
1664925330,490,2962.4688
1664925330,491,2956.5859
1664925330,492,2956.5859
1664925330,493,2956.5859
1664925330,494,2956.5859
1664925330,495,2956.5859
1664925330,496,2956.5859
1664925330,497,2956.5859
1664925330,498,2956.5859
1664925330,499,2956.5859
1664925330,500,2956.5859
1664925330,501,2956.5859
1664925330,502,2956.5859
1664925331,503,2956.5859
1664925331,504,2956.5859
1664925331,505,2956.5859
1664925331,506,2956.5859
1664925331,507,2956.5859
1664925331,508,2956.5859
1664925331,509,2377.9766
1664925331,510,2377.9766
1664925331,511,2377.9766
1664925331,512,2377.9766
1664925331,513,2377.9766
1664925331,514,2377.9766
1664925331,515,2377.9766
1664925331,516,2377.9766
1664925331,517,2377.9766
1664925331,518,2377.9766
1664925331,519,2377.9766
1664925331,520,2377.9766
1664925332,521,2377.9766
1664925332,522,2377.9766
1664925332,523,2377.9766
1664925332,524,2377.9766
1664925332,525,2377.9766
1664925332,526,2377.9766
1664925332,527,2377.9766
1664925332,528,2295.3828
1664925332,529,2295.3828
1664925332,530,2295.3828
1664925332,531,2295.3828
1664925332,532,2295.3828
1664925332,533,2295.3828
1664925332,534,2295.3828
1664925332,535,2295.3828
1664925332,536,2295.3828
1664925332,537,2295.3828
1664925332,538,2295.3828
1664925333,539,2295.3828
1664925333,540,2295.3828
1664925333,541,2295.3828
1664925333,542,2295.3828
1664925333,543,2295.3828
1664925333,544,2295.3828
1664925333,545,2295.3828
1664925333,546,2295.3828
1664925333,547,1842.9922
1664925333,548,1842.9922
1664925333,549,1842.9922
1664925333,550,1842.9922
1664925333,551,1842.9922
1664925333,552,1842.9922
1664925333,553,1842.9922
1664925333,554,1842.9922
1664925333,555,1842.9922
1664925333,556,1842.9922
1664925333,557,1842.9922
1664925334,558,1842.9922
1664925334,559,1842.9922
1664925334,560,1842.9922
1664925334,561,1842.9922
1664925334,562,1842.9922
1664925334,563,1842.9922
1664925334,564,1842.9922
1664925334,565,1842.9922
1664925334,566,2229.1406
1664925334,567,2229.1406
1664925334,568,2229.1406
1664925334,569,2229.1406
1664925334,570,2229.1406
1664925334,571,2229.1406
1664925334,572,2229.1406
1664925334,573,2229.1406
1664925334,574,2229.1406
1664925334,575,2229.1406
1664925334,576,2229.1406
1664925335,577,2229.1406
1664925335,578,2229.1406
1664925335,579,2229.1406
1664925335,580,2229.1406
1664925335,581,2229.1406
1664925335,582,2229.1406
1664925335,583,2229.1406
1664925335,584,2229.1406
1664925335,585,2229.1406
1664925335,586,1988.3359
1664925335,587,1988.3359
1664925335,588,1988.3359
1664925335,589,1988.3359
1664925335,590,1988.3359
1664925335,591,1988.3359
1664925335,592,1988.3359
1664925335,593,1988.3359
1664925335,594,1988.3359
1664925335,595,1988.3359
1664925335,596,1988.3359
1664925336,597,1988.3359
1664925336,598,1988.3359
1664925336,599,1988.3359
1664925336,600,1988.3359
1664925336,601,1988.3359
1664925336,602,1988.3359
1664925336,603,1988.3359
1664925336,604,1988.3359
1664925336,605,1988.3359
1664925336,606,1757.5312
1664925336,607,1757.5312
1664925336,608,1757.5312
1664925336,609,1757.5312
1664925336,610,1757.5312
1664925336,611,1757.5312
1664925336,612,1757.5312
1664925337,613,1757.5312
1664925337,614,1757.5312
1664925337,615,1757.5312
1664925337,616,1757.5312
1664925337,617,1757.5312
1664925337,618,1757.5312
1664925337,619,1757.5312
1664925337,620,1757.5312
1664925337,621,1757.5312
1664925337,622,1757.5312
1664925337,623,1757.5312
1664925337,624,1757.5312
1664925337,625,1757.5312
1664925337,626,1757.5312
1664925337,627,1578.0703
1664925337,628,1578.0703
1664925337,629,1578.0703
1664925337,630,1578.0703
1664925337,631,1578.0703
1664925338,632,1578.0703
1664925338,633,1578.0703
1664925338,634,1578.0703
1664925338,635,1578.0703
1664925338,636,1578.0703
1664925338,637,1578.0703
1664925338,638,1578.0703
1664925338,639,1578.0703
1664925338,640,1578.0703
1664925338,641,1578.0703
1664925338,642,1578.0703
1664925338,643,1578.0703
1664925338,644,1578.0703
1664925338,645,1578.0703
1664925338,646,1578.0703
1664925338,647,1578.0703
1664925338,648,1578.0703
1664925338,649,1578.0703
1664925338,650,1761.9844
1664925338,651,1761.9844
1664925338,652,1761.9844
1664925338,653,1761.9844
1664925338,654,1761.9844
1664925339,655,1761.9844
1664925339,656,1761.9844
1664925339,657,1761.9844
1664925339,658,1761.9844
1664925339,659,1761.9844
1664925339,660,1761.9844
1664925339,661,1761.9844
1664925339,662,1761.9844
1664925339,663,1761.9844
1664925339,664,1761.9844
1664925339,665,1761.9844
1664925339,666,1761.9844
1664925339,667,1686.1016
1664925339,668,1686.1016
1664925339,669,1686.1016
1664925339,670,1686.1016
1664925339,671,1686.1016
1664925339,672,1686.1016
1664925339,673,1686.1016
1664925339,674,1686.1016
1664925340,675,1686.1016
1664925340,676,1686.1016
1664925340,677,1686.1016
1664925340,678,1686.1016
1664925340,679,1686.1016
1664925340,680,1686.1016
1664925340,681,1686.1016
1664925340,682,1686.1016
1664925340,683,1686.1016
1664925340,684,1686.1016
1664925340,685,1686.1016
1664925340,686,1686.1016
1664925340,687,1686.1016
1664925340,688,1686.1016
1664925340,689,1686.1016
1664925340,690,1686.1016
1664925340,691,1686.1016
1664925340,692,1686.1016
1664925340,693,1686.1016
1664925340,694,1362.7109
1664925340,695,1362.7109
1664925340,696,1362.7109
1664925340,697,1362.7109
1664925340,698,1362.7109
1664925341,699,1362.7109
1664925341,700,1362.7109
1664925341,701,1362.7109
1664925341,702,1362.7109
1664925341,703,1362.7109
1664925341,704,1362.7109
1664925341,705,1362.7109
1664925341,706,1362.7109
1664925341,707,1362.7109
1664925341,708,1362.7109
1664925341,709,1362.7109
1664925341,710,1362.7109
1664925341,711,1362.7109
1664925341,712,1362.7109
1664925341,713,1362.7109
1664925341,714,1362.7109
1664925341,715,1300.75
1664925341,716,1300.75
1664925341,717,1300.75
1664925341,718,1300.75
1664925342,719,1300.75
1664925342,720,1300.75
1664925342,721,1300.75
1664925342,722,1300.75
1664925342,723,1300.75
1664925342,724,1300.75
1664925342,725,1300.75
1664925342,726,1300.75
1664925342,727,1300.75
1664925342,728,1300.75
1664925342,729,1300.75
1664925342,730,1300.75
1664925342,731,1300.75
1664925342,732,1670.6953
1664925342,733,1670.6953
1664925342,734,1670.6953
1664925343,735,1670.6953
1664925343,736,1670.6953
1664925343,737,1670.6953
1664925343,738,1670.6953
1664925343,739,1670.6953
1664925343,740,1670.6953
1664925343,741,1670.6953
1664925343,742,1670.6953
1664925343,743,1670.6953
1664925343,744,1670.6953
1664925343,745,1670.6953
1664925343,746,1670.6953
1664925343,747,1670.6953
1664925343,748,1670.6953
1664925343,749,1670.6953
1664925343,750,1670.6953
1664925343,751,1670.6953
1664925343,752,2028.1641
1664925343,753,2028.1641
1664925343,754,2028.1641
1664925344,755,2028.1641
1664925344,756,2028.1641
1664925344,757,2028.1641
1664925344,758,2028.1641
1664925344,759,2028.1641
1664925344,760,2028.1641
1664925344,761,2028.1641
1664925344,762,2028.1641
1664925344,763,2028.1641
1664925344,764,2028.1641
1664925344,765,2028.1641
1664925344,766,2028.1641
1664925344,767,2028.1641
1664925344,768,2028.1641
1664925344,769,2028.1641
1664925344,770,2028.1641
1664925344,771,2028.1641
1664925344,772,1564.9062
1664925344,773,1564.9062
1664925345,774,1564.9062
1664925345,775,1564.9062
1664925345,776,1564.9062
1664925345,777,1564.9062
1664925345,778,1564.9062
1664925345,779,1564.9062
1664925345,780,1564.9062
1664925345,781,1564.9062
1664925345,782,1564.9062
1664925345,783,1564.9062
1664925345,784,1564.9062
1664925345,785,1564.9062
1664925345,786,1564.9062
1664925345,787,1564.9062
1664925345,788,1564.9062
1664925345,789,1564.9062
1664925345,790,1564.9062
1664925345,791,1564.9062
1664925345,792,1483.3438
1664925345,793,1483.3438
1664925346,794,1483.3438
1664925346,795,1483.3438
1664925346,796,1483.3438
1664925346,797,1483.3438
1664925346,798,1483.3438
1664925346,799,1483.3438
1664925346,800,1483.3438
1664925346,801,1483.3438
1664925346,802,1483.3438
1664925346,803,1483.3438
1664925346,804,1483.3438
1664925346,805,1483.3438
1664925346,806,1483.3438
1664925346,807,1483.3438
1664925346,808,1483.3438
1664925346,809,1483.3438
1664925346,810,1483.3438
1664925346,811,1483.3438
1664925346,812,1584.4609
1664925347,813,1584.4609
1664925347,814,1584.4609
1664925347,815,1584.4609
1664925347,816,1584.4609
1664925347,817,1584.4609
1664925347,818,1584.4609
1664925347,819,1584.4609
1664925347,820,1584.4609
1664925347,821,1584.4609
1664925347,822,1584.4609
1664925347,823,1584.4609
1664925347,824,1584.4609
1664925347,825,1584.4609
1664925347,826,1584.4609
1664925347,827,1584.4609
1664925347,828,1584.4609
1664925347,829,1584.4609
1664925347,830,1584.4609
1664925347,831,1525.7891
1664925348,832,1525.7891
1664925348,833,1525.7891
1664925348,834,1525.7891
1664925348,835,1525.7891
1664925348,836,1525.7891
1664925348,837,1525.7891
1664925348,838,1525.7891
1664925348,839,1525.7891
1664925348,840,1525.7891
1664925348,841,1525.7891
1664925348,842,1525.7891
1664925348,843,1525.7891
1664925348,844,1525.7891
1664925348,845,1525.7891
1664925348,846,1525.7891
1664925348,847,1525.7891
1664925348,848,1525.7891
1664925348,849,1525.7891
1664925348,850,1525.7891
1664925348,851,1525.7891
1664925349,852,1559.8672
1664925349,853,1559.8672
1664925349,854,1559.8672
1664925349,855,1559.8672
1664925349,856,1559.8672
1664925349,857,1559.8672
1664925349,858,1559.8672
1664925349,859,1559.8672
1664925349,860,1559.8672
1664925349,861,1559.8672
1664925349,862,1559.8672
1664925349,863,1559.8672
1664925349,864,1559.8672
1664925349,865,1559.8672
1664925349,866,1559.8672
1664925349,867,1559.8672
1664925349,868,1559.8672
1664925349,869,1559.8672
1664925350,870,1559.8672
1664925350,871,2242.4141
1664925350,872,2242.4141
1664925350,873,2242.4141
1664925350,874,2242.4141
1664925350,875,2242.4141
1664925350,876,2242.4141
1664925350,877,2242.4141
1664925350,878,2242.4141
1664925350,879,2242.4141
1664925350,880,2242.4141
1664925350,881,2242.4141
1664925350,882,2242.4141
1664925350,883,2242.4141
1664925350,884,2242.4141
1664925350,885,2242.4141
1664925350,886,2242.4141
1664925350,887,2242.4141
1664925351,888,2242.4141
1664925351,889,2269.6484
1664925351,890,2269.6484
1664925351,891,2269.6484
1664925351,892,2269.6484
1664925351,893,2269.6484
1664925351,894,2269.6484
1664925351,895,2269.6484
1664925351,896,2269.6484
1664925351,897,2269.6484
1664925351,898,2269.6484
1664925351,899,2269.6484
1664925351,900,2269.6484
1664925351,901,2269.6484
1664925351,902,2269.6484
1664925351,903,2269.6484
1664925352,904,2269.6484
1664925352,905,2269.6484
1664925352,906,2269.6484
1664925352,907,2269.6484
1664925352,908,2371.2578
1664925352,909,2371.2578
1664925352,910,2371.2578
1664925352,911,2371.2578
1664925352,912,2371.2578
1664925352,913,2371.2578
1664925352,914,2371.2578
1664925352,915,2371.2578
1664925352,916,2371.2578
1664925352,917,2371.2578
1664925352,918,2371.2578
1664925352,919,2371.2578
1664925352,920,2371.2578
1664925352,921,2371.2578
1664925352,922,2371.2578
1664925352,923,2371.2578
1664925352,924,2371.2578
1664925353,925,2371.2578
1664925353,926,1846.8203
1664925353,927,1846.8203
1664925353,928,1846.8203
1664925353,929,1846.8203
1664925353,930,1846.8203
1664925353,931,1846.8203
1664925353,932,1846.8203
1664925353,933,1846.8203
1664925353,934,1846.8203
1664925353,935,1846.8203
1664925353,936,1846.8203
1664925353,937,1846.8203
1664925353,938,1846.8203
1664925353,939,1846.8203
1664925353,940,1846.8203
1664925353,941,1846.8203
1664925353,942,1846.8203
1664925353,943,1846.8203
1664925353,944,1846.8203
1664925354,945,1846.8203
1664925354,946,1846.8203
1664925354,947,2342.5938
1664925354,948,2342.5938
1664925354,949,2342.5938
1664925354,950,2342.5938
1664925354,951,2342.5938
1664925354,952,2342.5938
1664925354,953,2342.5938
1664925354,954,2342.5938
1664925354,955,2342.5938
1664925354,956,2342.5938
1664925354,957,2342.5938
1664925354,958,2342.5938
1664925354,959,2342.5938
1664925355,960,2342.5938
1664925355,961,2342.5938
1664925355,962,2342.5938
1664925355,963,2342.5938
1664925355,964,2342.5938
1664925355,965,2342.5938
1664925355,966,2342.5938
1664925355,967,2608.3906
1664925355,968,2608.3906
1664925355,969,2608.3906
1664925355,970,2608.3906
1664925355,971,2608.3906
1664925355,972,2608.3906
1664925355,973,2608.3906
1664925355,974,2608.3906
1664925355,975,2608.3906
1664925355,976,2608.3906
1664925355,977,2608.3906
1664925355,978,2608.3906
1664925355,979,2608.3906
1664925356,980,2608.3906
1664925356,981,2608.3906
1664925356,982,2608.3906
1664925356,983,2608.3906
1664925356,984,2608.3906
1664925356,985,3121.6797
1664925356,986,3121.6797
1664925356,987,3121.6797
1664925356,988,3121.6797
1664925356,989,3121.6797
1664925356,990,3121.6797
1664925356,991,3121.6797
1664925356,992,3121.6797
1664925356,993,3121.6797
1664925356,994,3121.6797
1664925356,995,3121.6797
1664925356,996,3121.6797
1664925356,997,3121.6797
1664925357,998,3121.6797
1664925357,999,3121.6797
1664925357,1000,3121.6797
1664925357,1001,3121.6797
1664925357,1002,3121.6797
1664925357,1003,2962.2266
1664925357,1004,2962.2266
1664925357,1005,2962.2266
1664925357,1006,2962.2266
1664925357,1007,2962.2266
1664925357,1008,2962.2266
1664925357,1009,2962.2266
1664925357,1010,2962.2266
1664925357,1011,2962.2266
1664925357,1012,2962.2266
1664925357,1013,2962.2266
1664925358,1014,2962.2266
1664925358,1015,2962.2266
1664925358,1016,2962.2266
1664925358,1017,2962.2266
1664925358,1018,2962.2266
1664925358,1019,2962.2266
1664925358,1020,2411.9219
1664925358,1021,2411.9219
1664925358,1022,2411.9219
1664925358,1023,2411.9219
1664925358,1024,2411.9219
1664925358,1025,2411.9219
1664925358,1026,2411.9219
1664925358,1027,2411.9219
1664925358,1028,2411.9219
1664925358,1029,2411.9219
1664925358,1030,2411.9219
1664925359,1031,2411.9219
1664925359,1032,2411.9219
1664925359,1033,2411.9219
1664925359,1034,2411.9219
1664925359,1035,2411.9219
1664925359,1036,2411.9219
1664925359,1037,2780.9375
1664925359,1038,2780.9375
1664925359,1039,2780.9375
1664925359,1040,2780.9375
1664925359,1041,2780.9375
1664925359,1042,2780.9375
1664925359,1043,2780.9375
1664925359,1044,2780.9375
1664925359,1045,2780.9375
1664925359,1046,2780.9375
1664925359,1047,2780.9375
1664925359,1048,2780.9375
1664925359,1049,2780.9375
1664925360,1050,2780.9375
1664925360,1051,2780.9375
1664925360,1052,2780.9375
1664925360,1053,2780.9375
1664925360,1054,2780.9375
1664925360,1055,2780.9375
1664925360,1056,2780.9375
1664925360,1057,3279.3047
1664925360,1058,3279.3047
1664925360,1059,3279.3047
1664925360,1060,3279.3047
1664925360,1061,3279.3047
1664925360,1062,3279.3047
1664925360,1063,3279.3047
1664925360,1064,3279.3047
1664925360,1065,3279.3047
1664925360,1066,3279.3047
1664925360,1067,3279.3047
1664925360,1068,3279.3047
1664925361,1069,3279.3047
1664925361,1070,3279.3047
1664925361,1071,3279.3047
1664925361,1072,3279.3047
1664925361,1073,3279.3047
1664925361,1074,3279.3047
1664925361,1075,3279.3047
1664925361,1076,2405.9141
1664925361,1077,2405.9141
1664925361,1078,2405.9141
1664925361,1079,2405.9141
1664925361,1080,2405.9141
1664925361,1081,2405.9141
1664925361,1082,2405.9141
1664925361,1083,2405.9141
1664925361,1084,2405.9141
1664925361,1085,2405.9141
1664925361,1086,2405.9141
1664925362,1087,2405.9141
1664925362,1088,2405.9141
1664925362,1089,2405.9141
1664925362,1090,2405.9141
1664925362,1091,2405.9141
1664925362,1092,2405.9141
1664925362,1093,2405.9141
1664925362,1094,2405.9141
1664925362,1095,2065.5156
1664925362,1096,2065.5156
1664925362,1097,2065.5156
1664925362,1098,2065.5156
1664925362,1099,2065.5156
1664925362,1100,2065.5156
1664925362,1101,2065.5156
1664925362,1102,2065.5156
1664925362,1103,2065.5156
1664925362,1104,2065.5156
1664925362,1105,2065.5156
1664925363,1106,2065.5156
1664925363,1107,2065.5156
1664925363,1108,2065.5156
1664925363,1109,2065.5156
1664925363,1110,2065.5156
1664925363,1111,2065.5156
1664925363,1112,2065.5156
1664925363,1113,2065.5156
1664925363,1114,2479.0156
1664925363,1115,2479.0156
1664925363,1116,2479.0156
1664925363,1117,2479.0156
1664925363,1118,2479.0156
1664925363,1119,2479.0156
1664925363,1120,2479.0156
1664925363,1121,2479.0156
1664925363,1122,2479.0156
1664925363,1123,2479.0156
1664925364,1124,2479.0156
1664925364,1125,2479.0156
1664925364,1126,2479.0156
1664925364,1127,2479.0156
1664925364,1128,2479.0156
1664925364,1129,2479.0156
1664925364,1130,2479.0156
1664925364,1131,2479.0156
1664925364,1132,2479.0156
1664925364,1133,2796.3125
1664925364,1134,2796.3125
1664925364,1135,2796.3125
1664925364,1136,2796.3125
1664925364,1137,2796.3125
1664925364,1138,2796.3125
1664925364,1139,2796.3125
1664925364,1140,2796.3125
1664925364,1141,2796.3125
1664925364,1142,2796.3125
1664925365,1143,2796.3125
1664925365,1144,2796.3125
1664925365,1145,2796.3125
1664925365,1146,2796.3125
1664925365,1147,2796.3125
1664925365,1148,2796.3125
1664925365,1149,2796.3125
1664925365,1150,2796.3125
1664925365,1151,2796.3125
1664925365,1152,2796.3125
1664925365,1153,1935.5859
1664925365,1154,1935.5859
1664925365,1155,1935.5859
1664925365,1156,1935.5859
1664925365,1157,1935.5859
1664925365,1158,1935.5859
1664925365,1159,1935.5859
1664925365,1160,1935.5859
1664925365,1161,1935.5859
1664925365,1162,1935.5859
1664925365,1163,1935.5859
1664925366,1164,1935.5859
1664925366,1165,1935.5859
1664925366,1166,1935.5859
1664925366,1167,1935.5859
1664925366,1168,1935.5859
1664925366,1169,1935.5859
1664925366,1170,1935.5859
1664925366,1171,1935.5859
1664925366,1172,1935.5859
1664925366,1173,1904.9375
1664925366,1174,1904.9375
1664925366,1175,1904.9375
1664925366,1176,1904.9375
1664925366,1177,1904.9375
1664925366,1178,1904.9375
1664925366,1179,1904.9375
1664925366,1180,1904.9375
1664925367,1181,1904.9375
1664925367,1182,1904.9375
1664925367,1183,1904.9375
1664925367,1184,1904.9375
1664925367,1185,1904.9375
1664925367,1186,1904.9375
1664925367,1187,1904.9375
1664925367,1188,1904.9375
1664925367,1189,1904.9375
1664925367,1190,1904.9375
1664925367,1191,1904.9375
1664925367,1192,1904.9375
1664925367,1193,1904.9375
1664925367,1194,2712.1953
1664925367,1195,2712.1953
1664925367,1196,2712.1953
1664925367,1197,2712.1953
1664925367,1198,2712.1953
1664925368,1199,2712.1953
1664925368,1200,2712.1953
1664925368,1201,2712.1953
1664925368,1202,2712.1953
1664925368,1203,2712.1953
1664925368,1204,2712.1953
1664925368,1205,2712.1953
1664925368,1206,2712.1953
1664925368,1207,2712.1953
1664925368,1208,2712.1953
1664925368,1209,2712.1953
1664925368,1210,2712.1953
1664925368,1211,2712.1953
1664925368,1212,2712.1953
1664925368,1213,2712.1953
1664925368,1214,2712.1953
1664925368,1215,2338.75
1664925368,1216,2338.75
1664925368,1217,2338.75
1664925368,1218,2338.75
1664925369,1219,2338.75
1664925369,1220,2338.75
1664925369,1221,2338.75
1664925369,1222,2338.75
1664925369,1223,2338.75
1664925369,1224,2338.75
1664925369,1225,2338.75
1664925369,1226,2338.75
1664925369,1227,2338.75
1664925369,1228,2338.75
1664925369,1229,2338.75
1664925369,1230,2338.75
1664925369,1231,2593.0469
1664925369,1232,2593.0469
1664925369,1233,2593.0469
1664925369,1234,2593.0469
1664925369,1235,2593.0469
1664925370,1236,2593.0469
1664925370,1237,2593.0469
1664925370,1238,2593.0469
1664925370,1239,2593.0469
1664925370,1240,2593.0469
1664925370,1241,2593.0469
1664925370,1242,2593.0469
1664925370,1243,2593.0469
1664925370,1244,2593.0469
1664925370,1245,2593.0469
1664925370,1246,2593.0469
1664925370,1247,2593.0469
1664925370,1248,2593.0469
1664925370,1249,2593.0469
1664925370,1250,2593.0469
1664925370,1251,2593.0469
1664925370,1252,2593.0469
1664925370,1253,3082.1797
1664925370,1254,3082.1797
1664925370,1255,3082.1797
1664925370,1256,3082.1797
1664925371,1257,3082.1797
1664925371,1258,3082.1797
1664925371,1259,3082.1797
1664925371,1260,3082.1797
1664925371,1261,3082.1797
1664925371,1262,3082.1797
1664925371,1263,3082.1797
1664925371,1264,3082.1797
1664925371,1265,3082.1797
1664925371,1266,3082.1797
1664925371,1267,3082.1797
1664925371,1268,3082.1797
1664925371,1269,3082.1797
1664925371,1270,3082.1797
1664925371,1271,2817.125
1664925371,1272,2817.125
1664925371,1273,2817.125
1664925371,1274,2817.125
1664925372,1275,2817.125
1664925372,1276,2817.125
1664925372,1277,2817.125
1664925372,1278,2817.125
1664925372,1279,2817.125
1664925372,1280,2817.125
1664925372,1281,2817.125
1664925372,1282,2817.125
1664925372,1283,2817.125
1664925372,1284,2817.125
1664925372,1285,2817.125
1664925372,1286,2817.125
1664925372,1287,2817.125
1664925372,1288,2817.125
1664925372,1289,2817.125
1664925372,1290,2817.125
1664925372,1291,2817.125
1664925372,1292,2558.4844
1664925372,1293,2558.4844
1664925372,1294,2558.4844
1664925373,1295,2558.4844
1664925373,1296,2558.4844
1664925373,1297,2558.4844
1664925373,1298,2558.4844
1664925373,1299,2558.4844
1664925373,1300,2558.4844
1664925373,1301,2558.4844
1664925373,1302,2558.4844
1664925373,1303,2558.4844
1664925373,1304,2558.4844
1664925373,1305,2558.4844
1664925373,1306,2558.4844
1664925373,1307,2558.4844
1664925373,1308,2558.4844
1664925373,1309,2558.4844
1664925373,1310,2558.4844
1664925373,1311,2558.4844
1664925373,1312,2558.4844
1664925373,1313,1997.4844
1664925373,1314,1997.4844
1664925373,1315,1997.4844
1664925373,1316,1997.4844
1664925374,1317,1997.4844
1664925374,1318,1997.4844
1664925374,1319,1997.4844
1664925374,1320,1997.4844
1664925374,1321,1997.4844
1664925374,1322,1997.4844
1664925374,1323,1997.4844
1664925374,1324,1997.4844
1664925374,1325,1997.4844
1664925374,1326,1997.4844
1664925374,1327,1997.4844
1664925374,1328,1997.4844
1664925374,1329,1997.4844
1664925374,1330,1997.4844
1664925374,1331,1997.4844
1664925374,1332,1997.4844
1664925374,1333,1997.4844
1664925374,1334,2275.2266
1664925374,1335,2275.2266
1664925374,1336,2275.2266
1664925375,1337,2275.2266
1664925375,1338,2275.2266
1664925375,1339,2275.2266
1664925375,1340,2275.2266
1664925375,1341,2275.2266
1664925375,1342,2275.2266
1664925375,1343,2275.2266
1664925375,1344,2275.2266
1664925375,1345,2275.2266
1664925375,1346,2275.2266
1664925375,1347,2275.2266
1664925375,1348,2275.2266
1664925375,1349,2275.2266
1664925375,1350,2275.2266
1664925375,1351,2275.2266
1664925375,1352,2275.2266
1664925375,1353,2275.2266
1664925375,1354,2275.2266
1664925375,1355,2275.2266
1664925375,1356,2044.1172
1664925375,1357,2044.1172
1664925375,1358,2044.1172
1664925376,1359,2044.1172
1664925376,1360,2044.1172
1664925376,1361,2044.1172
1664925376,1362,2044.1172
1664925376,1363,2044.1172
1664925376,1364,2044.1172
1664925376,1365,2044.1172
1664925376,1366,2044.1172
1664925376,1367,2044.1172
1664925376,1368,2044.1172
1664925376,1369,2044.1172
1664925376,1370,2044.1172
1664925376,1371,2044.1172
1664925376,1372,2044.1172
1664925376,1373,2044.1172
1664925376,1374,2044.1172
1664925376,1375,2044.1172
1664925376,1376,2044.1172
1664925376,1377,2019.8281
1664925376,1378,2019.8281
1664925377,1379,2019.8281
1664925377,1380,2019.8281
1664925377,1381,2019.8281
1664925377,1382,2019.8281
1664925377,1383,2019.8281
1664925377,1384,2019.8281
1664925377,1385,2019.8281
1664925377,1386,2019.8281
1664925377,1387,2019.8281
1664925377,1388,2019.8281
1664925377,1389,2019.8281
1664925377,1390,2019.8281
1664925377,1391,2019.8281
1664925377,1392,2019.8281
1664925377,1393,2019.8281
1664925377,1394,2019.8281
1664925377,1395,2019.8281
1664925377,1396,2019.8281
1664925377,1397,2311.1484
1664925377,1398,2311.1484
1664925378,1399,2311.1484
1664925378,1400,2311.1484
1664925378,1401,2311.1484
1664925378,1402,2311.1484
1664925378,1403,2311.1484
1664925378,1404,2311.1484
1664925378,1405,2311.1484
1664925378,1406,2311.1484
1664925378,1407,2311.1484
1664925378,1408,2311.1484
1664925378,1409,2311.1484
1664925378,1410,2311.1484
1664925378,1411,2311.1484
1664925378,1412,2311.1484
1664925378,1413,2311.1484
1664925378,1414,2311.1484
1664925378,1415,2311.1484
1664925378,1416,2311.1484
1664925378,1417,2224.3281
1664925379,1418,2224.3281
1664925379,1419,2224.3281
1664925379,1420,2224.3281
1664925379,1421,2224.3281
1664925379,1422,2224.3281
1664925379,1423,2224.3281
1664925379,1424,2224.3281
1664925379,1425,2224.3281
1664925379,1426,2224.3281
1664925379,1427,2224.3281
1664925379,1428,2224.3281
1664925379,1429,2224.3281
1664925379,1430,2224.3281
1664925379,1431,2224.3281
1664925379,1432,2224.3281
1664925379,1433,2224.3281
1664925379,1434,2224.3281
1664925380,1435,2683.4531
1664925380,1436,2683.4531
1664925380,1437,2683.4531
1664925380,1438,2683.4531
1664925380,1439,2683.4531
1664925380,1440,2683.4531
1664925380,1441,2683.4531
1664925380,1442,2683.4531
1664925380,1443,2683.4531
1664925380,1444,2683.4531
1664925380,1445,2683.4531
1664925380,1446,2683.4531
1664925380,1447,2683.4531
1664925380,1448,2683.4531
1664925380,1449,2683.4531
1664925380,1450,2683.4531
1664925380,1451,2683.4531
1664925381,1452,2683.4531
1664925381,1453,2683.4531
1664925381,1454,1814.3125
1664925381,1455,1814.3125
1664925381,1456,1814.3125
1664925381,1457,1814.3125
1664925381,1458,1814.3125
1664925381,1459,1814.3125
1664925381,1460,1814.3125
1664925381,1461,1814.3125
1664925381,1462,1814.3125
1664925381,1463,1814.3125
1664925381,1464,1814.3125
1664925381,1465,1814.3125
1664925381,1466,1814.3125
1664925381,1467,1814.3125
1664925382,1468,1814.3125
1664925382,1469,1814.3125
1664925382,1470,1814.3125
1664925382,1471,1814.3125
1664925382,1472,1676.2891
1664925382,1473,1676.2891
1664925382,1474,1676.2891
1664925382,1475,1676.2891
1664925382,1476,1676.2891
1664925382,1477,1676.2891
1664925382,1478,1676.2891
1664925382,1479,1676.2891
1664925382,1480,1676.2891
1664925382,1481,1676.2891
1664925382,1482,1676.2891
1664925382,1483,1676.2891
1664925382,1484,1676.2891
1664925382,1485,1676.2891
1664925382,1486,1676.2891
1664925382,1487,1676.2891
1664925383,1488,1676.2891
1664925383,1489,1676.2891
1664925383,1490,2009.2109
1664925383,1491,2009.2109
1664925383,1492,2009.2109
1664925383,1493,2009.2109
1664925383,1494,2009.2109
1664925383,1495,2009.2109
1664925383,1496,2009.2109
1664925383,1497,2009.2109
1664925383,1498,2009.2109
1664925383,1499,2009.2109
1664925383,1500,2009.2109
1664925383,1501,2009.2109
1664925383,1502,2009.2109
1664925383,1503,2009.2109
1664925383,1504,2009.2109
1664925384,1505,2009.2109
1664925384,1506,2009.2109
1664925384,1507,2009.2109
1664925384,1508,2009.2109
1664925384,1509,2503.3984
1664925384,1510,2503.3984
1664925384,1511,2503.3984
1664925384,1512,2503.3984
1664925384,1513,2503.3984
1664925384,1514,2503.3984
1664925384,1515,2503.3984
1664925384,1516,2503.3984
1664925384,1517,2503.3984
1664925384,1518,2503.3984
1664925384,1519,2503.3984
1664925384,1520,2503.3984
1664925384,1521,2503.3984
1664925384,1522,2503.3984
1664925384,1523,2503.3984
1664925384,1524,2503.3984
1664925384,1525,2503.3984
1664925385,1526,2503.3984
1664925385,1527,2503.3984
1664925385,1528,2503.3984
1664925385,1529,2503.3984
1664925385,1530,2503.3984
1664925385,1531,2187.5781
1664925385,1532,2187.5781
1664925385,1533,2187.5781
1664925385,1534,2187.5781
1664925385,1535,2187.5781
1664925385,1536,2187.5781
1664925385,1537,2187.5781
1664925385,1538,2187.5781
1664925385,1539,2187.5781
1664925385,1540,2187.5781
1664925385,1541,2187.5781
1664925385,1542,2187.5781
1664925385,1543,2187.5781
1664925385,1544,2187.5781
1664925385,1545,2187.5781
1664925385,1546,2187.5781
1664925385,1547,2187.5781
1664925385,1548,2187.5781
1664925385,1549,2187.5781
1664925385,1550,2187.5781
1664925385,1551,2187.5781
1664925385,1552,2187.5781
1664925385,1553,2187.5781
1664925385,1554,2187.5781
1664925385,1555,2187.5781
1664925386,1556,1723.8047
1664925386,1557,1723.8047
1664925386,1558,1723.8047
1664925386,1559,1723.8047
1664925386,1560,1723.8047
1664925386,1561,1723.8047
1664925386,1562,1723.8047
1664925386,1563,1723.8047
1664925386,1564,1723.8047
1664925386,1565,1723.8047
1664925386,1566,1723.8047
1664925386,1567,1723.8047
1664925386,1568,1723.8047
1664925386,1569,1723.8047
1664925386,1570,1723.8047
1664925386,1571,1723.8047
1664925386,1572,1723.8047
1664925386,1573,1723.8047
1664925386,1574,1723.8047
1664925386,1575,1723.8047
1664925387,1576,1723.8047
1664925387,1577,1723.8047
1664925387,1578,1753.4297
1664925387,1579,1753.4297
1664925387,1580,1753.4297
1664925387,1581,1753.4297
1664925387,1582,1753.4297
1664925387,1583,1753.4297
1664925387,1584,1753.4297
1664925387,1585,1753.4297
1664925387,1586,1753.4297
1664925387,1587,1753.4297
1664925387,1588,1753.4297
1664925387,1589,1753.4297
1664925387,1590,1753.4297
1664925387,1591,1753.4297
1664925387,1592,1753.4297
1664925387,1593,1753.4297
1664925388,1594,1849.6328
1664925388,1595,1849.6328
1664925388,1596,1849.6328
1664925388,1597,1849.6328
1664925388,1598,1849.6328
1664925388,1599,1849.6328
1664925388,1600,1849.6328
1664925388,1601,1849.6328
1664925388,1602,1849.6328
1664925388,1603,1849.6328
1664925388,1604,1849.6328
1664925388,1605,1849.6328
1664925388,1606,1849.6328
1664925388,1607,1849.6328
1664925388,1608,1849.6328
1664925388,1609,1849.6328
1664925388,1610,1849.6328
1664925388,1611,1849.6328
1664925389,1612,1849.6328
1664925389,1613,1849.6328
1664925389,1614,2043.9297
1664925389,1615,2043.9297
1664925389,1616,2043.9297
1664925389,1617,2043.9297
1664925389,1618,2043.9297
1664925389,1619,2043.9297
1664925389,1620,2043.9297
1664925389,1621,2043.9297
1664925389,1622,2043.9297
1664925389,1623,2043.9297
1664925389,1624,2043.9297
1664925389,1625,2043.9297
1664925389,1626,2043.9297
1664925389,1627,2043.9297
1664925389,1628,2043.9297
1664925389,1629,2043.9297
1664925390,1630,2043.9297
1664925390,1631,2043.9297
1664925390,1632,2043.9297
1664925390,1633,2043.9297
1664925390,1634,2134.7578
1664925390,1635,2134.7578
1664925390,1636,2134.7578
1664925390,1637,2134.7578
1664925390,1638,2134.7578
1664925390,1639,2134.7578
1664925390,1640,2134.7578
1664925390,1641,2134.7578
1664925390,1642,2134.7578
1664925390,1643,2134.7578
1664925390,1644,2134.7578
1664925390,1645,2134.7578
1664925391,1646,2134.7578
1664925391,1647,2134.7578
1664925391,1648,2134.7578
1664925391,1649,2134.7578
1664925391,1650,2134.7578
1664925391,1651,2134.7578
1664925391,1652,2134.7578
1664925391,1653,1747.5547
1664925391,1654,1747.5547
1664925391,1655,1747.5547
1664925391,1656,1747.5547
1664925391,1657,1747.5547
1664925391,1658,1747.5547
1664925391,1659,1747.5547
1664925391,1660,1747.5547
1664925391,1661,1747.5547
1664925391,1662,1747.5547
1664925391,1663,1747.5547
1664925391,1664,1747.5547
1664925391,1665,1747.5547
1664925391,1666,1747.5547
1664925391,1667,1747.5547
1664925391,1668,1747.5547
1664925391,1669,1747.5547
1664925391,1670,1747.5547
1664925392,1671,1747.5547
1664925392,1672,1747.5547
1664925392,1673,1747.5547
1664925392,1674,1747.5547
1664925392,1675,1747.5547
1664925392,1676,1255.1797
1664925392,1677,1255.1797
1664925392,1678,1255.1797
1664925392,1679,1255.1797
1664925392,1680,1255.1797
1664925392,1681,1255.1797
1664925392,1682,1255.1797
1664925392,1683,1255.1797
1664925392,1684,1255.1797
1664925392,1685,1255.1797
1664925392,1686,1255.1797
1664925392,1687,1255.1797
1664925392,1688,1255.1797
1664925392,1689,1255.1797
1664925392,1690,1255.1797
1664925393,1691,1255.1797
1664925393,1692,1255.1797
1664925393,1693,2003.7188
1664925393,1694,2003.7188
1664925393,1695,2003.7188
1664925393,1696,2003.7188
1664925393,1697,2003.7188
1664925393,1698,2003.7188
1664925393,1699,2003.7188
1664925393,1700,2003.7188
1664925393,1701,2003.7188
1664925393,1702,2003.7188
1664925393,1703,2003.7188
1664925393,1704,2003.7188
1664925393,1705,2003.7188
1664925393,1706,2003.7188
1664925393,1707,2003.7188
1664925393,1708,2003.7188
1664925393,1709,2003.7188
1664925394,1710,2003.7188
1664925394,1711,2003.7188
1664925394,1712,2003.7188
1664925394,1713,2003.7188
1664925394,1714,2003.7188
1664925394,1715,2003.7188
1664925394,1716,1934.125
1664925394,1717,1934.125
1664925394,1718,1934.125
1664925394,1719,1934.125
1664925394,1720,1934.125
1664925394,1721,1934.125
1664925394,1722,1934.125
1664925394,1723,1934.125
1664925394,1724,1934.125
1664925394,1725,1934.125
1664925394,1726,1934.125
1664925394,1727,1934.125
1664925394,1728,1934.125
1664925394,1729,1934.125
1664925394,1730,1934.125
1664925394,1731,1934.125
1664925395,1732,1934.125
1664925395,1733,1934.125
1664925395,1734,1934.125
1664925395,1735,1934.125
1664925395,1736,1934.125
1664925395,1737,1934.125
1664925395,1738,1925.3281
1664925395,1739,1925.3281
1664925395,1740,1925.3281
1664925395,1741,1925.3281
1664925395,1742,1925.3281
1664925395,1743,1925.3281
1664925395,1744,1925.3281
1664925395,1745,1925.3281
1664925395,1746,1925.3281
1664925395,1747,1925.3281
1664925395,1748,1925.3281
1664925395,1749,1925.3281
1664925395,1750,1925.3281
1664925396,1751,1925.3281
1664925396,1752,1925.3281
1664925396,1753,1925.3281
1664925396,1754,1925.3281
1664925396,1755,1925.3281
1664925396,1756,1925.3281
1664925396,1757,1925.3281
1664925396,1758,2180.5
1664925396,1759,2180.5
1664925396,1760,2180.5
1664925396,1761,2180.5
1664925396,1762,2180.5
1664925396,1763,2180.5
1664925396,1764,2180.5
1664925396,1765,2180.5
1664925396,1766,2180.5
1664925396,1767,2180.5
1664925396,1768,2180.5
1664925397,1769,2180.5
1664925397,1770,2180.5
1664925397,1771,2180.5
1664925397,1772,2180.5
1664925397,1773,2180.5
1664925397,1774,2180.5
1664925397,1775,2180.5
1664925397,1776,2180.5
1664925397,1777,2180.5
1664925397,1778,2180.5
1664925397,1779,2180.5
1664925397,1780,2180.5
1664925397,1781,2228.2578
1664925397,1782,2228.2578
1664925397,1783,2228.2578
1664925397,1784,2228.2578
1664925397,1785,2228.2578
1664925397,1786,2228.2578
1664925397,1787,2228.2578
1664925397,1788,2228.2578
1664925397,1789,2228.2578
1664925397,1790,2228.2578
1664925398,1791,2228.2578
1664925398,1792,2228.2578
1664925398,1793,2228.2578
1664925398,1794,2228.2578
1664925398,1795,2228.2578
1664925398,1796,2228.2578
1664925398,1797,2228.2578
1664925398,1798,2228.2578
1664925398,1799,2228.2578
