0	46.182256063524896
1	45.9343513754958
2	45.93580031404357
3	46.01848793755353
4	46.02167669053779
5	46.06209520470458
6	46.596951709378935
7	46.60565477389622
8	46.872340231979486
9	46.31602528045349
10	45.31748616935687
11	45.44965253888263
12	45.35435412473959
13	45.88926528692682
14	47.36585794696258
15	47.50156516795717
16	47.52694120936602
17	47.40713126580934
18	47.42728358993402
19	47.38125514523836
20	47.6492623585143
21	47.459065379479604
22	47.51583862857048
23	47.39614236373878
24	47.41223913075779
25	47.354794176941596
27	16.45292900886146
28	15.240780790572867
29	15.856848715415158
30	47.075194206992165
31	46.9887818581913
32	46.874048119142046
33	46.846193450272516
34	46.82987075209495
35	46.70151655456425
36	46.716815012225624
37	46.65233934223288
38	46.519291227847184
39	46.530607386793434
40	46.65800041050516
41	46.66089791411703
42	46.61078099335997
43	46.56309372904602
44	46.41465952008629
45	46.46739276415601
46	46.50325051693082
47	46.46772263711496
48	46.40861826144519
49	46.38783140653765
50	46.18591313097394
51	46.07229799710919
52	46.129991669059
53	46.115589076646586
54	46.12071334665275
55	46.202404792127325
56	46.176236038011155
57	46.166187417559485
58	46.21679269814177
59	46.19997115427765
60	46.645336098708384
61	46.61055420257894
62	46.69415377692555
63	46.67948355662135
64	46.6366715124514
65	46.641336054063736
66	46.64332570250117
67	46.56509117163165
68	46.51167146295211
69	46.49016322065657
70	46.694436132002934
71	46.611523434744875
72	46.53492823630023
75	13.68088594766903
77	12.945998426146975
78	12.66329893825278
79	12.366024658818908
80	46.62868262905527
81	46.70280226727349
82	46.4503169505533
83	46.38514778607031
84	46.61935064933108
85	46.89420144966497
86	46.97392874163658
87	47.02623640882848
88	47.05518249643211
89	47.32999630102795
90	47.59142581963265
91	47.5987528342932
92	47.49825426753741
93	47.30527167349685
94	47.09303356683633
95	47.03291318531779
96	47.24060395683512
97	47.23012722731758
98	47.06139473875596
99	46.905343517481654
100	45.86314344244131
101	45.98494430284482
102	46.616689103986175
103	46.708394192367734
105	16.322919297696345
106	15.348548657443056
107	15.202185423133354
108	14.692229696453534
109	15.284416973017409
110	47.06680762742959
111	46.930414124401665
112	46.88834008089494
113	47.12907166223719
114	47.40540831766169
115	47.61669761103276
116	47.6673302764243
117	47.711353597149156
118	47.71784600057088
119	47.710439034052285
120	47.97839951358144
121	47.87396746134067
122	47.887084944936575
123	48.064739581360946
124	48.173628085075066
125	48.16409639263704
126	48.12160637823584
127	47.94682973658793
128	47.77831467086762
129	47.703754567872636
130	46.829761060042394
131	46.84375724855961
132	46.82977554751318
133	46.953936883487025
134	46.993350011997215
135	47.100431732139484
136	47.17611112143118
137	47.18474759972405
138	47.28829540504039
139	47.330931125252675
140	46.27318274722167
141	46.3923314991502
142	46.67488622743008
143	46.837223846617434
144	47.01723112485163
145	46.71256478869693
146	46.75795182865242
147	46.78699940223436
148	46.81130555149916
149	46.80885485142676
150	47.07278646081868
151	47.123201443719196
152	47.18628182762227
153	47.04829077371539
154	47.06379016923046
155	47.13208546695015
156	46.986932765370064
157	46.96040309994111
158	46.762537618054594
159	47.20078997370695
160	47.223599942946294
161	47.699892072703705
162	47.768468091193625
163	47.711600809428454
164	48.07160030331454
165	48.17224922427342
166	48.02671143820038
167	48.18918819965294
168	47.850186517433016
169	48.02228466568441
170	48.00110036860176
171	48.09386584824627
172	47.98656464170571
173	47.97649099899878
174	48.00196573875739
175	48.02839122260679
176	47.98246464085242
177	47.8444252918553
178	47.67045053442801
179	47.70335405465558
180	46.92314961341332
181	46.833986205337084
182	46.63434062439036
183	46.637034295492
184	46.65605125558638
185	46.5923664132429
186	46.64833979241703
187	46.651658920476955
188	46.65683379584859
189	46.829683449414674
190	46.64886980898311
191	46.59987598436817
192	46.624336626069166
193	46.60313763925126
194	46.57408421980414
195	46.57470282892233
196	46.5463080482002
197	46.59241736160649
198	46.608046027242054
199	46.68012786117295
200	46.80843417883287
201	46.89043675386945
202	46.91305030207073
203	46.876396776693454
204	46.94490956910747
205	46.85028957689444
206	46.87692451053153
207	46.8621971711986
208	46.8083584929851
209	46.86228891879254
210	46.71779111010601
211	47.05164596409341
212	47.06938483278559
213	46.969402332514534
214	45.945254062914785
215	45.827789348304464
216	45.88458993642788
217	45.65992969527359
218	45.576841099562145
219	45.63668643566495
220	45.706460380763886
221	45.728989516174096
222	45.92096411106641
223	45.99330851452743
224	45.918098405725054
225	45.91250419357729
226	45.908648694067296
227	45.969209519025384
228	46.188778594995384
229	46.37277852443626
230	46.798168916324805
231	46.73852695769645
232	46.66697730939486
233	46.54753940467775
234	46.619662197664255
235	46.70951535437945
236	46.74422242770415
237	46.71630789094305
238	46.77201527744743
239	46.866341299372856
240	46.89961379713688
241	46.82890948863868
242	46.82208071260189
243	46.78416350575982
244	46.725653264543034
245	46.6395657113619
246	46.642801318141395
247	46.62088790374165
248	46.4996711944775
249	46.5264418533474
250	46.24501264779891
251	46.28093898046832
252	46.325724882689066
253	46.33633191415836
254	46.413391926099976
255	46.435161116280376
256	46.429781131943386
257	46.45474655286819
258	46.54791760784778
259	46.65859477844546
260	46.7277349942335
261	46.65933150968218
262	46.71815316912438
263	46.749179719867506
264	46.798998554277404
265	46.83755557043617
266	46.86676344419829
267	46.86913583678202
268	46.9612008548811
269	47.01911100102394
270	46.842571833981424
271	47.14401535128499
272	47.11651606316339
273	47.36860721168125
274	47.37656382134528
275	47.404369325115084
276	47.42955934413794
277	47.50414246180906
278	47.413128506076774
279	47.07568150148515
280	46.82166805302461
281	46.86800193765763
282	46.813945283399185
283	46.81082179181647
284	46.899768910374526
285	47.093679015100435
286	47.116050140757224
287	47.14842186423812
288	47.33832797263417
289	47.72334374113487
290	48.2765840626202
291	48.393518601454986
292	48.47048003467765
293	48.286651973312146
294	48.32940527581391
295	48.42552127563635
296	48.39077010788192
297	48.35633671890491
298	48.3253285977942
299	48.26151179405962
300	47.689043363078625
301	47.546788205712105
302	48.18625343540436
303	48.402800104668145
304	48.31108482712103
305	48.15576082471366
306	48.01916520114765
307	47.963228044602246
308	47.80973546236173
309	47.72126959894993
310	47.26384297688038
311	47.122032446929225
312	47.17359582373106
313	47.06026408298837
314	47.24258421193068
315	47.43022946980331
316	47.487378196396726
317	47.51217776980535
318	47.3968433166595
319	47.503292257025365
320	47.11133127994501
321	47.01413669447804
322	47.25232910643035
323	47.07413001452099
324	47.083173551943375
325	47.16327484099957
326	47.09072745036992
327	46.987797115586886
328	47.05823651559422
329	47.12296064450085
330	47.12708375161146
331	46.96364035569712
332	47.46308997580864
333	47.29676919482651
334	47.27651761278438
335	47.29254922761845
336	47.3680537053848
337	47.22254690397853
338	47.25134262843895
339	47.263118570272404
340	47.20182309384914
341	47.2610860743074
342	47.15475173268641
343	47.151323208840914
344	47.237675335527726
345	47.351105507303885
346	47.354687908771126
347	47.39576923645949
348	47.402356430691796
349	47.25606892294947
350	47.61774400414866
351	47.3501546653765
352	47.311715986546965
353	47.2954649898842
354	47.40261854421637
355	47.353282143872875
356	47.36295188473096
357	47.44641633849679
358	47.37640303224058
359	47.23094659455613
360	47.45583452024349
361	47.11379584876036
362	47.05694148441726
363	47.02834549470982
364	47.008787937941065
365	47.16584454228217
366	47.20319702270453
367	47.172153406075225
368	47.05975614767933
369	47.00183319115666
370	47.500722109881195
371	47.30163288432972
372	47.45786219543183
373	47.307926808424476
374	47.47844530139167
375	47.6229865868698
376	47.59094860099892
377	47.29961111399784
378	47.08048619475378
379	46.94196551128261
380	46.72569317182271
381	46.70523053396906
382	46.8477066393522
383	47.05612921983928
384	47.19450524364157
385	47.55151198024555
386	47.437558288462554
387	47.453005009325594
388	47.60798023804328
389	47.67420773529498
390	46.99725879901873
391	46.84655650524132
392	47.49607373658715
393	47.23293153392936
394	47.094255271429326
395	47.04045830252201
396	47.24644036369948
397	46.82928248326472
398	47.00750163687964
399	47.64186342803906
400	47.39278713881936
401	47.241069215718035
402	47.1697735685364
403	47.175548554230645
404	47.094336107392095
405	46.946025996647236
406	46.830343183963244
407	46.99181583945773
408	47.007461749307694
409	47.22605424832434
410	46.603812465472075
411	46.64707158838824
412	46.74311458731318
413	46.95779435546319
414	47.095104949100715
415	47.359461446592945
416	47.424560428959595
417	47.32647944887351
418	47.51173521125348
419	47.438611205172485
420	47.064568367932566
421	46.306144569474725
422	46.40912967588701
423	46.566945858223754
424	46.8909698699106
425	46.896766481892705
426	46.93005034536216
427	47.072885502928806
428	47.09189519472577
429	46.9915134737242
431	14.397235049090735
432	12.695306523754262
433	11.980741772745072
434	11.79510990724209
435	11.778308902806653
436	11.793745158129445
437	11.897991553692716
438	11.90528509134117
439	11.77489242843171
440	46.76245814276888
441	46.74183311172668
442	46.78813028224526
443	46.89115353724634
444	46.88995406745028
445	46.8875655593764
446	46.97270138180411
447	46.94398731143784
448	47.08423283079897
449	47.04888770351853
450	46.7846673477426
451	46.56664683445061
452	46.66400751716782
453	46.63194474056478
454	46.613077117404586
455	46.57960163545758
456	46.577037066638056
457	46.31045379727131
458	46.556175490926286
459	46.46533792950755
460	46.6827835646211
461	46.48632454656828
462	46.41397583849623
463	46.31904324082708
464	46.429288040506734
465	46.32510066182058
466	46.24093545134261
467	46.15687007988048
468	46.16823295937027
469	45.92844230589199
470	45.97678833014964
471	45.93041839346835
472	45.962596412841535
473	45.917574140137845
474	45.9156437107721
475	45.877621032410474
476	45.957910065950294
477	45.99135437157746
478	46.02795239143023
479	46.10496496837995
480	46.070612084967124
481	45.90614244582789
482	45.77537992115669
483	45.81980241469533
484	45.97769738418143
485	46.02012324434622
486	46.131251423499165
487	46.30772211978873
488	46.39614741760803
489	46.4933995057566
490	46.66001562256022
491	46.62911242935784
492	46.65386397329452
493	46.70328821405428
494	46.637564914076926
495	46.48505784967985
496	46.50812219269067
497	46.469462381736655
498	46.45636858123279
499	46.40092754338692
500	46.43024879478279
501	46.41807248416468
502	46.44349780590111
503	46.35430458149656
504	46.39697020069021
505	46.29803696137405
506	46.34828180566814
507	46.41872292159359
508	46.381645782829395
509	46.39280076100984
510	46.49801613783144
511	46.52026824825455
512	46.56534967980275
513	46.540740278145456
514	46.4380559568485
515	46.58286569092355
516	46.64941478109796
517	46.66655869534764
518	46.73098084479754
519	46.74595272546314
520	46.48566342809903
521	46.47384196639943
522	46.555066020103595
523	46.42792985131773
524	46.46966763566723
525	46.552329015732795
526	46.54877887026455
527	46.85563703177876
528	46.830492737728086
529	47.108319149639456
530	46.47552884596755
531	47.07697008394777
532	46.98185851394447
533	47.027615997926276
534	46.86122090918324
535	46.879947270481125
536	46.69831573365612
537	46.640050576788184
538	46.76752556329195
539	46.81847191516063
540	46.648646479510845
541	46.56506780441971
542	46.566002590978655
543	46.635559595533365
544	46.73017067173642
545	46.84694868025672
546	46.96530339435775
547	47.07626249367574
548	46.981427711586846
549	46.915320415660496
550	47.362311946252056
551	47.29590793783568
552	47.3511971024573
553	47.37329053033494
554	47.296006440854576
555	47.269694114617764
556	47.208033755011854
557	47.24215691014821
558	47.23997724432245
559	47.26127008005588
560	47.23344082817873
561	47.16391963834955
562	47.19287922778918
563	47.062632685983424
564	47.07942070490603
565	46.99426292992689
566	46.879924239949474
567	46.87087850468518
568	46.76446839726529
569	46.745593416313724
570	46.75325750744033
571	46.68744234262556
572	46.694726530529366
573	46.2334153425219
574	46.4963506906679
575	46.35137649515709
576	46.44065799697
577	46.38522671989403
578	46.54758449640332
579	46.43703155348123
580	46.658920098775035
581	46.60057680770991
582	46.606119650370786
583	46.33067114576572
584	46.40734773472792
585	46.36652732075804
586	46.396026612271655
587	46.47222340693639
588	46.51012094410882
589	46.572750216939085
590	46.56756442550753
591	46.632880683985796
592	46.625672255395145
593	46.59621812884849
594	46.67279274132908
595	46.76973769073261
596	46.82599285470359
597	46.64276414774024
598	46.658471421756936
599	46.61098713234849
600	46.7860547513509
601	46.756342909166534
602	46.75932919527039
603	47.09799894987242
604	47.164939552315765
605	47.13078098417214
606	47.205137725886644
607	47.1766860910967
608	47.251914530289945
609	47.112023073481026
610	46.71484785350545
611	46.57705122327595
612	46.49619160798374
613	46.4432355627561
614	46.243907539293936
615	45.67469013667443
616	46.15452869593198
617	46.396644253175694
618	46.579210895050245
619	46.71487153676851
620	45.84392163159265
621	46.07276695344044
622	46.42979717605017
623	46.328541211074004
624	46.40611559436593
625	46.018699561108534
626	46.05326180459895
627	48.059069264316754
628	47.78739142604035
629	47.64832704118477
630	48.273263571555425
631	47.90731715417295
632	46.829993382811026
633	46.49143284360349
634	46.169336752756394
635	46.19088572290978
636	46.434722214248026
637	46.93513489443837
638	46.904198547568186
639	46.975692040593785
640	47.16371512553054
641	47.30795626769858
642	47.11830449759097
643	47.071167634043654
644	47.02919862522237
645	47.14659594130907
646	46.93622972269387
647	46.77425523536726
648	46.7746751645424
649	47.00793287726359
650	46.95935813470264
651	47.0480627975665
652	47.298174072705734
653	47.50944322539645
654	47.46309656086844
655	47.515052168019466
656	47.35077589741755
657	47.25735050089906
658	47.295408544626014
659	47.332477801165126
660	47.18114721342424
661	47.11854780369411
662	47.09098515141765
663	47.1063147960972
664	47.377384877498784
665	48.17667567940677
666	48.492036065733224
667	48.31334717984635
668	48.18510383709844
669	48.196039452929966
670	48.262437122957095
671	47.99307021045678
672	48.102425967776156
673	48.55205418122323
674	48.53647806771954
675	48.20401751101291
676	48.18420473243442
677	48.307577162961486
678	48.564155050582315
679	49.06136724386322
680	49.86758260323413
681	49.511735737181716
682	49.82910010191936
683	49.97583129455565
684	50.38595897666298
685	50.751675254435256
686	51.31951857488818
687	51.377083045108165
688	51.48654013794169
689	51.4242065855846
690	51.55027845365509
691	51.5514875815188
692	51.57793768000654
693	51.55861261722788
694	51.537508051137515
695	51.46241297739848
696	51.200051427773055
697	50.691709540985705
698	50.51193156163093
699	50.40677244390906
700	49.67445589029477
701	49.7657623340103
702	49.38426439524428
703	49.17814772082926
704	48.981116138981726
705	48.92090988841363
706	48.895571288870194
707	48.99114818791098
708	48.675071950471846
709	48.49320459734106
710	47.86116044184001
711	47.809976667334894
712	47.717520356335676
713	47.769315944745415
714	48.047961064284486
715	48.417050097637656
716	48.54357003925952
717	48.42662720362615
718	47.99730142166696
719	48.058157427506615
720	47.03926195261531
721	47.190534111257676
722	47.19357682092513
723	47.33839544902915
724	47.387493820265014
725	47.5370777540366
726	47.58053807181823
727	47.64937358533179
728	47.70038141453884
729	47.74335817505798
730	47.4229966298265
731	47.46366650569112
732	47.502203609498366
733	47.75466304249093
734	47.954265966066245
735	48.061132589735756
736	48.1064034234428
737	48.264142950248605
738	48.06538527951738
739	48.01652463088857
740	48.11968055159548
741	48.24567580692605
742	48.18235762817615
743	48.152701905094524
744	48.20734727570021
745	48.265429601628284
746	48.21593062600616
747	47.71675363359448
748	47.709283271391776
749	47.74189806132433
750	47.05620825904872
751	47.13075880247905
752	47.19548452265455
753	47.264060837070275
754	47.38739792660313
755	47.409190127873806
756	47.31131477934519
757	47.31084135627248
758	47.29058748717878
759	47.472348847254096
760	47.018211217452276
761	47.03937543693725
762	47.25141503856705
763	47.16301337334255
764	47.11523945544521
765	47.15001015068873
766	47.18210665053806
767	47.228834938643864
768	47.46798782689093
769	47.36903014974917
770	47.12976129794377
771	47.02423440188437
772	47.00454232709638
773	47.12342952333664
774	47.08231304380084
775	47.50879827399502
776	47.53797540572535
777	47.38158178898602
778	47.28300723945093
779	46.944267793046244
780	46.727366071324205
781	46.795452511783296
782	46.878536352466355
783	46.98406999567509
784	47.05386767268217
785	47.03712693679222
786	47.12497048174107
787	47.11584289596266
788	47.0626812722374
789	46.889109495283435
790	46.86467242888254
791	46.501030423492075
792	46.210157107383466
793	46.254499019733316
794	46.19656384633367
795	46.25478999574731
796	46.199024212794384
797	46.49147831380456
798	46.527125616880205
799	46.49602246923215
800	46.40299995659617
801	46.47876283035694
802	46.599676260608405
803	46.583625864347
804	46.6155428900269
805	46.63689670163107
806	46.59459988436949
807	46.55538367674852
808	46.487720252886845
809	46.36076716939215
810	45.98269717968917
811	45.99643312965852
812	46.058987562604734
813	46.11410523486468
814	46.23502760001608
815	46.3326452306045
816	46.21373089562138
817	46.2132558965959
818	46.23127846757994
819	46.201466721983735
820	46.23245251392041
821	46.29591473167561
822	46.32905757473733
823	46.363443662451225
824	46.335904733799254
825	46.351818177813
826	46.55693052060987
827	46.578771842463766
828	46.66661400989024
829	46.68257899122858
830	46.77576451318009
831	46.75331546248052
832	46.6919587538476
833	46.63632558522717
834	46.664633092162674
835	46.74306589751563
836	46.857247759963094
837	46.78041366566737
838	46.44062535540523
839	46.410371597612716
840	45.988970484075615
841	45.96713468301636
842	45.998871967941966
843	45.94215676152349
844	45.99106601794489
845	46.12330611338892
846	46.180097427025615
847	46.24816628500977
848	46.02129568617382
849	46.08766689544253
850	46.13903652664625
851	46.22339974409263
852	46.22450234640576
853	46.21687986332944
854	46.43100962134995
855	46.55864172681406
856	46.780008015198085
857	47.244491366596705
858	47.27567698950789
859	47.274109140100016
860	47.01734727642351
861	47.07601552142815
862	47.095066448782305
863	47.05710450078009
864	47.10327197709992
865	47.05393468473788
866	46.990144229948655
867	47.06284341232191
868	47.21860438290496
869	47.11956928508791
870	46.80822308554152
871	46.88147802779262
872	46.82626271624273
873	46.72754092676896
874	47.12653525511712
875	47.112580232343134
876	47.050369227469375
877	47.44102691418513
878	46.96673744919927
879	47.10929297936456
880	47.34218453441669
881	47.165442611785764
882	47.03245939858071
883	47.01732566659352
884	46.86117765224943
885	46.88627534650874
886	46.819172788784186
887	46.74201818475903
888	46.66833509260204
889	46.59242568976122
890	46.760765053396256
891	46.72015562822381
892	46.88234468398508
893	46.92849814028567
894	46.893747749524465
895	46.91751093640943
896	46.88463181088903
897	46.966350859130614
898	47.05727352086144
899	46.79860092473261
900	46.71860452451255
901	46.93384266304045
902	46.93063335967328
903	46.99227614174433
904	47.06288599556999
905	46.525980602978606
906	47.16549403892561
907	47.19590162749215
908	47.29472780347437
909	47.17874057630976
910	47.330149575183526
911	47.212317571374555
912	47.21152713364748
913	47.27642528535745
914	47.29953962537455
915	47.35504934794694
916	47.33937921104783
917	47.31420499296931
918	47.36753364946445
919	47.29757126796002
920	47.246020654730344
921	47.20872080133084
922	47.17681555383052
923	47.12250288602188
924	47.127807983903764
925	47.10588525455552
926	47.025868845015275
927	47.04172289252929
928	47.0921793475531
929	47.06449900701955
930	47.3660645936957
931	47.38609327722411
932	47.383539816458004
933	47.363189399603556
934	47.427022952039415
935	47.362726667108966
936	47.40380769927739
937	47.55347297608725
938	47.52630155079973
939	47.511294513763566
940	46.83290079653588
941	46.71199521710996
942	46.70468354028677
943	46.610528621715666
944	46.53066872417579
945	46.436931820606944
946	46.344023265235386
947	46.30820435259374
948	46.250589957228826
949	46.28869630020367
950	46.37695861227792
951	46.36080107402016
952	46.35523868357875
953	46.363146244497855
954	46.36953033112914
955	46.41147995093817
956	46.476294308442775
957	46.40166871605203
958	46.43255103403121
959	46.24214736205491
960	46.122773190594756
961	45.98954607946681
962	45.93140824707491
963	45.831967610101565
964	45.845895513922834
965	45.84054963089039
966	45.84970187317593
967	45.827437301938325
968	45.88269782351199
969	45.96763611695821
970	45.886122290539795
971	45.82187653817887
972	45.858345935692874
973	45.83766854416705
974	45.867124966186445
975	45.879648958045685
976	45.89115067650685
977	45.91185159976124
978	45.85694328361188
979	45.804110669248544
980	45.81295545141074
981	45.697749896440804
982	45.66838518707555
983	45.65598747780632
984	45.72123898904283
985	45.82458460196679
986	46.72973378719628
987	46.80139691929284
988	46.895116870966014
989	46.93001116282928
990	47.23408931375687
991	47.27860094953658
992	47.30771020225126
993	47.25561461016752
994	46.8918536434076
995	46.76425433351074
996	46.73920896585058
997	46.72338420444541
998	46.71033376396629
999	46.75533064359872
1000	46.51283098775572
1001	46.30663213143093
1002	46.22598702630705
1003	46.29092834808742
1004	46.34153210408129
1005	46.383417674167575
1006	46.38977928449434
1007	46.3857223076254
1008	46.366911478596144
1009	46.35866559922238
1010	45.664986848841124
1011	45.65795280604213
1012	45.69413331296933
1013	45.779139574101116
1014	45.814900151605194
1015	45.89485841215922
1016	45.91541567153455
1017	45.93141539940938
1018	45.953424129019865
1019	45.98692922781304
1020	47.00380389174996
1021	47.00105538748851
1022	46.993375801041005
1023	46.96504823988263
1024	46.95895567689825
1025	46.26364643751159
1026	45.703953118918164
1027	45.64299234963578
1028	45.77629324308947
1029	45.921995052587505
1030	46.12725626520379
1031	46.30997039655216
1032	46.46973478581075
1033	46.386547789924826
1034	46.45242113613463
1035	46.57211043116582
1036	46.601416668670254
1037	46.7538711583955
1038	46.715017670397614
1039	46.92285463371799
1040	47.043663406943644
1041	46.97797051673135
1042	46.857543003438224
1043	46.73431972515873
1045	12.66317639381091
1046	10.86383151973407
1047	10.269197936468522
1048	10.343241237660337
1049	10.512219687736584
1050	47.635334053575946
1051	47.59607929108508
1052	47.57119810861912
1053	47.539112656997645
1054	47.580654933185365
1055	47.41991813715145
1059	13.184730164078502
1060	47.18685702197081
1061	47.3788113841346
1062	46.84361294700259
1063	47.09598449933161
1064	46.82365424016875
1065	46.98449677081896
1066	47.251778817950836
1067	47.308626375744495
1068	47.35673256755266
1069	47.32485198278759
1070	47.05235609007916
1071	46.98093587755949
1072	46.80633039761348
1073	46.92160674239218
1074	46.337743524500155
1075	47.013996336303585
1076	46.96944294069846
1077	47.00069694493941
1078	46.5041908121178
1081	11.28118790034418
1082	11.672799973483517
1083	11.98352655336841
1084	12.210720706019211
1085	12.581001511814975
1086	12.51626103604517
1087	12.051082870457655
1088	12.241555458351662
1089	12.123249334807442
1090	46.716882061519144
1091	46.544731549008986
1092	46.5290013318819
1093	46.56287671337685
1094	46.48226429674498
1095	46.48264927697874
1096	46.416712151792446
1097	46.363575183447296
1098	46.350428396383904
1099	46.35983280627717
1100	32.34724886283787
1101	31.49286174338298
1102	31.001223387593914
1103	30.65913541808477
1104	30.680384267198235
1105	30.654484908300894
1106	30.663783907800134
1107	30.861446173718416
1108	30.93976120993264
1109	30.870483396531796
1110	31.895688245839338
1111	30.269042194239518
1112	30.419352725723957
1113	30.309295257802063
1114	30.432488270886537
1115	30.452597345206183
1116	30.185704843785665
1117	30.259398629278053
1118	29.900322216032386
1119	29.950799526640914
1120	31.318334817428926
1121	30.18894293833155
1122	30.317782439474055
1123	30.210874488414877
1124	30.29022706437191
1125	30.469636002774074
1126	30.68335348775083
1127	31.037219873671326
1128	31.140177981689646
1129	30.94734917673293
1130	46.79644798721151
1131	46.76615375331985
1132	46.83361850308016
1133	46.92152377376776
1134	46.88874653708763
1135	46.88170946829088
1136	46.92821232398458
1137	47.0147877997977
1138	46.729206954806884
1139	46.36595254270741
1140	46.45339224120604
1141	47.289875863192464
1142	48.36441685273353
1144	16.77362212381144
1145	16.40831681295708
1146	16.20790404183156
1147	15.9912121050573
1148	15.372590258328128
1149	10.848086983857756
1150	47.636558770910355
1151	47.97781716598456
1152	48.051555071945096
1153	48.345720287702896
1154	48.038136417786276
1155	47.88779387914598
1156	48.14263911035308
1157	48.072585916841646
1158	48.08786014653332
1159	47.83383188964316
1160	46.998943370991064
1161	46.982572325341536
1162	46.9959060208451
1163	47.01256440231901
1164	47.04846271591117
1165	47.036231552277
1166	47.10757719934285
1167	47.12988770607435
1168	47.22332008949837
1169	47.17671579432651
1170	47.330403302246495
1171	47.37547949042306
1172	47.56265847518567
1173	47.55152297744152
1174	47.404382318370466
1175	47.32150558829494
1176	47.18520298196991
1177	47.11882264539189
1178	47.1001982492458
1179	46.89646803451112
1180	46.26898126243965
1181	46.23596392236121
1182	46.154702761084394
1183	46.02592971324037
1184	45.899785409029654
1185	45.766535512367064
1186	46.021013927670616
1187	45.90508933270357
1188	46.013370475327804
1189	46.06874704688154
1190	45.65878565307021
1191	45.87257133722047
1192	46.00528509606931
1193	46.09647578906268
1194	45.94407327530533
1195	46.06315456493721
1196	46.04064280663785
1197	46.05509855905315
1198	46.170501283352394
1199	46.1150733391609
1200	46.11871949041604
1201	46.229395876916044
1202	46.35817076841035
1203	46.34355184236192
1204	46.32929871915627
1205	46.20940125752789
1206	46.250674180840846
1207	46.62996326297822
1208	46.431910325323
1209	46.376134018268644
1210	46.434300834442695
1211	46.45118562752571
1212	46.462392047125945
1213	46.42819636067988
1214	46.47195847055705
1215	46.41191228071656
1216	46.37617596669951
1217	46.4298500276447
1218	46.249650929304984
1219	46.28025414333617
1220	46.17657657146015
1221	46.27678283249737
1222	46.589983285647406
1223	47.27751097360659
1224	47.429450636689985
1225	47.41513159886467
1226	47.350564726885935
1227	47.16471263567044
1228	47.30263258399499
1229	46.766929359177965
1230	46.14018942808349
1231	46.40283253265845
1232	46.84005571704185
1233	47.113361700430325
1234	47.9734823444693
1235	47.4313447929005
1236	46.65613377859465
1237	46.33452234292071
1238	46.359874133199604
1239	46.25042513725157
1240	46.36739939873433
1241	46.847740410313314
1242	46.270103686875935
1243	46.97135943755889
1244	47.154298416982385
1245	46.81330504484465
1246	46.84306173843127
1247	47.289014821768674
1248	47.274005401110486
1249	47.180483025576294
1250	46.63006357548683
1251	46.640802993032736
1252	46.71902061991495
1253	46.74968866252351
1254	46.70829708558081
1255	46.883342992995
1256	46.92511612800495
1257	47.244686625448495
1258	46.997810569598656
1259	47.64009843808686
1260	47.07616666020481
1261	47.626915532187965
1262	47.51296128773687
1263	47.503506152154074
1264	47.60854290025805
1265	47.61565519024362
1266	47.52054400643894
1267	47.516618564841124
1268	47.06466176114808
1269	47.56959595452453
1270	46.01017153283514
1271	46.05958378009519
1272	46.02630338402392
1273	46.66287961800731
1274	47.78058948832239
1275	47.737905207433656
1276	46.20715108415753
1277	46.46536171776874
1278	46.06486187979877
1279	45.76307571767068
1280	46.19229461722121
1281	46.98108160035345
1282	47.93826870576233
1283	47.944618671175235
1284	48.18146898035109
1285	47.881066967584296
1286	47.611950141928844
1287	47.65432919275548
1288	48.016455271240886
1289	47.91547384012815
1290	47.33189751533566
1291	47.23647171103069
1292	47.030449102777325
1293	46.88630994290889
1294	46.81147093857491
1295	46.92747087716548
1296	46.99326888496225
1297	46.99312543888078
1298	46.96357792409395
1299	46.97516019360173
1300	46.82896639282147
1301	46.79089544012215
1302	46.698681192887946
1303	46.72454055478041
1304	46.63008877751573
1305	46.43601826062173
1306	46.58088057926345
1307	46.64428690778663
1308	46.97840472423827
1309	46.99807195908008
1310	46.03762980120679
1311	46.099013891936764
1312	46.58493338053681
1313	46.4603600109772
1314	46.4520943205892
1315	46.33933121044811
1316	46.29014551573234
1317	46.30569558387638
1318	46.400602236190466
1319	45.90743764830585
1320	47.332950103021005
1321	47.545001642967804
1322	47.51387032143604
1323	47.46002840606384
1324	47.64278612345349
1325	47.67642425509049
1326	47.634672002831195
1327	47.87949590999824
1328	47.91881686972345
1329	47.864263617592506
1330	46.83884331357804
1331	47.3823738258287
1332	47.22859898714616
1333	47.131152544374324
1334	47.07969308150296
1335	47.23781003947627
1336	47.26663481608356
1337	47.03010448116794
1338	46.85065869340672
1339	46.698593841318676
1340	46.217764644053105
1341	46.471744531930874
1342	46.51791086265227
1343	46.50079298338429
1344	46.44190565631117
1345	46.368910950197886
1346	46.35801063355322
1347	46.32132868418756
1348	46.19608937961267
1349	46.12184600804271
1350	46.651949949144516
1351	47.06769786120938
1352	46.84553182299379
1353	47.096022457666244
1354	46.864345929050245
1355	47.07180054043127
1356	46.99120575898779
1357	46.8662035502377
1358	46.79212325471536
1359	47.35679565716781
1360	47.22921555088868
1361	47.18050209712163
1362	47.34437476079478
1363	47.06261630871693
1364	46.93331326662549
1365	46.638269370811585
1366	46.60281106887085
1367	46.808166452501666
1368	46.82019540010319
1369	46.93071597293638
1370	47.25011925084638
1371	47.205605970714046
1372	47.39934857091178
1373	47.49011273307369
1374	47.56873406711588
1375	47.455530331081576
1376	47.376210562600164
1377	47.52275264130049
1378	47.48790919168299
1379	47.49319016677361
1380	47.61936340210423
1381	47.629726321098374
1382	47.409492271009114
1383	47.37029159331805
1384	47.37794955372655
1385	47.445787833795464
1386	47.364990489202945
1387	47.431189688205905
1388	47.48114235721626
1389	47.44002104904258
1390	47.63636625685514
1391	46.80310644063236
1392	46.74996601566417
1393	46.629328827677845
1394	46.63748769316247
1395	46.54161900177314
1396	46.50861470651098
1397	46.67951504484715
1398	46.63132632761645
1399	47.08455708431054
1400	46.79933918838137
1401	46.84117352306862
1402	46.5428819639524
1403	46.59963700394704
1404	46.70162707372383
1405	46.722171629738945
1406	46.77141641468691
1407	46.83496361606583
1408	46.544550818837074
1409	46.5052729555065
1410	46.83879924198338
1411	46.690242314989135
1412	46.61818845576663
1413	46.715636525231744
1414	46.886387523717204
1415	47.12756305020971
1416	47.27764405074318
1417	47.191414646831824
1418	47.17823485294326
1419	47.22246647793122
1420	46.73026877453885
1421	46.76776427188678
1422	47.02387999289324
1423	46.71456164896302
1424	46.86148984147365
1425	46.197334909416284
1426	46.11770753463317
1427	46.205527181635446
1428	46.40560031132792
1429	46.426141124163614
1430	46.25798113327073
1431	46.3573817552293
1432	46.757448532024185
1433	46.846869722969316
1434	46.901142561530335
1435	47.14396584654567
1436	47.19440957879616
1437	47.13041389172876
1438	46.77895697872697
1439	46.63899771010048
1440	46.50016802632602
1441	47.22020439754549
1442	47.43702865298938
1443	47.65963995429771
1444	47.99313649223059
1445	48.306520036419855
1446	48.49880577190507
1447	48.39864655392852
1448	48.39892798733568
1449	48.3858054321433
1450	47.980080941215405
1451	48.006394904180866
1452	47.715141291768035
1453	47.58350609446582
1454	47.555014161578136
1455	47.45722665173182
1456	47.41350135230475
1457	47.37711489194203
1458	47.519904076285
1459	47.554768366664845
1460	46.28810797996566
1461	46.718290335856096
1462	46.70052753329554
1463	46.756212674843766
1464	46.798867548274224
1465	46.77037613164849
1466	46.78069196482555
1467	46.69479123336437
1468	46.666601551598454
1469	46.57057425739033
1470	45.85601284433477
1471	45.9096884374345
1472	46.01198800648337
1473	46.04200378659157
1474	46.11039762771955
1475	46.02502856362246
1476	45.97108875857571
1477	45.92899605801516
1478	46.08073303434158
1479	46.22931792271863
1480	45.585407375812075
1481	46.02935028000257
1482	46.36606088906212
1483	46.49104516964311
1484	46.29514106461236
1485	46.09925615152703
1486	46.30902624473262
1487	46.521547185986016
1488	46.50225524501219
1489	46.42348933521972
1490	45.92950404156721
1491	45.800966619037304
1492	45.85457953090548
1493	46.16744483416669
1494	46.41488477301148
1495	46.54498690982038
1496	46.56877551387122
1497	46.56938069742539
1498	46.35967307445422
1499	46.48382544534578
1500	45.665068361994145
1501	45.70807900828994
1502	45.72325212211956
1503	45.723181540428
1504	45.7532284792202
1505	45.80533737612637
1506	45.83499592959978
1507	45.95704534924682
1508	45.91706922735415
1509	45.98765969039577
1510	46.168825258059414
1511	46.25227066301094
1512	46.23793559728706
1513	46.54623679534227
1514	46.487992848098074
1515	46.56186136036061
1516	46.866735265144456
1517	46.909914296020844
1518	46.550397594015
1519	46.85524563280267
1520	46.33273982835856
1521	46.655412998055866
1522	46.727721348581454
1523	47.03227995717075
1524	47.211561030811914
1525	47.636622944158525
1526	47.61451569698106
1527	47.46273739036837
1528	47.41874945072447
1529	47.15686392664128
1530	46.5344728513555
1531	46.862403084698286
1532	47.230082404899264
1533	47.718756410493775
1534	47.85951458475416
1535	48.27039834238231
1536	46.925245180261626
1537	46.798087759016944
1538	46.68538283571414
1539	47.282453050275144
1540	46.250251268011425
1541	46.49942327937825
1542	46.64292918675096
1543	46.94622104223381
1544	47.09383186953809
1545	47.226172720222294
1546	47.16612910249435
1547	46.979330571760784
1548	46.67122603248174
1549	46.848614909868225
1550	46.4302964605237
1551	46.40299339082995
1552	46.51493248347913
1553	46.47717344519017
1554	46.346514004473335
1555	46.41830403248775
1556	46.52600713802113
1557	46.40658447058119
1558	46.3326106221849
1559	46.35877515663125
1560	46.331912052524345
1561	46.346144607329364
1562	46.336020183806916
1563	46.33866251875421
1564	46.23440319649837
1565	46.20924920629956
1566	46.26630916797161
1567	46.31699578371031
1568	46.301980278546594
1569	46.2248435347695
1570	46.11035378522243
1571	46.140564231106076
1572	46.12292092501584
1573	46.03217539669985
1574	46.041627899466306
1575	46.070162039726796
1576	45.880945015370465
1577	45.86756274628547
1578	46.120746307013604
1579	45.97598658167026
1580	45.911870028536306
1581	45.863256924784025
1582	45.75737721840955
1583	45.7339737983603
1584	45.779631952404415
1585	45.851636251872286
1586	45.91694678226734
1587	45.9612596638128
1588	45.90211038069513
1589	45.87495944059511
1590	45.6751307552629
1591	45.592573462200775
1592	45.89256734092166
1593	45.76983348615435
1594	45.67969622705313
1595	45.819763870065486
1596	45.65431196382505
1597	45.588920507911425
1598	45.861439493036904
1599	45.53948209282295
1600	45.65911124960054
1601	46.202441513074874
1602	45.996329779481954
1603	45.65918949123944
1604	45.64152491259841
1605	45.7138752120902
1606	45.64739487944587
1607	45.741371762005876
1608	45.7474985165977
1609	45.72001897380122
1610	45.72912364120535
1611	45.756981525434234
1612	45.73178169708214
1613	46.18601975430754
1614	46.19212395318876
1615	46.557940347188534
1616	45.63296556636736
1617	46.42739452352477
1618	46.43026861611646
1619	46.36386287046433
1620	45.73153056433821
1621	45.851779588762625
1622	45.91568479264289
1623	45.95978188050709
1624	45.964761505520684
1625	46.03480242789237
1626	46.13261774510012
1627	46.12306514679831
1628	46.21363256925288
1629	46.22146793977569
1630	45.86960257074894
1631	46.05021409111674
1632	45.97264769683815
1633	46.15734825841081
1634	46.23245025930301
1635	46.18040306467556
1636	46.28720144680894
1637	46.209200766318396
1638	46.13563566193669
1639	46.292226524738254
1640	46.614650067452175
1641	46.80520248642607
1642	46.826099866755875
1643	46.74174488790639
1644	46.842062267439985
1645	46.795796974883466
1646	46.71771698753904
1647	46.732841983058755
1648	47.28945596194706
1649	47.73762269482666
1650	45.94174597914495
1651	47.57922636496631
1652	47.60030646810315
1653	47.56022926947411
1654	47.46764383263812
1655	47.265658240448865
1656	47.31342644685263
1657	46.773769455554906
1658	46.71026228539581
1659	46.67996090264133
1660	46.24946894255963
1661	46.287327482410916
1662	46.301845111446326
1663	46.35081391304606
1664	46.35243697985011
1665	46.38740520562017
1666	46.37849448051425
1667	46.39045449096112
1668	46.373333711807135
1669	46.35397950173424
1670	46.68886464324415
1671	46.5802303128678
1672	46.458035862077
1673	46.3219739978483
1674	46.34194226572955
1675	46.638966514275715
1676	46.56479422266648
1677	46.56767110074115
1678	46.366350135918346
1679	46.37259456441057
1680	46.23768908896332
1681	46.57865463904574
1682	46.776215252333586
1683	46.50299711844481
1684	46.659879786483685
1685	46.78543090263982
1686	46.54157009843104
1687	46.81951397659648
1688	46.68172578900884
1689	46.74316175607512
1690	46.64589947403289
1691	46.47945440165097
1692	46.36013882056723
1693	46.415592114922944
1694	46.45462600485526
1695	46.50219526725107
1696	46.555649379890866
1697	46.49802860113854
1698	46.52045857119905
1699	46.5083523458558
1700	47.00074107590855
1701	46.683641477302125
1702	46.758833883435
1703	47.04779402960231
1704	46.97166040332468
1705	46.93987937583785
1706	46.97048445663468
1707	46.899648499956434
1708	46.92343509671234
1709	46.77312081224152
1710	46.9894576227567
1711	46.82145063490181
1712	47.39339152427567
1713	47.6537543124934
1714	47.28015779476584
1715	46.88757447319177
1716	46.98288264481069
1717	46.49173774237398
1718	46.479256321323945
1719	46.50924184152697
1720	46.286736607986796
1721	46.37176288291694
1722	46.556420351036145
1723	47.14348250969768
1724	47.801562515986475
1725	47.633827614192484
1726	47.6419320463732
1727	47.64712398324363
1728	47.65798355681881
1729	47.63044236799877
1730	46.37895338806463
1731	46.64118940621529
1732	47.24190885543177
1733	47.231368821960764
1734	47.230300280235376
1735	47.52618553545546
1736	47.32357989838608
1737	47.144740187533046
1738	47.1676936781136
1739	47.28142066670644
1740	46.242222383303314
1741	45.99236589344916
1742	46.56673887703433
1743	46.524379633791796
1744	46.058368900176646
1745	46.4585398288219
1746	46.44997986343775
1747	46.39774863984498
1748	46.446107846101505
1749	46.37556682204398
1750	45.97404106534875
1751	45.945740735360864
1752	45.98695990988364
1753	46.036066329338716
1754	46.07945345676584
1755	46.1155399143476
1756	46.13604182573888
1757	46.170283910236726
1758	46.10964666688296
1759	46.106102289287165
1760	45.84386637909556
1761	45.80358691131376
1762	45.80981685802405
1763	45.791163541037974
1764	45.77821874900506
1765	45.815517035656626
1766	45.876841121328766
1767	45.85535628094074
1768	46.08311512363623
1769	46.147172519696966
1770	46.045836584632525
1771	46.050677641648186
1772	46.132608490912126
1773	46.2551639421475
1774	46.521959282698106
1775	46.561352556858786
1776	46.74076339203395
1777	46.86442103226925
1778	47.077863499176445
1779	46.22400726584172
1780	46.67701469088794
1781	46.38159351461076
1782	46.86162379264525
1783	46.686767413622434
1784	46.78488395631699
1785	46.42651314513984
1786	46.52409751147944
1787	46.62957488270341
1788	46.66948286011265
1789	46.40207287486816
1790	46.01763682565264
1791	46.06249758372314
1792	46.181251032168845
1793	46.15098645801456
1794	46.114871888981526
1795	46.087754560160846
1796	46.23347893731199
1797	46.3156947795852
1798	46.28824957149835
1799	46.28791706707844
