second,frame,seconds,n,k,PLR
492, 0, 1664880542, 274, 273, 0
492, 1, 1664880542, 38, 37, 0
492, 2, 1664880542, 27, 26, 0
492, 3, 1664880542, 28, 27, 0
492, 4, 1664880542, 37, 36, 0
492, 5, 1664880542, 32, 31, 0
492, 6, 1664880542, 29, 28, 0
492, 7, 1664880542, 27, 26, 0
492, 8, 1664880542, 27, 26, 0
492, 9, 1664880542, 25, 24, 0
492, 10, 1664880543, 39, 38, 0
492, 11, 1664880543, 18, 17, 0
492, 12, 1664880543, 23, 22, 0
492, 13, 1664880543, 18, 17, 0
492, 14, 1664880543, 29, 28, 0
492, 15, 1664880543, 22, 21, 0
492, 16, 1664880543, 32, 31, 0
492, 17, 1664880543, 27, 26, 0
492, 18, 1664880543, 26, 25, 0
492, 19, 1664880543, 24, 23, 0
492, 20, 1664880543, 42, 41, 0
492, 21, 1664880543, 26, 25, 0
492, 22, 1664880543, 22, 21, 0
492, 23, 1664880543, 18, 17, 0
492, 24, 1664880543, 19, 18, 0
492, 25, 1664880543, 17, 16, 0
492, 26, 1664880543, 29, 28, 0
493, 27, 1664880543, 27, 26, 0
493, 28, 1664880543, 29, 28, 0
493, 29, 1664880543, 25, 24, 0
493, 30, 1664880543, 52, 51, 0
493, 31, 1664880543, 28, 27, 0
493, 32, 1664880543, 29, 28, 0
493, 33, 1664880543, 32, 31, 0
493, 34, 1664880543, 35, 34, 0
493, 35, 1664880543, 34, 33, 0
493, 36, 1664880543, 31, 30, 0
493, 37, 1664880543, 35, 34, 0
493, 38, 1664880544, 36, 35, 0
493, 39, 1664880544, 37, 36, 0
493, 40, 1664880544, 72, 71, 0
493, 41, 1664880544, 30, 29, 0
493, 42, 1664880544, 31, 30, 0.00031084064086446084
493, 43, 1664880544, 34, 33, 0.00031084064086446084
493, 44, 1664880544, 33, 32, 0.00031084064086446084
493, 45, 1664880544, 27, 26, 0.00031084064086446084
493, 46, 1664880544, 30, 29, 0.00031084064086446084
493, 47, 1664880544, 24, 23, 0.00031084064086446084
493, 48, 1664880544, 33, 32, 0.00031084064086446084
493, 49, 1664880544, 21, 20, 0.00031084064086446084
493, 50, 1664880544, 80, 79, 0.00031084064086446084
493, 51, 1664880544, 24, 23, 0.00031084064086446084
493, 52, 1664880544, 21, 20, 0.00031084064086446084
493, 53, 1664880544, 37, 36, 0.00031084064086446084
493, 54, 1664880544, 25, 24, 0.00031084064086446084
494, 55, 1664880544, 24, 23, 0.00031084064086446084
494, 56, 1664880544, 23, 22, 0.00031084064086446084
494, 57, 1664880544, 22, 21, 0.00031084064086446084
494, 58, 1664880544, 24, 23, 0.00031084064086446084
494, 59, 1664880544, 38, 37, 0.00031084064086446084
494, 60, 1664880544, 80, 79, 0.00031084064086446084
494, 61, 1664880544, 27, 26, 0.00031084064086446084
494, 62, 1664880544, 33, 32, 0.00031084064086446084
494, 63, 1664880544, 35, 34, 0.00031084064086446084
494, 64, 1664880544, 31, 30, 0.00031084064086446084
494, 65, 1664880544, 31, 30, 0.00031084064086446084
494, 66, 1664880545, 26, 25, 0.00031084064086446084
494, 67, 1664880545, 34, 33, 0.00031084064086446084
494, 68, 1664880545, 31, 30, 0.0006977591776914625
494, 69, 1664880545, 30, 29, 0.0006977591776914625
494, 70, 1664880545, 79, 78, 0.0006977591776914625
494, 71, 1664880545, 32, 31, 0.0006977591776914625
494, 72, 1664880545, 29, 28, 0.0006977591776914625
494, 73, 1664880545, 30, 29, 0.0006977591776914625
494, 74, 1664880545, 32, 31, 0.0006977591776914625
494, 75, 1664880545, 36, 35, 0.0006977591776914625
494, 76, 1664880545, 31, 30, 0.0006977591776914625
494, 77, 1664880545, 29, 28, 0.0006977591776914625
494, 78, 1664880545, 28, 27, 0.0006977591776914625
494, 79, 1664880545, 28, 27, 0.0006977591776914625
494, 80, 1664880545, 63, 62, 0.0006977591776914625
494, 81, 1664880545, 22, 21, 0.0006977591776914625
494, 82, 1664880545, 20, 19, 0.0006977591776914625
494, 83, 1664880545, 22, 21, 0.0006977591776914625
495, 84, 1664880545, 22, 21, 0.0006977591776914625
495, 85, 1664880545, 21, 20, 0.0006977591776914625
495, 86, 1664880545, 21, 20, 0.0006977591776914625
495, 87, 1664880545, 21, 20, 0.0006977591776914625
495, 88, 1664880545, 21, 20, 0.0006977591776914625
495, 89, 1664880545, 23, 22, 0.0006977591776914625
495, 90, 1664880545, 66, 65, 0.0006977591776914625
495, 91, 1664880545, 19, 18, 0.0006977591776914625
495, 92, 1664880545, 17, 16, 0.0006977591776914625
495, 93, 1664880545, 20, 19, 0.0006977591776914625
495, 94, 1664880546, 23, 22, 0.0006977591776914625
495, 95, 1664880546, 17, 16, 0.0017256291494503564
495, 96, 1664880546, 28, 27, 0.0017256291494503564
495, 97, 1664880546, 28, 27, 0.0017256291494503564
495, 98, 1664880546, 31, 30, 0.0017256291494503564
495, 99, 1664880546, 29, 28, 0.0017256291494503564
495, 100, 1664880546, 80, 79, 0.0017256291494503564
495, 101, 1664880546, 34, 33, 0.0017256291494503564
495, 102, 1664880546, 35, 34, 0.0017256291494503564
495, 103, 1664880546, 35, 34, 0.0017256291494503564
495, 104, 1664880546, 29, 28, 0.0017256291494503564
495, 105, 1664880546, 27, 26, 0.0017256291494503564
495, 106, 1664880546, 23, 22, 0.0017256291494503564
495, 107, 1664880546, 22, 21, 0.0017256291494503564
495, 108, 1664880546, 22, 21, 0.0017256291494503564
495, 109, 1664880546, 25, 24, 0.0017256291494503564
495, 110, 1664880546, 68, 67, 0.0017256291494503564
495, 111, 1664880546, 32, 31, 0.0017256291494503564
496, 112, 1664880546, 32, 31, 0.0017256291494503564
496, 113, 1664880546, 30, 29, 0.0017256291494503564
496, 114, 1664880546, 28, 27, 0.0017256291494503564
496, 115, 1664880546, 20, 19, 0.0017256291494503564
496, 116, 1664880546, 19, 18, 0.0017256291494503564
496, 117, 1664880546, 17, 16, 0.0017256291494503564
496, 118, 1664880546, 15, 14, 0.0017256291494503564
496, 119, 1664880546, 17, 16, 0.0017256291494503564
496, 120, 1664880546, 60, 59, 0.0017256291494503564
496, 121, 1664880546, 17, 16, 0.0017256291494503564
496, 122, 1664880547, 15, 14, 0.0017256291494503564
496, 123, 1664880547, 18, 17, 0.0017256291494503564
496, 124, 1664880547, 18, 17, 0.0015629293772194556
496, 125, 1664880547, 18, 17, 0.0015629293772194556
496, 126, 1664880547, 17, 16, 0.0015629293772194556
496, 127, 1664880547, 17, 16, 0.0015629293772194556
496, 128, 1664880547, 16, 15, 0.0015629293772194556
496, 129, 1664880547, 17, 16, 0.0015629293772194556
496, 130, 1664880547, 66, 65, 0.0015629293772194556
496, 131, 1664880547, 12, 11, 0.0015629293772194556
496, 132, 1664880547, 14, 13, 0.0015629293772194556
496, 133, 1664880547, 16, 15, 0.0015629293772194556
496, 134, 1664880547, 15, 14, 0.0015629293772194556
496, 135, 1664880547, 17, 16, 0.0015629293772194556
496, 136, 1664880547, 16, 15, 0.0015629293772194556
496, 137, 1664880547, 15, 14, 0.0015629293772194556
496, 138, 1664880547, 20, 19, 0.0015629293772194556
496, 139, 1664880547, 27, 26, 0.0015629293772194556
497, 140, 1664880547, 66, 65, 0.0015629293772194556
497, 141, 1664880547, 26, 25, 0.0015629293772194556
497, 142, 1664880547, 26, 25, 0.0015629293772194556
497, 143, 1664880547, 21, 20, 0.0015629293772194556
497, 144, 1664880547, 18, 17, 0.0015629293772194556
497, 145, 1664880547, 16, 15, 0.0015629293772194556
497, 146, 1664880547, 14, 13, 0.0015629293772194556
497, 147, 1664880547, 17, 16, 0.0015629293772194556
497, 148, 1664880547, 18, 17, 0.0015629293772194556
497, 149, 1664880547, 16, 15, 0.0015629293772194556
497, 150, 1664880548, 60, 59, 0.0015629293772194556
497, 151, 1664880548, 15, 14, 0.0013513830958469606
497, 152, 1664880548, 14, 13, 0.0013513830958469606
497, 153, 1664880548, 14, 13, 0.0013513830958469606
497, 154, 1664880548, 12, 11, 0.0013513830958469606
497, 155, 1664880548, 13, 12, 0.0013513830958469606
497, 156, 1664880548, 16, 15, 0.0013513830958469606
497, 157, 1664880548, 19, 18, 0.0013513830958469606
497, 158, 1664880548, 19, 18, 0.0013513830958469606
497, 159, 1664880548, 19, 18, 0.0013513830958469606
497, 160, 1664880548, 57, 56, 0.0013513830958469606
497, 161, 1664880548, 19, 18, 0.0013513830958469606
497, 162, 1664880548, 19, 18, 0.0013513830958469606
497, 163, 1664880548, 15, 14, 0.0013513830958469606
497, 164, 1664880548, 15, 14, 0.0013513830958469606
497, 165, 1664880548, 13, 12, 0.0013513830958469606
497, 166, 1664880548, 13, 12, 0.0013513830958469606
497, 167, 1664880548, 14, 13, 0.0013513830958469606
497, 168, 1664880548, 13, 12, 0.0013513830958469606
498, 169, 1664880548, 17, 16, 0.0013513830958469606
498, 170, 1664880548, 60, 59, 0.0013513830958469606
498, 171, 1664880548, 19, 18, 0.0013513830958469606
498, 172, 1664880548, 18, 17, 0.0013513830958469606
498, 173, 1664880548, 19, 18, 0.0013513830958469606
498, 174, 1664880548, 23, 22, 0.0013513830958469606
498, 175, 1664880548, 23, 22, 0.0013513830958469606
498, 176, 1664880548, 21, 20, 0.0013513830958469606
498, 177, 1664880548, 22, 21, 0.0013513830958469606
498, 178, 1664880549, 19, 18, 0.0011807495052056508
498, 179, 1664880549, 21, 20, 0.0011807495052056508
498, 180, 1664880549, 97, 96, 0.0011807495052056508
498, 181, 1664880549, 20, 19, 0.0011807495052056508
498, 182, 1664880549, 23, 22, 0.0011807495052056508
498, 183, 1664880549, 24, 23, 0.0011807495052056508
498, 184, 1664880549, 21, 20, 0.0011807495052056508
498, 185, 1664880549, 25, 24, 0.0011807495052056508
498, 186, 1664880549, 26, 25, 0.0011807495052056508
498, 187, 1664880549, 27, 26, 0.0011807495052056508
498, 188, 1664880549, 29, 28, 0.0011807495052056508
498, 189, 1664880549, 30, 29, 0.0011807495052056508
498, 190, 1664880549, 101, 100, 0.0011807495052056508
498, 191, 1664880549, 20, 19, 0.0011807495052056508
498, 192, 1664880549, 18, 17, 0.0011807495052056508
498, 193, 1664880549, 23, 22, 0.0011807495052056508
498, 194, 1664880549, 23, 22, 0.0011807495052056508
498, 195, 1664880549, 26, 25, 0.0011807495052056508
498, 196, 1664880549, 24, 23, 0.0011807495052056508
498, 197, 1664880549, 27, 26, 0.0011807495052056508
499, 198, 1664880549, 25, 24, 0.0011807495052056508
499, 199, 1664880549, 32, 31, 0.0011807495052056508
499, 200, 1664880549, 95, 94, 0.0011807495052056508
499, 201, 1664880549, 30, 29, 0.0011807495052056508
499, 202, 1664880549, 28, 27, 0.0011807495052056508
499, 203, 1664880549, 33, 32, 0.0011807495052056508
499, 204, 1664880549, 31, 30, 0.0011807495052056508
499, 205, 1664880549, 33, 32, 0.000988252200840293
499, 206, 1664880550, 29, 28, 0.000988252200840293
499, 207, 1664880550, 27, 26, 0.000988252200840293
499, 208, 1664880550, 26, 25, 0.000988252200840293
499, 209, 1664880550, 33, 32, 0.000988252200840293
499, 210, 1664880550, 79, 78, 0.000988252200840293
499, 211, 1664880550, 43, 42, 0.000988252200840293
499, 212, 1664880550, 24, 23, 0.000988252200840293
499, 213, 1664880550, 28, 27, 0.000988252200840293
499, 214, 1664880550, 28, 27, 0.000988252200840293
499, 215, 1664880550, 23, 22, 0.000988252200840293
499, 216, 1664880550, 20, 19, 0.000988252200840293
499, 217, 1664880550, 23, 22, 0.000988252200840293
499, 218, 1664880550, 18, 17, 0.000988252200840293
499, 219, 1664880550, 20, 19, 0.000988252200840293
499, 220, 1664880550, 57, 56, 0.000988252200840293
499, 221, 1664880550, 22, 21, 0.000988252200840293
499, 222, 1664880550, 25, 24, 0.000988252200840293
499, 223, 1664880550, 27, 26, 0.000988252200840293
499, 224, 1664880550, 25, 24, 0.000988252200840293
499, 225, 1664880550, 31, 30, 0.000988252200840293
4910, 226, 1664880550, 37, 36, 0.000988252200840293
4910, 227, 1664880550, 33, 32, 0.000988252200840293
4910, 228, 1664880550, 38, 37, 0.000988252200840293
4910, 229, 1664880550, 37, 36, 0.000988252200840293
4910, 230, 1664880550, 93, 92, 0.000988252200840293
4910, 231, 1664880550, 26, 25, 0.000988252200840293
4910, 232, 1664880550, 27, 26, 0.000988252200840293
4910, 233, 1664880550, 25, 24, 0.0008491954832883039
4910, 234, 1664880551, 27, 26, 0.0008491954832883039
4910, 235, 1664880551, 25, 24, 0.0008491954832883039
4910, 236, 1664880551, 27, 26, 0.0008491954832883039
4910, 237, 1664880551, 29, 28, 0.0008491954832883039
4910, 238, 1664880551, 27, 26, 0.0008491954832883039
4910, 239, 1664880551, 29, 28, 0.0008491954832883039
4910, 240, 1664880551, 86, 85, 0.0008491954832883039
4910, 241, 1664880551, 23, 22, 0.0008491954832883039
4910, 242, 1664880551, 20, 19, 0.0008491954832883039
4910, 243, 1664880551, 20, 19, 0.0008491954832883039
4910, 244, 1664880551, 22, 21, 0.0008491954832883039
4910, 245, 1664880551, 26, 25, 0.0008491954832883039
4910, 246, 1664880551, 24, 23, 0.0008491954832883039
4910, 247, 1664880551, 26, 25, 0.0008491954832883039
4910, 248, 1664880551, 24, 23, 0.0008491954832883039
4910, 249, 1664880551, 29, 28, 0.0008491954832883039
4910, 250, 1664880551, 88, 87, 0.0008491954832883039
4910, 251, 1664880551, 18, 17, 0.0008491954832883039
4910, 252, 1664880551, 23, 22, 0.0008491954832883039
4910, 253, 1664880551, 26, 25, 0.0008491954832883039
4911, 254, 1664880551, 22, 21, 0.0008491954832883039
4911, 255, 1664880551, 22, 21, 0.0008491954832883039
4911, 256, 1664880551, 22, 21, 0.0008491954832883039
4911, 257, 1664880551, 22, 21, 0.0008491954832883039
4911, 258, 1664880551, 21, 20, 0.0008491954832883039
4911, 259, 1664880551, 24, 23, 0.0008491954832883039
4911, 260, 1664880551, 81, 80, 0.0008491954832883039
4911, 261, 1664880551, 28, 27, 0.0008491954832883039
4911, 262, 1664880552, 24, 23, 0.0007497412031275722
4911, 263, 1664880552, 23, 22, 0.0007497412031275722
4911, 264, 1664880552, 23, 22, 0.0007497412031275722
4911, 265, 1664880552, 25, 24, 0.0007497412031275722
4911, 266, 1664880552, 22, 21, 0.0007497412031275722
4911, 267, 1664880552, 23, 22, 0.0007497412031275722
4911, 268, 1664880552, 22, 21, 0.0007497412031275722
4911, 269, 1664880552, 24, 23, 0.0007497412031275722
4911, 270, 1664880552, 70, 69, 0.0007497412031275722
4911, 271, 1664880552, 33, 32, 0.0007497412031275722
4911, 272, 1664880552, 24, 23, 0.0007497412031275722
4911, 273, 1664880552, 27, 26, 0.0007497412031275722
4911, 274, 1664880552, 24, 23, 0.0007497412031275722
4911, 275, 1664880552, 26, 25, 0.0007497412031275722
4911, 276, 1664880552, 24, 23, 0.0007497412031275722
4911, 277, 1664880552, 21, 20, 0.0007497412031275722
4911, 278, 1664880552, 19, 18, 0.0007497412031275722
4912, 279, 1664880552, 23, 22, 0.0007497412031275722
4912, 280, 1664880552, 67, 66, 0.0007497412031275722
4912, 281, 1664880552, 17, 16, 0.0007497412031275722
4912, 282, 1664880552, 18, 17, 0.0007497412031275722
4912, 283, 1664880552, 17, 16, 0.0007497412031275722
4912, 284, 1664880552, 15, 14, 0.0007497412031275722
4912, 285, 1664880552, 15, 14, 0.0007497412031275722
4912, 286, 1664880552, 14, 13, 0.0007497412031275722
4912, 287, 1664880553, 14, 13, 0.0006903323826731451
4912, 288, 1664880553, 14, 13, 0.0006903323826731451
4912, 289, 1664880553, 13, 12, 0.0006903323826731451
4912, 290, 1664880553, 63, 62, 0.0006903323826731451
4912, 291, 1664880553, 11, 10, 0.0006903323826731451
4912, 292, 1664880553, 10, 9, 0.0006903323826731451
4912, 293, 1664880553, 9, 8, 0.0006903323826731451
4912, 294, 1664880553, 10, 9, 0.0006903323826731451
4912, 295, 1664880553, 11, 10, 0.0006903323826731451
4912, 296, 1664880553, 12, 11, 0.0006903323826731451
4912, 297, 1664880553, 10, 9, 0.0006903323826731451
4912, 298, 1664880553, 15, 14, 0.0006903323826731451
4912, 299, 1664880553, 17, 16, 0.0006903323826731451
4912, 300, 1664880553, 64, 63, 0.0006903323826731451
4912, 301, 1664880553, 21, 20, 0.0006903323826731451
4912, 302, 1664880553, 16, 15, 0.0006903323826731451
4912, 303, 1664880553, 13, 12, 0.0006903323826731451
4912, 304, 1664880553, 16, 15, 0.0006903323826731451
4912, 305, 1664880553, 14, 13, 0.0006903323826731451
4912, 306, 1664880553, 17, 16, 0.0006903323826731451
4912, 307, 1664880553, 17, 16, 0.0006903323826731451
4913, 308, 1664880553, 16, 15, 0.0006903323826731451
4913, 309, 1664880553, 18, 17, 0.0006903323826731451
4913, 310, 1664880553, 89, 88, 0.0006903323826731451
4913, 311, 1664880553, 19, 18, 0.0006903323826731451
4913, 312, 1664880553, 25, 24, 0.0006903323826731451
4913, 313, 1664880553, 28, 27, 0.0006903323826731451
4913, 314, 1664880553, 27, 26, 0.0006903323826731451
4913, 315, 1664880554, 27, 26, 0.0006903323826731451
4913, 316, 1664880554, 25, 24, 0.0006422712674237488
4913, 317, 1664880554, 24, 23, 0.0006422712674237488
4913, 318, 1664880554, 24, 23, 0.0006422712674237488
4913, 319, 1664880554, 26, 25, 0.0006422712674237488
4913, 320, 1664880554, 102, 101, 0.0006422712674237488
4913, 321, 1664880554, 28, 27, 0.0006422712674237488
4913, 322, 1664880554, 27, 26, 0.0006422712674237488
4913, 323, 1664880554, 31, 30, 0.0006422712674237488
4913, 324, 1664880554, 28, 27, 0.0006422712674237488
4913, 325, 1664880554, 27, 26, 0.0006422712674237488
4913, 326, 1664880554, 24, 23, 0.0006422712674237488
4913, 327, 1664880554, 24, 23, 0.0006422712674237488
4913, 328, 1664880554, 28, 27, 0.0006422712674237488
4913, 329, 1664880554, 30, 29, 0.0006422712674237488
4913, 330, 1664880554, 102, 101, 0.0006422712674237488
4913, 331, 1664880554, 31, 30, 0.0006422712674237488
4913, 332, 1664880554, 31, 30, 0.0006422712674237488
4913, 333, 1664880554, 32, 31, 0.0006422712674237488
4913, 334, 1664880554, 36, 35, 0.0006422712674237488
4913, 335, 1664880554, 34, 33, 0.0006422712674237488
4914, 336, 1664880554, 30, 29, 0.0006422712674237488
4914, 337, 1664880554, 32, 31, 0.0006422712674237488
4914, 338, 1664880554, 29, 28, 0.0006422712674237488
4914, 339, 1664880554, 26, 25, 0.0006422712674237488
4914, 340, 1664880554, 113, 112, 0.0006422712674237488
4914, 341, 1664880554, 26, 25, 0.0006422712674237488
4914, 342, 1664880555, 25, 24, 0.0006422712674237488
4914, 343, 1664880555, 24, 23, 0.0006422712674237488
4914, 344, 1664880555, 23, 22, 0.0005752528294834584
4914, 345, 1664880555, 33, 32, 0.0005752528294834584
4914, 346, 1664880555, 28, 27, 0.0005752528294834584
4914, 347, 1664880555, 26, 25, 0.0005752528294834584
4914, 348, 1664880555, 22, 21, 0.0005752528294834584
4914, 349, 1664880555, 22, 21, 0.0005752528294834584
4914, 350, 1664880555, 92, 91, 0.0005752528294834584
4914, 351, 1664880555, 18, 17, 0.0005752528294834584
4914, 352, 1664880555, 20, 19, 0.0005752528294834584
4914, 353, 1664880555, 20, 19, 0.0005752528294834584
4914, 354, 1664880555, 20, 19, 0.0005752528294834584
4914, 355, 1664880555, 23, 22, 0.0005752528294834584
4914, 356, 1664880555, 21, 20, 0.0005752528294834584
4914, 357, 1664880555, 27, 26, 0.0005752528294834584
4914, 358, 1664880555, 23, 22, 0.0005752528294834584
4914, 359, 1664880555, 24, 23, 0.0005752528294834584
4914, 360, 1664880555, 87, 86, 0.0005752528294834584
4914, 361, 1664880555, 23, 22, 0.0005752528294834584
4914, 362, 1664880555, 22, 21, 0.0005752528294834584
4914, 363, 1664880555, 25, 24, 0.0005752528294834584
4915, 364, 1664880555, 24, 23, 0.0005752528294834584
4915, 365, 1664880555, 31, 30, 0.0005752528294834584
4915, 366, 1664880555, 29, 28, 0.0005752528294834584
4915, 367, 1664880555, 37, 36, 0.0005752528294834584
4915, 368, 1664880555, 32, 31, 0.0005752528294834584
4915, 369, 1664880555, 45, 44, 0.0005752528294834584
4915, 370, 1664880556, 95, 94, 0.0005752528294834584
4915, 371, 1664880556, 35, 34, 0.0005752528294834584
4915, 372, 1664880556, 33, 32, 0.0005262011190377785
4915, 373, 1664880556, 35, 34, 0.0005262011190377785
4915, 374, 1664880556, 37, 36, 0.0005262011190377785
4915, 375, 1664880556, 33, 32, 0.0005262011190377785
4915, 376, 1664880556, 26, 25, 0.0005262011190377785
4915, 377, 1664880556, 29, 28, 0.0005262011190377785
4915, 378, 1664880556, 30, 29, 0.0005262011190377785
4915, 379, 1664880556, 29, 28, 0.0005262011190377785
4915, 380, 1664880556, 77, 76, 0.0005262011190377785
4915, 381, 1664880556, 20, 19, 0.0005262011190377785
4915, 382, 1664880556, 21, 20, 0.0005262011190377785
4915, 383, 1664880556, 29, 28, 0.0005262011190377785
4915, 384, 1664880556, 34, 33, 0.0005262011190377785
4915, 385, 1664880556, 38, 37, 0.0005262011190377785
4915, 386, 1664880556, 28, 27, 0.0005262011190377785
4915, 387, 1664880556, 27, 26, 0.0005262011190377785
4915, 388, 1664880556, 23, 22, 0.0005262011190377785
4915, 389, 1664880556, 22, 21, 0.0005262011190377785
4915, 390, 1664880556, 74, 73, 0.0005262011190377785
4915, 391, 1664880556, 24, 23, 0.0005262011190377785
4916, 392, 1664880556, 31, 30, 0.0005262011190377785
4916, 393, 1664880556, 35, 34, 0.0005262011190377785
4916, 394, 1664880556, 23, 22, 0.0005262011190377785
4916, 395, 1664880556, 21, 20, 0.0005262011190377785
4916, 396, 1664880556, 29, 28, 0.0005262011190377785
4916, 397, 1664880556, 40, 39, 0.0005262011190377785
4916, 398, 1664880557, 28, 27, 0.0005262011190377785
4916, 399, 1664880557, 36, 35, 0.0005262011190377785
4916, 400, 1664880557, 74, 73, 0.0004850720061661879
4916, 401, 1664880557, 23, 22, 0.0004850720061661879
4916, 402, 1664880557, 25, 24, 0.0004850720061661879
4916, 403, 1664880557, 29, 28, 0.0004850720061661879
4916, 404, 1664880557, 26, 25, 0.0004850720061661879
4916, 405, 1664880557, 25, 24, 0.0004850720061661879
4916, 406, 1664880557, 26, 25, 0.0004850720061661879
4916, 407, 1664880557, 25, 24, 0.0004850720061661879
4916, 408, 1664880557, 27, 26, 0.0004850720061661879
4916, 409, 1664880557, 37, 36, 0.0004850720061661879
4916, 410, 1664880557, 79, 78, 0.0004850720061661879
4916, 411, 1664880557, 31, 30, 0.0004850720061661879
4916, 412, 1664880557, 25, 24, 0.0004850720061661879
4916, 413, 1664880557, 24, 23, 0.0004850720061661879
4916, 414, 1664880557, 19, 18, 0.0004850720061661879
4916, 415, 1664880557, 23, 22, 0.0004850720061661879
4916, 416, 1664880557, 20, 19, 0.0004850720061661879
4916, 417, 1664880557, 19, 18, 0.0004850720061661879
4916, 418, 1664880557, 23, 22, 0.0004850720061661879
4916, 419, 1664880557, 18, 17, 0.0004850720061661879
4917, 420, 1664880557, 68, 67, 0.0004850720061661879
4917, 421, 1664880557, 30, 29, 0.0004850720061661879
4917, 422, 1664880557, 34, 33, 0.0004850720061661879
4917, 423, 1664880557, 33, 32, 0.0004850720061661879
4917, 424, 1664880557, 28, 27, 0.0004850720061661879
4917, 425, 1664880558, 27, 26, 0.0004850720061661879
4917, 426, 1664880558, 26, 25, 0.0004850720061661879
4917, 427, 1664880558, 29, 28, 0.0004850720061661879
4917, 428, 1664880558, 24, 23, 0.0004510542804888818
4917, 429, 1664880558, 23, 22, 0.0004510542804888818
4917, 430, 1664880558, 75, 74, 0.0004510542804888818
4917, 431, 1664880558, 23, 22, 0.0004510542804888818
4917, 432, 1664880558, 24, 23, 0.0004510542804888818
4917, 433, 1664880558, 25, 24, 0.0004510542804888818
4917, 434, 1664880558, 25, 24, 0.0004510542804888818
4917, 435, 1664880558, 25, 24, 0.0004510542804888818
4917, 436, 1664880558, 23, 22, 0.0004510542804888818
4917, 437, 1664880558, 22, 21, 0.0004510542804888818
4917, 438, 1664880558, 24, 23, 0.0004510542804888818
4917, 439, 1664880558, 23, 22, 0.0004510542804888818
4917, 440, 1664880558, 84, 83, 0.0004510542804888818
4917, 441, 1664880558, 23, 22, 0.0004510542804888818
4917, 442, 1664880558, 23, 22, 0.0004510542804888818
4917, 443, 1664880558, 27, 26, 0.0004510542804888818
4917, 444, 1664880558, 24, 23, 0.0004510542804888818
4917, 445, 1664880558, 25, 24, 0.0004510542804888818
4917, 446, 1664880558, 24, 23, 0.0004510542804888818
4917, 447, 1664880558, 22, 21, 0.0004510542804888818
4918, 448, 1664880558, 21, 20, 0.0004510542804888818
4918, 449, 1664880558, 21, 20, 0.0004510542804888818
4918, 450, 1664880558, 81, 80, 0.0004510542804888818
4918, 451, 1664880558, 22, 21, 0.0004510542804888818
4918, 452, 1664880558, 20, 19, 0.0004510542804888818
4918, 453, 1664880559, 22, 21, 0.0004510542804888818
4918, 454, 1664880559, 21, 20, 0.0004510542804888818
4918, 455, 1664880559, 23, 22, 0.0004510542804888818
4918, 456, 1664880559, 24, 23, 0.0004510542804888818
4918, 457, 1664880559, 28, 27, 0.0004997697147813878
4918, 458, 1664880559, 28, 27, 0.0004997697147813878
4918, 459, 1664880559, 30, 29, 0.0004997697147813878
4918, 460, 1664880559, 85, 84, 0.0004997697147813878
4918, 461, 1664880559, 26, 25, 0.0004997697147813878
4918, 462, 1664880559, 31, 30, 0.0004997697147813878
4918, 463, 1664880559, 40, 39, 0.0004997697147813878
4918, 464, 1664880559, 39, 38, 0.0004997697147813878
4918, 465, 1664880559, 40, 39, 0.0004997697147813878
4918, 466, 1664880559, 30, 29, 0.0004997697147813878
4918, 467, 1664880559, 47, 46, 0.0004997697147813878
4918, 468, 1664880559, 27, 26, 0.0004997697147813878
4918, 469, 1664880559, 39, 38, 0.0004997697147813878
4918, 470, 1664880559, 103, 102, 0.0004997697147813878
4918, 471, 1664880559, 38, 37, 0.0004997697147813878
4918, 472, 1664880559, 39, 38, 0.0004997697147813878
4918, 473, 1664880559, 46, 45, 0.0004997697147813878
4918, 474, 1664880559, 33, 32, 0.0004997697147813878
4918, 475, 1664880559, 39, 38, 0.0004997697147813878
4919, 476, 1664880559, 34, 33, 0.0004997697147813878
4919, 477, 1664880559, 31, 30, 0.0004997697147813878
4919, 478, 1664880559, 29, 28, 0.0004997697147813878
4919, 479, 1664880559, 28, 27, 0.0004997697147813878
4919, 480, 1664880559, 86, 85, 0.0004997697147813878
4919, 481, 1664880560, 22, 21, 0.0004997697147813878
4919, 482, 1664880560, 21, 20, 0.0004997697147813878
4919, 483, 1664880560, 24, 23, 0.0004997697147813878
4919, 484, 1664880560, 28, 27, 0.0004997697147813878
4919, 485, 1664880560, 27, 26, 0.00046200077679855116
4919, 486, 1664880560, 26, 25, 0.00046200077679855116
4919, 487, 1664880560, 30, 29, 0.00046200077679855116
4919, 488, 1664880560, 28, 27, 0.00046200077679855116
4919, 489, 1664880560, 28, 27, 0.00046200077679855116
4919, 490, 1664880560, 85, 84, 0.00046200077679855116
4919, 491, 1664880560, 20, 19, 0.00046200077679855116
4919, 492, 1664880560, 25, 24, 0.00046200077679855116
4919, 493, 1664880560, 24, 23, 0.00046200077679855116
4919, 494, 1664880560, 23, 22, 0.00046200077679855116
4919, 495, 1664880560, 34, 33, 0.00046200077679855116
4919, 496, 1664880560, 30, 29, 0.00046200077679855116
4919, 497, 1664880560, 28, 27, 0.00046200077679855116
4919, 498, 1664880560, 24, 23, 0.00046200077679855116
4919, 499, 1664880560, 23, 22, 0.00046200077679855116
4919, 500, 1664880560, 91, 90, 0.00046200077679855116
4919, 501, 1664880560, 23, 22, 0.00046200077679855116
4919, 502, 1664880560, 22, 21, 0.00046200077679855116
4919, 503, 1664880560, 22, 21, 0.00046200077679855116
4920, 504, 1664880560, 22, 21, 0.00046200077679855116
4920, 505, 1664880560, 28, 27, 0.00046200077679855116
4920, 506, 1664880560, 28, 27, 0.00046200077679855116
4920, 507, 1664880560, 26, 25, 0.00046200077679855116
4920, 508, 1664880561, 25, 24, 0.00046200077679855116
4920, 509, 1664880561, 25, 24, 0.00046200077679855116
4920, 510, 1664880561, 89, 88, 0.00046200077679855116
4920, 511, 1664880561, 20, 19, 0.00046200077679855116
4920, 512, 1664880561, 20, 19, 0.00046200077679855116
4920, 513, 1664880561, 25, 24, 0.00043796623496672286
4920, 514, 1664880561, 23, 22, 0.00043796623496672286
4920, 515, 1664880561, 26, 25, 0.00043796623496672286
4920, 516, 1664880561, 24, 23, 0.00043796623496672286
4920, 517, 1664880561, 24, 23, 0.00043796623496672286
4920, 518, 1664880561, 23, 22, 0.00043796623496672286
4920, 519, 1664880561, 23, 22, 0.00043796623496672286
4920, 520, 1664880561, 89, 88, 0.00043796623496672286
4920, 521, 1664880561, 22, 21, 0.00043796623496672286
4920, 522, 1664880561, 22, 21, 0.00043796623496672286
4920, 523, 1664880561, 22, 21, 0.00043796623496672286
4920, 524, 1664880561, 21, 20, 0.00043796623496672286
4920, 525, 1664880561, 22, 21, 0.00043796623496672286
4920, 526, 1664880561, 21, 20, 0.00043796623496672286
4920, 527, 1664880561, 22, 21, 0.00043796623496672286
4920, 528, 1664880561, 22, 21, 0.00043796623496672286
4920, 529, 1664880561, 22, 21, 0.00043796623496672286
4920, 530, 1664880561, 78, 77, 0.00043796623496672286
4920, 531, 1664880561, 19, 18, 0.00043796623496672286
4921, 532, 1664880561, 20, 19, 0.00043796623496672286
4921, 533, 1664880561, 20, 19, 0.00043796623496672286
4921, 534, 1664880561, 18, 17, 0.00043796623496672286
4921, 535, 1664880561, 19, 18, 0.00043796623496672286
4921, 536, 1664880562, 19, 18, 0.00043796623496672286
4921, 537, 1664880562, 18, 17, 0.00043796623496672286
4921, 538, 1664880562, 18, 17, 0.00043796623496672286
4921, 539, 1664880562, 18, 17, 0.00043796623496672286
4921, 540, 1664880562, 65, 64, 0.00043796623496672286
4921, 541, 1664880562, 15, 14, 0.00041550714878878746
4921, 542, 1664880562, 14, 13, 0.00041550714878878746
4921, 543, 1664880562, 16, 15, 0.00041550714878878746
4921, 544, 1664880562, 14, 13, 0.00041550714878878746
4921, 545, 1664880562, 17, 16, 0.00041550714878878746
4921, 546, 1664880562, 15, 14, 0.00041550714878878746
4921, 547, 1664880562, 17, 16, 0.00041550714878878746
4921, 548, 1664880562, 17, 16, 0.00041550714878878746
4921, 549, 1664880562, 18, 17, 0.00041550714878878746
4921, 550, 1664880562, 78, 77, 0.00041550714878878746
4921, 551, 1664880562, 18, 17, 0.00041550714878878746
4921, 552, 1664880562, 21, 20, 0.00041550714878878746
4921, 553, 1664880562, 22, 21, 0.00041550714878878746
4921, 554, 1664880562, 24, 23, 0.00041550714878878746
4921, 555, 1664880562, 22, 21, 0.00041550714878878746
4921, 556, 1664880562, 24, 23, 0.00041550714878878746
4921, 557, 1664880562, 23, 22, 0.00041550714878878746
4921, 558, 1664880562, 23, 22, 0.00041550714878878746
4921, 559, 1664880562, 21, 20, 0.00041550714878878746
4921, 560, 1664880562, 86, 85, 0.00041550714878878746
4922, 561, 1664880562, 17, 16, 0.00041550714878878746
4922, 562, 1664880562, 22, 21, 0.00041550714878878746
4922, 563, 1664880562, 22, 21, 0.00041550714878878746
4922, 564, 1664880563, 24, 23, 0.00041550714878878746
4922, 565, 1664880563, 23, 22, 0.00041550714878878746
4922, 566, 1664880563, 21, 20, 0.00041550714878878746
4922, 567, 1664880563, 22, 21, 0.00041550714878878746
4922, 568, 1664880563, 22, 21, 0.00041550714878878746
4922, 569, 1664880563, 22, 21, 0.00039781349915682054
4922, 570, 1664880563, 82, 81, 0.00039781349915682054
4922, 571, 1664880563, 23, 22, 0.00039781349915682054
4922, 572, 1664880563, 20, 19, 0.00039781349915682054
4922, 573, 1664880563, 19, 18, 0.00039781349915682054
4922, 574, 1664880563, 20, 19, 0.00039781349915682054
4922, 575, 1664880563, 18, 17, 0.00039781349915682054
4922, 576, 1664880563, 18, 17, 0.00039781349915682054
4922, 577, 1664880563, 17, 16, 0.00039781349915682054
4922, 578, 1664880563, 15, 14, 0.00039781349915682054
4922, 579, 1664880563, 12, 11, 0.00039781349915682054
4922, 580, 1664880563, 52, 51, 0.00039781349915682054
4922, 581, 1664880563, 14, 13, 0.00039781349915682054
4922, 582, 1664880563, 13, 12, 0.00039781349915682054
4922, 583, 1664880563, 13, 12, 0.00039781349915682054
4922, 584, 1664880563, 12, 11, 0.00039781349915682054
4922, 585, 1664880563, 15, 14, 0.00039781349915682054
4922, 586, 1664880563, 14, 13, 0.00039781349915682054
4922, 587, 1664880563, 15, 14, 0.00039781349915682054
4922, 588, 1664880563, 15, 14, 0.00039781349915682054
4922, 589, 1664880563, 15, 14, 0.00039781349915682054
4923, 590, 1664880563, 64, 63, 0.00039781349915682054
4923, 591, 1664880563, 15, 14, 0.00039781349915682054
4923, 592, 1664880563, 15, 14, 0.00039781349915682054
4923, 593, 1664880564, 15, 14, 0.00039781349915682054
4923, 594, 1664880564, 16, 15, 0.00039781349915682054
4923, 595, 1664880564, 14, 13, 0.00039781349915682054
4923, 596, 1664880564, 13, 12, 0.00039781349915682054
4923, 597, 1664880564, 13, 12, 0.00039781349915682054
4923, 598, 1664880564, 15, 14, 0.00038391845373172615
4923, 599, 1664880564, 13, 12, 0.00038391845373172615
4923, 600, 1664880564, 55, 54, 0.00038391845373172615
4923, 601, 1664880564, 16, 15, 0.00038391845373172615
4923, 602, 1664880564, 14, 13, 0.00038391845373172615
4923, 603, 1664880564, 12, 11, 0.00038391845373172615
4923, 604, 1664880564, 13, 12, 0.00038391845373172615
4923, 605, 1664880564, 14, 13, 0.00038391845373172615
4923, 606, 1664880564, 15, 14, 0.00038391845373172615
4923, 607, 1664880564, 15, 14, 0.00038391845373172615
4923, 608, 1664880564, 17, 16, 0.00038391845373172615
4923, 609, 1664880564, 13, 12, 0.00038391845373172615
4923, 610, 1664880564, 41, 40, 0.00038391845373172615
4923, 611, 1664880564, 12, 11, 0.00038391845373172615
4923, 612, 1664880564, 18, 17, 0.00038391845373172615
4923, 613, 1664880564, 18, 17, 0.00038391845373172615
4923, 614, 1664880564, 16, 15, 0.00038391845373172615
4923, 615, 1664880564, 20, 19, 0.00038391845373172615
4923, 616, 1664880564, 18, 17, 0.00038391845373172615
4923, 617, 1664880564, 16, 15, 0.00038391845373172615
4923, 618, 1664880564, 14, 13, 0.00038391845373172615
4924, 619, 1664880564, 13, 12, 0.00038391845373172615
4924, 620, 1664880564, 54, 53, 0.00038391845373172615
4924, 621, 1664880564, 9, 8, 0.00038391845373172615
4924, 622, 1664880565, 10, 9, 0.00038391845373172615
4924, 623, 1664880565, 11, 10, 0.00038391845373172615
4924, 624, 1664880565, 10, 9, 0.00038391845373172615
4924, 625, 1664880565, 13, 12, 0.00038391845373172615
4924, 626, 1664880565, 12, 11, 0.00038391845373172615
4924, 627, 1664880565, 11, 10, 0.00037309917503907893
4924, 628, 1664880565, 18, 17, 0.00037309917503907893
4924, 629, 1664880565, 15, 14, 0.00037309917503907893
4924, 630, 1664880565, 66, 65, 0.00037309917503907893
4924, 631, 1664880565, 24, 23, 0.00037309917503907893
4924, 632, 1664880565, 23, 22, 0.00037309917503907893
4924, 633, 1664880565, 21, 20, 0.00037309917503907893
4924, 634, 1664880565, 20, 19, 0.00037309917503907893
4924, 635, 1664880565, 17, 16, 0.00037309917503907893
4924, 636, 1664880565, 17, 16, 0.00037309917503907893
4924, 637, 1664880565, 14, 13, 0.00037309917503907893
4924, 638, 1664880565, 14, 13, 0.00037309917503907893
4924, 639, 1664880565, 14, 13, 0.00037309917503907893
4924, 640, 1664880565, 72, 71, 0.00037309917503907893
4924, 641, 1664880565, 16, 15, 0.00037309917503907893
4924, 642, 1664880565, 13, 12, 0.00037309917503907893
4924, 643, 1664880565, 12, 11, 0.00037309917503907893
4924, 644, 1664880565, 13, 12, 0.00037309917503907893
4924, 645, 1664880565, 14, 13, 0.00037309917503907893
4924, 646, 1664880565, 17, 16, 0.00037309917503907893
4924, 647, 1664880565, 15, 14, 0.00037309917503907893
4925, 648, 1664880565, 14, 13, 0.00037309917503907893
4925, 649, 1664880565, 13, 12, 0.00037309917503907893
4925, 650, 1664880566, 65, 64, 0.00037309917503907893
4925, 651, 1664880566, 10, 9, 0.00037309917503907893
4925, 652, 1664880566, 11, 10, 0.00037309917503907893
4925, 653, 1664880566, 12, 11, 0.00037309917503907893
4925, 654, 1664880566, 12, 11, 0.00037309917503907893
4925, 655, 1664880566, 13, 12, 0.0003615355383524933
4925, 656, 1664880566, 14, 13, 0.0003615355383524933
4925, 657, 1664880566, 15, 14, 0.0003615355383524933
4925, 658, 1664880566, 16, 15, 0.0003615355383524933
4925, 659, 1664880566, 13, 12, 0.0003615355383524933
4925, 660, 1664880566, 92, 91, 0.0003615355383524933
4925, 661, 1664880566, 12, 11, 0.0003615355383524933
4925, 662, 1664880566, 14, 13, 0.0003615355383524933
4925, 663, 1664880566, 13, 12, 0.0003615355383524933
4925, 664, 1664880566, 16, 15, 0.0003615355383524933
4925, 665, 1664880566, 13, 12, 0.0003615355383524933
4925, 666, 1664880566, 16, 15, 0.0003615355383524933
4925, 667, 1664880566, 17, 16, 0.0003615355383524933
4925, 668, 1664880566, 17, 16, 0.0003615355383524933
4925, 669, 1664880566, 13, 12, 0.0003615355383524933
4925, 670, 1664880566, 68, 67, 0.0003615355383524933
4925, 671, 1664880566, 9, 8, 0.0003615355383524933
4925, 672, 1664880566, 11, 10, 0.0003615355383524933
4925, 673, 1664880566, 10, 9, 0.0003615355383524933
4925, 674, 1664880566, 10, 9, 0.0003615355383524933
4925, 675, 1664880566, 11, 10, 0.0003615355383524933
4925, 676, 1664880566, 13, 12, 0.0003615355383524933
4926, 677, 1664880566, 14, 13, 0.0003615355383524933
4926, 678, 1664880567, 16, 15, 0.0003615355383524933
4926, 679, 1664880567, 16, 15, 0.0003615355383524933
4926, 680, 1664880567, 63, 62, 0.0003615355383524933
4926, 681, 1664880567, 10, 9, 0.0003615355383524933
4926, 682, 1664880567, 12, 11, 0.0003615355383524933
4926, 683, 1664880567, 12, 11, 0.0003615355383524933
4926, 684, 1664880567, 11, 10, 0.0003509522895472488
4926, 685, 1664880567, 11, 10, 0.0003509522895472488
4926, 686, 1664880567, 10, 9, 0.0003509522895472488
4926, 687, 1664880567, 9, 8, 0.0003509522895472488
4926, 688, 1664880567, 12, 11, 0.0003509522895472488
4926, 689, 1664880567, 9, 8, 0.0003509522895472488
4926, 690, 1664880567, 45, 44, 0.0003509522895472488
4926, 691, 1664880567, 11, 10, 0.0003509522895472488
4926, 692, 1664880567, 11, 10, 0.0003509522895472488
4926, 693, 1664880567, 11, 10, 0.0003509522895472488
4926, 694, 1664880567, 10, 9, 0.0003509522895472488
4926, 695, 1664880567, 10, 9, 0.0003509522895472488
4926, 696, 1664880567, 11, 10, 0.0003509522895472488
4926, 697, 1664880567, 7, 6, 0.0003509522895472488
4926, 698, 1664880567, 13, 12, 0.0003509522895472488
4926, 699, 1664880567, 12, 11, 0.0003509522895472488
4926, 700, 1664880567, 58, 57, 0.0003509522895472488
4926, 701, 1664880567, 11, 10, 0.0003509522895472488
4926, 702, 1664880567, 14, 13, 0.0003509522895472488
4926, 703, 1664880567, 17, 16, 0.0003509522895472488
4926, 704, 1664880567, 18, 17, 0.0003509522895472488
4926, 705, 1664880567, 17, 16, 0.0003509522895472488
4928, 706, 1664880568, 19, 18, 0.0003509522895472488
4928, 707, 1664880568, 11, 10, 0.0003509522895472488
4928, 708, 1664880568, 20, 19, 0.0003509522895472488
4928, 709, 1664880568, 15, 14, 0.0003509522895472488
4928, 710, 1664880568, 89, 88, 0.0003509522895472488
4928, 711, 1664880568, 10, 9, 0.0003509522895472488
4928, 712, 1664880568, 14, 13, 0.0003509522895472488
4928, 713, 1664880568, 17, 16, 0.0003419615933487269
4928, 714, 1664880568, 20, 19, 0.0003419615933487269
4928, 715, 1664880568, 21, 20, 0.0003419615933487269
4928, 716, 1664880568, 18, 17, 0.0003419615933487269
4928, 717, 1664880568, 19, 18, 0.0003419615933487269
4928, 718, 1664880568, 16, 15, 0.0003419615933487269
4928, 719, 1664880568, 16, 15, 0.0003419615933487269
4928, 720, 1664880568, 117, 116, 0.0003419615933487269
4928, 721, 1664880568, 13, 12, 0.0003419615933487269
4928, 722, 1664880568, 19, 18, 0.0003419615933487269
4928, 723, 1664880568, 19, 18, 0.0003419615933487269
4928, 724, 1664880568, 17, 16, 0.0003419615933487269
4928, 725, 1664880568, 17, 16, 0.0003419615933487269
4928, 726, 1664880568, 17, 16, 0.0003419615933487269
4928, 727, 1664880568, 18, 17, 0.0003419615933487269
4928, 728, 1664880568, 23, 22, 0.0003419615933487269
4928, 729, 1664880568, 24, 23, 0.0003419615933487269
4928, 730, 1664880568, 110, 109, 0.0003419615933487269
4928, 731, 1664880568, 18, 17, 0.0003419615933487269
4928, 732, 1664880568, 19, 18, 0.0003419615933487269
4928, 733, 1664880568, 19, 18, 0.0003419615933487269
4929, 734, 1664880569, 18, 17, 0.0003419615933487269
4929, 735, 1664880569, 18, 17, 0.0003419615933487269
4929, 736, 1664880569, 17, 16, 0.0003419615933487269
4929, 737, 1664880569, 17, 16, 0.0003419615933487269
4929, 738, 1664880569, 19, 18, 0.0003419615933487269
4929, 739, 1664880569, 19, 18, 0.0003419615933487269
4929, 740, 1664880569, 96, 95, 0.0003419615933487269
4929, 741, 1664880569, 19, 18, 0.0003302564344885016
4929, 742, 1664880569, 19, 18, 0.0003302564344885016
4929, 743, 1664880569, 18, 17, 0.0003302564344885016
4929, 744, 1664880569, 20, 19, 0.0003302564344885016
4929, 745, 1664880569, 21, 20, 0.0003302564344885016
4929, 746, 1664880569, 22, 21, 0.0003302564344885016
4929, 747, 1664880569, 21, 20, 0.0003302564344885016
4929, 748, 1664880569, 18, 17, 0.0003302564344885016
4929, 749, 1664880569, 21, 20, 0.0003302564344885016
4929, 750, 1664880569, 88, 87, 0.0003302564344885016
4929, 751, 1664880569, 16, 15, 0.0003302564344885016
4929, 752, 1664880569, 12, 11, 0.0003302564344885016
4929, 753, 1664880569, 15, 14, 0.0003302564344885016
4929, 754, 1664880569, 12, 11, 0.0003302564344885016
4929, 755, 1664880569, 14, 13, 0.0003302564344885016
4929, 756, 1664880569, 13, 12, 0.0003302564344885016
4929, 757, 1664880569, 14, 13, 0.0003302564344885016
4929, 758, 1664880569, 12, 11, 0.0003302564344885016
4929, 759, 1664880569, 12, 11, 0.0003302564344885016
4929, 760, 1664880569, 84, 83, 0.0003302564344885016
4929, 761, 1664880569, 8, 7, 0.0003302564344885016
4930, 762, 1664880570, 21, 20, 0.0003302564344885016
4930, 763, 1664880570, 16, 15, 0.0003302564344885016
4930, 764, 1664880570, 14, 13, 0.0003302564344885016
4930, 765, 1664880570, 13, 12, 0.0003302564344885016
4930, 766, 1664880570, 13, 12, 0.0003302564344885016
4930, 767, 1664880570, 12, 11, 0.0003302564344885016
4930, 768, 1664880570, 13, 12, 0.0003302564344885016
4930, 769, 1664880570, 12, 11, 0.00031987829859568643
4930, 770, 1664880570, 77, 76, 0.00031987829859568643
4930, 771, 1664880570, 12, 11, 0.00031987829859568643
4930, 772, 1664880570, 11, 10, 0.00031987829859568643
4930, 773, 1664880570, 14, 13, 0.00031987829859568643
4930, 774, 1664880570, 12, 11, 0.00031987829859568643
4930, 775, 1664880570, 13, 12, 0.00031987829859568643
4930, 776, 1664880570, 12, 11, 0.00031987829859568643
4930, 777, 1664880570, 11, 10, 0.00031987829859568643
4930, 778, 1664880570, 14, 13, 0.00031987829859568643
4930, 779, 1664880570, 12, 11, 0.00031987829859568643
4930, 780, 1664880570, 77, 76, 0.00031987829859568643
4930, 781, 1664880570, 12, 11, 0.00031987829859568643
4930, 782, 1664880570, 13, 12, 0.00031987829859568643
4930, 783, 1664880570, 15, 14, 0.00031987829859568643
4930, 784, 1664880570, 15, 14, 0.00031987829859568643
4930, 785, 1664880570, 14, 13, 0.00031987829859568643
4930, 786, 1664880570, 14, 13, 0.00031987829859568643
4930, 787, 1664880570, 15, 14, 0.00031987829859568643
4930, 788, 1664880570, 12, 11, 0.00031987829859568643
4930, 789, 1664880570, 12, 11, 0.00031987829859568643
4930, 790, 1664880571, 76, 75, 0.00031987829859568643
4931, 791, 1664880571, 11, 10, 0.00031987829859568643
4931, 792, 1664880571, 12, 11, 0.00031987829859568643
4931, 793, 1664880571, 12, 11, 0.00031987829859568643
4931, 794, 1664880571, 12, 11, 0.00031987829859568643
4931, 795, 1664880571, 14, 13, 0.00031987829859568643
4931, 796, 1664880571, 13, 12, 0.00031987829859568643
4931, 797, 1664880571, 16, 15, 0.00031987829859568643
4931, 798, 1664880571, 19, 18, 0.00031167036805690825
4931, 799, 1664880571, 18, 17, 0.00031167036805690825
4931, 800, 1664880571, 84, 83, 0.00031167036805690825
4931, 801, 1664880571, 13, 12, 0.00031167036805690825
4931, 802, 1664880571, 12, 11, 0.00031167036805690825
4931, 803, 1664880571, 12, 11, 0.00031167036805690825
4931, 804, 1664880571, 12, 11, 0.00031167036805690825
4931, 805, 1664880571, 12, 11, 0.00031167036805690825
4931, 806, 1664880571, 13, 12, 0.00031167036805690825
4931, 807, 1664880571, 12, 11, 0.00031167036805690825
4931, 808, 1664880571, 12, 11, 0.00031167036805690825
4931, 809, 1664880571, 14, 13, 0.00031167036805690825
4931, 810, 1664880571, 82, 81, 0.00031167036805690825
4931, 811, 1664880571, 13, 12, 0.00031167036805690825
4931, 812, 1664880571, 13, 12, 0.00031167036805690825
4931, 813, 1664880571, 14, 13, 0.00031167036805690825
4931, 814, 1664880571, 13, 12, 0.00031167036805690825
4931, 815, 1664880571, 15, 14, 0.00031167036805690825
4931, 816, 1664880571, 17, 16, 0.00031167036805690825
4931, 817, 1664880571, 15, 14, 0.00031167036805690825
4931, 818, 1664880572, 15, 14, 0.00031167036805690825
4931, 819, 1664880572, 16, 15, 0.00031167036805690825
4932, 820, 1664880572, 78, 77, 0.00031167036805690825
4932, 821, 1664880572, 12, 11, 0.00031167036805690825
4932, 822, 1664880572, 12, 11, 0.00031167036805690825
4932, 823, 1664880572, 14, 13, 0.00031167036805690825
4932, 824, 1664880572, 12, 11, 0.00031167036805690825
4932, 825, 1664880572, 16, 15, 0.00031167036805690825
4932, 826, 1664880572, 15, 14, 0.00031167036805690825
4932, 827, 1664880572, 14, 13, 0.0003032468445959107
4932, 828, 1664880572, 12, 11, 0.0003032468445959107
4932, 829, 1664880572, 14, 13, 0.0003032468445959107
4932, 830, 1664880572, 69, 68, 0.0003032468445959107
4932, 831, 1664880572, 11, 10, 0.0003032468445959107
4932, 832, 1664880572, 11, 10, 0.0003032468445959107
4932, 833, 1664880572, 12, 11, 0.0003032468445959107
4932, 834, 1664880572, 12, 11, 0.0003032468445959107
4932, 835, 1664880572, 12, 11, 0.0003032468445959107
4932, 836, 1664880572, 12, 11, 0.0003032468445959107
4932, 837, 1664880572, 13, 12, 0.0003032468445959107
4932, 838, 1664880572, 15, 14, 0.0003032468445959107
4932, 839, 1664880572, 16, 15, 0.0003032468445959107
4932, 840, 1664880572, 80, 79, 0.0003032468445959107
4932, 841, 1664880572, 13, 12, 0.0003032468445959107
4932, 842, 1664880572, 11, 10, 0.0003032468445959107
4932, 843, 1664880572, 11, 10, 0.0003032468445959107
4932, 844, 1664880572, 11, 10, 0.0003032468445959107
4932, 845, 1664880572, 11, 10, 0.0003032468445959107
4932, 846, 1664880573, 11, 10, 0.0003032468445959107
4932, 847, 1664880573, 12, 11, 0.0003032468445959107
4932, 848, 1664880573, 19, 18, 0.0003032468445959107
4933, 849, 1664880573, 14, 13, 0.0003032468445959107
4933, 850, 1664880573, 76, 75, 0.0003032468445959107
4933, 851, 1664880573, 13, 12, 0.0003032468445959107
4933, 852, 1664880573, 14, 13, 0.0003032468445959107
4933, 853, 1664880573, 21, 20, 0.0003032468445959107
4933, 854, 1664880573, 20, 19, 0.0003032468445959107
4933, 855, 1664880573, 21, 20, 0.0003032468445959107
4933, 856, 1664880573, 22, 21, 0.0002956847172997533
4933, 857, 1664880573, 23, 22, 0.0002956847172997533
4933, 858, 1664880573, 26, 25, 0.0002956847172997533
4933, 859, 1664880573, 40, 39, 0.0002956847172997533
4933, 860, 1664880573, 133, 132, 0.0002956847172997533
4933, 861, 1664880573, 16, 15, 0.0002956847172997533
4933, 862, 1664880573, 17, 16, 0.0002956847172997533
4933, 863, 1664880573, 19, 18, 0.0002956847172997533
4933, 864, 1664880573, 17, 16, 0.0002956847172997533
4933, 865, 1664880573, 20, 19, 0.0002956847172997533
4933, 866, 1664880573, 20, 19, 0.0002956847172997533
4933, 867, 1664880573, 21, 20, 0.0002956847172997533
4933, 868, 1664880573, 23, 22, 0.0002956847172997533
4933, 869, 1664880573, 19, 18, 0.0002956847172997533
4933, 870, 1664880573, 117, 116, 0.0002956847172997533
4933, 871, 1664880573, 20, 19, 0.0002956847172997533
4933, 872, 1664880573, 27, 26, 0.0002956847172997533
4933, 873, 1664880573, 24, 23, 0.0002956847172997533
4933, 874, 1664880574, 38, 37, 0.0002956847172997533
4933, 875, 1664880574, 33, 32, 0.0002956847172997533
4933, 876, 1664880574, 30, 29, 0.0002956847172997533
4934, 877, 1664880574, 27, 26, 0.0002956847172997533
4934, 878, 1664880574, 27, 26, 0.0002956847172997533
4934, 879, 1664880574, 20, 19, 0.0002956847172997533
4934, 880, 1664880574, 90, 89, 0.0002956847172997533
4934, 881, 1664880574, 18, 17, 0.0002956847172997533
4934, 882, 1664880574, 23, 22, 0.0002956847172997533
4934, 883, 1664880574, 22, 21, 0.0002956847172997533
4934, 884, 1664880574, 22, 21, 0.0002956847172997533
4934, 885, 1664880574, 20, 19, 0.0002956847172997533
4934, 886, 1664880574, 20, 19, 0.0002842473167052203
4934, 887, 1664880574, 20, 19, 0.0002842473167052203
4934, 888, 1664880574, 20, 19, 0.0002842473167052203
4934, 889, 1664880574, 21, 20, 0.0002842473167052203
4934, 890, 1664880574, 109, 108, 0.0002842473167052203
4934, 891, 1664880574, 21, 20, 0.0002842473167052203
4934, 892, 1664880574, 28, 27, 0.0002842473167052203
4934, 893, 1664880574, 26, 25, 0.0002842473167052203
4934, 894, 1664880574, 23, 22, 0.0002842473167052203
4934, 895, 1664880574, 24, 23, 0.0002842473167052203
4934, 896, 1664880574, 21, 20, 0.0002842473167052203
4934, 897, 1664880574, 22, 21, 0.0002842473167052203
4934, 898, 1664880574, 21, 20, 0.0002842473167052203
4934, 899, 1664880574, 26, 25, 0.0002842473167052203
4934, 900, 1664880574, 109, 108, 0.0002842473167052203
4934, 901, 1664880575, 22, 21, 0.0002842473167052203
4934, 902, 1664880575, 22, 21, 0.0002842473167052203
4934, 903, 1664880575, 24, 23, 0.0002842473167052203
4934, 904, 1664880575, 24, 23, 0.0002842473167052203
4935, 905, 1664880575, 22, 21, 0.0002842473167052203
4935, 906, 1664880575, 20, 19, 0.0002842473167052203
4935, 907, 1664880575, 21, 20, 0.0002842473167052203
4935, 908, 1664880575, 21, 20, 0.0002842473167052203
4935, 909, 1664880575, 23, 22, 0.0002842473167052203
4935, 910, 1664880575, 99, 98, 0.0002842473167052203
4935, 911, 1664880575, 19, 18, 0.0002842473167052203
4935, 912, 1664880575, 19, 18, 0.0002842473167052203
4935, 913, 1664880575, 21, 20, 0.0002842473167052203
4935, 914, 1664880575, 19, 18, 0.0002842473167052203
4935, 915, 1664880575, 19, 18, 0.0002842473167052203
4935, 916, 1664880575, 18, 17, 0.0002842473167052203
4935, 917, 1664880575, 17, 16, 0.0002738238330701729
4935, 918, 1664880575, 16, 15, 0.0002738238330701729
4935, 919, 1664880575, 16, 15, 0.0002738238330701729
4935, 920, 1664880575, 81, 80, 0.0002738238330701729
4935, 921, 1664880575, 14, 13, 0.0002738238330701729
4935, 922, 1664880575, 18, 17, 0.0002738238330701729
4935, 923, 1664880575, 17, 16, 0.0002738238330701729
4935, 924, 1664880575, 17, 16, 0.0002738238330701729
4935, 925, 1664880575, 16, 15, 0.0002738238330701729
4935, 926, 1664880575, 16, 15, 0.0002738238330701729
4935, 927, 1664880575, 15, 14, 0.0002738238330701729
4935, 928, 1664880575, 16, 15, 0.0002738238330701729
4935, 929, 1664880575, 17, 16, 0.0002738238330701729
4935, 930, 1664880576, 85, 84, 0.0002738238330701729
4935, 931, 1664880576, 19, 18, 0.0002738238330701729
4935, 932, 1664880576, 20, 19, 0.0002738238330701729
4936, 933, 1664880576, 20, 19, 0.0002738238330701729
4936, 934, 1664880576, 20, 19, 0.0002738238330701729
4936, 935, 1664880576, 21, 20, 0.0002738238330701729
4936, 936, 1664880576, 19, 18, 0.0002738238330701729
4936, 937, 1664880576, 20, 19, 0.0002738238330701729
4936, 938, 1664880576, 20, 19, 0.0002738238330701729
4936, 939, 1664880576, 20, 19, 0.0002738238330701729
4936, 940, 1664880576, 91, 90, 0.0002738238330701729
4936, 941, 1664880576, 16, 15, 0.0002738238330701729
4936, 942, 1664880576, 24, 23, 0.0002738238330701729
4936, 943, 1664880576, 45, 44, 0.0002738238330701729
4936, 944, 1664880576, 22, 21, 0.0002738238330701729
4936, 945, 1664880576, 32, 31, 0.0002738238330701729
4936, 946, 1664880576, 29, 28, 0.00026577515026389003
4936, 947, 1664880576, 31, 30, 0.00026577515026389003
4936, 948, 1664880576, 25, 24, 0.00026577515026389003
4936, 949, 1664880576, 29, 28, 0.00026577515026389003
4936, 950, 1664880576, 109, 108, 0.00026577515026389003
4936, 951, 1664880576, 20, 19, 0.00026577515026389003
4936, 952, 1664880576, 25, 24, 0.00026577515026389003
4936, 953, 1664880576, 26, 25, 0.00026577515026389003
4936, 954, 1664880576, 25, 24, 0.00026577515026389003
4936, 955, 1664880576, 28, 27, 0.00026577515026389003
4936, 956, 1664880577, 25, 24, 0.00026577515026389003
4936, 957, 1664880577, 28, 27, 0.00026577515026389003
4936, 958, 1664880577, 31, 30, 0.00026577515026389003
4936, 959, 1664880577, 31, 30, 0.00026577515026389003
4936, 960, 1664880577, 89, 88, 0.00026577515026389003
4937, 961, 1664880577, 28, 27, 0.00026577515026389003
4937, 962, 1664880577, 27, 26, 0.00026577515026389003
4937, 963, 1664880577, 40, 39, 0.00026577515026389003
4937, 964, 1664880577, 36, 35, 0.00026577515026389003
4937, 965, 1664880577, 36, 35, 0.00026577515026389003
4937, 966, 1664880577, 29, 28, 0.00026577515026389003
4937, 967, 1664880577, 38, 37, 0.00026577515026389003
4937, 968, 1664880577, 37, 36, 0.00026577515026389003
4937, 969, 1664880577, 40, 39, 0.00026577515026389003
4937, 970, 1664880577, 98, 97, 0.00025597093489159015
4937, 971, 1664880577, 28, 27, 0.00025597093489159015
4937, 972, 1664880577, 36, 35, 0.00025597093489159015
4937, 973, 1664880577, 31, 30, 0.00025597093489159015
4937, 974, 1664880577, 31, 30, 0.00025597093489159015
4937, 975, 1664880577, 33, 32, 0.00025597093489159015
4937, 976, 1664880577, 35, 34, 0.00025597093489159015
4937, 977, 1664880577, 35, 34, 0.00025597093489159015
4937, 978, 1664880577, 39, 38, 0.00025597093489159015
4937, 979, 1664880577, 39, 38, 0.00025597093489159015
4937, 980, 1664880577, 92, 91, 0.00025597093489159015
4937, 981, 1664880578, 29, 28, 0.00025597093489159015
4937, 982, 1664880578, 37, 36, 0.00025597093489159015
4937, 983, 1664880578, 38, 37, 0.00025597093489159015
4937, 984, 1664880578, 44, 43, 0.00025597093489159015
4937, 985, 1664880578, 43, 42, 0.00025597093489159015
4937, 986, 1664880578, 37, 36, 0.00025597093489159015
4937, 987, 1664880578, 33, 32, 0.00025597093489159015
4937, 988, 1664880578, 29, 28, 0.00025597093489159015
4938, 989, 1664880578, 29, 28, 0.00025597093489159015
4938, 990, 1664880578, 88, 87, 0.00025597093489159015
4938, 991, 1664880578, 25, 24, 0.00025597093489159015
4938, 992, 1664880578, 26, 25, 0.00025597093489159015
4938, 993, 1664880578, 45, 44, 0.00025597093489159015
4938, 994, 1664880578, 37, 36, 0.00025597093489159015
4938, 995, 1664880578, 37, 36, 0.00025597093489159015
4938, 996, 1664880578, 33, 32, 0.00025597093489159015
4938, 997, 1664880578, 32, 31, 0.00025597093489159015
4938, 998, 1664880578, 33, 32, 0.000245125776580898
4938, 999, 1664880578, 35, 34, 0.000245125776580898
4938, 1000, 1664880578, 85, 84, 0.000245125776580898
4938, 1001, 1664880578, 39, 38, 0.000245125776580898
4938, 1002, 1664880578, 43, 42, 0.000245125776580898
4938, 1003, 1664880578, 38, 37, 0.000245125776580898
4938, 1004, 1664880578, 32, 31, 0.000245125776580898
4938, 1005, 1664880578, 31, 30, 0.000245125776580898
4938, 1006, 1664880578, 28, 27, 0.000245125776580898
4938, 1007, 1664880578, 27, 26, 0.000245125776580898
4938, 1008, 1664880579, 32, 31, 0.000245125776580898
4938, 1009, 1664880579, 28, 27, 0.000245125776580898
4938, 1010, 1664880579, 84, 83, 0.000245125776580898
4938, 1011, 1664880579, 27, 26, 0.000245125776580898
4938, 1012, 1664880579, 30, 29, 0.000245125776580898
4938, 1013, 1664880579, 25, 24, 0.000245125776580898
4938, 1014, 1664880579, 23, 22, 0.000245125776580898
4938, 1015, 1664880579, 22, 21, 0.000245125776580898
4938, 1016, 1664880579, 20, 19, 0.000245125776580898
4939, 1017, 1664880579, 18, 17, 0.000245125776580898
4939, 1018, 1664880579, 18, 17, 0.000245125776580898
4939, 1019, 1664880579, 18, 17, 0.000245125776580898
4939, 1020, 1664880579, 55, 54, 0.000245125776580898
4939, 1021, 1664880579, 19, 18, 0.000245125776580898
4939, 1022, 1664880579, 25, 24, 0.000245125776580898
4939, 1023, 1664880579, 22, 21, 0.000245125776580898
4939, 1024, 1664880579, 21, 20, 0.000245125776580898
4939, 1025, 1664880579, 61, 60, 0.000245125776580898
4939, 1026, 1664880579, 48, 47, 0.000245125776580898
4939, 1027, 1664880579, 38, 37, 0.000245125776580898
4939, 1028, 1664880579, 35, 34, 0.000245125776580898
4939, 1029, 1664880579, 33, 32, 0.000245125776580898
4939, 1030, 1664880579, 74, 73, 0.000245125776580898
4939, 1031, 1664880579, 24, 23, 0.000245125776580898
4939, 1032, 1664880579, 26, 25, 0.000245125776580898
4939, 1033, 1664880579, 26, 25, 0.000245125776580898
4939, 1034, 1664880579, 26, 25, 0.000245125776580898
4939, 1035, 1664880579, 26, 25, 0.000245125776580898
4939, 1036, 1664880580, 26, 25, 0.000245125776580898
4939, 1037, 1664880580, 32, 31, 0.000245125776580898
4939, 1038, 1664880580, 31, 30, 0.000245125776580898
4939, 1039, 1664880580, 39, 38, 0.00023720429726589593
4939, 1040, 1664880580, 91, 90, 0.00023720429726589593
4939, 1041, 1664880580, 22, 21, 0.00023720429726589593
4939, 1042, 1664880580, 23, 22, 0.00023720429726589593
4939, 1043, 1664880580, 19, 18, 0.00023720429726589593
4939, 1044, 1664880580, 17, 16, 0.00023720429726589593
4940, 1045, 1664880580, 35, 34, 0.00023720429726589593
4940, 1046, 1664880580, 47, 46, 0.00023720429726589593
4940, 1047, 1664880580, 43, 42, 0.00023720429726589593
4940, 1048, 1664880580, 45, 44, 0.00023720429726589593
4940, 1049, 1664880580, 40, 39, 0.00023720429726589593
4940, 1050, 1664880580, 96, 95, 0.00023720429726589593
4940, 1051, 1664880580, 42, 41, 0.00023720429726589593
4940, 1052, 1664880580, 41, 40, 0.00023720429726589593
4940, 1053, 1664880580, 39, 38, 0.00023720429726589593
4940, 1054, 1664880580, 36, 35, 0.00023720429726589593
4940, 1055, 1664880580, 40, 39, 0.00023720429726589593
4940, 1056, 1664880580, 37, 36, 0.00023720429726589593
4940, 1057, 1664880580, 37, 36, 0.00023720429726589593
4940, 1058, 1664880580, 37, 36, 0.00023720429726589593
4940, 1059, 1664880580, 34, 33, 0.00023720429726589593
4940, 1060, 1664880580, 73, 72, 0.00023720429726589593
4940, 1061, 1664880580, 28, 27, 0.00023720429726589593
4940, 1062, 1664880580, 26, 25, 0.00023720429726589593
4940, 1063, 1664880580, 31, 30, 0.00023720429726589593
4940, 1064, 1664880581, 26, 25, 0.00023720429726589593
4940, 1065, 1664880581, 26, 25, 0.00023720429726589593
4940, 1066, 1664880581, 21, 20, 0.00026564560793374085
4940, 1067, 1664880581, 26, 25, 0.00026564560793374085
4940, 1068, 1664880581, 21, 20, 0.00026564560793374085
4940, 1069, 1664880581, 21, 20, 0.00026564560793374085
4940, 1070, 1664880581, 52, 51, 0.00026564560793374085
4940, 1071, 1664880581, 19, 18, 0.00026564560793374085
4940, 1072, 1664880581, 18, 17, 0.00026564560793374085
4941, 1073, 1664880581, 20, 19, 0.00026564560793374085
4941, 1074, 1664880581, 22, 21, 0.00026564560793374085
4941, 1075, 1664880581, 21, 20, 0.00026564560793374085
4941, 1076, 1664880581, 19, 18, 0.00026564560793374085
4941, 1077, 1664880581, 19, 18, 0.00026564560793374085
4941, 1078, 1664880581, 22, 21, 0.00026564560793374085
4941, 1079, 1664880581, 24, 23, 0.00026564560793374085
4941, 1080, 1664880581, 69, 68, 0.00026564560793374085
4941, 1081, 1664880581, 30, 29, 0.00026564560793374085
4941, 1082, 1664880581, 24, 23, 0.00026564560793374085
4941, 1083, 1664880581, 22, 21, 0.00026564560793374085
4941, 1084, 1664880581, 24, 23, 0.00026564560793374085
4941, 1085, 1664880581, 19, 18, 0.00026564560793374085
4941, 1086, 1664880581, 18, 17, 0.00026564560793374085
4941, 1087, 1664880581, 18, 17, 0.00026564560793374085
4941, 1088, 1664880581, 15, 14, 0.00026564560793374085
4941, 1089, 1664880581, 18, 17, 0.00026564560793374085
4941, 1090, 1664880581, 48, 47, 0.00026564560793374085
4941, 1091, 1664880581, 15, 14, 0.00026564560793374085
4941, 1092, 1664880582, 17, 16, 0.00026564560793374085
4941, 1093, 1664880582, 15, 14, 0.00026564560793374085
4941, 1094, 1664880582, 19, 18, 0.0008751943549464474
4941, 1095, 1664880582, 20, 19, 0.0008751943549464474
4941, 1096, 1664880582, 18, 17, 0.0008751943549464474
4941, 1097, 1664880582, 20, 19, 0.0008751943549464474
4941, 1098, 1664880582, 19, 18, 0.0008751943549464474
4941, 1099, 1664880582, 17, 16, 0.0008751943549464474
4941, 1100, 1664880582, 43, 42, 0.0008751943549464474
4941, 1101, 1664880582, 8, 7, 0.0008751943549464474
4942, 1102, 1664880582, 12, 11, 0.0008751943549464474
4942, 1103, 1664880582, 17, 16, 0.0008751943549464474
4942, 1104, 1664880582, 12, 11, 0.0008751943549464474
4942, 1105, 1664880582, 12, 11, 0.0008751943549464474
4942, 1106, 1664880582, 16, 15, 0.0008751943549464474
4942, 1107, 1664880582, 11, 10, 0.0008751943549464474
4942, 1108, 1664880582, 13, 12, 0.0008751943549464474
4942, 1109, 1664880582, 12, 11, 0.0008751943549464474
4942, 1110, 1664880582, 49, 48, 0.0008751943549464474
4942, 1111, 1664880582, 22, 21, 0.0008751943549464474
4942, 1112, 1664880582, 17, 16, 0.0008751943549464474
4942, 1113, 1664880582, 17, 16, 0.0008751943549464474
4942, 1114, 1664880582, 18, 17, 0.0008751943549464474
4942, 1115, 1664880582, 16, 15, 0.0008751943549464474
4942, 1116, 1664880582, 21, 20, 0.0008751943549464474
4942, 1117, 1664880582, 16, 15, 0.0008751943549464474
4942, 1118, 1664880582, 22, 21, 0.0008751943549464474
4942, 1119, 1664880582, 13, 12, 0.0008751943549464474
4942, 1120, 1664880583, 51, 50, 0.0008751943549464474
4942, 1121, 1664880583, 15, 14, 0.0008751943549464474
4942, 1122, 1664880583, 15, 14, 0.000902524305060125
4942, 1123, 1664880583, 19, 18, 0.000902524305060125
4942, 1124, 1664880583, 14, 13, 0.000902524305060125
4942, 1125, 1664880583, 13, 12, 0.000902524305060125
4942, 1126, 1664880583, 13, 12, 0.000902524305060125
4942, 1127, 1664880583, 11, 10, 0.000902524305060125
4942, 1128, 1664880583, 11, 10, 0.000902524305060125
4942, 1129, 1664880583, 11, 10, 0.000902524305060125
4942, 1130, 1664880583, 68, 67, 0.000902524305060125
4943, 1131, 1664880583, 30, 29, 0.000902524305060125
4943, 1132, 1664880583, 27, 26, 0.000902524305060125
4943, 1133, 1664880583, 31, 30, 0.000902524305060125
4943, 1134, 1664880583, 31, 30, 0.000902524305060125
4943, 1135, 1664880583, 30, 29, 0.000902524305060125
4943, 1136, 1664880583, 24, 23, 0.000902524305060125
4943, 1137, 1664880583, 21, 20, 0.000902524305060125
4943, 1138, 1664880583, 19, 18, 0.000902524305060125
4943, 1139, 1664880583, 18, 17, 0.000902524305060125
4943, 1140, 1664880583, 49, 48, 0.000902524305060125
4943, 1141, 1664880583, 16, 15, 0.000902524305060125
4943, 1142, 1664880583, 13, 12, 0.000902524305060125
4943, 1143, 1664880583, 17, 16, 0.000902524305060125
4943, 1144, 1664880583, 14, 13, 0.000902524305060125
4943, 1145, 1664880583, 12, 11, 0.000902524305060125
4943, 1146, 1664880583, 11, 10, 0.000902524305060125
4943, 1147, 1664880583, 11, 10, 0.000902524305060125
4943, 1148, 1664880584, 14, 13, 0.000902524305060125
4943, 1149, 1664880584, 17, 16, 0.0008856273263714594
4943, 1150, 1664880584, 54, 53, 0.0008856273263714594
4943, 1151, 1664880584, 15, 14, 0.0008856273263714594
4943, 1152, 1664880584, 16, 15, 0.0008856273263714594
4943, 1153, 1664880584, 16, 15, 0.0008856273263714594
4943, 1154, 1664880584, 14, 13, 0.0008856273263714594
4943, 1155, 1664880584, 13, 12, 0.0008856273263714594
4943, 1156, 1664880584, 19, 18, 0.0008856273263714594
4943, 1157, 1664880584, 15, 14, 0.0008856273263714594
4943, 1158, 1664880584, 14, 13, 0.0008856273263714594
4943, 1159, 1664880584, 16, 15, 0.0008856273263714594
4944, 1160, 1664880584, 60, 59, 0.0008856273263714594
4944, 1161, 1664880584, 13, 12, 0.0008856273263714594
4944, 1162, 1664880584, 12, 11, 0.0008856273263714594
4944, 1163, 1664880584, 17, 16, 0.0008856273263714594
4944, 1164, 1664880584, 16, 15, 0.0008856273263714594
4944, 1165, 1664880584, 18, 17, 0.0008856273263714594
4944, 1166, 1664880584, 14, 13, 0.0008856273263714594
4944, 1167, 1664880584, 16, 15, 0.0008856273263714594
4944, 1168, 1664880584, 15, 14, 0.0008856273263714594
4944, 1169, 1664880584, 14, 13, 0.0008856273263714594
4944, 1170, 1664880584, 64, 63, 0.0008856273263714594
4944, 1171, 1664880584, 16, 15, 0.0008856273263714594
4944, 1172, 1664880584, 17, 16, 0.0008856273263714594
4944, 1173, 1664880584, 19, 18, 0.0008856273263714594
4944, 1174, 1664880584, 17, 16, 0.0008856273263714594
4944, 1175, 1664880584, 18, 17, 0.0008997820402662927
4944, 1176, 1664880585, 21, 20, 0.0008997820402662927
4944, 1177, 1664880585, 18, 17, 0.0008997820402662927
4944, 1178, 1664880585, 17, 16, 0.0008997820402662927
4944, 1179, 1664880585, 17, 16, 0.0008997820402662927
4944, 1180, 1664880585, 76, 75, 0.0008997820402662927
4944, 1181, 1664880585, 19, 18, 0.0008997820402662927
4944, 1182, 1664880585, 18, 17, 0.0008997820402662927
4944, 1183, 1664880585, 24, 23, 0.0008997820402662927
4944, 1184, 1664880585, 23, 22, 0.0008997820402662927
4944, 1185, 1664880585, 28, 27, 0.0008997820402662927
4944, 1186, 1664880585, 32, 31, 0.0008997820402662927
4944, 1187, 1664880585, 23, 22, 0.0008997820402662927
4944, 1188, 1664880585, 28, 27, 0.0008997820402662927
4945, 1189, 1664880585, 26, 25, 0.0008997820402662927
4945, 1190, 1664880585, 79, 78, 0.0008997820402662927
4945, 1191, 1664880585, 22, 21, 0.0008997820402662927
4945, 1192, 1664880585, 18, 17, 0.0008997820402662927
4945, 1193, 1664880585, 17, 16, 0.0008997820402662927
4945, 1194, 1664880585, 19, 18, 0.0008997820402662927
4945, 1195, 1664880585, 18, 17, 0.0008997820402662927
4945, 1196, 1664880585, 24, 23, 0.0008997820402662927
4945, 1197, 1664880585, 22, 21, 0.0008997820402662927
4945, 1198, 1664880585, 19, 18, 0.0008997820402662927
4945, 1199, 1664880585, 27, 26, 0.0008997820402662927
4945, 1200, 1664880585, 89, 88, 0.0008997820402662927
4945, 1201, 1664880585, 26, 25, 0.0008997820402662927
4945, 1202, 1664880585, 22, 21, 0.0008997820402662927
4945, 1203, 1664880585, 24, 23, 0.0008997820402662927
4945, 1204, 1664880586, 32, 31, 0.0008777199404450769
4945, 1205, 1664880586, 32, 31, 0.0008777199404450769
4945, 1206, 1664880586, 25, 24, 0.0008777199404450769
4945, 1207, 1664880586, 37, 36, 0.0008777199404450769
4945, 1208, 1664880586, 30, 29, 0.0008777199404450769
4945, 1209, 1664880586, 27, 26, 0.0008777199404450769
4945, 1210, 1664880586, 116, 115, 0.0008777199404450769
4945, 1211, 1664880586, 14, 13, 0.0008777199404450769
4945, 1212, 1664880586, 21, 20, 0.0008777199404450769
4945, 1213, 1664880586, 5, 4, 0.0008777199404450769
4945, 1214, 1664880586, 20, 19, 0.0008777199404450769
4945, 1215, 1664880586, 18, 17, 0.0008777199404450769
4945, 1216, 1664880586, 23, 22, 0.0008777199404450769
4946, 1217, 1664880586, 24, 23, 0.0008777199404450769
4946, 1218, 1664880586, 26, 25, 0.0008777199404450769
4946, 1219, 1664880586, 25, 24, 0.0008777199404450769
4946, 1220, 1664880586, 102, 101, 0.0008777199404450769
4946, 1221, 1664880586, 36, 35, 0.0008777199404450769
4946, 1222, 1664880586, 36, 35, 0.0008777199404450769
4946, 1223, 1664880586, 28, 27, 0.0008777199404450769
4946, 1224, 1664880586, 21, 20, 0.0008777199404450769
4946, 1225, 1664880586, 28, 27, 0.0008777199404450769
4946, 1226, 1664880586, 23, 22, 0.0008777199404450769
4946, 1227, 1664880586, 22, 21, 0.0008777199404450769
4946, 1228, 1664880586, 28, 27, 0.0008777199404450769
4946, 1229, 1664880586, 27, 26, 0.0008777199404450769
4946, 1230, 1664880586, 93, 92, 0.0008777199404450769
4946, 1231, 1664880587, 17, 16, 0.0008777199404450769
4946, 1232, 1664880587, 19, 18, 0.0008531185085104087
4946, 1233, 1664880587, 28, 27, 0.0008531185085104087
4946, 1234, 1664880587, 36, 35, 0.0008531185085104087
4946, 1235, 1664880587, 33, 32, 0.0008531185085104087
4946, 1236, 1664880587, 33, 32, 0.0008531185085104087
4946, 1237, 1664880587, 31, 30, 0.0008531185085104087
4946, 1238, 1664880587, 28, 27, 0.0008531185085104087
4946, 1239, 1664880587, 43, 42, 0.0008531185085104087
4946, 1240, 1664880587, 94, 93, 0.0008531185085104087
4946, 1241, 1664880587, 33, 32, 0.0008531185085104087
4946, 1242, 1664880587, 42, 41, 0.0008531185085104087
4946, 1243, 1664880587, 31, 30, 0.0008531185085104087
4946, 1244, 1664880587, 36, 35, 0.0008531185085104087
4947, 1245, 1664880587, 35, 34, 0.0008531185085104087
4947, 1246, 1664880587, 30, 29, 0.0008531185085104087
4947, 1247, 1664880587, 35, 34, 0.0008531185085104087
4947, 1248, 1664880587, 27, 26, 0.0008531185085104087
4947, 1249, 1664880587, 25, 24, 0.0008531185085104087
4947, 1250, 1664880587, 94, 93, 0.0008531185085104087
4947, 1251, 1664880587, 24, 23, 0.0008531185085104087
4947, 1252, 1664880587, 25, 24, 0.0008531185085104087
4947, 1253, 1664880587, 25, 24, 0.0008531185085104087
4947, 1254, 1664880587, 25, 24, 0.0008531185085104087
4947, 1255, 1664880587, 29, 28, 0.0008531185085104087
4947, 1256, 1664880587, 32, 31, 0.0008531185085104087
4947, 1257, 1664880587, 34, 33, 0.0008531185085104087
4947, 1258, 1664880587, 35, 34, 0.0008531185085104087
4947, 1259, 1664880588, 31, 30, 0.0008531185085104087
4947, 1260, 1664880588, 87, 86, 0.0008289693329658977
4947, 1261, 1664880588, 31, 30, 0.0008289693329658977
4947, 1262, 1664880588, 38, 37, 0.0008289693329658977
4947, 1263, 1664880588, 32, 31, 0.0008289693329658977
4947, 1264, 1664880588, 28, 27, 0.0008289693329658977
4947, 1265, 1664880588, 27, 26, 0.0008289693329658977
4947, 1266, 1664880588, 29, 28, 0.0008289693329658977
4947, 1267, 1664880588, 28, 27, 0.0008289693329658977
4947, 1268, 1664880588, 32, 31, 0.0008289693329658977
4947, 1269, 1664880588, 30, 29, 0.0008289693329658977
4947, 1270, 1664880588, 103, 102, 0.0008289693329658977
4947, 1271, 1664880588, 28, 27, 0.0008289693329658977
4947, 1272, 1664880588, 38, 37, 0.0008289693329658977
4948, 1273, 1664880588, 33, 32, 0.0008289693329658977
4948, 1274, 1664880588, 29, 28, 0.0008289693329658977
4948, 1275, 1664880588, 28, 27, 0.0008289693329658977
4948, 1276, 1664880588, 25, 24, 0.0008289693329658977
4948, 1277, 1664880588, 25, 24, 0.0008289693329658977
4948, 1278, 1664880588, 34, 33, 0.0008289693329658977
4948, 1279, 1664880588, 31, 30, 0.0008289693329658977
4948, 1280, 1664880588, 52, 51, 0.0008289693329658977
4948, 1281, 1664880588, 16, 15, 0.0008289693329658977
4948, 1282, 1664880588, 18, 17, 0.0008289693329658977
4948, 1283, 1664880588, 22, 21, 0.0008289693329658977
4948, 1284, 1664880588, 26, 25, 0.0008289693329658977
4948, 1285, 1664880588, 19, 18, 0.0008289693329658977
4948, 1286, 1664880588, 21, 20, 0.0008289693329658977
4948, 1287, 1664880589, 18, 17, 0.0008289693329658977
4948, 1288, 1664880589, 17, 16, 0.0008070374021363209
4948, 1289, 1664880589, 20, 19, 0.0008070374021363209
4948, 1290, 1664880589, 66, 65, 0.0008070374021363209
4948, 1291, 1664880589, 15, 14, 0.0008070374021363209
4948, 1292, 1664880589, 17, 16, 0.0008070374021363209
4948, 1293, 1664880589, 17, 16, 0.0008070374021363209
4948, 1294, 1664880589, 17, 16, 0.0008070374021363209
4948, 1295, 1664880589, 19, 18, 0.0008070374021363209
4948, 1296, 1664880589, 16, 15, 0.0008070374021363209
4948, 1297, 1664880589, 17, 16, 0.0008070374021363209
4948, 1298, 1664880589, 20, 19, 0.0008070374021363209
4948, 1299, 1664880589, 17, 16, 0.0008070374021363209
4948, 1300, 1664880589, 80, 79, 0.0008070374021363209
4949, 1301, 1664880589, 15, 14, 0.0008070374021363209
4949, 1302, 1664880589, 17, 16, 0.0008070374021363209
4949, 1303, 1664880589, 13, 12, 0.0008070374021363209
4949, 1304, 1664880589, 17, 16, 0.0008070374021363209
4949, 1305, 1664880589, 15, 14, 0.0008070374021363209
4949, 1306, 1664880589, 14, 13, 0.0008070374021363209
4949, 1307, 1664880589, 14, 13, 0.0008070374021363209
4949, 1308, 1664880589, 18, 17, 0.0008070374021363209
4949, 1309, 1664880589, 16, 15, 0.0008070374021363209
4949, 1310, 1664880589, 77, 76, 0.0008070374021363209
4949, 1311, 1664880589, 16, 15, 0.0008070374021363209
4949, 1312, 1664880589, 17, 16, 0.0008070374021363209
4949, 1313, 1664880589, 17, 16, 0.0008070374021363209
4949, 1314, 1664880589, 17, 16, 0.0008070374021363209
4949, 1315, 1664880590, 17, 16, 0.0008070374021363209
4949, 1316, 1664880590, 18, 17, 0.0007929969735285393
4949, 1317, 1664880590, 26, 25, 0.0007929969735285393
4949, 1318, 1664880590, 27, 26, 0.0007929969735285393
4949, 1319, 1664880590, 26, 25, 0.0007929969735285393
4949, 1320, 1664880590, 79, 78, 0.0007929969735285393
4949, 1321, 1664880590, 17, 16, 0.0007929969735285393
4949, 1322, 1664880590, 19, 18, 0.0007929969735285393
4949, 1323, 1664880590, 19, 18, 0.0007929969735285393
4949, 1324, 1664880590, 23, 22, 0.0007929969735285393
4949, 1325, 1664880590, 24, 23, 0.0007929969735285393
4949, 1326, 1664880590, 20, 19, 0.0007929969735285393
4949, 1327, 1664880590, 21, 20, 0.0007929969735285393
4949, 1328, 1664880590, 22, 21, 0.0007929969735285393
4949, 1329, 1664880590, 20, 19, 0.0007929969735285393
4950, 1330, 1664880590, 72, 71, 0.0007929969735285393
4950, 1331, 1664880590, 17, 16, 0.0007929969735285393
4950, 1332, 1664880590, 17, 16, 0.0007929969735285393
4950, 1333, 1664880590, 23, 22, 0.0007929969735285393
4950, 1334, 1664880590, 20, 19, 0.0007929969735285393
4950, 1335, 1664880590, 23, 22, 0.0007929969735285393
4950, 1336, 1664880590, 23, 22, 0.0007929969735285393
4950, 1337, 1664880590, 21, 20, 0.0007929969735285393
4950, 1338, 1664880590, 22, 21, 0.0007929969735285393
4950, 1339, 1664880590, 19, 18, 0.0007929969735285393
4950, 1340, 1664880590, 62, 61, 0.0007929969735285393
4950, 1341, 1664880590, 19, 18, 0.0007929969735285393
4950, 1342, 1664880590, 16, 15, 0.0007929969735285393
4950, 1343, 1664880591, 16, 15, 0.0007929969735285393
4950, 1344, 1664880591, 16, 15, 0.0007929969735285393
4950, 1345, 1664880591, 15, 14, 0.0007770879128971874
4950, 1346, 1664880591, 13, 12, 0.0007770879128971874
4950, 1347, 1664880591, 11, 10, 0.0007770879128971874
4950, 1348, 1664880591, 12, 11, 0.0007770879128971874
4950, 1349, 1664880591, 13, 12, 0.0007770879128971874
4950, 1350, 1664880591, 57, 56, 0.0007770879128971874
4950, 1351, 1664880591, 15, 14, 0.0007770879128971874
4950, 1352, 1664880591, 15, 14, 0.0007770879128971874
4950, 1353, 1664880591, 15, 14, 0.0007770879128971874
4950, 1354, 1664880591, 14, 13, 0.0007770879128971874
4950, 1355, 1664880591, 14, 13, 0.0007770879128971874
4950, 1356, 1664880591, 14, 13, 0.0007770879128971874
4950, 1357, 1664880591, 13, 12, 0.0007770879128971874
4950, 1358, 1664880591, 14, 13, 0.0007770879128971874
4951, 1359, 1664880591, 12, 11, 0.0007770879128971874
4951, 1360, 1664880591, 60, 59, 0.0007770879128971874
4951, 1361, 1664880591, 13, 12, 0.0007770879128971874
4951, 1362, 1664880591, 9, 8, 0.0007770879128971874
4951, 1363, 1664880591, 11, 10, 0.0007770879128971874
4951, 1364, 1664880591, 13, 12, 0.0007770879128971874
4951, 1365, 1664880591, 19, 18, 0.0007770879128971874
4951, 1366, 1664880591, 19, 18, 0.0007770879128971874
4951, 1367, 1664880591, 21, 20, 0.0007770879128971874
4951, 1368, 1664880591, 25, 24, 0.0007770879128971874
4951, 1369, 1664880591, 24, 23, 0.0007770879128971874
4951, 1370, 1664880591, 99, 98, 0.0007770879128971874
4951, 1371, 1664880592, 21, 20, 0.0007770879128971874
4951, 1372, 1664880592, 20, 19, 0.0007770879128971874
4951, 1373, 1664880592, 16, 15, 0.0007770879128971874
4951, 1374, 1664880592, 18, 17, 0.0007645442586631427
4951, 1375, 1664880592, 19, 18, 0.0007645442586631427
4951, 1376, 1664880592, 17, 16, 0.0007645442586631427
4951, 1377, 1664880592, 15, 14, 0.0007645442586631427
4951, 1378, 1664880592, 17, 16, 0.0007645442586631427
4951, 1379, 1664880592, 17, 16, 0.0007645442586631427
4951, 1380, 1664880592, 86, 85, 0.0007645442586631427
4951, 1381, 1664880592, 19, 18, 0.0007645442586631427
4951, 1382, 1664880592, 19, 18, 0.0007645442586631427
4951, 1383, 1664880592, 25, 24, 0.0007645442586631427
4951, 1384, 1664880592, 24, 23, 0.0007645442586631427
4951, 1385, 1664880592, 24, 23, 0.0007645442586631427
4951, 1386, 1664880592, 21, 20, 0.0007645442586631427
4952, 1387, 1664880592, 20, 19, 0.0007645442586631427
4952, 1388, 1664880592, 17, 16, 0.0007645442586631427
4952, 1389, 1664880592, 19, 18, 0.0007645442586631427
4952, 1390, 1664880592, 89, 88, 0.0007645442586631427
4952, 1391, 1664880592, 28, 27, 0.0007645442586631427
4952, 1392, 1664880592, 24, 23, 0.0007645442586631427
4952, 1393, 1664880592, 23, 22, 0.0007645442586631427
4952, 1394, 1664880592, 18, 17, 0.0007645442586631427
4952, 1395, 1664880592, 17, 16, 0.0007645442586631427
4952, 1396, 1664880592, 15, 14, 0.0007645442586631427
4952, 1397, 1664880592, 16, 15, 0.0007645442586631427
4952, 1398, 1664880592, 15, 14, 0.0007645442586631427
4952, 1399, 1664880593, 16, 15, 0.0007645442586631427
4952, 1400, 1664880593, 84, 83, 0.0007645442586631427
4952, 1401, 1664880593, 17, 16, 0.0007645442586631427
4952, 1402, 1664880593, 25, 24, 0.0007499273961365296
4952, 1403, 1664880593, 27, 26, 0.0007499273961365296
4952, 1404, 1664880593, 21, 20, 0.0007499273961365296
4952, 1405, 1664880593, 24, 23, 0.0007499273961365296
4952, 1406, 1664880593, 22, 21, 0.0007499273961365296
4952, 1407, 1664880593, 19, 18, 0.0007499273961365296
4952, 1408, 1664880593, 17, 16, 0.0007499273961365296
4952, 1409, 1664880593, 18, 17, 0.0007499273961365296
4952, 1410, 1664880593, 83, 82, 0.0007499273961365296
4952, 1411, 1664880593, 19, 18, 0.0007499273961365296
4952, 1412, 1664880593, 19, 18, 0.0007499273961365296
4952, 1413, 1664880593, 18, 17, 0.0007499273961365296
4952, 1414, 1664880593, 18, 17, 0.0007499273961365296
4953, 1415, 1664880593, 16, 15, 0.0007499273961365296
4953, 1416, 1664880593, 19, 18, 0.0007499273961365296
4953, 1417, 1664880593, 21, 20, 0.0007499273961365296
4953, 1418, 1664880593, 24, 23, 0.0007499273961365296
4953, 1419, 1664880593, 23, 22, 0.0007499273961365296
4953, 1420, 1664880593, 64, 63, 0.0007499273961365296
4953, 1421, 1664880593, 22, 21, 0.0007499273961365296
4953, 1422, 1664880593, 18, 17, 0.0007499273961365296
4953, 1423, 1664880593, 20, 19, 0.0007499273961365296
4953, 1424, 1664880593, 18, 17, 0.0007499273961365296
4953, 1425, 1664880593, 23, 22, 0.0007499273961365296
4953, 1426, 1664880593, 29, 28, 0.0007499273961365296
4953, 1427, 1664880594, 33, 32, 0.0007499273961365296
4953, 1428, 1664880594, 30, 29, 0.0007499273961365296
4953, 1429, 1664880594, 29, 28, 0.0007499273961365296
4953, 1430, 1664880594, 116, 115, 0.0007499273961365296
4953, 1431, 1664880594, 31, 30, 0.0007359172843864893
4953, 1432, 1664880594, 24, 23, 0.0007359172843864893
4953, 1433, 1664880594, 23, 22, 0.0007359172843864893
4953, 1434, 1664880594, 20, 19, 0.0007359172843864893
4953, 1435, 1664880594, 29, 28, 0.0007359172843864893
4953, 1436, 1664880594, 25, 24, 0.0007359172843864893
4953, 1437, 1664880594, 27, 26, 0.0007359172843864893
4953, 1438, 1664880594, 33, 32, 0.0007359172843864893
4953, 1439, 1664880594, 31, 30, 0.0007359172843864893
4953, 1440, 1664880594, 62, 61, 0.0007359172843864893
4953, 1441, 1664880594, 13, 12, 0.0007359172843864893
4953, 1442, 1664880594, 12, 11, 0.0007359172843864893
4954, 1443, 1664880594, 13, 12, 0.0007359172843864893
4954, 1444, 1664880594, 13, 12, 0.0007359172843864893
4954, 1445, 1664880594, 14, 13, 0.0007359172843864893
4954, 1446, 1664880594, 12, 11, 0.0007359172843864893
4954, 1447, 1664880594, 13, 12, 0.0007359172843864893
4954, 1448, 1664880594, 12, 11, 0.0007359172843864893
4954, 1449, 1664880594, 16, 15, 0.0007359172843864893
4954, 1450, 1664880594, 70, 69, 0.0007359172843864893
4954, 1451, 1664880594, 20, 19, 0.0007359172843864893
4954, 1452, 1664880594, 20, 19, 0.0007359172843864893
4954, 1453, 1664880594, 20, 19, 0.0007359172843864893
4954, 1454, 1664880594, 15, 14, 0.0007359172843864893
4954, 1455, 1664880595, 16, 15, 0.0007359172843864893
4954, 1456, 1664880595, 15, 14, 0.0007359172843864893
4954, 1457, 1664880595, 14, 13, 0.0007359172843864893
4954, 1458, 1664880595, 15, 14, 0.0007359172843864893
4954, 1459, 1664880595, 15, 14, 0.0007225334987760358
4954, 1460, 1664880595, 92, 91, 0.0007225334987760358
4954, 1461, 1664880595, 29, 28, 0.0007225334987760358
4954, 1462, 1664880595, 17, 16, 0.0007225334987760358
4954, 1463, 1664880595, 16, 15, 0.0007225334987760358
4954, 1464, 1664880595, 15, 14, 0.0007225334987760358
4954, 1465, 1664880595, 16, 15, 0.0007225334987760358
4954, 1466, 1664880595, 15, 14, 0.0007225334987760358
4954, 1467, 1664880595, 14, 13, 0.0007225334987760358
4954, 1468, 1664880595, 15, 14, 0.0007225334987760358
4954, 1469, 1664880595, 16, 15, 0.0007225334987760358
4954, 1470, 1664880595, 93, 92, 0.0007225334987760358
4954, 1471, 1664880595, 15, 14, 0.0007225334987760358
4955, 1472, 1664880595, 20, 19, 0.0007225334987760358
4955, 1473, 1664880595, 17, 16, 0.0007225334987760358
4955, 1474, 1664880595, 17, 16, 0.0007225334987760358
4955, 1475, 1664880595, 16, 15, 0.0007225334987760358
4955, 1476, 1664880595, 20, 19, 0.0007225334987760358
4955, 1477, 1664880595, 17, 16, 0.0007225334987760358
4955, 1478, 1664880595, 16, 15, 0.0007225334987760358
4955, 1479, 1664880595, 15, 14, 0.0007225334987760358
4955, 1480, 1664880595, 87, 86, 0.0007225334987760358
4955, 1481, 1664880595, 16, 15, 0.0007225334987760358
4955, 1482, 1664880595, 17, 16, 0.0007225334987760358
4955, 1483, 1664880596, 17, 16, 0.0007225334987760358
4955, 1484, 1664880596, 23, 22, 0.0007225334987760358
4955, 1485, 1664880596, 19, 18, 0.0007225334987760358
4955, 1486, 1664880596, 15, 14, 0.0007225334987760358
4955, 1487, 1664880596, 24, 23, 0.0007101525795018053
4955, 1488, 1664880596, 27, 26, 0.0007101525795018053
4955, 1489, 1664880596, 33, 32, 0.0007101525795018053
4955, 1490, 1664880596, 114, 113, 0.0007101525795018053
4955, 1491, 1664880596, 38, 37, 0.0007101525795018053
4955, 1492, 1664880596, 41, 40, 0.0007101525795018053
4955, 1493, 1664880596, 40, 39, 0.0007101525795018053
4955, 1494, 1664880596, 36, 35, 0.0007101525795018053
4955, 1495, 1664880596, 31, 30, 0.0007101525795018053
4955, 1496, 1664880596, 30, 29, 0.0007101525795018053
4955, 1497, 1664880596, 26, 25, 0.0007101525795018053
4955, 1498, 1664880596, 28, 27, 0.0007101525795018053
4955, 1499, 1664880596, 26, 25, 0.0007101525795018053
4956, 1500, 1664880596, 94, 93, 0.0007101525795018053
4956, 1501, 1664880596, 17, 16, 0.0007101525795018053
4956, 1502, 1664880596, 19, 18, 0.0007101525795018053
4956, 1503, 1664880596, 19, 18, 0.0007101525795018053
4956, 1504, 1664880596, 18, 17, 0.0007101525795018053
4956, 1505, 1664880596, 16, 15, 0.0007101525795018053
4956, 1506, 1664880596, 15, 14, 0.0007101525795018053
4956, 1507, 1664880596, 16, 15, 0.0007101525795018053
4956, 1508, 1664880596, 16, 15, 0.0007101525795018053
4956, 1509, 1664880596, 16, 15, 0.0007101525795018053
4956, 1510, 1664880597, 78, 77, 0.0007101525795018053
4956, 1511, 1664880597, 13, 12, 0.0007101525795018053
4956, 1512, 1664880597, 14, 13, 0.0007101525795018053
4956, 1513, 1664880597, 13, 12, 0.0007101525795018053
4956, 1514, 1664880597, 14, 13, 0.0007101525795018053
4956, 1515, 1664880597, 16, 15, 0.0006951738233318931
4956, 1516, 1664880597, 15, 14, 0.0006951738233318931
4956, 1517, 1664880597, 19, 18, 0.0006951738233318931
4956, 1518, 1664880597, 29, 28, 0.0006951738233318931
4956, 1519, 1664880597, 26, 25, 0.0006951738233318931
4956, 1520, 1664880597, 76, 75, 0.0006951738233318931
4956, 1521, 1664880597, 15, 14, 0.0006951738233318931
4956, 1522, 1664880597, 11, 10, 0.0006951738233318931
4956, 1523, 1664880597, 15, 14, 0.0006951738233318931
4956, 1524, 1664880597, 12, 11, 0.0006951738233318931
4956, 1525, 1664880597, 16, 15, 0.0006951738233318931
4956, 1526, 1664880597, 11, 10, 0.0006951738233318931
4956, 1527, 1664880597, 14, 13, 0.0006951738233318931
4956, 1528, 1664880597, 12, 11, 0.0006951738233318931
4957, 1529, 1664880597, 13, 12, 0.0006951738233318931
4957, 1530, 1664880597, 72, 71, 0.0006951738233318931
4957, 1531, 1664880597, 19, 18, 0.0006951738233318931
4957, 1532, 1664880597, 21, 20, 0.0006951738233318931
4957, 1533, 1664880597, 17, 16, 0.0006951738233318931
4957, 1534, 1664880597, 19, 18, 0.0006951738233318931
4957, 1535, 1664880597, 19, 18, 0.0006951738233318931
4957, 1536, 1664880597, 19, 18, 0.0006951738233318931
4957, 1537, 1664880597, 19, 18, 0.0006951738233318931
4957, 1538, 1664880598, 16, 15, 0.0006951738233318931
4957, 1539, 1664880598, 15, 14, 0.0006951738233318931
4957, 1540, 1664880598, 52, 51, 0.0006951738233318931
4957, 1541, 1664880598, 16, 15, 0.0006951738233318931
4957, 1542, 1664880598, 15, 14, 0.0006951738233318931
4957, 1543, 1664880598, 12, 11, 0.0006951738233318931
4957, 1544, 1664880598, 10, 9, 0.0006848486133458491
4957, 1545, 1664880598, 9, 8, 0.0006848486133458491
4957, 1546, 1664880598, 9, 8, 0.0006848486133458491
4957, 1547, 1664880598, 10, 9, 0.0006848486133458491
4957, 1548, 1664880598, 10, 9, 0.0006848486133458491
4957, 1549, 1664880598, 11, 10, 0.0006848486133458491
4957, 1550, 1664880598, 40, 39, 0.0006848486133458491
4957, 1551, 1664880598, 11, 10, 0.0006848486133458491
4957, 1552, 1664880598, 11, 10, 0.0006848486133458491
4957, 1553, 1664880598, 11, 10, 0.0006848486133458491
4957, 1554, 1664880598, 11, 10, 0.0006848486133458491
4957, 1555, 1664880598, 11, 10, 0.0006848486133458491
4957, 1556, 1664880598, 11, 10, 0.0006848486133458491
4957, 1557, 1664880598, 11, 10, 0.0006848486133458491
4958, 1558, 1664880598, 14, 13, 0.0006848486133458491
4958, 1559, 1664880598, 14, 13, 0.0006848486133458491
4958, 1560, 1664880598, 55, 54, 0.0006848486133458491
4958, 1561, 1664880598, 14, 13, 0.0006848486133458491
4958, 1562, 1664880598, 15, 14, 0.0006848486133458491
4958, 1563, 1664880598, 16, 15, 0.0006848486133458491
4958, 1564, 1664880598, 17, 16, 0.0006848486133458491
4958, 1565, 1664880598, 16, 15, 0.0006848486133458491
4958, 1566, 1664880598, 15, 14, 0.0006848486133458491
4958, 1567, 1664880599, 18, 17, 0.0006848486133458491
4958, 1568, 1664880599, 16, 15, 0.0006848486133458491
4958, 1569, 1664880599, 20, 19, 0.0006848486133458491
4958, 1570, 1664880599, 92, 91, 0.0006848486133458491
4958, 1571, 1664880599, 16, 15, 0.0006848486133458491
4958, 1572, 1664880599, 18, 17, 0.0006848486133458491
4958, 1573, 1664880599, 18, 17, 0.0006765797854947963
4958, 1574, 1664880599, 21, 20, 0.0006765797854947963
4958, 1575, 1664880599, 21, 20, 0.0006765797854947963
4958, 1576, 1664880599, 20, 19, 0.0006765797854947963
4958, 1577, 1664880599, 17, 16, 0.0006765797854947963
4958, 1578, 1664880599, 17, 16, 0.0006765797854947963
4958, 1579, 1664880599, 22, 21, 0.0006765797854947963
4958, 1580, 1664880599, 111, 110, 0.0006765797854947963
4958, 1581, 1664880599, 17, 16, 0.0006765797854947963
4958, 1582, 1664880599, 18, 17, 0.0006765797854947963
4958, 1583, 1664880599, 25, 24, 0.0006765797854947963
4958, 1584, 1664880599, 25, 24, 0.0006765797854947963
4958, 1585, 1664880599, 19, 18, 0.0006765797854947963
4959, 1586, 1664880599, 18, 17, 0.0006765797854947963
4959, 1587, 1664880599, 19, 18, 0.0006765797854947963
4959, 1588, 1664880599, 17, 16, 0.0006765797854947963
4959, 1589, 1664880599, 19, 18, 0.0006765797854947963
4959, 1590, 1664880599, 96, 95, 0.0006765797854947963
4959, 1591, 1664880599, 17, 16, 0.0006765797854947963
4959, 1592, 1664880599, 18, 17, 0.0006765797854947963
4959, 1593, 1664880599, 15, 14, 0.0006765797854947963
4959, 1594, 1664880599, 15, 14, 0.0006765797854947963
4959, 1595, 1664880600, 15, 14, 0.0006765797854947963
4959, 1596, 1664880600, 17, 16, 0.0006765797854947963
4959, 1597, 1664880600, 18, 17, 0.0006765797854947963
4959, 1598, 1664880600, 23, 22, 0.0006765797854947963
4959, 1599, 1664880600, 20, 19, 0.0006765797854947963
4959, 1600, 1664880600, 100, 99, 0.0006765797854947963
4959, 1601, 1664880600, 17, 16, 0.0006657754705917215
4959, 1602, 1664880600, 23, 22, 0.0006657754705917215
4959, 1603, 1664880600, 21, 20, 0.0006657754705917215
4959, 1604, 1664880600, 20, 19, 0.0006657754705917215
4959, 1605, 1664880600, 18, 17, 0.0006657754705917215
4959, 1606, 1664880600, 18, 17, 0.0006657754705917215
4959, 1607, 1664880600, 18, 17, 0.0006657754705917215
4959, 1608, 1664880600, 23, 22, 0.0006657754705917215
4959, 1609, 1664880600, 20, 19, 0.0006657754705917215
4959, 1610, 1664880600, 98, 97, 0.0006657754705917215
4959, 1611, 1664880600, 16, 15, 0.0006657754705917215
4959, 1612, 1664880600, 21, 20, 0.0006657754705917215
4959, 1613, 1664880600, 18, 17, 0.0006657754705917215
500, 1614, 1664880600, 17, 16, 0.0006657754705917215
500, 1615, 1664880600, 17, 16, 0.0006657754705917215
500, 1616, 1664880600, 17, 16, 0.0006657754705917215
500, 1617, 1664880600, 16, 15, 0.0006657754705917215
500, 1618, 1664880600, 18, 17, 0.0006657754705917215
500, 1619, 1664880600, 18, 17, 0.0006657754705917215
500, 1620, 1664880600, 94, 93, 0.0006657754705917215
500, 1621, 1664880600, 16, 15, 0.0006657754705917215
500, 1622, 1664880601, 16, 15, 0.0006657754705917215
500, 1623, 1664880601, 16, 15, 0.0006657754705917215
500, 1624, 1664880601, 21, 20, 0.0006657754705917215
500, 1625, 1664880601, 20, 19, 0.0006657754705917215
500, 1626, 1664880601, 21, 20, 0.0006657754705917215
500, 1627, 1664880601, 21, 20, 0.0006657754705917215
500, 1628, 1664880601, 21, 20, 0.0006657754705917215
500, 1629, 1664880601, 21, 20, 0.0006543408136441497
500, 1630, 1664880601, 94, 93, 0.0006543408136441497
500, 1631, 1664880601, 22, 21, 0.0006543408136441497
500, 1632, 1664880601, 24, 23, 0.0006543408136441497
500, 1633, 1664880601, 24, 23, 0.0006543408136441497
500, 1634, 1664880601, 22, 21, 0.0006543408136441497
500, 1635, 1664880601, 21, 20, 0.0006543408136441497
500, 1636, 1664880601, 20, 19, 0.0006543408136441497
500, 1637, 1664880601, 21, 20, 0.0006543408136441497
500, 1638, 1664880601, 20, 19, 0.0006543408136441497
500, 1639, 1664880601, 19, 18, 0.0006543408136441497
500, 1640, 1664880601, 67, 66, 0.0006543408136441497
500, 1641, 1664880601, 20, 19, 0.0006543408136441497
501, 1642, 1664880601, 12, 11, 0.0006543408136441497
501, 1643, 1664880601, 12, 11, 0.0006543408136441497
501, 1644, 1664880601, 11, 10, 0.0006543408136441497
501, 1645, 1664880601, 11, 10, 0.0006543408136441497
501, 1646, 1664880601, 12, 11, 0.0006543408136441497
501, 1647, 1664880601, 12, 11, 0.0006543408136441497
501, 1648, 1664880601, 12, 11, 0.0006543408136441497
501, 1649, 1664880601, 14, 13, 0.0006543408136441497
501, 1650, 1664880601, 48, 47, 0.0006543408136441497
501, 1651, 1664880602, 10, 9, 0.0006543408136441497
501, 1652, 1664880602, 12, 11, 0.0006543408136441497
501, 1653, 1664880602, 12, 11, 0.0006543408136441497
501, 1654, 1664880602, 14, 13, 0.0006543408136441497
501, 1655, 1664880602, 14, 13, 0.0006543408136441497
501, 1656, 1664880602, 16, 15, 0.0006543408136441497
501, 1657, 1664880602, 16, 15, 0.0006543408136441497
501, 1658, 1664880602, 19, 18, 0.0006451102293280744
501, 1659, 1664880602, 15, 14, 0.0006451102293280744
501, 1660, 1664880602, 58, 57, 0.0006451102293280744
501, 1661, 1664880602, 10, 9, 0.0006451102293280744
501, 1662, 1664880602, 12, 11, 0.0006451102293280744
501, 1663, 1664880602, 12, 11, 0.0006451102293280744
501, 1664, 1664880602, 12, 11, 0.0006451102293280744
501, 1665, 1664880602, 13, 12, 0.0006451102293280744
501, 1666, 1664880602, 13, 12, 0.0006451102293280744
501, 1667, 1664880602, 14, 13, 0.0006451102293280744
501, 1668, 1664880602, 14, 13, 0.0006451102293280744
501, 1669, 1664880602, 14, 13, 0.0006451102293280744
501, 1670, 1664880602, 63, 62, 0.0006451102293280744
502, 1671, 1664880602, 12, 11, 0.0006451102293280744
502, 1672, 1664880602, 18, 17, 0.0006451102293280744
502, 1673, 1664880602, 16, 15, 0.0006451102293280744
502, 1674, 1664880602, 15, 14, 0.0006451102293280744
502, 1675, 1664880602, 18, 17, 0.0006451102293280744
502, 1676, 1664880602, 16, 15, 0.0006451102293280744
502, 1677, 1664880602, 16, 15, 0.0006451102293280744
502, 1678, 1664880602, 12, 11, 0.0006451102293280744
502, 1679, 1664880603, 15, 14, 0.0006451102293280744
502, 1680, 1664880603, 62, 61, 0.0006451102293280744
502, 1681, 1664880603, 16, 15, 0.0006451102293280744
502, 1682, 1664880603, 15, 14, 0.0006451102293280744
502, 1683, 1664880603, 14, 13, 0.0006451102293280744
502, 1684, 1664880603, 18, 17, 0.0006451102293280744
502, 1685, 1664880603, 21, 20, 0.0006451102293280744
502, 1686, 1664880603, 24, 23, 0.0006451102293280744
502, 1687, 1664880603, 24, 23, 0.0006371406215900414
502, 1688, 1664880603, 24, 23, 0.0006371406215900414
502, 1689, 1664880603, 25, 24, 0.0006371406215900414
502, 1690, 1664880603, 92, 91, 0.0006371406215900414
502, 1691, 1664880603, 16, 15, 0.0006371406215900414
502, 1692, 1664880603, 17, 16, 0.0006371406215900414
502, 1693, 1664880603, 18, 17, 0.0006371406215900414
502, 1694, 1664880603, 18, 17, 0.0006371406215900414
502, 1695, 1664880603, 16, 15, 0.0006371406215900414
502, 1696, 1664880603, 14, 13, 0.0006371406215900414
502, 1697, 1664880603, 24, 23, 0.0006371406215900414
502, 1698, 1664880603, 22, 21, 0.0006371406215900414
502, 1699, 1664880603, 17, 16, 0.0006371406215900414
503, 1700, 1664880603, 94, 93, 0.0006371406215900414
503, 1701, 1664880603, 17, 16, 0.0006371406215900414
503, 1702, 1664880603, 16, 15, 0.0006371406215900414
503, 1703, 1664880603, 16, 15, 0.0006371406215900414
503, 1704, 1664880603, 14, 13, 0.0006371406215900414
503, 1705, 1664880603, 14, 13, 0.0006371406215900414
503, 1706, 1664880603, 13, 12, 0.0006371406215900414
503, 1707, 1664880604, 13, 12, 0.0006371406215900414
503, 1708, 1664880604, 13, 12, 0.0006371406215900414
503, 1709, 1664880604, 13, 12, 0.0006371406215900414
503, 1710, 1664880604, 62, 61, 0.0006371406215900414
503, 1711, 1664880604, 12, 11, 0.0006371406215900414
503, 1712, 1664880604, 16, 15, 0.0006371406215900414
503, 1713, 1664880604, 20, 19, 0.0006371406215900414
503, 1714, 1664880604, 22, 21, 0.0006371406215900414
503, 1715, 1664880604, 17, 16, 0.0006277200106007235
503, 1716, 1664880604, 19, 18, 0.0006277200106007235
503, 1717, 1664880604, 22, 21, 0.0006277200106007235
503, 1718, 1664880604, 19, 18, 0.0006277200106007235
503, 1719, 1664880604, 15, 14, 0.0006277200106007235
503, 1720, 1664880604, 76, 75, 0.0006277200106007235
503, 1721, 1664880604, 12, 11, 0.0006277200106007235
503, 1722, 1664880604, 10, 9, 0.0006277200106007235
503, 1723, 1664880604, 27, 26, 0.0006277200106007235
503, 1724, 1664880604, 28, 27, 0.0006277200106007235
503, 1725, 1664880604, 25, 24, 0.0006277200106007235
503, 1726, 1664880604, 21, 20, 0.0006277200106007235
503, 1727, 1664880604, 15, 14, 0.0006277200106007235
503, 1728, 1664880604, 11, 10, 0.0006277200106007235
504, 1729, 1664880604, 15, 14, 0.0006277200106007235
504, 1730, 1664880604, 87, 86, 0.0006277200106007235
504, 1731, 1664880604, 17, 16, 0.0006277200106007235
504, 1732, 1664880604, 17, 16, 0.0006277200106007235
504, 1733, 1664880604, 18, 17, 0.0006277200106007235
504, 1734, 1664880604, 18, 17, 0.0006277200106007235
504, 1735, 1664880605, 15, 14, 0.0006277200106007235
504, 1736, 1664880605, 20, 19, 0.0006277200106007235
504, 1737, 1664880605, 16, 15, 0.0006277200106007235
504, 1738, 1664880605, 15, 14, 0.0006277200106007235
504, 1739, 1664880605, 15, 14, 0.0006277200106007235
504, 1740, 1664880605, 99, 98, 0.0006277200106007235
504, 1741, 1664880605, 25, 24, 0.0006277200106007235
504, 1742, 1664880605, 22, 21, 0.0006277200106007235
504, 1743, 1664880605, 24, 23, 0.0006181345846259527
504, 1744, 1664880605, 24, 23, 0.0006181345846259527
504, 1745, 1664880605, 20, 19, 0.0006181345846259527
504, 1746, 1664880605, 20, 19, 0.0006181345846259527
504, 1747, 1664880605, 23, 22, 0.0006181345846259527
504, 1748, 1664880605, 25, 24, 0.0006181345846259527
504, 1749, 1664880605, 22, 21, 0.0006181345846259527
504, 1750, 1664880605, 111, 110, 0.0006181345846259527
504, 1751, 1664880605, 16, 15, 0.0006181345846259527
504, 1752, 1664880605, 18, 17, 0.0006181345846259527
504, 1753, 1664880605, 15, 14, 0.0006181345846259527
504, 1754, 1664880605, 15, 14, 0.0006181345846259527
504, 1755, 1664880605, 14, 13, 0.0006181345846259527
504, 1756, 1664880605, 14, 13, 0.0006181345846259527
505, 1757, 1664880605, 13, 12, 0.0006181345846259527
505, 1758, 1664880605, 14, 13, 0.0006181345846259527
505, 1759, 1664880605, 14, 13, 0.0006181345846259527
505, 1760, 1664880605, 97, 96, 0.0006181345846259527
505, 1761, 1664880605, 19, 18, 0.0006181345846259527
505, 1762, 1664880605, 11, 10, 0.0006181345846259527
505, 1763, 1664880606, 9, 8, 0.0006181345846259527
505, 1764, 1664880606, 12, 11, 0.0006181345846259527
505, 1765, 1664880606, 15, 14, 0.0006181345846259527
505, 1766, 1664880606, 19, 18, 0.0006181345846259527
505, 1767, 1664880606, 18, 17, 0.0006181345846259527
505, 1768, 1664880606, 18, 17, 0.0006181345846259527
505, 1769, 1664880606, 16, 15, 0.0006181345846259527
505, 1770, 1664880606, 79, 78, 0.0006181345846259527
505, 1771, 1664880606, 19, 18, 0.0006181345846259527
505, 1772, 1664880606, 17, 16, 0.0006085714159981272
505, 1773, 1664880606, 18, 17, 0.0006085714159981272
505, 1774, 1664880606, 16, 15, 0.0006085714159981272
505, 1775, 1664880606, 12, 11, 0.0006085714159981272
505, 1776, 1664880606, 18, 17, 0.0006085714159981272
505, 1777, 1664880606, 13, 12, 0.0006085714159981272
505, 1778, 1664880606, 13, 12, 0.0006085714159981272
505, 1779, 1664880606, 12, 11, 0.0006085714159981272
505, 1780, 1664880606, 63, 62, 0.0006085714159981272
505, 1781, 1664880606, 18, 17, 0.0006085714159981272
505, 1782, 1664880606, 14, 13, 0.0006085714159981272
505, 1783, 1664880606, 19, 18, 0.0006085714159981272
505, 1784, 1664880606, 15, 14, 0.0006085714159981272
505, 1785, 1664880606, 16, 15, 0.0006085714159981272
506, 1786, 1664880606, 18, 17, 0.0006085714159981272
506, 1787, 1664880606, 18, 17, 0.0006085714159981272
506, 1788, 1664880606, 32, 31, 0.0006085714159981272
506, 1789, 1664880606, 32, 31, 0.0006085714159981272
506, 1790, 1664880606, 123, 122, 0.0006085714159981272
506, 1791, 1664880607, 37, 36, 0.0006085714159981272
506, 1792, 1664880607, 36, 35, 0.0006085714159981272
506, 1793, 1664880607, 23, 22, 0.0006085714159981272
506, 1794, 1664880607, 29, 28, 0.0006085714159981272
506, 1795, 1664880607, 23, 22, 0.0006085714159981272
506, 1796, 1664880607, 37, 36, 0.0006085714159981272
506, 1797, 1664880607, 27, 26, 0.0006085714159981272
506, 1798, 1664880607, 27, 26, 0.0006085714159981272
506, 1799, 1664880607, 21, 20, 0.0006085714159981272
