process,frame_no,time
rlncenc, 0, 154.8163890838623
rlncenc, 1, 2.3484230041503906
rlncenc, 2, 1.2853145599365234
rlncenc, 3, 1.4832019805908203
rlncenc, 4, 1.744985580444336
rlncenc, 5, 1.461029052734375
rlncenc, 6, 1.3403892517089844
rlncenc, 7, 1.2576580047607422
rlncenc, 8, 1.2650489807128906
rlncenc, 9, 1.1899471282958984
rlncenc, 10, 1.9049644470214844
rlncenc, 11, 1.4848709106445312
rlncenc, 12, 1.0750293731689453
rlncenc, 13, 0.8530616760253906
rlncenc, 14, 4.911184310913086
rlncenc, 15, 1.1928081512451172
rlncenc, 16, 1.5561580657958984
rlncenc, 17, 1.2178421020507812
rlncenc, 18, 1.2290477752685547
rlncenc, 19, 1.1148452758789062
rlncenc, 20, 1.5397071838378906
rlncenc, 21, 0.6411075592041016
rlncenc, 22, 4.024744033813477
rlncenc, 23, 0.5519390106201172
rlncenc, 24, 0.48470497131347656
rlncenc, 25, 0.48851966857910156
rlncenc, 26, 0.7357597351074219
rlncenc, 27, 0.6892681121826172
rlncenc, 28, 0.9386539459228516
rlncenc, 29, 0.6501674652099609
rlncenc, 30, 1.745462417602539
rlncenc, 31, 0.6823539733886719
rlncenc, 32, 0.7493495941162109
rlncenc, 33, 0.8971691131591797
rlncenc, 34, 1.2156963348388672
rlncenc, 35, 2.8548240661621094
rlncenc, 36, 0.9658336639404297
rlncenc, 37, 0.9729862213134766
rlncenc, 38, 0.46825408935546875
rlncenc, 39, 0.9565353393554688
rlncenc, 40, 2.382993698120117
rlncenc, 41, 0.7326602935791016
rlncenc, 42, 0.7445812225341797
rlncenc, 43, 1.0209083557128906
rlncenc, 44, 0.8180141448974609
rlncenc, 45, 0.7603168487548828
rlncenc, 46, 0.843048095703125
rlncenc, 47, 0.7200241088867188
rlncenc, 48, 0.7719993591308594
rlncenc, 49, 0.6494522094726562
rlncenc, 50, 3.6041736602783203
rlncenc, 51, 0.64849853515625
rlncenc, 52, 0.6260871887207031
rlncenc, 53, 0.7793903350830078
rlncenc, 54, 0.69427490234375
rlncenc, 55, 0.7898807525634766
rlncenc, 56, 1.0364055633544922
rlncenc, 57, 0.6072521209716797
rlncenc, 58, 0.74005126953125
rlncenc, 59, 1.7895698547363281
rlncenc, 60, 1.129150390625
rlncenc, 61, 0.5550384521484375
rlncenc, 62, 0.5729198455810547
rlncenc, 63, 0.5259513854980469
rlncenc, 64, 0.5242824554443359
rlncenc, 65, 0.6742477416992188
rlncenc, 66, 0.5741119384765625
rlncenc, 67, 0.6453990936279297
rlncenc, 68, 0.6222724914550781
rlncenc, 69, 0.6110668182373047
rlncenc, 70, 1.2440681457519531
rlncenc, 71, 0.6334781646728516
rlncenc, 72, 0.6215572357177734
rlncenc, 73, 0.6208419799804688
rlncenc, 74, 0.6213188171386719
rlncenc, 75, 0.7276535034179688
rlncenc, 76, 0.6177425384521484
rlncenc, 77, 0.5779266357421875
rlncenc, 78, 0.5748271942138672
rlncenc, 79, 0.6096363067626953
rlncenc, 80, 1.035928726196289
rlncenc, 81, 0.45371055603027344
rlncenc, 82, 0.4811286926269531
rlncenc, 83, 0.5238056182861328
rlncenc, 84, 0.4363059997558594
rlncenc, 85, 0.4334449768066406
rlncenc, 86, 0.43582916259765625
rlncenc, 87, 0.43654441833496094
rlncenc, 88, 0.4897117614746094
rlncenc, 89, 0.49376487731933594
rlncenc, 90, 1.0027885437011719
rlncenc, 91, 0.46443939208984375
rlncenc, 92, 0.5562305450439453
rlncenc, 93, 0.4374980926513672
rlncenc, 94, 0.5125999450683594
rlncenc, 95, 0.415802001953125
rlncenc, 96, 0.7922649383544922
rlncenc, 97, 0.6229877471923828
rlncenc, 98, 0.6105899810791016
rlncenc, 99, 0.5481243133544922
rlncenc, 100, 1.2047290802001953
rlncenc, 101, 0.6794929504394531
rlncenc, 102, 0.6489753723144531
rlncenc, 103, 0.6625652313232422
rlncenc, 104, 0.5590915679931641
rlncenc, 105, 0.6022453308105469
rlncenc, 106, 0.5478858947753906
rlncenc, 107, 0.5207061767578125
rlncenc, 108, 0.4849433898925781
rlncenc, 109, 0.5040168762207031
rlncenc, 110, 1.4216899871826172
rlncenc, 111, 0.6771087646484375
rlncenc, 112, 0.6103515625
rlncenc, 113, 0.6270408630371094
rlncenc, 114, 0.8001327514648438
rlncenc, 115, 0.5128383636474609
rlncenc, 116, 0.5104541778564453
rlncenc, 117, 0.41294097900390625
rlncenc, 118, 0.37670135498046875
rlncenc, 119, 0.4324913024902344
rlncenc, 120, 3.451824188232422
rlncenc, 121, 0.8866786956787109
rlncenc, 122, 0.8265972137451172
rlncenc, 123, 0.9696483612060547
rlncenc, 124, 0.9303092956542969
rlncenc, 125, 1.127004623413086
rlncenc, 126, 0.8878707885742188
rlncenc, 127, 0.8847713470458984
rlncenc, 128, 0.9241104125976562
rlncenc, 129, 0.9617805480957031
rlncenc, 130, 3.3583641052246094
rlncenc, 131, 0.6394386291503906
rlncenc, 132, 1.0704994201660156
rlncenc, 133, 0.8170604705810547
rlncenc, 134, 0.7710456848144531
rlncenc, 135, 0.8306503295898438
rlncenc, 136, 0.8409023284912109
rlncenc, 137, 0.7770061492919922
rlncenc, 138, 1.2664794921875
rlncenc, 139, 1.3484954833984375
rlncenc, 140, 2.9573440551757812
rlncenc, 141, 1.2333393096923828
rlncenc, 142, 1.3175010681152344
rlncenc, 143, 1.0955333709716797
rlncenc, 144, 1.1980533599853516
rlncenc, 145, 0.7908344268798828
rlncenc, 146, 0.7424354553222656
rlncenc, 147, 0.9825229644775391
rlncenc, 148, 0.9126663208007812
rlncenc, 149, 0.8194446563720703
rlncenc, 150, 3.5903453826904297
rlncenc, 151, 0.7946491241455078
rlncenc, 152, 0.7312297821044922
rlncenc, 153, 0.7417201995849609
rlncenc, 154, 0.61798095703125
rlncenc, 155, 0.6906986236572266
rlncenc, 156, 1.1217594146728516
rlncenc, 157, 1.032114028930664
rlncenc, 158, 1.2621879577636719
rlncenc, 159, 1.0297298431396484
rlncenc, 160, 2.8100013732910156
rlncenc, 161, 1.0061264038085938
rlncenc, 162, 1.1680126190185547
rlncenc, 163, 0.8130073547363281
rlncenc, 164, 0.8006095886230469
rlncenc, 165, 0.7414817810058594
rlncenc, 166, 0.7026195526123047
rlncenc, 167, 0.7572174072265625
rlncenc, 168, 0.7410049438476562
rlncenc, 169, 0.8957386016845703
rlncenc, 170, 3.381490707397461
rlncenc, 171, 1.0273456573486328
rlncenc, 172, 0.8921623229980469
rlncenc, 173, 1.027822494506836
rlncenc, 174, 1.1458396911621094
rlncenc, 175, 1.249074935913086
rlncenc, 176, 1.1668205261230469
rlncenc, 177, 1.2524127960205078
rlncenc, 178, 1.0361671447753906
rlncenc, 179, 1.0836124420166016
rlncenc, 180, 4.549741744995117
rlncenc, 181, 1.070261001586914
rlncenc, 182, 1.493692398071289
rlncenc, 183, 1.33514404296875
rlncenc, 184, 1.0981559753417969
rlncenc, 185, 1.2664794921875
rlncenc, 186, 1.6586780548095703
rlncenc, 187, 1.5482902526855469
rlncenc, 188, 1.434326171875
rlncenc, 189, 1.4793872833251953
rlncenc, 190, 4.954814910888672
rlncenc, 191, 1.0595321655273438
rlncenc, 192, 1.0156631469726562
rlncenc, 193, 1.3020038604736328
rlncenc, 194, 1.1403560638427734
rlncenc, 195, 1.2903213500976562
rlncenc, 196, 1.1870861053466797
rlncenc, 197, 1.4128684997558594
rlncenc, 198, 1.2841224670410156
rlncenc, 199, 2.1119117736816406
rlncenc, 200, 4.634618759155273
rlncenc, 201, 1.5273094177246094
rlncenc, 202, 1.3616085052490234
rlncenc, 203, 1.6200542449951172
rlncenc, 204, 1.5926361083984375
rlncenc, 205, 1.6672611236572266
rlncenc, 206, 1.5017986297607422
rlncenc, 207, 1.3530254364013672
rlncenc, 208, 1.28936767578125
rlncenc, 209, 1.7113685607910156
rlncenc, 210, 3.8564205169677734
rlncenc, 211, 2.1359920501708984
rlncenc, 212, 1.1861324310302734
rlncenc, 213, 1.4040470123291016
rlncenc, 214, 1.363992691040039
rlncenc, 215, 1.173257827758789
rlncenc, 216, 1.1217594146728516
rlncenc, 217, 1.3158321380615234
rlncenc, 218, 1.0066032409667969
rlncenc, 219, 1.1019706726074219
rlncenc, 220, 3.1731128692626953
rlncenc, 221, 1.3651847839355469
rlncenc, 222, 1.4674663543701172
rlncenc, 223, 1.5654563903808594
rlncenc, 224, 1.4295578002929688
rlncenc, 225, 1.7342567443847656
rlncenc, 226, 2.052783966064453
rlncenc, 227, 1.7101764678955078
rlncenc, 228, 1.8477439880371094
rlncenc, 229, 1.9962787628173828
rlncenc, 230, 5.121469497680664
rlncenc, 231, 1.6100406646728516
rlncenc, 232, 1.3263225555419922
rlncenc, 233, 1.2314319610595703
rlncenc, 234, 1.3320446014404297
rlncenc, 235, 1.1737346649169922
rlncenc, 236, 1.3499259948730469
rlncenc, 237, 1.486063003540039
rlncenc, 238, 1.3842582702636719
rlncenc, 239, 1.4495849609375
rlncenc, 240, 4.177570343017578
rlncenc, 241, 1.184701919555664
rlncenc, 242, 0.9934902191162109
rlncenc, 243, 1.0335445404052734
rlncenc, 244, 1.127004623413086
rlncenc, 245, 1.2733936309814453
rlncenc, 246, 1.2204647064208984
rlncenc, 247, 1.3244152069091797
rlncenc, 248, 1.2233257293701172
rlncenc, 249, 1.4386177062988281
rlncenc, 250, 4.309415817260742
rlncenc, 251, 0.9710788726806641
rlncenc, 252, 1.1591911315917969
rlncenc, 253, 1.3387203216552734
rlncenc, 254, 1.1065006256103516
rlncenc, 255, 1.1529922485351562
rlncenc, 256, 1.0886192321777344
rlncenc, 257, 1.1668205261230469
rlncenc, 258, 1.1599063873291016
rlncenc, 259, 1.2519359588623047
rlncenc, 260, 4.335641860961914
rlncenc, 261, 1.5895366668701172
rlncenc, 262, 1.3735294342041016
rlncenc, 263, 1.199483871459961
rlncenc, 264, 0.5295276641845703
rlncenc, 265, 1.4426708221435547
rlncenc, 266, 1.6448497772216797
rlncenc, 267, 0.6587505340576172
rlncenc, 268, 1.1737346649169922
rlncenc, 269, 1.2652873992919922
rlncenc, 270, 3.705739974975586
rlncenc, 271, 1.7309188842773438
rlncenc, 272, 1.2640953063964844
rlncenc, 273, 1.4247894287109375
rlncenc, 274, 1.2617111206054688
rlncenc, 275, 1.382589340209961
rlncenc, 276, 1.2607574462890625
rlncenc, 277, 1.1959075927734375
rlncenc, 278, 1.0366439819335938
rlncenc, 279, 1.203298568725586
rlncenc, 280, 3.536701202392578
rlncenc, 281, 0.9315013885498047
rlncenc, 282, 1.0368824005126953
rlncenc, 283, 1.3310909271240234
rlncenc, 284, 0.8788108825683594
rlncenc, 285, 0.8668899536132812
rlncenc, 286, 0.7967948913574219
rlncenc, 287, 0.7662773132324219
rlncenc, 288, 0.7603168487548828
rlncenc, 289, 0.72479248046875
rlncenc, 290, 3.355741500854492
rlncenc, 291, 0.6508827209472656
rlncenc, 292, 0.6353855133056641
rlncenc, 293, 0.5617141723632812
rlncenc, 294, 0.6024837493896484
rlncenc, 295, 0.6670951843261719
rlncenc, 296, 0.6780624389648438
rlncenc, 297, 0.6062984466552734
rlncenc, 298, 0.8699893951416016
rlncenc, 299, 0.9899139404296875
rlncenc, 300, 3.4635066986083984
rlncenc, 301, 1.1289119720458984
rlncenc, 302, 0.9195804595947266
rlncenc, 303, 0.7169246673583984
rlncenc, 304, 0.8952617645263672
rlncenc, 305, 0.7419586181640625
rlncenc, 306, 0.9765625
rlncenc, 307, 0.972747802734375
rlncenc, 308, 0.9267330169677734
rlncenc, 309, 1.0151863098144531
rlncenc, 310, 4.853248596191406
rlncenc, 311, 1.0645389556884766
rlncenc, 312, 1.6911029815673828
rlncenc, 313, 1.4791488647460938
rlncenc, 314, 1.314401626586914
rlncenc, 315, 1.3399124145507812
rlncenc, 316, 1.2280941009521484
rlncenc, 317, 1.1985301971435547
rlncenc, 318, 1.1889934539794922
rlncenc, 319, 1.3098716735839844
rlncenc, 320, 5.020856857299805
rlncenc, 321, 1.3644695281982422
rlncenc, 322, 1.2390613555908203
rlncenc, 323, 1.6314983367919922
rlncenc, 324, 1.4371871948242188
rlncenc, 325, 1.3463497161865234
rlncenc, 326, 1.2135505676269531
rlncenc, 327, 1.2087821960449219
rlncenc, 328, 1.5265941619873047
rlncenc, 329, 1.5866756439208984
rlncenc, 330, 4.922151565551758
rlncenc, 331, 1.5759468078613281
rlncenc, 332, 1.5933513641357422
rlncenc, 333, 1.6162395477294922
rlncenc, 334, 1.745462417602539
rlncenc, 335, 1.6880035400390625
rlncenc, 336, 1.508474349975586
rlncenc, 337, 1.6167163848876953
rlncenc, 338, 1.4595985412597656
rlncenc, 339, 1.302957534790039
rlncenc, 340, 5.646228790283203
rlncenc, 341, 1.2767314910888672
rlncenc, 342, 1.2633800506591797
rlncenc, 343, 1.1625289916992188
rlncenc, 344, 1.107931137084961
rlncenc, 345, 1.657247543334961
rlncenc, 346, 1.3799667358398438
rlncenc, 347, 1.3093948364257812
rlncenc, 348, 1.1484622955322266
rlncenc, 349, 1.142740249633789
rlncenc, 350, 4.597187042236328
rlncenc, 351, 0.9570121765136719
rlncenc, 352, 1.2950897216796875
rlncenc, 353, 1.0678768157958984
rlncenc, 354, 1.0366439819335938
rlncenc, 355, 1.1699199676513672
rlncenc, 356, 1.111745834350586
rlncenc, 357, 1.461029052734375
rlncenc, 358, 1.1432170867919922
rlncenc, 359, 1.2538433074951172
rlncenc, 360, 4.195213317871094
rlncenc, 361, 1.1849403381347656
rlncenc, 362, 1.1417865753173828
rlncenc, 363, 1.2233257293701172
rlncenc, 364, 1.241922378540039
rlncenc, 365, 1.6014575958251953
rlncenc, 366, 1.394033432006836
rlncenc, 367, 1.8301010131835938
rlncenc, 368, 1.539468765258789
rlncenc, 369, 2.306699752807617
rlncenc, 370, 4.384756088256836
rlncenc, 371, 1.554250717163086
rlncenc, 372, 1.4443397521972656
rlncenc, 373, 1.5256404876708984
rlncenc, 374, 1.608133316040039
rlncenc, 375, 1.6319751739501953
rlncenc, 376, 1.3332366943359375
rlncenc, 377, 1.3828277587890625
rlncenc, 378, 1.5921592712402344
rlncenc, 379, 1.4758110046386719
rlncenc, 380, 3.7508010864257812
rlncenc, 381, 0.988006591796875
rlncenc, 382, 1.0929107666015625
rlncenc, 383, 1.4748573303222656
rlncenc, 384, 1.7352104187011719
rlncenc, 385, 1.9047260284423828
rlncenc, 386, 1.3811588287353516
rlncenc, 387, 1.3413429260253906
rlncenc, 388, 1.3468265533447266
rlncenc, 389, 1.1067390441894531
rlncenc, 390, 3.7338733673095703
rlncenc, 391, 1.1119842529296875
rlncenc, 392, 1.453399658203125
rlncenc, 393, 1.7125606536865234
rlncenc, 394, 1.1813640594482422
rlncenc, 395, 1.1234283447265625
rlncenc, 396, 1.531362533569336
rlncenc, 397, 1.8939971923828125
rlncenc, 398, 1.3251304626464844
rlncenc, 399, 1.6376972198486328
rlncenc, 400, 3.220796585083008
rlncenc, 401, 1.0814666748046875
rlncenc, 402, 1.5392303466796875
rlncenc, 403, 1.3475418090820312
rlncenc, 404, 0.49567222595214844
rlncenc, 405, 0.6728172302246094
rlncenc, 406, 1.2333393096923828
rlncenc, 407, 2.323150634765625
rlncenc, 408, 5.261898040771484
rlncenc, 409, 1.7430782318115234
rlncenc, 410, 6.325006484985352
rlncenc, 411, 1.4684200286865234
rlncenc, 412, 1.3194084167480469
rlncenc, 413, 1.8398761749267578
rlncenc, 414, 0.9760856628417969
rlncenc, 415, 1.058816909790039
rlncenc, 416, 0.9717941284179688
rlncenc, 417, 1.489400863647461
rlncenc, 418, 2.0227432250976562
rlncenc, 419, 1.8002986907958984
rlncenc, 420, 4.57000732421875
rlncenc, 421, 1.4765262603759766
rlncenc, 422, 1.7857551574707031
rlncenc, 423, 1.558542251586914
rlncenc, 424, 1.9345283508300781
rlncenc, 425, 2.4700164794921875
rlncenc, 426, 1.195669174194336
rlncenc, 427, 1.3818740844726562
rlncenc, 428, 1.1212825775146484
rlncenc, 429, 1.1034011840820312
rlncenc, 430, 3.400087356567383
rlncenc, 431, 8.52346420288086
rlncenc, 432, 1.417398452758789
rlncenc, 433, 1.1436939239501953
rlncenc, 434, 1.1339187622070312
rlncenc, 435, 1.291036605834961
rlncenc, 436, 1.0557174682617188
rlncenc, 437, 1.0685920715332031
rlncenc, 438, 1.9490718841552734
rlncenc, 439, 1.0535717010498047
rlncenc, 440, 3.7169456481933594
rlncenc, 441, 1.2023448944091797
rlncenc, 442, 1.7592906951904297
rlncenc, 443, 1.2378692626953125
rlncenc, 444, 1.1453628540039062
rlncenc, 445, 1.1708736419677734
rlncenc, 446, 1.093149185180664
rlncenc, 447, 1.4564990997314453
rlncenc, 448, 1.1096000671386719
rlncenc, 449, 0.9992122650146484
rlncenc, 450, 3.573179244995117
rlncenc, 451, 1.058816909790039
rlncenc, 452, 0.9434223175048828
rlncenc, 453, 1.064300537109375
rlncenc, 454, 1.561880111694336
rlncenc, 455, 1.2125968933105469
rlncenc, 456, 1.2607574462890625
rlncenc, 457, 1.4543533325195312
rlncenc, 458, 1.3165473937988281
rlncenc, 459, 1.3284683227539062
rlncenc, 460, 4.846096038818359
rlncenc, 461, 1.3637542724609375
rlncenc, 462, 41.52345657348633
rlncenc, 463, 2.117156982421875
rlncenc, 464, 1.725912094116211
rlncenc, 465, 1.8630027770996094
rlncenc, 466, 2.095460891723633
rlncenc, 467, 2.1333694458007812
rlncenc, 468, 1.216888427734375
rlncenc, 469, 2.0799636840820312
rlncenc, 470, 3.076314926147461
rlncenc, 471, 0.896453857421875
rlncenc, 472, 0.9319782257080078
rlncenc, 473, 1.2216567993164062
rlncenc, 474, 1.6193389892578125
rlncenc, 475, 1.5666484832763672
rlncenc, 476, 1.0633468627929688
rlncenc, 477, 0.8649826049804688
rlncenc, 478, 0.8296966552734375
rlncenc, 479, 4.973888397216797
rlncenc, 480, 3.060579299926758
rlncenc, 481, 1.1184215545654297
rlncenc, 482, 0.7212162017822266
rlncenc, 483, 0.640869140625
rlncenc, 484, 0.7305145263671875
rlncenc, 485, 0.67138671875
rlncenc, 486, 1.2404918670654297
rlncenc, 487, 1.0063648223876953
rlncenc, 488, 0.9129047393798828
rlncenc, 489, 0.7567405700683594
rlncenc, 490, 2.9129981994628906
rlncenc, 491, 0.6721019744873047
rlncenc, 492, 0.8482933044433594
rlncenc, 493, 1.0619163513183594
rlncenc, 494, 0.8666515350341797
rlncenc, 495, 1.0685920715332031
rlncenc, 496, 1.0313987731933594
rlncenc, 497, 0.9491443634033203
rlncenc, 498, 1.3127326965332031
rlncenc, 499, 0.7174015045166016
rlncenc, 500, 3.362894058227539
rlncenc, 501, 0.7197856903076172
rlncenc, 502, 0.7388591766357422
rlncenc, 503, 0.6723403930664062
rlncenc, 504, 0.9572505950927734
rlncenc, 505, 1.1522769927978516
rlncenc, 506, 0.8606910705566406
rlncenc, 507, 0.9238719940185547
rlncenc, 508, 0.7603168487548828
rlncenc, 509, 0.7429122924804688
rlncenc, 510, 4.060268402099609
rlncenc, 511, 0.6012916564941406
rlncenc, 512, 0.6837844848632812
rlncenc, 513, 0.7410049438476562
rlncenc, 514, 0.8373260498046875
rlncenc, 515, 0.42319297790527344
rlncenc, 516, 0.7529258728027344
rlncenc, 517, 1.2760162353515625
rlncenc, 518, 0.7920265197753906
rlncenc, 519, 0.7481575012207031
rlncenc, 520, 3.0171871185302734
rlncenc, 521, 0.6616115570068359
rlncenc, 522, 0.6783008575439453
rlncenc, 523, 0.8220672607421875
rlncenc, 524, 0.701904296875
rlncenc, 525, 0.7269382476806641
rlncenc, 526, 0.7083415985107422
rlncenc, 527, 0.7543563842773438
rlncenc, 528, 0.8423328399658203
rlncenc, 529, 1.0058879852294922
rlncenc, 530, 4.211902618408203
rlncenc, 531, 1.0499954223632812
rlncenc, 532, 1.0867118835449219
rlncenc, 533, 1.0616779327392578
rlncenc, 534, 1.0356903076171875
rlncenc, 535, 1.7917156219482422
rlncenc, 536, 1.0824203491210938
rlncenc, 537, 0.9865760803222656
rlncenc, 538, 0.9636878967285156
rlncenc, 539, 0.9961128234863281
rlncenc, 540, 3.474712371826172
rlncenc, 541, 0.8785724639892578
rlncenc, 542, 1.1477470397949219
rlncenc, 543, 0.9038448333740234
rlncenc, 544, 0.7348060607910156
rlncenc, 545, 0.9386539459228516
rlncenc, 546, 0.8575916290283203
rlncenc, 547, 1.0759830474853516
rlncenc, 548, 0.9975433349609375
rlncenc, 549, 1.0344982147216797
rlncenc, 550, 4.155397415161133
rlncenc, 551, 1.0046958923339844
rlncenc, 552, 1.0361671447753906
rlncenc, 553, 1.8935203552246094
rlncenc, 554, 1.2428760528564453
rlncenc, 555, 1.1382102966308594
rlncenc, 556, 1.2438297271728516
rlncenc, 557, 1.1851787567138672
rlncenc, 558, 1.2006759643554688
rlncenc, 559, 1.268148422241211
rlncenc, 560, 5.261898040771484
rlncenc, 561, 0.9527206420898438
rlncenc, 562, 1.180410385131836
rlncenc, 563, 1.146554946899414
rlncenc, 564, 1.0921955108642578
rlncenc, 565, 1.5401840209960938
rlncenc, 566, 1.2161731719970703
rlncenc, 567, 1.1556148529052734
rlncenc, 568, 1.1897087097167969
rlncenc, 569, 1.1548995971679688
rlncenc, 570, 4.3697357177734375
rlncenc, 571, 1.3344287872314453
rlncenc, 572, 1.573801040649414
rlncenc, 573, 1.0385513305664062
rlncenc, 574, 1.2350082397460938
rlncenc, 575, 1.0390281677246094
rlncenc, 576, 0.9653568267822266
rlncenc, 577, 0.949859619140625
rlncenc, 578, 0.8020401000976562
rlncenc, 579, 0.6914138793945312
rlncenc, 580, 2.799510955810547
rlncenc, 581, 0.8542537689208984
rlncenc, 582, 0.8862018585205078
rlncenc, 583, 0.7295608520507812
rlncenc, 584, 0.6666183471679688
rlncenc, 585, 0.8187294006347656
rlncenc, 586, 0.7498264312744141
rlncenc, 587, 0.8089542388916016
rlncenc, 588, 0.8327960968017578
rlncenc, 589, 0.7684230804443359
rlncenc, 590, 3.2396316528320312
rlncenc, 591, 0.8492469787597656
rlncenc, 592, 0.8182525634765625
rlncenc, 593, 0.7660388946533203
rlncenc, 594, 0.8966922760009766
rlncenc, 595, 0.7202625274658203
rlncenc, 596, 0.6644725799560547
rlncenc, 597, 0.7097721099853516
rlncenc, 598, 0.8432865142822266
rlncenc, 599, 0.6814002990722656
rlncenc, 600, 2.822399139404297
rlncenc, 601, 0.8432865142822266
rlncenc, 602, 0.7519721984863281
rlncenc, 603, 0.6418228149414062
rlncenc, 604, 0.7331371307373047
rlncenc, 605, 0.7927417755126953
rlncenc, 606, 0.7884502410888672
rlncenc, 607, 0.8075237274169922
rlncenc, 608, 0.9620189666748047
rlncenc, 609, 0.6835460662841797
rlncenc, 610, 1.9860267639160156
rlncenc, 611, 0.6263256072998047
rlncenc, 612, 0.9987354278564453
rlncenc, 613, 1.028299331665039
rlncenc, 614, 0.8451938629150391
rlncenc, 615, 1.0366439819335938
rlncenc, 616, 0.9183883666992188
rlncenc, 617, 0.8630752563476562
rlncenc, 618, 0.7195472717285156
rlncenc, 619, 0.7700920104980469
rlncenc, 620, 2.871274948120117
rlncenc, 621, 0.5216598510742188
rlncenc, 622, 0.5748271942138672
rlncenc, 623, 0.6315708160400391
rlncenc, 624, 0.5807876586914062
rlncenc, 625, 0.6597042083740234
rlncenc, 626, 0.7171630859375
rlncenc, 627, 0.6251335144042969
rlncenc, 628, 0.9427070617675781
rlncenc, 629, 0.8096694946289062
rlncenc, 630, 3.4208297729492188
rlncenc, 631, 1.199960708618164
rlncenc, 632, 1.2133121490478516
rlncenc, 633, 1.1301040649414062
rlncenc, 634, 1.0428428649902344
rlncenc, 635, 0.8840560913085938
rlncenc, 636, 0.9062290191650391
rlncenc, 637, 0.8111000061035156
rlncenc, 638, 0.7083415985107422
rlncenc, 639, 0.743865966796875
rlncenc, 640, 3.7026405334472656
rlncenc, 641, 0.9403228759765625
rlncenc, 642, 0.7212162017822266
rlncenc, 643, 0.6687641143798828
rlncenc, 644, 0.6988048553466797
rlncenc, 645, 0.7040500640869141
rlncenc, 646, 0.9777545928955078
rlncenc, 647, 0.8683204650878906
rlncenc, 648, 0.7274150848388672
rlncenc, 649, 0.6449222564697266
rlncenc, 650, 3.2241344451904297
rlncenc, 651, 0.5612373352050781
rlncenc, 652, 0.6208419799804688
rlncenc, 653, 0.6244182586669922
rlncenc, 654, 0.6651878356933594
rlncenc, 655, 0.6892681121826172
rlncenc, 656, 0.736236572265625
rlncenc, 657, 0.7379055023193359
rlncenc, 658, 0.9336471557617188
rlncenc, 659, 0.7052421569824219
rlncenc, 660, 4.714250564575195
rlncenc, 661, 0.6532669067382812
rlncenc, 662, 0.7226467132568359
rlncenc, 663, 0.7047653198242188
rlncenc, 664, 0.8413791656494141
rlncenc, 665, 0.6649494171142578
rlncenc, 666, 0.9338855743408203
rlncenc, 667, 0.9295940399169922
rlncenc, 668, 0.8971691131591797
rlncenc, 669, 0.7073879241943359
rlncenc, 670, 3.348112106323242
rlncenc, 671, 0.5221366882324219
rlncenc, 672, 0.7593631744384766
rlncenc, 673, 0.5757808685302734
rlncenc, 674, 0.5688667297363281
rlncenc, 675, 0.6136894226074219
rlncenc, 676, 0.6823539733886719
rlncenc, 677, 0.75531005859375
rlncenc, 678, 0.8344650268554688
rlncenc, 679, 0.9319782257080078
rlncenc, 680, 3.310680389404297
rlncenc, 681, 0.5819797515869141
rlncenc, 682, 0.6763935089111328
rlncenc, 683, 0.6434917449951172
rlncenc, 684, 0.5793571472167969
rlncenc, 685, 0.6034374237060547
rlncenc, 686, 0.5877017974853516
rlncenc, 687, 0.5195140838623047
rlncenc, 688, 0.6575584411621094
rlncenc, 689, 0.5562305450439453
rlncenc, 690, 2.323627471923828
rlncenc, 691, 0.7731914520263672
rlncenc, 692, 0.60272216796875
rlncenc, 693, 0.5834102630615234
rlncenc, 694, 0.5578994750976562
rlncenc, 695, 0.5633831024169922
rlncenc, 696, 0.6098747253417969
rlncenc, 697, 0.5486011505126953
rlncenc, 698, 0.7507801055908203
rlncenc, 699, 0.6716251373291016
rlncenc, 700, 0.8974075317382812
rlncenc, 701, 0.33020973205566406
rlncenc, 702, 0.32019615173339844
rlncenc, 703, 0.4172325134277344
rlncenc, 704, 0.37407875061035156
rlncenc, 705, 0.5049705505371094
rlncenc, 706, 0.3581047058105469
rlncenc, 707, 0.2689361572265625
rlncenc, 708, 0.4291534423828125
rlncenc, 709, 0.3428459167480469
rlncenc, 710, 1.1515617370605469
rlncenc, 711, 0.45943260192871094
rlncenc, 712, 0.33211708068847656
rlncenc, 713, 0.3616809844970703
rlncenc, 714, 0.4143714904785156
rlncenc, 715, 0.4267692565917969
rlncenc, 716, 0.385284423828125
rlncenc, 717, 0.4029273986816406
rlncenc, 718, 0.36025047302246094
rlncenc, 719, 0.5397796630859375
rlncenc, 720, 1.5621185302734375
rlncenc, 721, 0.2677440643310547
rlncenc, 722, 0.4210472106933594
rlncenc, 723, 0.3819465637207031
rlncenc, 724, 0.4200935363769531
rlncenc, 725, 0.5507469177246094
rlncenc, 726, 0.36334991455078125
rlncenc, 727, 0.362396240234375
rlncenc, 728, 0.48661231994628906
rlncenc, 729, 0.4200935363769531
rlncenc, 730, 1.5561580657958984
rlncenc, 731, 0.3266334533691406
rlncenc, 732, 0.3840923309326172
rlncenc, 733, 0.38170814514160156
rlncenc, 734, 0.5037784576416016
rlncenc, 735, 0.35500526428222656
rlncenc, 736, 0.3771781921386719
rlncenc, 737, 0.3573894500732422
rlncenc, 738, 0.42700767517089844
rlncenc, 739, 0.4417896270751953
rlncenc, 740, 1.4204978942871094
rlncenc, 741, 0.38743019104003906
rlncenc, 742, 0.36334991455078125
rlncenc, 743, 0.3685951232910156
rlncenc, 744, 0.36263465881347656
rlncenc, 745, 0.3733634948730469
rlncenc, 746, 0.4048347473144531
rlncenc, 747, 0.37407875061035156
rlncenc, 748, 0.37360191345214844
rlncenc, 749, 0.40531158447265625
rlncenc, 750, 1.3015270233154297
rlncenc, 751, 0.27370452880859375
rlncenc, 752, 0.26798248291015625
rlncenc, 753, 0.2837181091308594
rlncenc, 754, 0.2682209014892578
rlncenc, 755, 0.31375885009765625
rlncenc, 756, 0.4875659942626953
rlncenc, 757, 0.335693359375
rlncenc, 758, 0.30684471130371094
rlncenc, 759, 0.2715587615966797
rlncenc, 760, 1.0254383087158203
rlncenc, 761, 0.22983551025390625
rlncenc, 762, 0.3788471221923828
rlncenc, 763, 0.2720355987548828
rlncenc, 764, 0.4096031188964844
rlncenc, 765, 0.278472900390625
rlncenc, 766, 0.2593994140625
rlncenc, 767, 0.2689361572265625
rlncenc, 768, 0.28896331787109375
rlncenc, 769, 0.26726722717285156
rlncenc, 770, 1.043558120727539
rlncenc, 771, 0.2205371856689453
rlncenc, 772, 0.21791458129882812
rlncenc, 773, 0.278472900390625
rlncenc, 774, 0.29540061950683594
rlncenc, 775, 0.2675056457519531
rlncenc, 776, 0.2665519714355469
rlncenc, 777, 0.21719932556152344
rlncenc, 778, 0.49948692321777344
rlncenc, 779, 0.2646446228027344
rlncenc, 780, 0.9067058563232422
rlncenc, 781, 0.2689361572265625
rlncenc, 782, 0.29540061950683594
rlncenc, 783, 0.2658367156982422
rlncenc, 784, 0.4208087921142578
rlncenc, 785, 0.2663135528564453
rlncenc, 786, 0.26679039001464844
rlncenc, 787, 0.27441978454589844
rlncenc, 788, 0.26917457580566406
rlncenc, 789, 0.26798248291015625
rlncenc, 790, 0.5125999450683594
rlncenc, 791, 0.16021728515625
rlncenc, 792, 0.244140625
rlncenc, 793, 0.37407875061035156
rlncenc, 794, 0.22029876708984375
rlncenc, 795, 0.2181529998779297
rlncenc, 796, 0.2186298370361328
rlncenc, 797, 0.2162456512451172
rlncenc, 798, 0.23484230041503906
rlncenc, 799, 0.3936290740966797
rlncenc, 800, 1.1425018310546875
rlncenc, 801, 0.15282630920410156
rlncenc, 802, 0.21982192993164062
rlncenc, 803, 0.21648406982421875
rlncenc, 804, 0.21696090698242188
rlncenc, 805, 0.15282630920410156
rlncenc, 806, 0.38051605224609375
rlncenc, 807, 0.15163421630859375
rlncenc, 808, 0.217437744140625
rlncenc, 809, 0.2193450927734375
rlncenc, 810, 0.5054473876953125
rlncenc, 811, 0.21719932556152344
rlncenc, 812, 0.3731250762939453
rlncenc, 813, 0.22912025451660156
rlncenc, 814, 0.2193450927734375
rlncenc, 815, 0.22482872009277344
rlncenc, 816, 0.21791458129882812
rlncenc, 817, 0.2167224884033203
rlncenc, 818, 0.21529197692871094
rlncenc, 819, 0.5984306335449219
rlncenc, 820, 3.755807876586914
rlncenc, 821, 0.16164779663085938
rlncenc, 822, 0.15854835510253906
rlncenc, 823, 0.21195411682128906
rlncenc, 824, 0.1575946807861328
rlncenc, 825, 0.20837783813476562
rlncenc, 826, 0.22935867309570312
rlncenc, 827, 0.3001689910888672
rlncenc, 828, 0.20647048950195312
rlncenc, 829, 0.14853477478027344
rlncenc, 830, 0.43082237243652344
rlncenc, 831, 0.17118453979492188
rlncenc, 832, 0.16617774963378906
rlncenc, 833, 0.20813941955566406
rlncenc, 834, 0.2105236053466797
rlncenc, 835, 0.2117156982421875
rlncenc, 836, 0.14638900756835938
rlncenc, 837, 0.225067138671875
rlncenc, 838, 0.21791458129882812
rlncenc, 839, 0.22745132446289062
rlncenc, 840, 1.5239715576171875
rlncenc, 841, 0.14781951904296875
rlncenc, 842, 0.16927719116210938
rlncenc, 843, 0.15401840209960938
rlncenc, 844, 0.1461505889892578
rlncenc, 845, 0.14495849609375
rlncenc, 846, 0.1480579376220703
rlncenc, 847, 0.23126602172851562
rlncenc, 848, 0.2281665802001953
rlncenc, 849, 0.20956993103027344
rlncenc, 850, 0.2582073211669922
rlncenc, 851, 0.1609325408935547
rlncenc, 852, 0.1461505889892578
rlncenc, 853, 0.14543533325195312
rlncenc, 854, 0.14543533325195312
rlncenc, 855, 0.148773193359375
rlncenc, 856, 0.14352798461914062
rlncenc, 857, 0.1811981201171875
rlncenc, 858, 0.15211105346679688
rlncenc, 859, 0.14448165893554688
rlncenc, 860, 0.2636909484863281
rlncenc, 861, 0.16236305236816406
rlncenc, 862, 0.1468658447265625
rlncenc, 863, 0.14495849609375
rlncenc, 864, 0.1590251922607422
rlncenc, 865, 0.1468658447265625
rlncenc, 866, 0.7414817810058594
rlncenc, 867, 0.16164779663085938
rlncenc, 868, 0.14591217041015625
rlncenc, 869, 0.1475811004638672
rlncenc, 870, 0.2970695495605469
rlncenc, 871, 0.14495849609375
rlncenc, 872, 0.15020370483398438
rlncenc, 873, 0.18525123596191406
rlncenc, 874, 0.1475811004638672
rlncenc, 875, 0.20813941955566406
rlncenc, 876, 0.1468658447265625
rlncenc, 877, 0.1461505889892578
rlncenc, 878, 0.14543533325195312
rlncenc, 879, 0.1461505889892578
rlncenc, 880, 0.2818107604980469
rlncenc, 881, 0.15974044799804688
rlncenc, 882, 0.15544891357421875
rlncenc, 883, 0.15234947204589844
rlncenc, 884, 0.14591217041015625
rlncenc, 885, 0.14519691467285156
rlncenc, 886, 0.14925003051757812
rlncenc, 887, 0.17571449279785156
rlncenc, 888, 0.14591217041015625
rlncenc, 889, 0.1609325408935547
rlncenc, 890, 0.3066062927246094
rlncenc, 891, 0.14448165893554688
rlncenc, 892, 0.14901161193847656
rlncenc, 893, 0.1442432403564453
rlncenc, 894, 0.15974044799804688
rlncenc, 895, 1.0457038879394531
rlncenc, 896, 0.16260147094726562
rlncenc, 897, 0.1456737518310547
rlncenc, 898, 0.14519691467285156
rlncenc, 899, 0.14448165893554688
rlncenc, 900, 0.2570152282714844
rlncenc, 901, 0.1475811004638672
rlncenc, 902, 0.19216537475585938
rlncenc, 903, 0.14734268188476562
rlncenc, 904, 0.1461505889892578
rlncenc, 905, 0.14543533325195312
rlncenc, 906, 0.1437664031982422
rlncenc, 907, 0.14400482177734375
rlncenc, 908, 0.1468658447265625
rlncenc, 909, 0.1609325408935547
rlncenc, 910, 0.2560615539550781
rlncenc, 911, 0.1468658447265625
rlncenc, 912, 0.14519691467285156
rlncenc, 913, 0.14543533325195312
rlncenc, 914, 0.14543533325195312
rlncenc, 915, 0.1666545867919922
rlncenc, 916, 0.19788742065429688
rlncenc, 917, 0.18262863159179688
rlncenc, 918, 0.152587890625
rlncenc, 919, 0.1513957977294922
rlncenc, 920, 0.2646446228027344
rlncenc, 921, 0.1723766326904297
rlncenc, 922, 0.15544891357421875
rlncenc, 923, 0.15473365783691406
rlncenc, 924, 0.15401840209960938
rlncenc, 925, 0.15282630920410156
rlncenc, 926, 0.15401840209960938
rlncenc, 927, 0.156402587890625
rlncenc, 928, 0.15354156494140625
rlncenc, 929, 0.15401840209960938
rlncenc, 930, 0.2799034118652344
rlncenc, 931, 0.1544952392578125
rlncenc, 932, 0.16164779663085938
rlncenc, 933, 0.1766681671142578
rlncenc, 934, 0.15616416931152344
rlncenc, 935, 0.1533031463623047
rlncenc, 936, 0.15401840209960938
rlncenc, 937, 0.1533031463623047
rlncenc, 938, 0.15234947204589844
rlncenc, 939, 0.16307830810546875
rlncenc, 940, 0.2677440643310547
rlncenc, 941, 0.1544952392578125
rlncenc, 942, 0.15306472778320312
rlncenc, 943, 1.0166168212890625
rlncenc, 944, 1.6303062438964844
rlncenc, 945, 0.15211105346679688
rlncenc, 946, 0.15497207641601562
rlncenc, 947, 0.17213821411132812
rlncenc, 948, 0.15306472778320312
rlncenc, 949, 0.152587890625
rlncenc, 950, 0.3097057342529297
rlncenc, 951, 0.1544952392578125
rlncenc, 952, 0.15592575073242188
rlncenc, 953, 0.15687942504882812
rlncenc, 954, 0.1533031463623047
rlncenc, 955, 0.1533031463623047
rlncenc, 956, 0.15282630920410156
rlncenc, 957, 0.15234947204589844
rlncenc, 958, 0.1697540283203125
rlncenc, 959, 0.1552104949951172
rlncenc, 960, 0.26535987854003906
rlncenc, 961, 0.15473365783691406
rlncenc, 962, 0.15974044799804688
rlncenc, 963, 0.17452239990234375
rlncenc, 964, 0.21457672119140625
rlncenc, 965, 0.15735626220703125
rlncenc, 966, 0.2002716064453125
rlncenc, 967, 0.15282630920410156
rlncenc, 968, 0.1633167266845703
rlncenc, 969, 0.21409988403320312
rlncenc, 970, 5.019664764404297
rlncenc, 971, 1.4393329620361328
rlncenc, 972, 1.9614696502685547
rlncenc, 973, 1.6469955444335938
rlncenc, 974, 0.7395744323730469
rlncenc, 975, 1.8534660339355469
rlncenc, 976, 1.80816650390625
rlncenc, 977, 1.7571449279785156
rlncenc, 978, 2.141237258911133
rlncenc, 979, 2.1152496337890625
rlncenc, 980, 4.898786544799805
rlncenc, 981, 1.560211181640625
rlncenc, 982, 1.9893646240234375
rlncenc, 983, 2.5374889373779297
rlncenc, 984, 2.3627281188964844
rlncenc, 985, 2.267599105834961
rlncenc, 986, 1.9762516021728516
rlncenc, 987, 1.7075538635253906
rlncenc, 988, 1.561880111694336
rlncenc, 989, 2.176523208618164
rlncenc, 990, 4.616498947143555
rlncenc, 991, 1.4057159423828125
rlncenc, 992, 1.4629364013671875
rlncenc, 993, 2.3114681243896484
rlncenc, 994, 1.9681453704833984
rlncenc, 995, 2.7217864990234375
rlncenc, 996, 2.505779266357422
rlncenc, 997, 1.6367435455322266
rlncenc, 998, 1.735687255859375
rlncenc, 999, 1.7933845520019531
rlncenc, 1000, 4.381656646728516
rlncenc, 1001, 2.9120445251464844
rlncenc, 1002, 2.875804901123047
rlncenc, 1003, 2.5708675384521484
rlncenc, 1004, 1.8105506896972656
rlncenc, 1005, 1.6236305236816406
rlncenc, 1006, 1.5437602996826172
rlncenc, 1007, 1.4727115631103516
rlncenc, 1008, 1.7304420471191406
rlncenc, 1009, 1.5418529510498047
rlncenc, 1010, 4.300832748413086
rlncenc, 1011, 1.4629364013671875
rlncenc, 1012, 1.6055107116699219
rlncenc, 1013, 1.3895034790039062
rlncenc, 1014, 1.222372055053711
rlncenc, 1015, 1.1875629425048828
rlncenc, 1016, 1.0731220245361328
rlncenc, 1017, 0.9896755218505859
rlncenc, 1018, 0.9865760803222656
rlncenc, 1019, 1.0051727294921875
rlncenc, 1020, 2.893209457397461
rlncenc, 1021, 1.0519027709960938
rlncenc, 1022, 1.3892650604248047
rlncenc, 1023, 1.2388229370117188
rlncenc, 1024, 1.1508464813232422
rlncenc, 1025, 4.161834716796875
rlncenc, 1026, 3.1604766845703125
rlncenc, 1027, 1.9080638885498047
rlncenc, 1028, 1.7092227935791016
rlncenc, 1029, 1.6710758209228516
rlncenc, 1030, 4.604816436767578
rlncenc, 1031, 1.325368881225586
rlncenc, 1032, 1.3265609741210938
rlncenc, 1033, 1.3120174407958984
rlncenc, 1034, 1.2662410736083984
rlncenc, 1035, 1.2583732604980469
rlncenc, 1036, 1.9123554229736328
rlncenc, 1037, 1.6472339630126953
rlncenc, 1038, 1.4369487762451172
rlncenc, 1039, 1.9130706787109375
rlncenc, 1040, 4.461050033569336
rlncenc, 1041, 1.117706298828125
rlncenc, 1042, 2.0742416381835938
rlncenc, 1043, 0.9663105010986328
rlncenc, 1044, 0.9088516235351562
rlncenc, 1045, 1.735687255859375
rlncenc, 1046, 2.099275588989258
rlncenc, 1047, 1.8606185913085938
rlncenc, 1048, 1.941680908203125
rlncenc, 1049, 2.8276443481445312
rlncenc, 1050, 4.012107849121094
rlncenc, 1051, 1.8944740295410156
rlncenc, 1052, 1.993417739868164
rlncenc, 1053, 1.9047260284423828
rlncenc, 1054, 1.6949176788330078
rlncenc, 1055, 1.9257068634033203
rlncenc, 1056, 1.790761947631836
rlncenc, 1057, 1.7943382263183594
rlncenc, 1058, 1.802682876586914
rlncenc, 1059, 1.6188621520996094
rlncenc, 1060, 5.020618438720703
rlncenc, 1061, 1.4324188232421875
rlncenc, 1062, 1.234292984008789
rlncenc, 1063, 1.5828609466552734
rlncenc, 1064, 1.2848377227783203
rlncenc, 1065, 1.3239383697509766
rlncenc, 1066, 1.5184879302978516
rlncenc, 1067, 2.0036697387695312
rlncenc, 1068, 1.0561943054199219
rlncenc, 1069, 1.0597705841064453
rlncenc, 1070, 2.5272369384765625
rlncenc, 1071, 0.9875297546386719
rlncenc, 1072, 0.9555816650390625
rlncenc, 1073, 1.5974044799804688
rlncenc, 1074, 1.1532306671142578
rlncenc, 1075, 1.081705093383789
rlncenc, 1076, 1.0628700256347656
rlncenc, 1077, 1.0128021240234375
rlncenc, 1078, 1.178741455078125
rlncenc, 1079, 2.029895782470703
rlncenc, 1080, 3.3521652221679688
rlncenc, 1081, 1.528024673461914
rlncenc, 1082, 1.1813640594482422
rlncenc, 1083, 1.13677978515625
rlncenc, 1084, 2.119779586791992
rlncenc, 1085, 0.9772777557373047
rlncenc, 1086, 0.9877681732177734
rlncenc, 1087, 0.9274482727050781
rlncenc, 1088, 0.8041858673095703
rlncenc, 1089, 1.5747547149658203
rlncenc, 1090, 2.977132797241211
rlncenc, 1091, 0.8182525634765625
rlncenc, 1092, 0.9114742279052734
rlncenc, 1093, 0.7731914520263672
rlncenc, 1094, 1.055002212524414
rlncenc, 1095, 1.0509490966796875
rlncenc, 1096, 0.9214878082275391
rlncenc, 1097, 1.0409355163574219
rlncenc, 1098, 1.0297298431396484
rlncenc, 1099, 0.9121894836425781
rlncenc, 1100, 3.201723098754883
rlncenc, 1101, 0.7297992706298828
rlncenc, 1102, 1.5397071838378906
rlncenc, 1103, 1.5654563903808594
rlncenc, 1104, 1.394510269165039
rlncenc, 1105, 1.1897087097167969
rlncenc, 1106, 1.3988018035888672
rlncenc, 1107, 1.2178421020507812
rlncenc, 1108, 2.125263214111328
rlncenc, 1109, 1.0907649993896484
rlncenc, 1110, 3.773212432861328
rlncenc, 1111, 2.176523208618164
rlncenc, 1112, 1.8603801727294922
rlncenc, 1113, 2.5610923767089844
rlncenc, 1114, 1.4929771423339844
rlncenc, 1115, 1.2860298156738281
rlncenc, 1116, 1.6398429870605469
rlncenc, 1117, 1.373291015625
rlncenc, 1118, 1.8973350524902344
rlncenc, 1119, 1.0287761688232422
rlncenc, 1120, 3.843069076538086
rlncenc, 1121, 1.5935897827148438
rlncenc, 1122, 1.4414787292480469
rlncenc, 1123, 1.7158985137939453
rlncenc, 1124, 1.2373924255371094
rlncenc, 1125, 1.7044544219970703
rlncenc, 1126, 1.2879371643066406
rlncenc, 1127, 1.2788772583007812
rlncenc, 1128, 1.1413097381591797
rlncenc, 1129, 1.1303424835205078
rlncenc, 1130, 3.239870071411133
rlncenc, 1131, 1.657724380493164
rlncenc, 1132, 1.3129711151123047
rlncenc, 1133, 2.5353431701660156
rlncenc, 1134, 1.6286373138427734
rlncenc, 1135, 1.4646053314208984
rlncenc, 1136, 1.1608600616455078
rlncenc, 1137, 1.0581016540527344
rlncenc, 1138, 1.0111331939697266
rlncenc, 1139, 0.9887218475341797
rlncenc, 1140, 2.4671554565429688
rlncenc, 1141, 0.8285045623779297
rlncenc, 1142, 0.6844997406005859
rlncenc, 1143, 0.9455680847167969
rlncenc, 1144, 0.7925033569335938
rlncenc, 1145, 0.6365776062011719
rlncenc, 1146, 0.6051063537597656
rlncenc, 1147, 0.6461143493652344
rlncenc, 1148, 0.7250308990478516
rlncenc, 1149, 0.9312629699707031
rlncenc, 1150, 2.656221389770508
rlncenc, 1151, 0.7421970367431641
rlncenc, 1152, 0.8497238159179688
rlncenc, 1153, 0.8170604705810547
rlncenc, 1154, 0.7276535034179688
rlncenc, 1155, 0.6585121154785156
rlncenc, 1156, 1.0042190551757812
rlncenc, 1157, 0.7951259613037109
rlncenc, 1158, 0.7567405700683594
rlncenc, 1159, 0.8323192596435547
rlncenc, 1160, 3.0024051666259766
rlncenc, 1161, 0.6639957427978516
rlncenc, 1162, 0.6680488586425781
rlncenc, 1163, 0.9210109710693359
rlncenc, 1164, 0.8065700531005859
rlncenc, 1165, 0.9739398956298828
rlncenc, 1166, 0.7691383361816406
rlncenc, 1167, 0.9179115295410156
rlncenc, 1168, 0.8227825164794922
rlncenc, 1169, 0.7467269897460938
rlncenc, 1170, 3.1507015228271484
rlncenc, 1171, 0.8740425109863281
rlncenc, 1172, 0.8883476257324219
rlncenc, 1173, 0.9908676147460938
rlncenc, 1174, 0.9102821350097656
rlncenc, 1175, 0.9889602661132812
rlncenc, 1176, 1.054525375366211
rlncenc, 1177, 0.9691715240478516
rlncenc, 1178, 0.9226799011230469
rlncenc, 1179, 0.9288787841796875
rlncenc, 1180, 3.7720203399658203
rlncenc, 1181, 1.0056495666503906
rlncenc, 1182, 0.9274482727050781
rlncenc, 1183, 1.1773109436035156
rlncenc, 1184, 1.1396408081054688
rlncenc, 1185, 1.4989376068115234
rlncenc, 1186, 1.67083740234375
rlncenc, 1187, 1.1568069458007812
rlncenc, 1188, 1.356363296508789
rlncenc, 1189, 1.2965202331542969
rlncenc, 1190, 3.8709640502929688
rlncenc, 1191, 1.255035400390625
rlncenc, 1192, 0.9872913360595703
rlncenc, 1193, 0.896453857421875
rlncenc, 1194, 0.9946823120117188
rlncenc, 1195, 0.9646415710449219
rlncenc, 1196, 1.2011528015136719
rlncenc, 1197, 1.1620521545410156
rlncenc, 1198, 0.9801387786865234
rlncenc, 1199, 1.3957023620605469
rlncenc, 1200, 4.332780838012695
rlncenc, 1201, 1.2936592102050781
rlncenc, 1202, 1.1372566223144531
rlncenc, 1203, 1.1858940124511719
rlncenc, 1204, 1.5778541564941406
rlncenc, 1205, 1.573801040649414
rlncenc, 1206, 1.2431144714355469
rlncenc, 1207, 1.7993450164794922
rlncenc, 1208, 1.5065670013427734
rlncenc, 1209, 1.3413429260253906
rlncenc, 1210, 5.640745162963867
rlncenc, 1211, 0.7596015930175781
rlncenc, 1212, 1.0914802551269531
rlncenc, 1213, 0.3306865692138672
rlncenc, 1214, 1.062631607055664
rlncenc, 1215, 0.9577274322509766
rlncenc, 1216, 1.1394023895263672
rlncenc, 1217, 1.1992454528808594
rlncenc, 1218, 1.331329345703125
rlncenc, 1219, 1.2536048889160156
rlncenc, 1220, 5.01561164855957
rlncenc, 1221, 1.7745494842529297
rlncenc, 1222, 1.8177032470703125
rlncenc, 1223, 1.4224052429199219
rlncenc, 1224, 1.0955333709716797
rlncenc, 1225, 1.3530254364013672
rlncenc, 1226, 1.1229515075683594
rlncenc, 1227, 1.1410713195800781
rlncenc, 1228, 1.3852119445800781
rlncenc, 1229, 1.3585090637207031
rlncenc, 1230, 4.594326019287109
rlncenc, 1231, 0.9355545043945312
rlncenc, 1232, 0.9884834289550781
rlncenc, 1233, 1.3492107391357422
rlncenc, 1234, 1.8422603607177734
rlncenc, 1235, 1.651763916015625
rlncenc, 1236, 1.6841888427734375
rlncenc, 1237, 1.5676021575927734
rlncenc, 1238, 1.3489723205566406
rlncenc, 1239, 2.0928382873535156
rlncenc, 1240, 4.601716995239258
rlncenc, 1241, 1.6531944274902344
rlncenc, 1242, 2.3322105407714844
rlncenc, 1243, 1.5561580657958984
rlncenc, 1244, 1.8000602722167969
rlncenc, 1245, 1.7576217651367188
rlncenc, 1246, 1.8777847290039062
rlncenc, 1247, 1.8160343170166016
rlncenc, 1248, 4.617214202880859
rlncenc, 1249, 1.519918441772461
rlncenc, 1250, 7.320642471313477
rlncenc, 1251, 1.3055801391601562
rlncenc, 1252, 1.1641979217529297
rlncenc, 1253, 1.1284351348876953
rlncenc, 1254, 1.1391639709472656
rlncenc, 1255, 1.9812583923339844
rlncenc, 1256, 1.6198158264160156
rlncenc, 1257, 1.5299320220947266
rlncenc, 1258, 1.615285873413086
rlncenc, 1259, 1.3768672943115234
rlncenc, 1260, 4.2552947998046875
rlncenc, 1261, 1.5997886657714844
rlncenc, 1262, 1.7285346984863281
rlncenc, 1263, 1.827239990234375
rlncenc, 1264, 1.2693405151367188
rlncenc, 1265, 1.2276172637939453
rlncenc, 1266, 1.7740726470947266
rlncenc, 1267, 1.8677711486816406
rlncenc, 1268, 3.3729076385498047
rlncenc, 1269, 1.7547607421875
rlncenc, 1270, 8.971452713012695
rlncenc, 1271, 2.7658939361572266
rlncenc, 1272, 2.8727054595947266
rlncenc, 1273, 1.7673969268798828
rlncenc, 1274, 1.588582992553711
rlncenc, 1275, 1.2767314910888672
rlncenc, 1276, 2.1314620971679688
rlncenc, 1277, 1.2943744659423828
rlncenc, 1278, 1.5609264373779297
rlncenc, 1279, 1.4407634735107422
rlncenc, 1280, 2.572774887084961
rlncenc, 1281, 0.7686614990234375
rlncenc, 1282, 0.8740425109863281
rlncenc, 1283, 1.0254383087158203
rlncenc, 1284, 1.2886524200439453
rlncenc, 1285, 0.8952617645263672
rlncenc, 1286, 0.4458427429199219
rlncenc, 1287, 0.347137451171875
rlncenc, 1288, 0.33783912658691406
rlncenc, 1289, 0.9834766387939453
rlncenc, 1290, 1.4734268188476562
rlncenc, 1291, 0.5881786346435547
rlncenc, 1292, 0.3192424774169922
rlncenc, 1293, 0.3306865692138672
rlncenc, 1294, 0.8289813995361328
rlncenc, 1295, 0.8943080902099609
rlncenc, 1296, 0.3123283386230469
rlncenc, 1297, 0.7684230804443359
rlncenc, 1298, 0.36644935607910156
rlncenc, 1299, 0.3190040588378906
rlncenc, 1300, 3.593921661376953
rlncenc, 1301, 0.3330707550048828
rlncenc, 1302, 0.38886070251464844
rlncenc, 1303, 1.2352466583251953
rlncenc, 1304, 0.4608631134033203
rlncenc, 1305, 0.2970695495605469
rlncenc, 1306, 0.33354759216308594
rlncenc, 1307, 0.7495880126953125
rlncenc, 1308, 0.8425712585449219
rlncenc, 1309, 0.3781318664550781
rlncenc, 1310, 2.1822452545166016
rlncenc, 1311, 0.3669261932373047
rlncenc, 1312, 0.30159950256347656
rlncenc, 1313, 0.33855438232421875
rlncenc, 1314, 0.6783008575439453
rlncenc, 1315, 0.22363662719726562
rlncenc, 1316, 0.23555755615234375
rlncenc, 1317, 0.37789344787597656
rlncenc, 1318, 0.32448768615722656
rlncenc, 1319, 0.30517578125
rlncenc, 1320, 1.0685920715332031
rlncenc, 1321, 3.027200698852539
rlncenc, 1322, 0.48470497131347656
rlncenc, 1323, 0.21982192993164062
rlncenc, 1324, 0.6585121154785156
rlncenc, 1325, 0.2696514129638672
rlncenc, 1326, 0.8175373077392578
rlncenc, 1327, 0.6031990051269531
rlncenc, 1328, 0.4761219024658203
rlncenc, 1329, 0.2524852752685547
rlncenc, 1330, 0.8957386016845703
rlncenc, 1331, 0.20933151245117188
rlncenc, 1332, 0.24008750915527344
rlncenc, 1333, 0.2655982971191406
rlncenc, 1334, 0.23508071899414062
rlncenc, 1335, 0.3147125244140625
rlncenc, 1336, 0.2903938293457031
rlncenc, 1337, 0.4742145538330078
rlncenc, 1338, 0.4317760467529297
rlncenc, 1339, 0.3504753112792969
rlncenc, 1340, 0.8885860443115234
rlncenc, 1341, 0.6277561187744141
rlncenc, 1342, 0.23412704467773438
rlncenc, 1343, 0.23031234741210938
rlncenc, 1344, 0.24318695068359375
rlncenc, 1345, 0.20313262939453125
rlncenc, 1346, 0.21576881408691406
rlncenc, 1347, 0.1761913299560547
rlncenc, 1348, 0.1811981201171875
rlncenc, 1349, 0.232696533203125
rlncenc, 1350, 0.9162425994873047
rlncenc, 1351, 0.2243518829345703
rlncenc, 1352, 0.2491474151611328
rlncenc, 1353, 0.2856254577636719
rlncenc, 1354, 0.22172927856445312
rlncenc, 1355, 0.2105236053466797
rlncenc, 1356, 0.3619194030761719
rlncenc, 1357, 0.20933151245117188
rlncenc, 1358, 0.2295970916748047
rlncenc, 1359, 0.24509429931640625
rlncenc, 1360, 2.22015380859375
rlncenc, 1361, 0.32138824462890625
rlncenc, 1362, 0.18334388732910156
rlncenc, 1363, 0.19884109497070312
rlncenc, 1364, 0.21004676818847656
rlncenc, 1365, 1.1234283447265625
rlncenc, 1366, 0.7772445678710938
rlncenc, 1367, 0.27251243591308594
rlncenc, 1368, 0.3485679626464844
rlncenc, 1369, 0.2868175506591797
rlncenc, 1370, 0.6489753723144531
rlncenc, 1371, 0.19860267639160156
rlncenc, 1372, 0.17404556274414062
rlncenc, 1373, 0.1552104949951172
rlncenc, 1374, 0.3273487091064453
rlncenc, 1375, 0.20694732666015625
rlncenc, 1376, 0.1780986785888672
rlncenc, 1377, 0.31685829162597656
rlncenc, 1378, 0.1678466796875
rlncenc, 1379, 0.1614093780517578
rlncenc, 1380, 1.1360645294189453
rlncenc, 1381, 0.1647472381591797
rlncenc, 1382, 0.16808509826660156
rlncenc, 1383, 0.1862049102783203
rlncenc, 1384, 0.4978179931640625
rlncenc, 1385, 0.2911090850830078
rlncenc, 1386, 0.1838207244873047
rlncenc, 1387, 0.16927719116210938
rlncenc, 1388, 0.2777576446533203
rlncenc, 1389, 0.16880035400390625
rlncenc, 1390, 0.5719661712646484
rlncenc, 1391, 0.18644332885742188
rlncenc, 1392, 0.20503997802734375
rlncenc, 1393, 0.18644332885742188
rlncenc, 1394, 0.17571449279785156
rlncenc, 1395, 0.15282630920410156
rlncenc, 1396, 0.27489662170410156
rlncenc, 1397, 0.3714561462402344
rlncenc, 1398, 0.36835670471191406
rlncenc, 1399, 0.3705024719238281
rlncenc, 1400, 4.282951354980469
rlncenc, 1401, 0.6494522094726562
rlncenc, 1402, 0.5643367767333984
rlncenc, 1403, 0.7402896881103516
rlncenc, 1404, 0.5044937133789062
rlncenc, 1405, 0.5576610565185547
rlncenc, 1406, 0.5178451538085938
rlncenc, 1407, 0.4086494445800781
rlncenc, 1408, 0.3459453582763672
rlncenc, 1409, 0.9813308715820312
rlncenc, 1410, 4.242181777954102
rlncenc, 1411, 0.9047985076904297
rlncenc, 1412, 1.1012554168701172
rlncenc, 1413, 0.40841102600097656
rlncenc, 1414, 0.6825923919677734
rlncenc, 1415, 0.33664703369140625
rlncenc, 1416, 0.46062469482421875
rlncenc, 1417, 0.457763671875
rlncenc, 1418, 1.2598037719726562
rlncenc, 1419, 0.5295276641845703
rlncenc, 1420, 1.8126964569091797
rlncenc, 1421, 0.5173683166503906
rlncenc, 1422, 0.3917217254638672
rlncenc, 1423, 1.0089874267578125
rlncenc, 1424, 0.8854866027832031
rlncenc, 1425, 1.0755062103271484
rlncenc, 1426, 1.0890960693359375
rlncenc, 1427, 0.7116794586181641
rlncenc, 1428, 0.6659030914306641
rlncenc, 1429, 0.591278076171875
rlncenc, 1430, 2.371549606323242
rlncenc, 1431, 1.6036033630371094
rlncenc, 1432, 1.1897087097167969
rlncenc, 1433, 1.7008781433105469
rlncenc, 1434, 1.1959075927734375
rlncenc, 1435, 0.7081031799316406
rlncenc, 1436, 0.5853176116943359
rlncenc, 1437, 0.6198883056640625
rlncenc, 1438, 0.7145404815673828
rlncenc, 1439, 0.7352828979492188
rlncenc, 1440, 1.2764930725097656
rlncenc, 1441, 0.701904296875
rlncenc, 1442, 0.6723403930664062
rlncenc, 1443, 0.29468536376953125
rlncenc, 1444, 0.7102489471435547
rlncenc, 1445, 0.2906322479248047
rlncenc, 1446, 0.5180835723876953
rlncenc, 1447, 0.6861686706542969
rlncenc, 1448, 0.6184577941894531
rlncenc, 1449, 0.48351287841796875
rlncenc, 1450, 1.5957355499267578
rlncenc, 1451, 0.4801750183105469
rlncenc, 1452, 0.5052089691162109
rlncenc, 1453, 0.5819797515869141
rlncenc, 1454, 0.5586147308349609
rlncenc, 1455, 0.8897781372070312
rlncenc, 1456, 0.7748603820800781
rlncenc, 1457, 0.7548332214355469
rlncenc, 1458, 0.31828880310058594
rlncenc, 1459, 0.5254745483398438
rlncenc, 1460, 3.2968521118164062
rlncenc, 1461, 0.5998611450195312
rlncenc, 1462, 0.35452842712402344
rlncenc, 1463, 0.3414154052734375
rlncenc, 1464, 0.39768218994140625
rlncenc, 1465, 0.36072731018066406
rlncenc, 1466, 0.3120899200439453
rlncenc, 1467, 0.7615089416503906
rlncenc, 1468, 0.8270740509033203
rlncenc, 1469, 1.0635852813720703
rlncenc, 1470, 4.785776138305664
rlncenc, 1471, 0.308990478515625
rlncenc, 1472, 0.6308555603027344
rlncenc, 1473, 0.3447532653808594
rlncenc, 1474, 0.4649162292480469
rlncenc, 1475, 0.34546852111816406
rlncenc, 1476, 0.507354736328125
rlncenc, 1477, 0.39386749267578125
rlncenc, 1478, 0.46133995056152344
rlncenc, 1479, 0.6313323974609375
rlncenc, 1480, 4.444599151611328
rlncenc, 1481, 0.8664131164550781
rlncenc, 1482, 0.3535747528076172
rlncenc, 1483, 0.7138252258300781
rlncenc, 1484, 0.6451606750488281
rlncenc, 1485, 0.47326087951660156
rlncenc, 1486, 0.3254413604736328
rlncenc, 1487, 0.5600452423095703
rlncenc, 1488, 2.1262168884277344
rlncenc, 1489, 1.6963481903076172
rlncenc, 1490, 2.6772022247314453
rlncenc, 1491, 0.8716583251953125
rlncenc, 1492, 1.7604827880859375
rlncenc, 1493, 0.8959770202636719
rlncenc, 1494, 0.7848739624023438
rlncenc, 1495, 0.9884834289550781
rlncenc, 1496, 0.6110668182373047
rlncenc, 1497, 1.2943744659423828
rlncenc, 1498, 1.1565685272216797
rlncenc, 1499, 1.2085437774658203
rlncenc, 1500, 3.8461685180664062
rlncenc, 1501, 0.3552436828613281
rlncenc, 1502, 0.47588348388671875
rlncenc, 1503, 0.4248619079589844
rlncenc, 1504, 0.5209445953369141
rlncenc, 1505, 0.3345012664794922
rlncenc, 1506, 0.3101825714111328
rlncenc, 1507, 0.8289813995361328
rlncenc, 1508, 0.8342266082763672
rlncenc, 1509, 0.8237361907958984
rlncenc, 1510, 2.7201175689697266
rlncenc, 1511, 0.49304962158203125
rlncenc, 1512, 0.5958080291748047
rlncenc, 1513, 0.6933212280273438
rlncenc, 1514, 0.2961158752441406
rlncenc, 1515, 0.5431175231933594
rlncenc, 1516, 0.3268718719482422
rlncenc, 1517, 0.5536079406738281
rlncenc, 1518, 0.6825923919677734
rlncenc, 1519, 1.3113021850585938
rlncenc, 1520, 3.8254261016845703
rlncenc, 1521, 0.32401084899902344
rlncenc, 1522, 0.4436969757080078
rlncenc, 1523, 0.9884834289550781
rlncenc, 1524, 0.26488304138183594
rlncenc, 1525, 0.4951953887939453
rlncenc, 1526, 0.23555755615234375
rlncenc, 1527, 0.2880096435546875
rlncenc, 1528, 0.2582073211669922
rlncenc, 1529, 0.2734661102294922
rlncenc, 1530, 1.6279220581054688
rlncenc, 1531, 0.5178451538085938
rlncenc, 1532, 0.5059242248535156
rlncenc, 1533, 0.6616115570068359
rlncenc, 1534, 0.5395412445068359
rlncenc, 1535, 0.4253387451171875
rlncenc, 1536, 0.4711151123046875
rlncenc, 1537, 0.5948543548583984
rlncenc, 1538, 0.6740093231201172
rlncenc, 1539, 0.713348388671875
rlncenc, 1540, 1.7421245574951172
rlncenc, 1541, 0.3337860107421875
rlncenc, 1542, 0.3097057342529297
rlncenc, 1543, 0.255584716796875
rlncenc, 1544, 0.21958351135253906
rlncenc, 1545, 0.20051002502441406
rlncenc, 1546, 0.2732276916503906
rlncenc, 1547, 0.21791458129882812
rlncenc, 1548, 0.23365020751953125
rlncenc, 1549, 0.2434253692626953
rlncenc, 1550, 1.3546943664550781
rlncenc, 1551, 0.6690025329589844
rlncenc, 1552, 0.4413127899169922
rlncenc, 1553, 0.24747848510742188
rlncenc, 1554, 0.2472400665283203
rlncenc, 1555, 0.23937225341796875
rlncenc, 1556, 0.6232261657714844
rlncenc, 1557, 0.6148815155029297
rlncenc, 1558, 0.28824806213378906
rlncenc, 1559, 0.2925395965576172
rlncenc, 1560, 2.550363540649414
rlncenc, 1561, 0.30040740966796875
rlncenc, 1562, 0.3082752227783203
rlncenc, 1563, 0.5335807800292969
rlncenc, 1564, 0.8995532989501953
rlncenc, 1565, 0.3418922424316406
rlncenc, 1566, 0.5407333374023438
rlncenc, 1567, 0.3910064697265625
rlncenc, 1568, 0.5180835723876953
rlncenc, 1569, 1.055002212524414
rlncenc, 1570, 2.7723312377929688
rlncenc, 1571, 0.3268718719482422
rlncenc, 1572, 0.44989585876464844
rlncenc, 1573, 0.44345855712890625
rlncenc, 1574, 0.4954338073730469
rlncenc, 1575, 0.45418739318847656
rlncenc, 1576, 0.4870891571044922
rlncenc, 1577, 0.8969306945800781
rlncenc, 1578, 0.3910064697265625
rlncenc, 1579, 0.5180835723876953
rlncenc, 1580, 2.4063587188720703
rlncenc, 1581, 0.9398460388183594
rlncenc, 1582, 0.51116943359375
rlncenc, 1583, 1.5187263488769531
rlncenc, 1584, 1.5664100646972656
rlncenc, 1585, 1.0004043579101562
rlncenc, 1586, 0.9837150573730469
rlncenc, 1587, 0.42176246643066406
rlncenc, 1588, 0.9257793426513672
rlncenc, 1589, 0.9682178497314453
rlncenc, 1590, 4.172801971435547
rlncenc, 1591, 0.5815029144287109
rlncenc, 1592, 0.4012584686279297
rlncenc, 1593, 0.3075599670410156
rlncenc, 1594, 0.43845176696777344
rlncenc, 1595, 0.47397613525390625
rlncenc, 1596, 0.3323554992675781
rlncenc, 1597, 0.40531158447265625
rlncenc, 1598, 0.6246566772460938
rlncenc, 1599, 0.4467964172363281
rlncenc, 1600, 4.897594451904297
rlncenc, 1601, 1.01470947265625
rlncenc, 1602, 0.49757957458496094
rlncenc, 1603, 0.6303787231445312
rlncenc, 1604, 0.5819797515869141
rlncenc, 1605, 0.5295276641845703
rlncenc, 1606, 0.5586147308349609
rlncenc, 1607, 0.484466552734375
rlncenc, 1608, 1.1904239654541016
rlncenc, 1609, 0.4515647888183594
rlncenc, 1610, 2.034425735473633
rlncenc, 1611, 0.7774829864501953
rlncenc, 1612, 1.1053085327148438
rlncenc, 1613, 0.8592605590820312
rlncenc, 1614, 0.3783702850341797
rlncenc, 1615, 0.3421306610107422
rlncenc, 1616, 0.3726482391357422
rlncenc, 1617, 0.3273487091064453
rlncenc, 1618, 0.4534721374511719
rlncenc, 1619, 0.44226646423339844
rlncenc, 1620, 2.874135971069336
rlncenc, 1621, 0.7255077362060547
rlncenc, 1622, 0.8385181427001953
rlncenc, 1623, 0.8065700531005859
rlncenc, 1624, 1.0688304901123047
rlncenc, 1625, 0.6039142608642578
rlncenc, 1626, 0.4565715789794922
rlncenc, 1627, 0.52642822265625
rlncenc, 1628, 0.6248950958251953
rlncenc, 1629, 0.5931854248046875
rlncenc, 1630, 1.970052719116211
rlncenc, 1631, 0.4985332489013672
rlncenc, 1632, 0.9353160858154297
rlncenc, 1633, 0.49567222595214844
rlncenc, 1634, 0.5133152008056641
rlncenc, 1635, 0.5881786346435547
rlncenc, 1636, 1.055002212524414
rlncenc, 1637, 0.5116462707519531
rlncenc, 1638, 1.0790824890136719
rlncenc, 1639, 0.9605884552001953
rlncenc, 1640, 1.6176700592041016
rlncenc, 1641, 0.4715919494628906
rlncenc, 1642, 0.2694129943847656
rlncenc, 1643, 0.2505779266357422
rlncenc, 1644, 0.5786418914794922
rlncenc, 1645, 0.47469139099121094
rlncenc, 1646, 0.2491474151611328
rlncenc, 1647, 0.2586841583251953
rlncenc, 1648, 0.24747848510742188
rlncenc, 1649, 0.28324127197265625
rlncenc, 1650, 2.3851394653320312
rlncenc, 1651, 0.22840499877929688
rlncenc, 1652, 0.5164146423339844
rlncenc, 1653, 0.24938583374023438
rlncenc, 1654, 0.29397010803222656
rlncenc, 1655, 0.3008842468261719
rlncenc, 1656, 0.3440380096435547
rlncenc, 1657, 0.4954338073730469
rlncenc, 1658, 0.4661083221435547
rlncenc, 1659, 0.31375885009765625
rlncenc, 1660, 1.3451576232910156
rlncenc, 1661, 0.22792816162109375
rlncenc, 1662, 0.2620220184326172
rlncenc, 1663, 0.6711483001708984
rlncenc, 1664, 0.644683837890625
rlncenc, 1665, 0.27370452880859375
rlncenc, 1666, 0.698089599609375
rlncenc, 1667, 0.7779598236083984
rlncenc, 1668, 0.5433559417724609
rlncenc, 1669, 0.30875205993652344
rlncenc, 1670, 1.4197826385498047
rlncenc, 1671, 0.25272369384765625
rlncenc, 1672, 0.44536590576171875
rlncenc, 1673, 0.3216266632080078
rlncenc, 1674, 0.530242919921875
rlncenc, 1675, 0.9505748748779297
rlncenc, 1676, 0.43201446533203125
rlncenc, 1677, 0.41794776916503906
rlncenc, 1678, 0.3108978271484375
rlncenc, 1679, 3.8945674896240234
rlncenc, 1680, 1.1944770812988281
rlncenc, 1681, 1.8892288208007812
rlncenc, 1682, 0.31495094299316406
rlncenc, 1683, 0.3058910369873047
rlncenc, 1684, 0.4699230194091797
rlncenc, 1685, 0.40721893310546875
rlncenc, 1686, 0.4756450653076172
rlncenc, 1687, 0.8907318115234375
rlncenc, 1688, 0.7195472717285156
rlncenc, 1689, 1.1684894561767578
rlncenc, 1690, 6.106138229370117
rlncenc, 1691, 0.3266334533691406
rlncenc, 1692, 2.5773048400878906
rlncenc, 1693, 0.3635883331298828
rlncenc, 1694, 0.37360191345214844
rlncenc, 1695, 0.3211498260498047
rlncenc, 1696, 0.8766651153564453
rlncenc, 1697, 1.1343955993652344
rlncenc, 1698, 1.1401176452636719
rlncenc, 1699, 1.9073486328125
rlncenc, 1700, 4.161834716796875
rlncenc, 1701, 1.7616748809814453
rlncenc, 1702, 0.8106231689453125
rlncenc, 1703, 0.8549690246582031
rlncenc, 1704, 4.849910736083984
rlncenc, 1705, 0.6928443908691406
rlncenc, 1706, 0.675201416015625
rlncenc, 1707, 0.6549358367919922
rlncenc, 1708, 0.9326934814453125
rlncenc, 1709, 0.6592273712158203
rlncenc, 1710, 1.86920166015625
rlncenc, 1711, 0.39649009704589844
rlncenc, 1712, 4.654884338378906
rlncenc, 1713, 0.7333755493164062
rlncenc, 1714, 0.6906986236572266
rlncenc, 1715, 0.44417381286621094
rlncenc, 1716, 0.5712509155273438
rlncenc, 1717, 0.6465911865234375
rlncenc, 1718, 0.36525726318359375
rlncenc, 1719, 1.2137889862060547
rlncenc, 1720, 2.3298263549804688
rlncenc, 1721, 0.12993812561035156
rlncenc, 1722, 0.3097057342529297
rlncenc, 1723, 0.7903575897216797
rlncenc, 1724, 0.3561973571777344
rlncenc, 1725, 0.2846717834472656
rlncenc, 1726, 0.2448558807373047
rlncenc, 1727, 0.18548965454101562
rlncenc, 1728, 0.26726722717285156
rlncenc, 1729, 0.17547607421875
rlncenc, 1730, 1.0797977447509766
rlncenc, 1731, 0.2307891845703125
rlncenc, 1732, 0.21600723266601562
rlncenc, 1733, 0.26726722717285156
rlncenc, 1734, 0.5247592926025391
rlncenc, 1735, 0.4832744598388672
rlncenc, 1736, 0.21576881408691406
rlncenc, 1737, 0.20170211791992188
rlncenc, 1738, 0.5106925964355469
rlncenc, 1739, 0.4954338073730469
rlncenc, 1740, 1.2269020080566406
rlncenc, 1741, 0.5657672882080078
rlncenc, 1742, 2.755880355834961
rlncenc, 1743, 0.18525123596191406
rlncenc, 1744, 0.43511390686035156
rlncenc, 1745, 0.1842975616455078
rlncenc, 1746, 0.16736984252929688
rlncenc, 1747, 2.5136470794677734
rlncenc, 1748, 0.5135536193847656
rlncenc, 1749, 0.17881393432617188
rlncenc, 1750, 1.3709068298339844
rlncenc, 1751, 0.3542900085449219
rlncenc, 1752, 0.35691261291503906
rlncenc, 1753, 0.28777122497558594
rlncenc, 1754, 0.23937225341796875
rlncenc, 1755, 0.15926361083984375
rlncenc, 1756, 0.12922286987304688
rlncenc, 1757, 0.12874603271484375
rlncenc, 1758, 0.14734268188476562
rlncenc, 1759, 0.15306472778320312
rlncenc, 1760, 0.5333423614501953
rlncenc, 1761, 0.3554821014404297
rlncenc, 1762, 1.4216899871826172
rlncenc, 1763, 0.21195411682128906
rlncenc, 1764, 0.12969970703125
rlncenc, 1765, 0.16689300537109375
rlncenc, 1766, 0.3116130828857422
rlncenc, 1767, 0.2224445343017578
rlncenc, 1768, 0.42724609375
rlncenc, 1769, 0.3979206085205078
rlncenc, 1770, 0.6000995635986328
rlncenc, 1771, 0.12087821960449219
rlncenc, 1772, 0.12445449829101562
rlncenc, 1773, 0.1633167266845703
rlncenc, 1774, 0.11801719665527344
rlncenc, 1775, 0.13589859008789062
rlncenc, 1776, 0.186920166015625
rlncenc, 1777, 0.09942054748535156
rlncenc, 1778, 0.12922286987304688
rlncenc, 1779, 0.11968612670898438
rlncenc, 1780, 0.4603862762451172
rlncenc, 1781, 0.11730194091796875
rlncenc, 1782, 0.12111663818359375
rlncenc, 1783, 0.30684471130371094
rlncenc, 1784, 0.2815723419189453
rlncenc, 1785, 0.4508495330810547
rlncenc, 1786, 0.1506805419921875
rlncenc, 1787, 0.3268718719482422
rlncenc, 1788, 0.3192424774169922
rlncenc, 1789, 0.14710426330566406
rlncenc, 1790, 1.2819766998291016
rlncenc, 1791, 0.1380443572998047
rlncenc, 1792, 0.16236305236816406
rlncenc, 1793, 0.1342296600341797
rlncenc, 1794, 0.14138221740722656
rlncenc, 1795, 0.3135204315185547
rlncenc, 1796, 0.1671314239501953
rlncenc, 1797, 0.2613067626953125
rlncenc, 1798, 0.14281272888183594
rlncenc, 1799, 0.14281272888183594
