frame_no,delay,timebase,pts,ts
0,14.865875244140625,1/90000,0,1664880114634.0671
1,7.62939453125,1/90000,3000,1664880114714.705
2,7.941246032714844,1/90000,6000,1664880114758.2542
3,10.795831680297852,1/90000,9000,1664880114793.0862
4,13.49949836730957,1/90000,12000,1664880114845.3367
5,14.077186584472656,1/90000,15000,1664880114891.941
6,13.097047805786133,1/90000,18000,1664880114954.0037
7,12.995481491088867,1/90000,21000,1664880114998.2756
8,13.715744018554688,1/90000,24000,1664880115059.7087
9,12.6800537109375,1/90000,27000,1664880115106.8628
10,13.831615447998047,1/90000,30000,1664880115169.523
11,13.29183578491211,1/90000,33000,1664880115224.2844
12,19.432783126831055,1/90000,36000,1664880115280.2742
13,11.60740852355957,1/90000,39000,1664880115330.2979
14,11.191606521606445,1/90000,42000,1664880115392.0215
15,13.745307922363281,1/90000,45000,1664880115436.8848
16,14.1754150390625,1/90000,48000,1664880115493.786
17,17.840147018432617,1/90000,51000,1664880115551.7334
18,14.00613784790039,1/90000,54000,1664880115611.54
19,13.460159301757812,1/90000,57000,1664880115660.9329
20,12.04991340637207,1/90000,60000,1664880115715.0098
21,12.247085571289062,1/90000,63000,1664880115772.398
22,14.559507369995117,1/90000,66000,1664880115829.839
23,12.699365615844727,1/90000,69000,1664880115880.9744
24,14.876842498779297,1/90000,72000,1664880115932.1104
25,10.473966598510742,1/90000,75000,1664880115983.9402
26,12.570858001708984,1/90000,78000,1664880116035.4053
27,13.465642929077148,1/90000,81000,1664880116084.094
28,10.389566421508789,1/90000,84000,1664880116148.4626
29,14.194011688232422,1/90000,87000,1664880116196.1372
30,16.385793685913086,1/90000,90000,1664880116259.116
31,9.804248809814453,1/90000,93000,1664880116317.227
32,12.962579727172852,1/90000,96000,1664880116368.271
33,14.017343521118164,1/90000,99000,1664880116421.9836
34,13.764381408691406,1/90000,102000,1664880116492.7744
35,13.861894607543945,1/90000,105000,1664880116552.6484
36,14.308452606201172,1/90000,108000,1664880116613.0085
37,7.311344146728516,1/90000,111000,1664880116669.9114
38,7.129907608032227,1/90000,114000,1664880116723.417
39,10.286092758178711,1/90000,117000,1664880116779.0127
40,7.240056991577148,1/90000,120000,1664880116831.1428
41,6.634235382080078,1/90000,123000,1664880116879.3945
42,6.426334381103516,1/90000,126000,1664880116930.5127
43,10.105609893798828,1/90000,129000,1664880116984.6829
44,6.209373474121094,1/90000,132000,1664880117036.624
45,6.237983703613281,1/90000,135000,1664880117088.33
46,7.691621780395508,1/90000,138000,1664880117134.235
47,11.620759963989258,1/90000,141000,1664880117187.8477
48,14.297246932983398,1/90000,144000,1664880117240.9219
49,15.647411346435547,1/90000,147000,1664880117305.9788
50,10.609626770019531,1/90000,150000,1664880117371.38
51,14.697074890136719,1/90000,153000,1664880117428.9465
52,14.07170295715332,1/90000,156000,1664880117495.0315
53,13.54360580444336,1/90000,159000,1664880117557.7273
54,13.951539993286133,1/90000,162000,1664880117631.5322
55,13.615608215332031,1/90000,165000,1664880117679.8125
56,13.94033432006836,1/90000,168000,1664880117746.9229
57,13.817310333251953,1/90000,171000,1664880117795.226
58,19.070148468017578,1/90000,174000,1664880117858.7444
59,14.347076416015625,1/90000,177000,1664880117916.9705
60,14.088153839111328,1/90000,180000,1664880117982.6875
61,14.06240463256836,1/90000,183000,1664880118031.8865
62,14.417648315429688,1/90000,186000,1664880118103.8254
63,14.160871505737305,1/90000,189000,1664880118160.4417
64,13.935565948486328,1/90000,192000,1664880118226.2424
65,13.866424560546875,1/90000,195000,1664880118279.764
66,13.826847076416016,1/90000,198000,1664880118341.8245
67,13.532161712646484,1/90000,201000,1664880118387.902
68,14.158487319946289,1/90000,204000,1664880118447.6714
69,12.606382369995117,1/90000,207000,1664880118504.8914
70,18.285751342773438,1/90000,210000,1664880118561.749
71,12.601613998413086,1/90000,213000,1664880118625.5308
72,13.617992401123047,1/90000,216000,1664880118688.5713
73,14.195442199707031,1/90000,219000,1664880118746.4941
74,13.829231262207031,1/90000,222000,1664880118807.4087
75,12.969255447387695,1/90000,225000,1664880118863.2166
76,13.792276382446289,1/90000,228000,1664880118927.9688
77,13.774633407592773,1/90000,231000,1664880118990.2117
78,13.777732849121094,1/90000,234000,1664880119051.2502
79,13.806581497192383,1/90000,237000,1664880119110.0742
80,13.859033584594727,1/90000,240000,1664880119169.576
81,13.708829879760742,1/90000,243000,1664880119229.1697
82,13.820648193359375,1/90000,246000,1664880119282.4902
83,13.68260383605957,1/90000,249000,1664880119341.5566
84,13.84592056274414,1/90000,252000,1664880119399.3193
85,18.770694732666016,1/90000,255000,1664880119454.092
86,13.709068298339844,1/90000,258000,1664880119513.0815
87,13.776063919067383,1/90000,261000,1664880119576.603
88,13.36812973022461,1/90000,264000,1664880119642.543
89,13.703346252441406,1/90000,267000,1664880119697.6436
90,12.824296951293945,1/90000,270000,1664880119749.3948
91,13.78178596496582,1/90000,273000,1664880119807.266
92,13.878107070922852,1/90000,276000,1664880119864.738
93,13.733625411987305,1/90000,279000,1664880119922.3281
94,16.66855812072754,1/90000,282000,1664880119985.7512
95,13.328790664672852,1/90000,285000,1664880120035.38
96,13.666152954101562,1/90000,288000,1664880120087.6453
97,23.27728271484375,1/90000,291000,1664880120135.5764
98,13.869762420654297,1/90000,294000,1664880120209.292
99,13.649940490722656,1/90000,297000,1664880120259.2947
100,11.186838150024414,1/90000,300000,1664880120320.6394
101,15.209436416625977,1/90000,303000,1664880120377.418
102,12.237071990966797,1/90000,306000,1664880120446.86
103,10.244369506835938,1/90000,309000,1664880120491.262
104,11.588811874389648,1/90000,312000,1664880120542.909
105,13.205289840698242,1/90000,315000,1664880120590.3477
106,14.499187469482422,1/90000,318000,1664880120646.354
107,14.492988586425781,1/90000,321000,1664880120714.3481
108,13.952016830444336,1/90000,324000,1664880120774.8938
109,13.938188552856445,1/90000,327000,1664880120828.2854
110,11.479616165161133,1/90000,330000,1664880120886.8525
111,10.697364807128906,1/90000,333000,1664880120945.8333
112,10.994911193847656,1/90000,336000,1664880120990.8794
113,13.726472854614258,1/90000,339000,1664880121046.0957
114,13.890504837036133,1/90000,342000,1664880121097.0989
115,17.586469650268555,1/90000,345000,1664880121149.2712
116,7.188558578491211,1/90000,348000,1664880121208.7256
117,10.245323181152344,1/90000,351000,1664880121262.8428
118,6.988048553466797,1/90000,354000,1664880121308.4465
119,9.582757949829102,1/90000,357000,1664880121350.439
120,6.99615478515625,1/90000,360000,1664880121403.636
121,14.81485366821289,1/90000,363000,1664880121445.7195
122,11.508464813232422,1/90000,366000,1664880121493.2554
123,9.328365325927734,1/90000,369000,1664880121536.4817
124,12.151479721069336,1/90000,372000,1664880121576.7048
125,10.990381240844727,1/90000,375000,1664880121629.0269
126,13.653039932250977,1/90000,378000,1664880121680.7742
127,13.264894485473633,1/90000,381000,1664880121720.7046
128,11.352300643920898,1/90000,384000,1664880121770.7712
129,12.279510498046875,1/90000,387000,1664880121812.8242
130,12.304067611694336,1/90000,390000,1664880121863.393
131,14.326810836791992,1/90000,393000,1664880121911.8394
132,7.239818572998047,1/90000,396000,1664880121969.8733
133,8.731842041015625,1/90000,399000,1664880122013.0984
134,7.119178771972656,1/90000,402000,1664880122069.919
135,8.171319961547852,1/90000,405000,1664880122116.313
136,7.328271865844727,1/90000,408000,1664880122163.0715
137,11.604547500610352,1/90000,411000,1664880122215.3723
138,13.620376586914062,1/90000,414000,1664880122268.5593
139,12.386798858642578,1/90000,417000,1664880122313.3833
140,14.17088508605957,1/90000,420000,1664880122367.1763
141,13.399124145507812,1/90000,423000,1664880122417.7737
142,14.481782913208008,1/90000,426000,1664880122474.033
143,12.249946594238281,1/90000,429000,1664880122526.3271
144,13.847827911376953,1/90000,432000,1664880122577.4058
145,10.224103927612305,1/90000,435000,1664880122630.177
146,8.970022201538086,1/90000,438000,1664880122674.471
147,7.444858551025391,1/90000,441000,1664880122719.3638
148,9.923934936523438,1/90000,444000,1664880122764.438
149,10.564804077148438,1/90000,447000,1664880122812.3604
150,2.507448196411133,1/90000,450000,1664880122864.1733
151,2.0856857299804688,1/90000,453000,1664880122890.882
152,2.359151840209961,1/90000,456000,1664880122930.7227
153,2.646923065185547,1/90000,459000,1664880122958.8186
154,2.949237823486328,1/90000,462000,1664880122994.6182
155,2.3241043090820312,1/90000,465000,1664880123023.2048
156,2.6743412017822266,1/90000,468000,1664880123062.0066
157,3.0486583709716797,1/90000,471000,1664880123089.5178
158,2.5022029876708984,1/90000,474000,1664880123116.011
159,2.5339126586914062,1/90000,477000,1664880123139.3723
160,2.4819374084472656,1/90000,480000,1664880123172.3848
161,2.767801284790039,1/90000,483000,1664880123197.1948
162,2.3572444915771484,1/90000,486000,1664880123224.5105
163,2.6006698608398438,1/90000,489000,1664880123252.375
164,3.1239986419677734,1/90000,492000,1664880123281.981
165,2.8100013732910156,1/90000,495000,1664880123311.5898
166,2.453327178955078,1/90000,498000,1664880123345.3977
167,2.7446746826171875,1/90000,501000,1664880123380.6702
168,2.9828548431396484,1/90000,504000,1664880123408.5
169,3.3767223358154297,1/90000,507000,1664880123448.3523
170,3.0317306518554688,1/90000,510000,1664880123476.117
171,3.4415721893310547,1/90000,513000,1664880123516.174
172,2.4869441986083984,1/90000,516000,1664880123546.2996
173,3.0977725982666016,1/90000,519000,1664880123586.266
174,2.3102760314941406,1/90000,522000,1664880123614.138
175,3.404855728149414,1/90000,525000,1664880123648.3772
176,3.166675567626953,1/90000,528000,1664880123680.5376
177,3.3948421478271484,1/90000,531000,1664880123719.9763
178,3.1614303588867188,1/90000,534000,1664880123755.568
179,3.9238929748535156,1/90000,537000,1664880123793.1013
180,3.8781166076660156,1/90000,540000,1664880123831.3718
181,3.612041473388672,1/90000,543000,1664880123871.7566
182,3.4089088439941406,1/90000,546000,1664880123914.2146
183,3.628253936767578,1/90000,549000,1664880123960.8613
184,3.5049915313720703,1/90000,552000,1664880124003.8733
185,10.31351089477539,1/90000,555000,1664880124053.937
186,7.730245590209961,1/90000,558000,1664880124105.6074
187,13.278961181640625,1/90000,561000,1664880124164.3416
188,14.470577239990234,1/90000,564000,1664880124231.3074
189,14.974117279052734,1/90000,567000,1664880124297.4167
190,14.867782592773438,1/90000,570000,1664880124360.0215
191,15.036582946777344,1/90000,573000,1664880124422.4092
192,14.182567596435547,1/90000,576000,1664880124482.8462
193,14.088153839111328,1/90000,579000,1664880124536.6174
194,12.643098831176758,1/90000,582000,1664880124582.7317
195,14.163017272949219,1/90000,585000,1664880124647.551
196,14.12057876586914,1/90000,588000,1664880124692.6453
197,14.389276504516602,1/90000,591000,1664880124750.8066
198,12.26949691772461,1/90000,594000,1664880124796.0366
199,14.15705680847168,1/90000,597000,1664880124852.955
200,14.639854431152344,1/90000,600000,1664880124902.2341
201,14.428377151489258,1/90000,603000,1664880124973.8982
202,14.22119140625,1/90000,606000,1664880125026.7627
203,14.282464981079102,1/90000,609000,1664880125088.2322
204,13.842344284057617,1/90000,612000,1664880125138.0752
205,14.14036750793457,1/90000,615000,1664880125203.5095
206,14.418840408325195,1/90000,618000,1664880125258.861
207,14.267206192016602,1/90000,621000,1664880125321.67
208,14.080047607421875,1/90000,624000,1664880125370.2556
209,14.775276184082031,1/90000,627000,1664880125434.6313
210,14.274835586547852,1/90000,630000,1664880125490.5642
211,14.29438591003418,1/90000,633000,1664880125555.5173
212,14.009237289428711,1/90000,636000,1664880125605.151
213,14.480113983154297,1/90000,639000,1664880125671.4648
214,14.193534851074219,1/90000,642000,1664880125727.5322
215,14.159917831420898,1/90000,645000,1664880125782.7747
216,14.56594467163086,1/90000,648000,1664880125846.019
217,14.536619186401367,1/90000,651000,1664880125901.8254
218,13.834476470947266,1/90000,654000,1664880125949.4333
219,14.075756072998047,1/90000,657000,1664880126003.0835
220,14.937639236450195,1/90000,660000,1664880126050.0918
221,14.201879501342773,1/90000,663000,1664880126103.03
222,13.854026794433594,1/90000,666000,1664880126151.8013
223,14.091730117797852,1/90000,669000,1664880126210.0298
224,13.991594314575195,1/90000,672000,1664880126257.7534
225,14.34946060180664,1/90000,675000,1664880126311.5522
226,14.03355598449707,1/90000,678000,1664880126373.36
227,14.266729354858398,1/90000,681000,1664880126435.026
228,14.150619506835938,1/90000,684000,1664880126495.4863
229,12.75944709777832,1/90000,687000,1664880126553.2861
230,14.090299606323242,1/90000,690000,1664880126610.682
231,14.14179801940918,1/90000,693000,1664880126662.8838
232,14.097213745117188,1/90000,696000,1664880126728.5686
233,13.91291618347168,1/90000,699000,1664880126780.4314
234,13.821601867675781,1/90000,702000,1664880126828.3086
235,13.97252082824707,1/90000,705000,1664880126883.0276
236,14.065265655517578,1/90000,708000,1664880126934.6833
237,14.057159423828125,1/90000,711000,1664880126995.728
238,14.41812515258789,1/90000,714000,1664880127055.598
239,14.093875885009766,1/90000,717000,1664880127111.8066
240,14.32037353515625,1/90000,720000,1664880127179.112
241,14.171361923217773,1/90000,723000,1664880127233.671
242,14.236927032470703,1/90000,726000,1664880127291.1113
243,14.13726806640625,1/90000,729000,1664880127345.8577
244,14.042854309082031,1/90000,732000,1664880127406.3633
245,14.172077178955078,1/90000,735000,1664880127470.0674
246,14.078140258789062,1/90000,738000,1664880127526.0088
247,14.090776443481445,1/90000,741000,1664880127586.2708
248,14.193534851074219,1/90000,744000,1664880127646.8948
249,14.035940170288086,1/90000,747000,1664880127701.4246
250,17.110109329223633,1/90000,750000,1664880127761.9268
251,16.822338104248047,1/90000,753000,1664880127830.928
252,17.218589782714844,1/90000,756000,1664880127892.1152
253,15.763998031616211,1/90000,759000,1664880127956.2654
254,16.445159912109375,1/90000,762000,1664880128016.7197
255,11.832237243652344,1/90000,765000,1664880128073.332
256,13.692855834960938,1/90000,768000,1664880128128.4297
257,13.937711715698242,1/90000,771000,1664880128183.3098
258,14.308929443359375,1/90000,774000,1664880128243.5823
259,14.129877090454102,1/90000,777000,1664880128290.17
260,14.129400253295898,1/90000,780000,1664880128352.3147
261,14.175176620483398,1/90000,783000,1664880128403.966
262,14.108896255493164,1/90000,786000,1664880128465.865
263,14.395713806152344,1/90000,789000,1664880128523.607
264,14.145135879516602,1/90000,792000,1664880128584.4028
265,14.253377914428711,1/90000,795000,1664880128638.7458
266,14.022350311279297,1/90000,798000,1664880128701.9058
267,14.046907424926758,1/90000,801000,1664880128757.6702
268,15.002727508544922,1/90000,804000,1664880128814.5999
269,13.556480407714844,1/90000,807000,1664880128867.8967
270,12.907028198242188,1/90000,810000,1664880128912.5957
271,14.256477355957031,1/90000,813000,1664880128957.7485
272,11.60573959350586,1/90000,816000,1664880129014.4534
273,14.603853225708008,1/90000,819000,1664880129066.4048
274,14.063835144042969,1/90000,822000,1664880129131.686
275,13.256311416625977,1/90000,825000,1664880129194.8186
276,14.65463638305664,1/90000,828000,1664880129253.2617
277,15.543699264526367,1/90000,831000,1664880129310.7583
278,14.602184295654297,1/90000,834000,1664880129372.2327
279,12.80522346496582,1/90000,837000,1664880129429.1252
280,15.86771011352539,1/90000,840000,1664880129488.3264
281,14.802217483520508,1/90000,843000,1664880129545.64
282,7.877111434936523,1/90000,846000,1664880129607.6533
283,14.556169509887695,1/90000,849000,1664880129661.9722
284,14.392614364624023,1/90000,852000,1664880129724.7827
285,16.51906967163086,1/90000,855000,1664880129786.0618
286,16.323328018188477,1/90000,858000,1664880129848.4553
287,11.286020278930664,1/90000,861000,1664880129911.2712
288,16.95847511291504,1/90000,864000,1664880129969.5142
289,15.264272689819336,1/90000,867000,1664880130023.8035
290,11.583805084228516,1/90000,870000,1664880130077.3452
291,9.623050689697266,1/90000,873000,1664880130120.136
292,11.98124885559082,1/90000,876000,1664880130160.396
293,12.10474967956543,1/90000,879000,1664880130200.8281
294,10.48135757446289,1/90000,882000,1664880130255.5369
295,11.505842208862305,1/90000,885000,1664880130294.546
296,17.41623878479004,1/90000,888000,1664880130343.4143
297,14.189958572387695,1/90000,891000,1664880130396.3052
298,14.157295227050781,1/90000,894000,1664880130451.5847
299,13.947248458862305,1/90000,897000,1664880130503.519
300,13.911962509155273,1/90000,900000,1664880130556.7927
301,17.94719696044922,1/90000,903000,1664880130609.4575
302,13.061761856079102,1/90000,906000,1664880130666.9634
303,13.974428176879883,1/90000,909000,1664880130715.4175
304,16.035795211791992,1/90000,912000,1664880130765.2349
305,10.018110275268555,1/90000,915000,1664880130821.8843
306,14.133691787719727,1/90000,918000,1664880130878.9678
307,13.824701309204102,1/90000,921000,1664880130925.346
308,13.984918594360352,1/90000,924000,1664880130978.3281
309,14.358043670654297,1/90000,927000,1664880131036.3723
310,14.520883560180664,1/90000,930000,1664880131099.0374
311,18.831491470336914,1/90000,933000,1664880131148.084
312,14.784812927246094,1/90000,936000,1664880131206.3354
313,13.679742813110352,1/90000,939000,1664880131261.516
314,13.944149017333984,1/90000,942000,1664880131321.2278
315,14.013528823852539,1/90000,945000,1664880131370.7578
316,14.040470123291016,1/90000,948000,1664880131430.6086
317,13.940811157226562,1/90000,951000,1664880131478.5205
318,14.111518859863281,1/90000,954000,1664880131542.3154
319,13.802766799926758,1/90000,957000,1664880131593.5312
320,9.124279022216797,1/90000,960000,1664880131648.4814
321,16.171932220458984,1/90000,963000,1664880131703.4036
322,14.746904373168945,1/90000,966000,1664880131764.7883
323,15.331506729125977,1/90000,969000,1664880131820.98
324,13.877153396606445,1/90000,972000,1664880131889.9639
325,9.527921676635742,1/90000,975000,1664880131945.5095
326,11.739969253540039,1/90000,978000,1664880132004.9756
327,10.385751724243164,1/90000,981000,1664880132061.6274
328,14.229059219360352,1/90000,984000,1664880132110.5493
329,14.822721481323242,1/90000,987000,1664880132176.578
330,14.914274215698242,1/90000,990000,1664880132234.7292
331,14.055967330932617,1/90000,993000,1664880132293.946
332,15.071630477905273,1/90000,996000,1664880132355.408
333,14.159679412841797,1/90000,999000,1664880132413.908
334,14.111995697021484,1/90000,1002000,1664880132469.3218
335,14.140605926513672,1/90000,1005000,1664880132535.9626
336,14.454841613769531,1/90000,1008000,1664880132599.434
337,14.050006866455078,1/90000,1011000,1664880132666.0818
338,14.06407356262207,1/90000,1014000,1664880132726.266
339,14.095067977905273,1/90000,1017000,1664880132786.5083
340,14.066457748413086,1/90000,1020000,1664880132843.9182
341,14.291048049926758,1/90000,1023000,1664880132904.9578
342,14.699697494506836,1/90000,1026000,1664880132974.4014
343,13.928651809692383,1/90000,1029000,1664880133020.5808
344,14.116287231445312,1/90000,1032000,1664880133080.1404
345,14.071226119995117,1/90000,1035000,1664880133124.8877
346,13.99374008178711,1/90000,1038000,1664880133177.8843
347,14.008283615112305,1/90000,1041000,1664880133243.9512
348,14.019489288330078,1/90000,1044000,1664880133298.1516
349,14.109134674072266,1/90000,1047000,1664880133356.0095
350,13.625621795654297,1/90000,1050000,1664880133416.2424
351,14.021873474121094,1/90000,1053000,1664880133469.4639
352,14.196395874023438,1/90000,1056000,1664880133528.2766
353,19.981861114501953,1/90000,1059000,1664880133589.3345
354,14.127969741821289,1/90000,1062000,1664880133657.6262
355,13.963460922241211,1/90000,1065000,1664880133715.2612
356,13.966560363769531,1/90000,1068000,1664880133767.7979
357,13.959646224975586,1/90000,1071000,1664880133815.0054
358,14.153480529785156,1/90000,1074000,1664880133873.6133
359,14.066934585571289,1/90000,1077000,1664880133941.1108
360,14.789581298828125,1/90000,1080000,1664880133995.478
361,16.838788986206055,1/90000,1083000,1664880134045.4219
362,14.547586441040039,1/90000,1086000,1664880134112.6128
363,14.279842376708984,1/90000,1089000,1664880134162.7832
364,13.987302780151367,1/90000,1092000,1664880134225.4812
365,18.22376251220703,1/90000,1095000,1664880134286.638
366,14.255523681640625,1/90000,1098000,1664880134357.2253
367,14.359712600708008,1/90000,1101000,1664880134414.413
368,14.650106430053711,1/90000,1104000,1664880134478.5352
369,14.721870422363281,1/90000,1107000,1664880134541.2273
370,14.080286026000977,1/90000,1110000,1664880134603.1536
371,13.613224029541016,1/90000,1113000,1664880134668.7556
372,16.21866226196289,1/90000,1116000,1664880134727.4333
373,14.035940170288086,1/90000,1119000,1664880134787.087
374,14.181852340698242,1/90000,1122000,1664880134851.1924
375,14.371871948242188,1/90000,1125000,1664880134907.331
376,13.088464736938477,1/90000,1128000,1664880134967.7922
377,13.838529586791992,1/90000,1131000,1664880135015.9104
378,16.054630279541016,1/90000,1134000,1664880135083.9355
379,13.185262680053711,1/90000,1137000,1664880135147.2432
380,14.823436737060547,1/90000,1140000,1664880135205.9136
381,14.196634292602539,1/90000,1143000,1664880135269.5537
382,14.547348022460938,1/90000,1146000,1664880135327.4153
383,14.233589172363281,1/90000,1149000,1664880135382.3738
384,14.57357406616211,1/90000,1152000,1664880135442.5852
385,17.596006393432617,1/90000,1155000,1664880135503.562
386,15.978574752807617,1/90000,1158000,1664880135560.8708
387,14.027118682861328,1/90000,1161000,1664880135632.9043
388,14.041900634765625,1/90000,1164000,1664880135700.5603
389,14.386892318725586,1/90000,1167000,1664880135750.4922
390,16.534805297851562,1/90000,1170000,1664880135815.1665
391,14.003753662109375,1/90000,1173000,1664880135865.1528
392,14.754533767700195,1/90000,1176000,1664880135925.781
393,14.845609664916992,1/90000,1179000,1664880135986.19
394,14.33253288269043,1/90000,1182000,1664880136047.3784
395,14.430761337280273,1/90000,1185000,1664880136101.6343
396,8.995771408081055,1/90000,1188000,1664880136151.8323
397,11.58452033996582,1/90000,1191000,1664880136209.154
398,16.538143157958984,1/90000,1194000,1664880136260.8896
399,14.296293258666992,1/90000,1197000,1664880136322.9077
400,14.793157577514648,1/90000,1200000,1664880136383.2144
401,14.050006866455078,1/90000,1203000,1664880136447.2058
402,17.096757888793945,1/90000,1206000,1664880136507.2688
403,14.213800430297852,1/90000,1209000,1664880136568.2576
404,14.035701751708984,1/90000,1212000,1664880136616.4612
405,14.071226119995117,1/90000,1215000,1664880136685.1135
406,14.189481735229492,1/90000,1218000,1664880136744.9832
407,13.974428176879883,1/90000,1221000,1664880136796.3447
408,13.89312744140625,1/90000,1224000,1664880136841.3713
409,19.57392692565918,1/90000,1227000,1664880136901.8945
410,16.165733337402344,1/90000,1230000,1664880136975.0652
411,12.526988983154297,1/90000,1233000,1664880137024.7778
412,14.206886291503906,1/90000,1236000,1664880137081.5745
413,7.232189178466797,1/90000,1239000,1664880137130.2632
414,8.726358413696289,1/90000,1242000,1664880137175.5725
415,13.279199600219727,1/90000,1245000,1664880137220.7168
416,12.565135955810547,1/90000,1248000,1664880137277.4714
417,14.565706253051758,1/90000,1251000,1664880137329.797
418,13.975381851196289,1/90000,1254000,1664880137387.696
419,12.36724853515625,1/90000,1257000,1664880137431.1306
420,13.987302780151367,1/90000,1260000,1664880137485.0986
421,13.606786727905273,1/90000,1263000,1664880137536.1248
422,14.285564422607422,1/90000,1266000,1664880137591.5232
423,13.947010040283203,1/90000,1269000,1664880137647.807
424,13.985395431518555,1/90000,1272000,1664880137708.3298
425,13.620376586914062,1/90000,1275000,1664880137759.0483
426,14.086008071899414,1/90000,1278000,1664880137818.14
427,17.871618270874023,1/90000,1281000,1664880137864.7952
428,12.970685958862305,1/90000,1284000,1664880137921.1985
429,13.95726203918457,1/90000,1287000,1664880137975.8364
430,14.153718948364258,1/90000,1290000,1664880138031.059
431,13.853073120117188,1/90000,1293000,1664880138085.1912
432,14.230728149414062,1/90000,1296000,1664880138140.6682
433,17.868995666503906,1/90000,1299000,1664880138199.757
434,14.205217361450195,1/90000,1302000,1664880138263.6533
435,16.529560089111328,1/90000,1305000,1664880138324.1404
436,14.21809196472168,1/90000,1308000,1664880138384.8345
437,14.019012451171875,1/90000,1311000,1664880138443.335
438,14.006853103637695,1/90000,1314000,1664880138500.0603
439,12.452840805053711,1/90000,1317000,1664880138562.7844
440,14.701366424560547,1/90000,1320000,1664880138627.771
441,7.441043853759766,1/90000,1323000,1664880138688.785
442,9.426116943359375,1/90000,1326000,1664880138730.3738
443,14.571666717529297,1/90000,1329000,1664880138787.0833
444,14.48965072631836,1/90000,1332000,1664880138853.0999
445,13.494014739990234,1/90000,1335000,1664880138918.788
446,13.642311096191406,1/90000,1338000,1664880138973.7744
447,13.869762420654297,1/90000,1341000,1664880139027.6582
448,11.138916015625,1/90000,1344000,1664880139085.2
449,14.002799987792969,1/90000,1347000,1664880139141.5247
450,13.92984390258789,1/90000,1350000,1664880139194.9797
451,12.098073959350586,1/90000,1353000,1664880139255.3022
452,14.48822021484375,1/90000,1356000,1664880139312.1711
453,14.461278915405273,1/90000,1359000,1664880139368.7754
454,13.973712921142578,1/90000,1362000,1664880139425.878
455,14.252185821533203,1/90000,1365000,1664880139479.0283
456,14.366388320922852,1/90000,1368000,1664880139532.9626
457,14.595508575439453,1/90000,1371000,1664880139579.1555
458,14.244318008422852,1/90000,1374000,1664880139634.6128
459,13.25845718383789,1/90000,1377000,1664880139689.057
460,16.632080078125,1/90000,1380000,1664880139741.1172
461,12.386560440063477,1/90000,1383000,1664880139801.6965
462,13.830184936523438,1/90000,1386000,1664880139859.8125
463,13.750553131103516,1/90000,1389000,1664880139911.7566
464,14.027833938598633,1/90000,1392000,1664880139968.0125
465,14.11747932434082,1/90000,1395000,1664880140031.6907
466,14.406681060791016,1/90000,1398000,1664880140094.7124
467,14.26386833190918,1/90000,1401000,1664880140151.7607
468,13.976812362670898,1/90000,1404000,1664880140217.1194
469,14.00446891784668,1/90000,1407000,1664880140273.7217
470,14.084100723266602,1/90000,1410000,1664880140334.1765
471,14.310359954833984,1/90000,1413000,1664880140381.676
472,14.136314392089844,1/90000,1416000,1664880140451.4026
473,14.34016227722168,1/90000,1419000,1664880140508.696
474,12.193441390991211,1/90000,1422000,1664880140574.5957
475,14.79482650756836,1/90000,1425000,1664880140628.5046
476,16.39080047607422,1/90000,1428000,1664880140702.3687
477,19.961118698120117,1/90000,1431000,1664880140752.9248
478,18.251895904541016,1/90000,1434000,1664880140825.7405
479,13.976335525512695,1/90000,1437000,1664880140886.657
480,14.246225357055664,1/90000,1440000,1664880140948.0132
481,13.167619705200195,1/90000,1443000,1664880140999.1128
482,15.003442764282227,1/90000,1446000,1664880141061.212
483,13.842105865478516,1/90000,1449000,1664880141113.6677
484,14.708995819091797,1/90000,1452000,1664880141170.0771
485,14.361858367919922,1/90000,1455000,1664880141223.0217
486,13.185977935791016,1/90000,1458000,1664880141281.55
487,8.604288101196289,1/90000,1461000,1664880141326.5435
488,13.452768325805664,1/90000,1464000,1664880141378.618
489,15.916109085083008,1/90000,1467000,1664880141430.402
490,16.396760940551758,1/90000,1470000,1664880141490.918
491,6.900548934936523,1/90000,1473000,1664880141540.543
492,12.831449508666992,1/90000,1476000,1664880141592.5598
493,7.47370719909668,1/90000,1479000,1664880141650.5598
494,7.726192474365234,1/90000,1482000,1664880141702.7266
495,14.879465103149414,1/90000,1485000,1664880141754.9346
496,13.981342315673828,1/90000,1488000,1664880141823.2146
497,13.63682746887207,1/90000,1491000,1664880141876.3118
498,14.340400695800781,1/90000,1494000,1664880141940.2417
499,16.176939010620117,1/90000,1497000,1664880141991.5251
500,13.96322250366211,1/90000,1500000,1664880142052.3635
501,13.842105865478516,1/90000,1503000,1664880142096.4688
502,14.786958694458008,1/90000,1506000,1664880142155.5627
503,14.891862869262695,1/90000,1509000,1664880142204.9492
504,14.131546020507812,1/90000,1512000,1664880142258.6382
505,14.07003402709961,1/90000,1515000,1664880142315.5732
506,15.342473983764648,1/90000,1518000,1664880142373.6738
507,16.399860382080078,1/90000,1521000,1664880142432.1719
508,13.1683349609375,1/90000,1524000,1664880142491.0308
509,17.16327667236328,1/90000,1527000,1664880142556.5332
510,14.069318771362305,1/90000,1530000,1664880142619.4202
511,16.290664672851562,1/90000,1533000,1664880142669.5066
512,15.524864196777344,1/90000,1536000,1664880142728.7395
513,14.150619506835938,1/90000,1539000,1664880142785.0757
514,16.448497772216797,1/90000,1542000,1664880142843.6448
515,13.391256332397461,1/90000,1545000,1664880142907.8347
516,13.909339904785156,1/90000,1548000,1664880142966.6423
517,14.046669006347656,1/90000,1551000,1664880143023.4019
518,13.004064559936523,1/90000,1554000,1664880143085.8965
519,8.350372314453125,1/90000,1557000,1664880143145.8606
520,13.659954071044922,1/90000,1560000,1664880143194.3342
521,16.61968231201172,1/90000,1563000,1664880143248.4026
522,16.68262481689453,1/90000,1566000,1664880143304.4397
523,16.589641571044922,1/90000,1569000,1664880143370.61
524,16.851186752319336,1/90000,1572000,1664880143430.1196
525,16.325950622558594,1/90000,1575000,1664880143494.231
526,14.677286148071289,1/90000,1578000,1664880143554.4065
527,14.488935470581055,1/90000,1581000,1664880143612.205
528,14.824628829956055,1/90000,1584000,1664880143669.1829
529,14.273881912231445,1/90000,1587000,1664880143727.9836
530,14.235734939575195,1/90000,1590000,1664880143786.3809
531,14.388084411621094,1/90000,1593000,1664880143831.4248
532,14.205694198608398,1/90000,1596000,1664880143888.685
533,14.55831527709961,1/90000,1599000,1664880143943.7043
534,12.824535369873047,1/90000,1602000,1664880143996.1794
535,14.327049255371094,1/90000,1605000,1664880144057.7778
536,14.035463333129883,1/90000,1608000,1664880144117.6096
537,14.17088508605957,1/90000,1611000,1664880144170.9883
538,14.193534851074219,1/90000,1614000,1664880144228.4812
539,14.556884765625,1/90000,1617000,1664880144284.4536
540,12.603282928466797,1/90000,1620000,1664880144335.1528
541,14.174938201904297,1/90000,1623000,1664880144391.0505
542,14.121294021606445,1/90000,1626000,1664880144442.2913
543,14.313936233520508,1/90000,1629000,1664880144497.3306
544,13.986825942993164,1/90000,1632000,1664880144559.7947
545,18.949031829833984,1/90000,1635000,1664880144608.2188
546,13.900518417358398,1/90000,1638000,1664880144668.8525
547,14.090776443481445,1/90000,1641000,1664880144719.5354
548,13.991355895996094,1/90000,1644000,1664880144781.4602
549,14.033317565917969,1/90000,1647000,1664880144844.484
550,14.174938201904297,1/90000,1650000,1664880144897.078
551,18.83077621459961,1/90000,1653000,1664880144952.0999
552,16.15452766418457,1/90000,1656000,1664880145013.917
553,14.437675476074219,1/90000,1659000,1664880145073.5498
554,13.359546661376953,1/90000,1662000,1664880145133.3096
555,12.225151062011719,1/90000,1665000,1664880145187.2314
556,16.434431076049805,1/90000,1668000,1664880145241.6235
557,11.745452880859375,1/90000,1671000,1664880145306.0374
558,14.12343978881836,1/90000,1674000,1664880145356.071
559,13.601541519165039,1/90000,1677000,1664880145414.9854
560,14.160871505737305,1/90000,1680000,1664880145469.566
561,16.447067260742188,1/90000,1683000,1664880145526.2588
562,13.553619384765625,1/90000,1686000,1664880145583.995
563,11.972665786743164,1/90000,1689000,1664880145639.4329
564,17.934560775756836,1/90000,1692000,1664880145696.4404
565,14.152765274047852,1/90000,1695000,1664880145769.5005
566,14.279603958129883,1/90000,1698000,1664880145834.5955
567,13.967037200927734,1/90000,1701000,1664880145889.368
568,14.303207397460938,1/90000,1704000,1664880145946.8765
569,14.22739028930664,1/90000,1707000,1664880146003.6853
570,14.556646347045898,1/90000,1710000,1664880146063.824
571,10.247945785522461,1/90000,1713000,1664880146122.8494
572,10.08915901184082,1/90000,1716000,1664880146172.1875
573,19.263744354248047,1/90000,1719000,1664880146225.394
574,14.151811599731445,1/90000,1722000,1664880146284.1501
575,14.259099960327148,1/90000,1725000,1664880146341.69
576,13.823270797729492,1/90000,1728000,1664880146398.561
577,19.954442977905273,1/90000,1731000,1664880146458.1697
578,20.805835723876953,1/90000,1734000,1664880146521.4739
579,13.79847526550293,1/90000,1737000,1664880146584.3567
580,14.123916625976562,1/90000,1740000,1664880146633.6409
581,14.642715454101562,1/90000,1743000,1664880146695.671
582,17.22550392150879,1/90000,1746000,1664880146752.5442
583,14.563322067260742,1/90000,1749000,1664880146808.372
584,13.973474502563477,1/90000,1752000,1664880146864.5579
585,19.20151710510254,1/90000,1755000,1664880146914.3596
586,15.224933624267578,1/90000,1758000,1664880146974.1824
587,14.171838760375977,1/90000,1761000,1664880147032.6497
588,14.419078826904297,1/90000,1764000,1664880147089.054
589,18.865108489990234,1/90000,1767000,1664880147150.9707
590,18.45383644104004,1/90000,1770000,1664880147206.9146
591,14.406442642211914,1/90000,1773000,1664880147267.4146
592,14.144659042358398,1/90000,1776000,1664880147322.2065
593,14.066219329833984,1/90000,1779000,1664880147373.4893
594,18.103837966918945,1/90000,1782000,1664880147427.663
595,14.003276824951172,1/90000,1785000,1664880147483.5974
596,14.072418212890625,1/90000,1788000,1664880147538.2495
597,19.197702407836914,1/90000,1791000,1664880147595.7139
598,13.936519622802734,1/90000,1794000,1664880147651.006
599,14.081954956054688,1/90000,1797000,1664880147705.6082
600,14.056682586669922,1/90000,1800000,1664880147758.6008
601,14.160394668579102,1/90000,1803000,1664880147813.6743
602,13.851642608642578,1/90000,1806000,1664880147866.6138
603,14.385223388671875,1/90000,1809000,1664880147925.389
604,14.297962188720703,1/90000,1812000,1664880147986.2764
605,11.803388595581055,1/90000,1815000,1664880148036.1973
606,14.588356018066406,1/90000,1818000,1664880148089.3306
607,13.899087905883789,1/90000,1821000,1664880148132.8127
608,14.197826385498047,1/90000,1824000,1664880148181.8684
609,14.496803283691406,1/90000,1827000,1664880148237.1643
610,14.317989349365234,1/90000,1830000,1664880148292.6973
611,13.988733291625977,1/90000,1833000,1664880148346.6765
612,19.119977951049805,1/90000,1836000,1664880148393.7043
613,14.265060424804688,1/90000,1839000,1664880148443.664
614,14.07170295715332,1/90000,1842000,1664880148494.362
615,13.900518417358398,1/90000,1845000,1664880148543.595
616,14.026880264282227,1/90000,1848000,1664880148593.1167
617,19.090652465820312,1/90000,1851000,1664880148643.4968
618,13.740301132202148,1/90000,1854000,1664880148697.4148
619,14.058828353881836,1/90000,1857000,1664880148745.8413
620,13.161659240722656,1/90000,1860000,1664880148801.3362
621,10.907411575317383,1/90000,1863000,1664880148850.6318
622,11.316299438476562,1/90000,1866000,1664880148898.2559
623,8.209228515625,1/90000,1869000,1664880148938.6716
624,8.63957405090332,1/90000,1872000,1664880148980.8997
625,7.997274398803711,1/90000,1875000,1664880149012.7126
626,9.865045547485352,1/90000,1878000,1664880149054.727
627,10.720252990722656,1/90000,1881000,1664880149091.0312
628,12.957572937011719,1/90000,1884000,1664880149133.8955
629,18.21303367614746,1/90000,1887000,1664880149176.844
630,12.96544075012207,1/90000,1890000,1664880149229.0854
631,12.980222702026367,1/90000,1893000,1664880149276.7654
632,12.523412704467773,1/90000,1896000,1664880149328.2192
633,10.727405548095703,1/90000,1899000,1664880149386.0325
634,12.988090515136719,1/90000,1902000,1664880149446.0173
635,13.168573379516602,1/90000,1905000,1664880149493.0247
636,14.072418212890625,1/90000,1908000,1664880149543.0164
637,13.867378234863281,1/90000,1911000,1664880149592.8826
638,14.182567596435547,1/90000,1914000,1664880149647.889
639,14.036178588867188,1/90000,1917000,1664880149698.4277
640,13.272762298583984,1/90000,1920000,1664880149749.578
641,9.462356567382812,1/90000,1923000,1664880149808.467
642,9.127616882324219,1/90000,1926000,1664880149857.7876
643,9.272336959838867,1/90000,1929000,1664880149899.5718
644,11.934041976928711,1/90000,1932000,1664880149945.459
645,13.427972793579102,1/90000,1935000,1664880149995.2876
646,12.722253799438477,1/90000,1938000,1664880150036.9875
647,13.57269287109375,1/90000,1941000,1664880150085.662
648,13.6260986328125,1/90000,1944000,1664880150124.9993
649,13.735771179199219,1/90000,1947000,1664880150169.1733
650,13.712882995605469,1/90000,1950000,1664880150209.6738
651,14.124155044555664,1/90000,1953000,1664880150256.8584
652,13.375282287597656,1/90000,1956000,1664880150304.7554
653,10.076284408569336,1/90000,1959000,1664880150356.9722
654,9.592771530151367,1/90000,1962000,1664880150404.5854
655,9.761571884155273,1/90000,1965000,1664880150446.2336
656,9.284496307373047,1/90000,1968000,1664880150487.5115
657,10.910272598266602,1/90000,1971000,1664880150527.9602
658,12.327909469604492,1/90000,1974000,1664880150572.7505
659,15.062093734741211,1/90000,1977000,1664880150616.4507
660,13.968229293823242,1/90000,1980000,1664880150665.0981
661,14.154195785522461,1/90000,1983000,1664880150715.2585
662,13.065338134765625,1/90000,1986000,1664880150771.794
663,12.390851974487305,1/90000,1989000,1664880150828.9534
664,12.773752212524414,1/90000,1992000,1664880150883.0198
665,11.155843734741211,1/90000,1995000,1664880150934.0579
666,13.461828231811523,1/90000,1998000,1664880150982.903
667,13.23390007019043,1/90000,2001000,1664880151019.8784
668,14.3585205078125,1/90000,2004000,1664880151066.698
669,13.823986053466797,1/90000,2007000,1664880151117.2363
670,14.038801193237305,1/90000,2010000,1664880151164.5164
671,14.640331268310547,1/90000,2013000,1664880151220.4526
672,13.08441162109375,1/90000,2016000,1664880151278.352
673,13.900995254516602,1/90000,2019000,1664880151335.6006
674,13.716936111450195,1/90000,2022000,1664880151393.1814
675,8.36634635925293,1/90000,2025000,1664880151443.8862
676,6.3190460205078125,1/90000,2028000,1664880151486.472
677,7.336139678955078,1/90000,2031000,1664880151526.0164
678,13.637304306030273,1/90000,2034000,1664880151567.388
679,13.193368911743164,1/90000,2037000,1664880151608.2866
680,8.549213409423828,1/90000,2040000,1664880151656.0132
681,7.848262786865234,1/90000,2043000,1664880151699.0876
682,8.57234001159668,1/90000,2046000,1664880151740.646
683,7.506132125854492,1/90000,2049000,1664880151786.8025
684,8.462905883789062,1/90000,2052000,1664880151833.643
685,10.160684585571289,1/90000,2055000,1664880151873.0632
686,9.816169738769531,1/90000,2058000,1664880151912.3398
687,8.218765258789062,1/90000,2061000,1664880151952.695
688,10.586977005004883,1/90000,2064000,1664880151992.568
689,8.951902389526367,1/90000,2067000,1664880152034.567
690,9.516239166259766,1/90000,2070000,1664880152073.1794
691,9.872674942016602,1/90000,2073000,1664880152112.892
692,13.824939727783203,1/90000,2076000,1664880152154.331
693,9.525537490844727,1/90000,2079000,1664880152196.6582
694,9.362936019897461,1/90000,2082000,1664880152244.7031
695,11.767864227294922,1/90000,2085000,1664880152286.5935
696,10.898113250732422,1/90000,2088000,1664880152330.33
697,12.402534484863281,1/90000,2091000,1664880152380.2397
698,13.636350631713867,1/90000,2094000,1664880152429.3875
699,13.857364654541016,1/90000,2097000,1664880152475.278
700,13.808012008666992,1/90000,2100000,1664880152521.08
701,14.098882675170898,1/90000,2103000,1664880152557.9248
702,14.064550399780273,1/90000,2106000,1664880152604.7996
703,13.932466506958008,1/90000,2109000,1664880152643.0442
704,11.643171310424805,1/90000,2112000,1664880152691.6404
705,13.311147689819336,1/90000,2115000,1664880152748.0356
706,7.833242416381836,1/90000,2118000,1664880152799.2842
707,6.553411483764648,1/90000,2121000,1664880152839.9573
708,11.470794677734375,1/90000,2124000,1664880152884.4333
709,11.658191680908203,1/90000,2127000,1664880152920.766
710,13.518571853637695,1/90000,2130000,1664880152965.9148
711,13.811826705932617,1/90000,2133000,1664880153012.0957
712,16.607999801635742,1/90000,2136000,1664880153063.0918
713,14.492273330688477,1/90000,2139000,1664880153113.034
714,14.7857666015625,1/90000,2142000,1664880153168.7898
715,15.10310173034668,1/90000,2145000,1664880153220.3896
716,16.281604766845703,1/90000,2148000,1664880153275.4102
717,13.731718063354492,1/90000,2151000,1664880153324.5796
718,13.76652717590332,1/90000,2154000,1664880153380.179
719,12.554407119750977,1/90000,2157000,1664880153429.3162
720,13.234138488769531,1/90000,2160000,1664880153476.0464
721,14.492988586425781,1/90000,2163000,1664880153525.4749
722,13.934612274169922,1/90000,2166000,1664880153574.9487
723,18.283843994140625,1/90000,2169000,1664880153628.0347
724,13.832330703735352,1/90000,2172000,1664880153684.7473
725,13.122320175170898,1/90000,2175000,1664880153740.855
726,13.862848281860352,1/90000,2178000,1664880153791.665
727,18.58353614807129,1/90000,2181000,1664880153833.5635
728,14.021873474121094,1/90000,2184000,1664880153889.6775
729,13.895988464355469,1/90000,2187000,1664880153938.8384
730,13.956308364868164,1/90000,2190000,1664880153991.16
731,14.01209831237793,1/90000,2193000,1664880154048.5583
732,14.167308807373047,1/90000,2196000,1664880154106.9878
733,13.962507247924805,1/90000,2199000,1664880154155.7598
734,13.83066177368164,1/90000,2202000,1664880154206.2314
735,13.469219207763672,1/90000,2205000,1664880154256.9983
736,17.914533615112305,1/90000,2208000,1664880154311.7966
737,12.881994247436523,1/90000,2211000,1664880154375.2131
738,11.178255081176758,1/90000,2214000,1664880154433.024
739,13.358354568481445,1/90000,2217000,1664880154477.5369
740,12.685775756835938,1/90000,2220000,1664880154526.2578
741,13.468265533447266,1/90000,2223000,1664880154573.3872
742,13.933897018432617,1/90000,2226000,1664880154627.2893
743,13.939619064331055,1/90000,2229000,1664880154683.4785
744,13.702154159545898,1/90000,2232000,1664880154734.0002
745,13.9007568359375,1/90000,2235000,1664880154786.886
746,12.103080749511719,1/90000,2238000,1664880154853.01
747,13.800859451293945,1/90000,2241000,1664880154906.459
748,16.906261444091797,1/90000,2244000,1664880154965.3933
749,13.944149017333984,1/90000,2247000,1664880155027.8262
750,13.810873031616211,1/90000,2250000,1664880155079.5906
751,13.415813446044922,1/90000,2253000,1664880155122.262
752,13.899803161621094,1/90000,2256000,1664880155175.4648
753,14.073610305786133,1/90000,2259000,1664880155223.7312
754,14.485836029052734,1/90000,2262000,1664880155277.1182
755,12.71510124206543,1/90000,2265000,1664880155339.678
756,12.563943862915039,1/90000,2268000,1664880155396.9055
757,13.704299926757812,1/90000,2271000,1664880155450.987
758,15.87986946105957,1/90000,2274000,1664880155502.9446
759,13.765335083007812,1/90000,2277000,1664880155552.052
760,13.808727264404297,1/90000,2280000,1664880155602.8127
761,18.86725425720215,1/90000,2283000,1664880155652.384
762,13.902902603149414,1/90000,2286000,1664880155704.3403
763,17.892837524414062,1/90000,2289000,1664880155749.9495
764,10.970115661621094,1/90000,2292000,1664880155807.5056
765,10.050773620605469,1/90000,2295000,1664880155852.4985
766,8.768081665039062,1/90000,2298000,1664880155900.6772
767,15.65408706665039,1/90000,2301000,1664880155948.6035
768,12.550592422485352,1/90000,2304000,1664880156002.7632
769,12.430191040039062,1/90000,2307000,1664880156056.7744
770,9.82213020324707,1/90000,2310000,1664880156105.0864
771,9.862184524536133,1/90000,2313000,1664880156147.0444
772,10.184288024902344,1/90000,2316000,1664880156189.9912
773,7.374286651611328,1/90000,2319000,1664880156245.7598
774,7.02977180480957,1/90000,2322000,1664880156293.7778
775,7.207155227661133,1/90000,2325000,1664880156333.804
776,7.030010223388672,1/90000,2328000,1664880156370.3984
777,8.99195671081543,1/90000,2331000,1664880156410.2646
778,6.736040115356445,1/90000,2334000,1664880156455.174
779,8.927583694458008,1/90000,2337000,1664880156493.9792
780,7.080316543579102,1/90000,2340000,1664880156538.5544
781,9.932756423950195,1/90000,2343000,1664880156582.0059
782,6.918668746948242,1/90000,2346000,1664880156649.311
783,7.30443000793457,1/90000,2349000,1664880156693.268
784,7.422924041748047,1/90000,2352000,1664880156735.1301
785,9.193658828735352,1/90000,2355000,1664880156798.0679
786,10.256290435791016,1/90000,2358000,1664880156841.4912
787,6.959676742553711,1/90000,2361000,1664880156879.245
788,13.833999633789062,1/90000,2364000,1664880156920.1611
789,8.384943008422852,1/90000,2367000,1664880156966.5337
790,13.169050216674805,1/90000,2370000,1664880157009.7068
791,9.326934814453125,1/90000,2373000,1664880157056.0432
792,13.921737670898438,1/90000,2376000,1664880157099.6934
793,14.079570770263672,1/90000,2379000,1664880157144.979
794,14.724254608154297,1/90000,2382000,1664880157194.4253
795,13.940572738647461,1/90000,2385000,1664880157242.4507
796,14.843225479125977,1/90000,2388000,1664880157292.7715
797,10.086774826049805,1/90000,2391000,1664880157333.5986
798,13.395309448242188,1/90000,2394000,1664880157380.3198
799,13.806581497192383,1/90000,2397000,1664880157430.0266
800,14.627695083618164,1/90000,2400000,1664880157484.0894
801,13.774633407592773,1/90000,2403000,1664880157532.8125
802,13.518333435058594,1/90000,2406000,1664880157582.202
803,13.467788696289062,1/90000,2409000,1664880157631.6453
804,14.982938766479492,1/90000,2412000,1664880157680.2397
805,14.76907730102539,1/90000,2415000,1664880157724.6133
806,14.01519775390625,1/90000,2418000,1664880157773.1045
807,14.068126678466797,1/90000,2421000,1664880157815.4714
808,15.517950057983398,1/90000,2424000,1664880157863.5999
809,14.315605163574219,1/90000,2427000,1664880157914.0012
810,13.988256454467773,1/90000,2430000,1664880157959.0745
811,14.055490493774414,1/90000,2433000,1664880158011.7493
812,13.730287551879883,1/90000,2436000,1664880158053.6572
813,13.669252395629883,1/90000,2439000,1664880158103.5215
814,14.297246932983398,1/90000,2442000,1664880158144.958
815,10.70713996887207,1/90000,2445000,1664880158194.4758
816,12.91513442993164,1/90000,2448000,1664880158237.0688
817,13.792753219604492,1/90000,2451000,1664880158282.188
818,13.81373405456543,1/90000,2454000,1664880158330.2375
819,13.92054557800293,1/90000,2457000,1664880158373.2314
820,15.966653823852539,1/90000,2460000,1664880158424.1206
821,13.911247253417969,1/90000,2463000,1664880158475.3657
822,13.937234878540039,1/90000,2466000,1664880158523.91
823,13.956785202026367,1/90000,2469000,1664880158566.4724
824,13.921022415161133,1/90000,2472000,1664880158617.5789
825,13.821840286254883,1/90000,2475000,1664880158666.9985
826,15.413999557495117,1/90000,2478000,1664880158717.9456
827,13.666152954101562,1/90000,2481000,1664880158769.7341
828,13.91291618347168,1/90000,2484000,1664880158820.402
829,14.070510864257812,1/90000,2487000,1664880158861.2097
830,7.201194763183594,1/90000,2490000,1664880158906.6414
831,12.605905532836914,1/90000,2493000,1664880158941.5269
832,16.240596771240234,1/90000,2496000,1664880158988.9797
833,11.981964111328125,1/90000,2499000,1664880159031.6133
834,12.346744537353516,1/90000,2502000,1664880159078.488
835,13.647079467773438,1/90000,2505000,1664880159116.4844
836,13.797521591186523,1/90000,2508000,1664880159163.7183
837,13.660669326782227,1/90000,2511000,1664880159204.7048
838,16.403913497924805,1/90000,2514000,1664880159252.606
839,12.228012084960938,1/90000,2517000,1664880159296.5366
840,14.098882675170898,1/90000,2520000,1664880159345.8738
841,13.692855834960938,1/90000,2523000,1664880159388.3425
842,13.896465301513672,1/90000,2526000,1664880159439.8286
843,13.925790786743164,1/90000,2529000,1664880159480.7375
844,7.104396820068359,1/90000,2532000,1664880159530.1199
845,11.87586784362793,1/90000,2535000,1664880159568.4548
846,13.082742691040039,1/90000,2538000,1664880159619.7424
847,13.936042785644531,1/90000,2541000,1664880159671.6387
848,13.879060745239258,1/90000,2544000,1664880159721.456
849,13.649463653564453,1/90000,2547000,1664880159771.5251
850,14.811038970947266,1/90000,2550000,1664880159825.617
851,13.549327850341797,1/90000,2553000,1664880159878.6938
852,13.881683349609375,1/90000,2556000,1664880159935.3455
853,13.873815536499023,1/90000,2559000,1664880159978.2075
854,13.749361038208008,1/90000,2562000,1664880160030.4653
855,13.723373413085938,1/90000,2565000,1664880160081.822
856,17.06099510192871,1/90000,2568000,1664880160136.7666
857,13.194561004638672,1/90000,2571000,1664880160188.2783
858,15.116214752197266,1/90000,2574000,1664880160239.8328
859,15.336275100708008,1/90000,2577000,1664880160286.9475
860,15.154838562011719,1/90000,2580000,1664880160346.0195
861,10.454416275024414,1/90000,2583000,1664880160397.7666
862,10.162115097045898,1/90000,2586000,1664880160445.956
863,7.419347763061523,1/90000,2589000,1664880160495.2468
864,7.220983505249023,1/90000,2592000,1664880160541.4082
865,6.908655166625977,1/90000,2595000,1664880160591.1729
866,10.712146759033203,1/90000,2598000,1664880160634.7114
867,10.593652725219727,1/90000,2601000,1664880160682.0813
868,7.226228713989258,1/90000,2604000,1664880160730.2307
869,10.137319564819336,1/90000,2607000,1664880160777.1604
870,7.175207138061523,1/90000,2610000,1664880160823.4775
871,13.724088668823242,1/90000,2613000,1664880160873.9883
872,14.032125473022461,1/90000,2616000,1664880160928.0698
873,13.915538787841797,1/90000,2619000,1664880160986.3428
874,16.72959327697754,1/90000,2622000,1664880161040.1064
875,13.936042785644531,1/90000,2625000,1664880161099.355
876,13.91458511352539,1/90000,2628000,1664880161159.5757
877,7.383108139038086,1/90000,2631000,1664880161215.3923
878,11.894702911376953,1/90000,2634000,1664880161261.5798
879,14.10055160522461,1/90000,2637000,1664880161313.8142
880,16.33310317993164,1/90000,2640000,1664880161366.202
881,13.551950454711914,1/90000,2643000,1664880161420.7507
882,13.991832733154297,1/90000,2646000,1664880161473.1843
883,14.19687271118164,1/90000,2649000,1664880161525.536
884,13.88859748840332,1/90000,2652000,1664880161569.9353
885,14.094829559326172,1/90000,2655000,1664880161621.143
886,16.387939453125,1/90000,2658000,1664880161665.2332
887,13.823986053466797,1/90000,2661000,1664880161721.1636
888,13.719558715820312,1/90000,2664000,1664880161767.907
889,14.117717742919922,1/90000,2667000,1664880161820.8018
890,17.392635345458984,1/90000,2670000,1664880161866.0845
891,14.184236526489258,1/90000,2673000,1664880161920.394
892,16.213178634643555,1/90000,2676000,1664880161968.4368
893,12.711048126220703,1/90000,2679000,1664880162025.3909
894,13.437747955322266,1/90000,2682000,1664880162068.4995
895,13.977289199829102,1/90000,2685000,1664880162125.7961
896,13.631105422973633,1/90000,2688000,1664880162168.3079
897,13.788461685180664,1/90000,2691000,1664880162219.6687
898,15.477418899536133,1/90000,2694000,1664880162262.635
899,12.751340866088867,1/90000,2697000,1664880162317.2544
900,13.883113861083984,1/90000,2700000,1664880162368.8655
901,14.190435409545898,1/90000,2703000,1664880162423.3137
902,14.105081558227539,1/90000,2706000,1664880162473.56
903,13.952255249023438,1/90000,2709000,1664880162530.2761
904,15.222549438476562,1/90000,2712000,1664880162581.4844
905,13.8092041015625,1/90000,2715000,1664880162635.1304
906,13.921499252319336,1/90000,2718000,1664880162688.6206
907,14.022111892700195,1/90000,2721000,1664880162743.0957
908,14.0838623046875,1/90000,2724000,1664880162797.8447
909,13.979673385620117,1/90000,2727000,1664880162850.2532
910,15.676259994506836,1/90000,2730000,1664880162906.0125
911,15.17629623413086,1/90000,2733000,1664880162962.202
912,9.909391403198242,1/90000,2736000,1664880163050.7402
913,10.23244857788086,1/90000,2739000,1664880163098.3171
914,9.470462799072266,1/90000,2742000,1664880163145.3904
915,10.88571548461914,1/90000,2745000,1664880163190.8474
916,13.065099716186523,1/90000,2748000,1664880163240.2996
917,13.788938522338867,1/90000,2751000,1664880163290.3032
918,15.38395881652832,1/90000,2754000,1664880163342.289
919,13.218879699707031,1/90000,2757000,1664880163394.2822
920,13.070344924926758,1/90000,2760000,1664880163442.3206
921,13.91744613647461,1/90000,2763000,1664880163492.9673
922,13.954401016235352,1/90000,2766000,1664880163541.6602
923,13.98777961730957,1/90000,2769000,1664880163592.0742
924,14.001131057739258,1/90000,2772000,1664880163642.425
925,14.087677001953125,1/90000,2775000,1664880163692.2168
926,13.228178024291992,1/90000,2778000,1664880163742.403
927,13.739347457885742,1/90000,2781000,1664880163790.9927
928,14.01066780090332,1/90000,2784000,1664880163840.0554
929,14.199256896972656,1/90000,2787000,1664880163890.1453
930,16.826391220092773,1/90000,2790000,1664880163941.9106
931,13.784170150756836,1/90000,2793000,1664880163994.4575
932,13.934135437011719,1/90000,2796000,1664880164047.5256
933,13.911724090576172,1/90000,2799000,1664880164103.5513
934,13.928890228271484,1/90000,2802000,1664880164156.5847
935,14.11294937133789,1/90000,2805000,1664880164207.1616
936,13.974666595458984,1/90000,2808000,1664880164258.2393
937,13.933658599853516,1/90000,2811000,1664880164312.6367
938,14.963388442993164,1/90000,2814000,1664880164367.6838
939,12.880325317382812,1/90000,2817000,1664880164415.84
940,13.665199279785156,1/90000,2820000,1664880164463.409
941,13.855457305908203,1/90000,2823000,1664880164511.0105
942,16.53599739074707,1/90000,2826000,1664880164561.5505
943,13.17596435546875,1/90000,2829000,1664880164616.6033
944,14.057159423828125,1/90000,2832000,1664880164681.5464
945,13.912677764892578,1/90000,2835000,1664880164738.9065
946,13.962268829345703,1/90000,2838000,1664880164805.2415
947,14.219522476196289,1/90000,2841000,1664880164861.9773
948,14.060735702514648,1/90000,2844000,1664880164924.6116
949,13.998985290527344,1/90000,2847000,1664880164986.7937
950,13.971328735351562,1/90000,2850000,1664880165052.239
951,14.006853103637695,1/90000,2853000,1664880165118.3135
952,14.85753059387207,1/90000,2856000,1664880165171.948
953,13.914346694946289,1/90000,2859000,1664880165231.4763
954,13.896465301513672,1/90000,2862000,1664880165286.4246
955,19.292354583740234,1/90000,2865000,1664880165344.8782
956,13.955116271972656,1/90000,2868000,1664880165405.1233
957,14.178037643432617,1/90000,2871000,1664880165467.7456
958,14.248132705688477,1/90000,2874000,1664880165522.2717
959,14.228582382202148,1/90000,2877000,1664880165581.8271
960,14.130592346191406,1/90000,2880000,1664880165641.3083
961,18.436193466186523,1/90000,2883000,1664880165699.5044
962,15.838146209716797,1/90000,2886000,1664880165758.143
963,12.804031372070312,1/90000,2889000,1664880165816.679
964,13.817071914672852,1/90000,2892000,1664880165872.6013
965,14.007329940795898,1/90000,2895000,1664880165933.865
966,13.896465301513672,1/90000,2898000,1664880165991.333
967,13.997554779052734,1/90000,2901000,1664880166049.5464
968,14.019966125488281,1/90000,2904000,1664880166109.3071
969,13.596296310424805,1/90000,2907000,1664880166168.7068
970,13.930082321166992,1/90000,2910000,1664880166228.654
971,12.472152709960938,1/90000,2913000,1664880166286.7607
972,13.952255249023438,1/90000,2916000,1664880166342.266
973,13.994693756103516,1/90000,2919000,1664880166404.4514
974,13.906240463256836,1/90000,2922000,1664880166461.4795
975,13.871431350708008,1/90000,2925000,1664880166519.1938
976,13.83209228515625,1/90000,2928000,1664880166575.4097
977,14.005184173583984,1/90000,2931000,1664880166635.4185
978,14.010190963745117,1/90000,2934000,1664880166691.706
979,14.30964469909668,1/90000,2937000,1664880166750.084
980,9.57179069519043,1/90000,2940000,1664880166809.3787
981,14.004945755004883,1/90000,2943000,1664880166863.7092
982,13.90838623046875,1/90000,2946000,1664880166919.9836
983,13.902425765991211,1/90000,2949000,1664880166981.0688
984,13.829946517944336,1/90000,2952000,1664880167042.395
985,13.805866241455078,1/90000,2955000,1664880167108.9563
986,13.970136642456055,1/90000,2958000,1664880167167.1807
987,14.935970306396484,1/90000,2961000,1664880167230.379
988,14.16635513305664,1/90000,2964000,1664880167294.4565
989,11.71565055847168,1/90000,2967000,1664880167353.8992
990,12.443065643310547,1/90000,2970000,1664880167407.4849
991,17.009973526000977,1/90000,2973000,1664880167458.8132
992,12.887716293334961,1/90000,2976000,1664880167516.996
993,12.208223342895508,1/90000,2979000,1664880167574.6575
994,11.51895523071289,1/90000,2982000,1664880167622.2822
995,16.445636749267578,1/90000,2985000,1664880167678.1057
996,11.03663444519043,1/90000,2988000,1664880167726.8464
997,11.293172836303711,1/90000,2991000,1664880167780.2585
998,10.733604431152344,1/90000,2994000,1664880167820.1526
999,10.316848754882812,1/90000,2997000,1664880167861.9146
1000,11.094808578491211,1/90000,3000000,1664880167912.1072
1001,10.16855239868164,1/90000,3003000,1664880167955.5059
1002,9.304046630859375,1/90000,3006000,1664880167995.5396
1003,13.782024383544922,1/90000,3009000,1664880168046.7239
1004,9.723424911499023,1/90000,3012000,1664880168092.1533
1005,10.6201171875,1/90000,3015000,1664880168146.4998
1006,9.733200073242188,1/90000,3018000,1664880168189.4746
1007,9.445905685424805,1/90000,3021000,1664880168232.4631
