0	29.00234821281944
1	30.21436008756423
2	29.845563449325653
3	29.840218663659037
4	30.535474601163564
5	30.841256974678316
6	31.19612307010653
7	31.442805557978044
8	31.58076104129371
9	31.66348206195844
10	32.33113306135218
11	32.197900587662865
12	32.25257467287248
13	32.53819492375207
14	31.207913572972483
15	30.97769795061823
16	30.609275244613357
17	30.722849963758236
18	30.625160855033478
19	30.523430972744748
20	31.696930265982587
21	32.39928981532501
22	32.34282622630582
23	32.328218215488
24	32.45156916782729
25	32.47612832496632
26	31.92941007773079
27	31.50219713977505
28	31.35888289830855
29	31.43667027590803
30	30.901316152228198
31	30.48485650282364
32	30.29995815636532
33	29.80689982653911
34	29.66199470338168
35	29.4158135112052
36	29.55928840719821
37	29.564261897497023
38	29.63119584882033
39	29.29500305512957
40	30.012231166324497
41	29.695231193063904
42	29.756222789290028
43	29.465321124679523
44	29.531123682145576
45	29.661006247252498
46	29.944428160183595
47	29.935213036087145
48	29.728704366070144
49	29.79298004864181
50	29.635411967691596
51	29.746198668368116
52	29.97828171192026
53	29.53417245857159
54	29.61122991812081
55	29.7054325460187
56	29.72193234876386
57	29.771269694117713
58	29.857237832130323
59	29.44918133197113
60	29.413489377385716
61	29.45224645063597
62	29.206683472681586
63	29.099051655220414
64	29.286563966967645
65	29.06483243206319
66	29.110383417210986
67	29.106460925021906
68	29.026023981639156
69	29.07030461330582
70	29.400585262052378
71	29.261400098512432
72	29.35960593450408
73	29.267066775706017
74	29.12782211458202
75	29.202381870320227
76	29.540335315047237
77	29.62060757580978
78	29.883277369390054
79	30.086920294757647
80	30.43304959803897
81	30.738213290969366
82	31.116929632759867
83	31.12147648387486
84	31.099780934988193
85	31.20797452940778
86	31.194773906159647
87	31.23592833624314
88	31.191379303192033
89	31.30483769275582
90	31.255073922763795
91	31.784546130295965
92	32.315631970999526
93	32.32688704883061
94	31.91753986427612
95	31.89057410976376
96	31.45734675448457
97	30.88400410336462
98	30.719694089338464
99	30.702774420591986
100	30.652292076135584
101	30.919861263528247
102	31.409759746964383
103	31.109645109709856
104	30.99237367280136
105	30.92033267646329
106	31.073393641420594
107	31.046308218362277
108	31.290434071978037
109	31.27141450978708
110	30.974803614262967
111	31.084608651406032
112	31.109742837083118
113	31.293752634537956
114	31.750450391440932
115	31.705837404233804
116	31.899438884304686
117	31.86613172991055
118	32.05059019690897
119	32.163332791852625
120	31.873332354093936
121	32.32102535537059
122	32.54925513748224
123	32.58271052155111
124	32.64146606092771
125	32.63892643595114
126	32.59156167788159
127	32.577039678815176
128	32.846032874287786
129	32.61832503701627
130	32.08392906546382
131	32.20337977278121
132	32.1614167683926
133	32.14092480357226
134	32.268268630114136
135	32.36936393777471
136	32.69821126051231
137	32.75298893749793
138	32.76733562965467
139	32.475131095710545
140	32.04113467012951
141	32.535814809826796
142	32.65510846228592
143	32.763545021879345
144	33.124959739958456
145	33.34601674213363
146	33.539638153438666
147	33.46695179902543
148	33.54860057529864
149	33.6104893009552
150	33.24465160266532
151	33.46505211290416
152	33.64967021260645
153	33.71063587175229
154	33.87330519598332
155	33.95903996824801
156	34.11415914647031
157	34.359399831645575
158	34.793595595222506
159	34.420874607669106
160	33.28201274602237
161	34.34548196721239
162	34.25303317862281
163	34.41736939421101
164	34.55287114003787
165	34.37195634717808
166	34.241302954779115
167	34.11571888863031
168	34.19624003120519
169	34.07020057248828
170	33.00019085028451
171	33.2169511807472
172	33.05387145555595
173	32.96027752326192
174	32.56401512412228
175	32.259189737454996
176	32.02261723161155
177	31.793697142392606
178	31.776502475421232
179	31.679431353862604
180	30.374178374970864
181	30.428085217091684
182	30.42557304998627
183	30.47710879964289
184	30.63365548819801
185	30.674521407321087
186	30.73164759758807
187	30.601903322386402
188	30.54465894612699
189	30.417926324216946
190	29.821769854441467
191	29.985055455108103
192	30.416989832075906
193	30.41761212438436
194	30.387821042352336
195	30.2983312029095
196	30.393750126459715
197	30.309325405936136
198	30.50248110917199
199	30.12734501009874
200	29.76668438899237
201	29.832989421446587
202	30.00469951299518
203	30.306539749116645
204	30.794840542609236
205	30.627224452922203
206	30.628111355409985
207	30.728357937432513
208	30.934710116046347
209	30.628499080903314
210	30.04746899732817
211	30.022449666644683
212	30.585260510720712
213	30.518669360725372
214	30.689356097245195
215	31.293333758454832
216	31.972494104391743
217	31.82329558445096
218	32.15616485985095
219	32.363587706896496
220	31.668899390250115
221	31.828115175740436
222	31.82530011046186
223	31.826354873764497
224	31.635667730998087
225	30.971221766931272
226	30.46411384106266
227	30.104296794042806
228	29.950997689427062
229	29.948881911384106
230	29.74857466938885
231	30.148001234871977
232	30.4217703121062
233	30.69532332836088
234	30.619687494629652
235	30.750357365402515
236	30.830230559972872
237	30.585300450230406
238	30.58074593033568
239	30.726975034186538
240	30.35021110866433
241	30.314302197004295
242	30.455475115721725
243	30.41619554641663
244	30.483489395714606
245	30.38207082926881
246	30.61046530837111
247	30.582481789843342
248	30.693724132218463
249	30.65805331124508
250	30.348266087540363
251	30.810548864845273
252	30.857108771781775
253	30.83182089896651
254	31.008963564416767
255	31.09598909641345
256	31.24067575278698
257	31.174442246202744
258	31.28020519142867
259	31.142133852348046
260	30.45076890551175
261	30.76703169759464
262	31.33836304889744
263	31.539178629891964
264	31.636576699594986
265	31.542475159889705
266	31.590996592177287
267	31.700317897832168
268	32.05380842794236
269	31.69227676690559
270	31.11810526727918
271	30.93695189098762
272	31.211420008174997
273	31.17170270335848
274	31.544212395624776
275	31.662175815723025
276	31.943189917050457
277	32.23489092553788
278	32.366540486133296
279	32.01851750822131
280	31.40828389973722
281	32.218678804703
282	32.61828679857836
283	33.0528103727783
284	33.23032143365115
285	33.50748950688271
286	33.60549507942896
287	33.717292493184665
288	33.66562028308786
289	33.8083089244884
290	33.41019206387517
291	33.7342189322394
292	34.09559343068895
293	34.3822418586723
294	34.543578100783414
295	34.70691420212831
296	34.58514721725106
297	34.578929550628864
298	34.25886957417018
299	34.05941846681855
300	33.17843138593392
301	33.47637354617553
302	33.3986078875984
303	33.23706189034712
304	33.19743210138967
305	32.99469622312764
306	33.076450752125865
307	32.80269295549985
308	32.61650058139903
309	32.39744433162311
310	31.43384641666783
311	31.222824046382364
312	31.110222772782254
313	30.609286399715316
314	30.441939725223644
315	30.41352488201705
316	30.34225757646159
317	30.126675099255564
318	30.0760773812998
319	29.78221796049633
320	29.458275862975984
321	29.39931880566492
322	29.553076123730335
323	29.596303025579825
324	29.668385861591272
325	29.726916680418277
326	29.90446830139522
327	30.00333277592383
328	29.827087574575817
329	29.764381433727575
330	29.41637016797703
331	29.731410270751397
332	29.695849729223927
333	29.62602574774618
334	29.630602505597132
335	29.52988433497529
336	29.518505416280433
337	29.515892719369248
338	29.699427546139106
339	29.800636830366205
340	29.84132221819101
341	29.41092160745502
342	29.76565372202378
343	30.024867190326226
344	30.023185258953006
345	29.978564356467952
346	30.244032432348853
347	30.18881949880303
348	30.755985981850657
349	30.828893349604915
350	30.38752142044072
351	30.63460102409209
352	31.115467050409524
353	31.03198602599688
354	31.199268853988443
355	31.11596852550262
356	31.273783341654877
357	30.90118526987154
358	31.060474385971762
359	30.964499856145245
360	30.476134372705182
361	30.668941675772288
362	30.6736846950773
363	30.48098852158177
364	30.641252401197892
365	30.3301060678694
366	30.143089363676616
367	29.89927564689644
368	29.797995612033237
369	29.577763096681604
370	29.707631241919515
371	29.727854433617598
372	29.818905942093714
373	29.84504188267295
374	30.012647317507746
375	30.152315776553582
376	30.585126972178855
377	30.509336066934413
378	30.33593162025999
379	30.394489878264892
380	30.0461959012479
381	30.076799514967682
382	30.444819301254466
383	30.12044444625625
384	30.203463586372234
385	30.115428560488322
386	30.33696888312624
387	30.372887837011874
388	30.51559858934311
389	30.667937897650035
390	30.511215472284803
391	30.631391432055732
392	30.75949397337557
393	31.110707267736124
394	31.1750432142574
395	31.294453295632223
396	31.28833856014014
397	30.65181942354648
398	30.590339287191156
399	30.474924820739364
400	29.875366189493654
401	30.12251844172595
402	30.812687516090683
403	30.472363216292138
404	30.444386036554903
405	30.554896186354412
406	30.516868658929237
407	30.783247807559878
408	30.63907590316345
409	29.935332699885876
410	29.79771975359793
411	29.855589350149117
412	30.14950128304376
413	30.203188544937106
414	30.463241597903014
415	30.362508666433513
416	30.670212910809123
417	31.097710169139496
418	30.983615380806594
419	31.017045318433276
420	30.68778036702399
421	30.241950570131202
422	29.877452353079658
423	29.88440979806095
424	30.170542405195633
425	30.368688790147612
426	30.457412216770066
427	30.721574169938375
428	31.074037335064247
429	31.09079395757588
430	30.58426219146196
431	30.367053764260568
432	30.660832144890083
433	30.570390360942753
434	30.57861040591567
435	30.48401528631398
436	30.606422369474956
437	30.736422465231882
438	30.790502970356073
439	30.754274080434566
440	30.376135600392743
441	30.38941303356995
442	30.49331064621689
443	30.33553306907843
444	30.449062483767584
445	30.355718401448947
446	30.520276640104797
447	30.583327575337478
448	30.797637378997873
449	30.896152304893697
450	30.86536022554148
451	30.95313560982393
452	31.16023586529744
453	31.106535062576526
454	31.029698764337542
455	30.970410662220754
456	30.901582527050614
457	30.508025305634657
458	30.31245657874924
459	30.22034451770127
460	29.792341464853337
461	29.86296034849307
462	30.175852164866473
463	29.762147747689013
464	29.800317173519378
465	29.698238298750198
466	29.83643105900491
467	29.58443692065588
468	29.730347085425073
469	29.529815320904422
470	29.36909494531441
471	29.51040707484654
472	29.897202903725262
473	29.570859278367138
474	29.547531818762636
475	29.629846977408114
476	29.691099755829082
477	29.84195911099367
478	30.095659669771265
479	30.1417964609985
480	29.886311669316946
481	30.20598275952186
482	30.920260100088093
483	30.855218077463668
484	30.594886794427303
485	30.55619161625607
486	30.44291030179863
487	30.467363139807233
488	30.730856950384347
489	30.715895449475262
490	30.008547539563008
491	30.10799140164472
492	30.400302307028614
493	30.109995940824152
494	30.339414316469757
495	30.026145130523133
496	29.95857332433814
497	29.76680971388987
498	30.0531654903789
499	30.106873155551554
500	29.739563353272878
501	29.778018577043476
502	30.234930992240933
503	30.144277819652274
504	30.32527839347528
505	30.141806422256586
506	30.032326088154303
507	30.399281741294434
508	30.255265048921895
509	30.189697612749754
510	29.852155923713575
511	30.040594496494435
512	30.518124124197428
513	30.337613698008173
514	30.37126822199471
515	30.289867806086818
516	30.27930795988607
517	30.239542543044088
518	30.485059359268654
519	30.341128322673278
520	29.71921372229896
521	29.862865506437295
522	30.25121461897642
523	30.415938859208808
524	30.702800788453676
525	30.636154267320816
526	30.722650906929996
527	30.66413963935803
528	30.67536461490167
529	30.63797333966874
530	30.49736955540309
531	30.645830826284307
532	30.93126905163574
533	31.027299159635554
534	31.193223899504858
535	31.37304047318669
536	31.663498313195575
537	31.736827821535268
538	31.803304771050694
539	31.76064830659913
540	31.453696077474103
541	31.826063297791407
542	32.30033522076787
543	32.21657088552912
544	32.17161706624745
545	31.82523052990603
546	31.690984383197744
547	31.54285736748634
548	31.475964166344056
549	31.184063512322865
550	30.556084924216606
551	30.490915366921122
552	30.48283737451893
553	30.240705274848388
554	30.181794422390777
555	30.273335939653748
556	30.34178918077722
557	30.560505460464505
558	30.753968847484167
559	30.65623049342925
560	29.960496831050758
561	30.152085417843896
562	30.135512157661985
563	30.21893435465101
564	30.169474049153514
565	30.24550815269469
566	30.339063352253383
567	30.41429771472641
568	30.551991921082266
569	30.791192981409594
570	30.539971118820255
571	30.802496139781535
572	31.200326650670647
573	31.554051754699284
574	31.772352189124376
575	32.163576142051575
576	32.599002575686725
577	32.84084919169915
578	33.137675591556295
579	33.29616858546118
580	32.65416105042662
581	33.10136179676944
582	33.37009930724297
583	33.357825493377284
584	33.28924136312689
585	33.22698215332161
586	33.08370913925118
587	32.98914088605613
588	33.00134310138148
589	32.93424397048618
590	32.46789438781701
591	32.59156891204227
592	32.76975200363593
593	32.9220882279252
594	33.10767681690333
595	33.127905518794705
596	33.40985563572691
597	33.55435650807348
598	33.34658651078796
599	33.47326450183737
600	33.14475979270665
601	33.34197763269722
602	33.72485835772843
603	34.05484013487176
604	34.13827422314472
605	34.1755970276149
606	34.34146569155603
607	34.46561207086032
608	34.13940685997579
609	34.16177719829434
610	33.97559479643122
611	34.37902613340254
612	34.32790499061037
613	33.954778735515276
614	33.808389072741825
615	33.44146524902613
616	33.55868434090188
617	34.042750470092486
618	34.50046399367377
619	34.444895312926995
620	33.14737742909485
621	33.76185223355526
622	34.48056096403266
623	34.765872562645
624	35.02025204622833
625	35.335197410929666
626	35.31923850942455
627	35.3315376263608
628	34.69791371630896
629	34.54880604270768
630	33.791512301598125
631	33.70994015328513
632	33.54576722210032
633	33.7382017989917
634	33.99225738997864
635	33.93492386762751
636	33.803796894629784
637	33.769340013417526
638	33.86751031281065
639	33.803076917032875
640	33.05164391030273
641	33.62447355131978
642	33.89502144821954
643	33.98855908953921
644	33.936526447017776
645	33.905555767782396
646	34.08462924128449
647	34.13121485953304
648	34.27231583988886
649	34.5363147164666
650	33.84264931209739
651	34.11265462653574
652	34.04702181793577
653	34.036300323989806
654	34.00979039909966
655	34.08370533772079
656	34.08336957396505
657	33.85785338536512
658	33.92442936471554
659	33.76358261282054
660	32.01877815315705
661	32.44993532588195
662	32.490234821962446
663	32.79308484267383
664	33.32552207066081
665	33.98404688646885
666	33.99277354086578
667	33.9093469830532
668	34.09041830479851
669	34.352721279921234
670	33.938994023454086
671	34.04385696490938
672	33.98703074067426
673	34.24251739673191
674	34.37216932878285
675	34.34240185813281
676	34.438460242147706
677	34.41603956313496
678	34.24846694225081
679	34.43365342010112
680	33.92685944684304
681	34.35562882279796
682	34.86323861327019
683	34.797885013780046
684	35.03548548910133
685	35.476360893542804
686	35.601853581413316
687	35.99631982895425
688	36.31852470876414
689	36.25358347894049
690	35.65600125886479
691	35.69716314770576
692	35.66300235695666
693	35.69047715029792
694	35.706758728657626
695	35.57080150320415
696	35.466771260504196
697	35.578637720481865
698	35.31351545185607
699	35.472880709510406
700	35.18901658598086
701	35.13217433289107
702	35.078915347199896
703	34.73158434862316
704	34.42736861124283
705	34.31779007177147
706	34.44027377957496
707	34.4934348151329
708	33.928196725684515
709	33.77360586473146
710	32.959883634548135
711	33.20855808320922
712	33.15115972885677
713	33.04594123137535
714	33.09019956217956
715	33.12963386020809
716	33.0839310488929
717	32.67266129282922
718	32.68707040581401
719	32.419688919491534
720	31.328779299220436
721	31.537505052911015
722	31.69217038511207
723	31.553456187878254
724	31.80339579340128
725	31.769604122012602
726	31.791460817093554
727	31.804117583452765
728	31.54939899394252
729	31.656075736151386
730	31.202464769036744
731	31.237999262467806
732	31.62714320341137
733	31.77925754858353
734	31.824222529641318
735	31.75584063487051
736	31.971023154936624
737	32.031649943426785
738	31.805059381134697
739	31.779602219412663
740	31.612425559236314
741	31.430072464847978
742	31.86827334898193
743	32.058735404928456
744	32.058852259684826
745	32.272896813318816
746	32.166806572260874
747	32.339052511754616
748	32.675360414835346
749	32.870580163505835
750	32.17389931436545
751	32.401775622096174
752	32.76506892464444
753	32.96827479408852
754	33.18377152854324
755	33.04513381601376
756	33.12251142585041
757	33.087077615814636
758	33.27940992121985
759	33.363321437210196
760	32.905648502831696
761	33.03607090632318
762	33.69229852566138
763	33.936605116447275
764	34.30024240088073
765	34.3612903454132
766	34.24142312354316
767	34.13431703357477
768	34.18960833942344
769	34.229612943872084
770	33.5235849289913
