frame_no,mtp,psnr
0, 0.22040700912475586, 46.182256063524896
1, 0.22548222541809082, 45.9343513754958
2, 0.23048901557922363, 45.93580031404357
3, 0.22431468963623047, 46.01848793755353
4, 0.22238564491271973, 46.02167669053779
5, 0.2187182903289795, 46.06209520470458
6, 0.21331334114074707, 46.596951709378935
7, 0.20177316665649414, 46.60565477389622
8, 0.19033074378967285, 46.872340231979486
9, 0.1869218349456787, 46.31602528045349
10, 0.17250537872314453, 45.31748616935687
11, 0.1613931655883789, 45.44965253888263
12, 0.17328095436096191, 45.35435412473959
13, 0.17609238624572754, 45.88926528692682
14, 0.17550110816955566, 47.36585794696258
15, 0.16729283332824707, 47.50156516795717
16, 0.16476821899414062, 47.52694120936602
17, 0.16633296012878418, 47.40713126580934
18, 0.16460537910461426, 47.42728358993402
19, 0.17623114585876465, 47.38125514523836
20, 0.20615172386169434, 47.6492623585143
21, 0.21462345123291016, 47.459065379479604
22, 0.2237560749053955, 47.51583862857048
23, 0.23897457122802734, 47.39614236373878
24, 0.2502570152282715, 47.41223913075779
25, 0.25817131996154785, 47.354794176941596
26, 0.26906824111938477, 47.246400498146315
27, 0.27158594131469727, 47.25468102102654
28, 0.26963210105895996, 47.15306360867701
29, 0.26622843742370605, 47.1527888210003
30, 0.25930023193359375, 47.075194206992165
33, 0.1936931610107422, 13.303033313591959
34, 0.18984508514404297, 12.601096084713358
35, 0.18404889106750488, 12.223442207498302
36, 0.17708468437194824, 12.287344381255984
37, 0.17788290977478027, 12.558442301104396
38, 0.17871856689453125, 12.590098466807678
39, 0.1808629035949707, 12.282107151861334
40, 0.1759953498840332, 27.569176914787434
41, 0.17447471618652344, 27.07289814874427
42, 0.17182397842407227, 26.90069699762232
43, 0.16355299949645996, 26.64551211589179
44, 0.1564173698425293, 26.65219548126049
45, 0.15489768981933594, 26.738302278211755
46, 0.14885926246643066, 26.71841244814977
47, 0.1401996612548828, 26.78219048256945
48, 0.13541007041931152, 26.668488283574987
49, 0.12601566314697266, 26.700862785769274
50, 0.1246194839477539, 27.157301932498456
51, 0.12410879135131836, 26.86075069815668
52, 0.11589646339416504, 26.726680943339183
53, 0.1091926097869873, 26.571592312774897
54, 0.10591292381286621, 26.623243418610343
55, 0.09929704666137695, 26.664770835360578
56, 0.09265279769897461, 26.59489466290884
57, 0.0836482048034668, 26.60890946785097
58, 0.07365560531616211, 26.566752011523977
59, 0.06527590751647949, 26.46606572373708
60, 0.059778690338134766, 26.948429638439038
61, 0.0498659610748291, 26.619180086086047
62, 0.04895186424255371, 26.41422949343748
63, 0.04781675338745117, 26.296760053004977
64, 0.052425384521484375, 26.073241476656285
65, 0.05439043045043945, 26.057116486890667
66, 0.05116581916809082, 26.084593355320457
67, 0.0491487979888916, 26.033706772624363
68, 0.05465841293334961, 26.085299696943306
69, 0.0489656925201416, 26.0639273584175
70, 0.05152392387390137, 26.674913902746606
71, 0.04619789123535156, 26.25784409016333
72, 0.05212807655334473, 26.254200875655677
73, 0.047074317932128906, 26.16844978108312
74, 0.04810595512390137, 26.182209474846637
75, 0.04900693893432617, 26.35496646994141
76, 0.05271625518798828, 26.54224077104149
77, 0.04716300964355469, 26.713575012699803
78, 0.04662919044494629, 26.86958918169853
79, 0.04301738739013672, 27.130411501847895
80, 0.04656791687011719, 27.865517856159624
81, 0.046141862869262695, 27.875556353978943
82, 0.04767298698425293, 28.03023404021182
83, 0.045197486877441406, 27.989059124818
84, 0.04521012306213379, 27.81230235647332
85, 0.041013479232788086, 27.833700124473445
86, 0.045676231384277344, 27.859641494941396
87, 0.04509782791137695, 27.89741882581407
88, 0.04557228088378906, 27.958628260623044
89, 0.044206857681274414, 28.232572448109337
90, 0.05056262016296387, 28.859649224804397
91, 0.04842567443847656, 29.08095386864321
92, 0.0480656623840332, 29.320996236590542
93, 0.04374217987060547, 29.542561370130628
94, 0.0506441593170166, 29.223602003981487
95, 0.055535078048706055, 29.150973058855804
96, 0.08274388313293457, 28.817796107503135
97, 0.04859733581542969, 28.476157203630123
98, 0.06790900230407715, 28.265224719900655
99, 0.05697822570800781, 28.128613741141532
100, 0.0674142837524414, 45.86314344244131
101, 0.07996487617492676, 45.98494430284482
102, 0.0811913013458252, 46.616689103986175
103, 0.07213330268859863, 46.708394192367734
104, 0.06125235557556152, 46.715421327108686
105, 0.06278252601623535, 46.813593192062825
106, 0.07079386711120605, 46.87323799100799
107, 0.053533315658569336, 46.79298816458322
108, 0.05442094802856445, 46.65756127707586
109, 0.05172109603881836, 46.722022226808704
110, 0.062021732330322266, 47.06680762742959
111, 0.05450081825256348, 46.930414124401665
112, 0.0670175552368164, 46.88834008089494
113, 0.05851602554321289, 47.12907166223719
114, 0.06386375427246094, 47.40540831766169
115, 0.050820112228393555, 47.61669761103276
116, 0.05481410026550293, 47.6673302764243
117, 0.0527195930480957, 47.711353597149156
118, 0.048552513122558594, 47.71784600057088
119, 0.05194592475891113, 47.710439034052285
120, 0.062319278717041016, 47.97839951358144
121, 0.05636477470397949, 47.87396746134067
122, 0.053518056869506836, 47.887084944936575
123, 0.053002357482910156, 48.064739581360946
124, 0.05533957481384277, 48.173628085075066
125, 0.05205941200256348, 48.16409639263704
126, 0.04848814010620117, 48.12160637823584
127, 0.0547487735748291, 47.94682973658793
128, 0.04581928253173828, 47.77831467086762
129, 0.05385327339172363, 47.703754567872636
130, 0.0599215030670166, 46.829761060042394
131, 0.06522870063781738, 46.84375724855961
132, 0.05243873596191406, 46.82977554751318
133, 0.049672603607177734, 46.953936883487025
134, 0.05845499038696289, 46.993350011997215
135, 0.05827498435974121, 47.100431732139484
136, 0.050612688064575195, 47.17611112143118
137, 0.06077861785888672, 47.18474759972405
138, 0.05172872543334961, 47.28829540504039
139, 0.05435466766357422, 47.330931125252675
140, 0.185333251953125, 46.27318274722167
141, 0.1500108242034912, 46.3923314991502
142, 0.2906036376953125, 46.67488622743008
143, 0.25611329078674316, 46.837223846617434
144, 0.22151732444763184, 47.01723112485163
145, 0.18673157691955566, 46.71256478869693
146, 0.15200042724609375, 46.75795182865242
147, 0.30791425704956055, 46.78699940223436
148, 0.27307748794555664, 46.81130555149916
149, 0.23830604553222656, 46.80885485142676
150, 0.20110797882080078, 47.07278646081868
151, 0.1665048599243164, 47.123201443719196
152, 0.3150303363800049, 47.18628182762227
153, 0.28039073944091797, 47.04829077371539
154, 0.24636602401733398, 47.06379016923046
155, 0.2119581699371338, 47.13208546695015
156, 0.17739629745483398, 46.986932765370064
157, 0.27965354919433594, 46.96040309994111
158, 0.2387087345123291, 46.762537618054594
159, 0.20378947257995605, 47.20078997370695
160, 0.17520475387573242, 47.223599942946294
161, 0.17062759399414062, 47.699892072703705
162, 0.324643611907959, 47.768468091193625
163, 0.2898719310760498, 47.711600809428454
164, 0.2549631595611572, 48.07160030331454
165, 0.22031569480895996, 48.17224922427342
166, 0.3464646339416504, 48.02671143820038
167, 0.31182312965393066, 48.18918819965294
168, 0.2774839401245117, 47.850186517433016
169, 0.24265241622924805, 48.02228466568441
170, 0.2073497772216797, 48.00110036860176
171, 0.200347900390625, 48.09386584824627
173, 0.33110666275024414, 16.624680710746972
174, 0.2962617874145508, 16.045248134629965
175, 0.26114988327026367, 14.919935373982442
176, 0.22626113891601562, 14.137817879914287
177, 0.19149565696716309, 13.442180417801044
178, 0.3828098773956299, 13.06604985832786
179, 0.34860682487487793, 12.606122272929912
180, 0.3141367435455322, 29.292286381418236
181, 0.2802286148071289, 28.448536500979245
182, 0.24605703353881836, 28.199202087993722
183, 0.2119607925415039, 28.131399596714136
184, 0.40314507484436035, 28.120991170111793
185, 0.36896705627441406, 28.103145844841357
186, 0.3348674774169922, 27.98228128426301
187, 0.3005201816558838, 27.91687605067427
188, 0.2661740779876709, 27.838297257792895
189, 0.2311389446258545, 27.703661769532314
190, 0.19625163078308105, 28.53520179167857
191, 0.30939698219299316, 27.815114109184663
192, 0.27559566497802734, 27.705470314983707
193, 0.24192094802856445, 27.539817256501877
194, 0.20823025703430176, 27.45582626681431
195, 0.19228506088256836, 27.413511561639794
196, 0.24635767936706543, 27.278420057704068
197, 0.21190166473388672, 27.249037498681897
198, 0.17745399475097656, 27.203714109123474
199, 0.16516876220703125, 27.17621091187638
200, 0.3345310688018799, 27.757758643660626
201, 0.2999551296234131, 27.067791551303007
202, 0.2655014991760254, 27.055539338414327
203, 0.23073792457580566, 27.205444420544367
204, 0.19618535041809082, 27.264712973373054
205, 0.38956212997436523, 27.09032266531745
206, 0.355010986328125, 27.087688676651574
207, 0.3204987049102783, 27.174082607812117
208, 0.2859938144683838, 27.289950230209147
209, 0.2512829303741455, 27.034586609739954
210, 0.2156209945678711, 27.28592122099158
211, 0.2748281955718994, 26.67021572024472
212, 0.24029278755187988, 27.055625888294507
213, 0.2256331443786621, 27.098769766989292
214, 0.3983614444732666, 28.62261662297495
215, 0.36392664909362793, 28.751396916470725
216, 0.3295309543609619, 29.227338770642074
217, 0.2950246334075928, 28.980543478927174
218, 0.2606332302093506, 28.84022098208376
219, 0.2261650562286377, 28.796090945685396
220, 0.19078850746154785, 29.605437231316444
221, 0.3832108974456787, 28.959206347606553
222, 0.3487436771392822, 28.672930684161066
223, 0.3142561912536621, 28.41154290084923
224, 0.27974867820739746, 28.246262992896575
225, 0.24515986442565918, 27.2685197874276
226, 0.21025490760803223, 26.591707714518556
227, 0.4008364677429199, 26.4059160346045
228, 0.366208553314209, 26.375708544248727
229, 0.3315134048461914, 26.32723844024889
230, 0.29538607597351074, 27.13926790685493
231, 0.2609105110168457, 26.699950519066086
232, 0.22605657577514648, 26.835493115423922
233, 0.2059633731842041, 27.075194026320077
234, 0.38424181938171387, 27.014414838398643
235, 0.350008487701416, 26.988649100793335
236, 0.31564950942993164, 26.86947821034369
237, 0.28127002716064453, 26.751475005135894
238, 0.2468869686126709, 26.81096870171941
239, 0.2125861644744873, 26.90258074333912
240, 0.4002232551574707, 27.509477230182753
241, 0.3659179210662842, 27.023750351357258
242, 0.33162784576416016, 26.98587629198994
243, 0.2972984313964844, 26.90370211926218
244, 0.26296091079711914, 27.01430731134586
245, 0.2280890941619873, 26.97221496732123
246, 0.19342803955078125, 27.102868555754988
247, 0.21397805213928223, 27.176279670441232
248, 0.20587849617004395, 27.254527368977108
249, 0.19957566261291504, 27.32877451626202
250, 0.1917126178741455, 27.944361043226497
251, 0.18681097030639648, 27.596537677573693
252, 0.1760237216949463, 27.510813036287814
253, 0.17066717147827148, 27.625772186067472
254, 0.16496944427490234, 27.73239549192715
255, 0.1549081802368164, 27.700804828229764
256, 0.1474771499633789, 27.63808688132319
257, 0.14064979553222656, 27.75620811757806
258, 0.13837909698486328, 27.72542382180795
259, 0.12679076194763184, 27.70586581967283
260, 0.12008166313171387, 27.923350704655718
261, 0.11649441719055176, 27.43636482531349
262, 0.10886359214782715, 27.52296240472466
263, 0.10486006736755371, 27.618536223806775
264, 0.10173583030700684, 27.740065333510408
265, 0.0942075252532959, 27.821715086276253
266, 0.0885014533996582, 27.914411196133557
267, 0.0860128402709961, 27.83374732085032
268, 0.07948088645935059, 28.05174211027307
269, 0.07157063484191895, 27.871896270551684
270, 0.06839227676391602, 28.28698791473172
271, 0.060442209243774414, 27.684641125180654
272, 0.06081795692443848, 27.687126039331666
273, 0.058106422424316406, 28.03279079550058
274, 0.05252408981323242, 28.072964387126007
275, 0.059813737869262695, 28.431572045197214
276, 0.05013465881347656, 28.676869344196973
277, 0.0471193790435791, 29.006540600705122
278, 0.04997825622558594, 28.998438631247897
279, 0.047395944595336914, 28.84360703944968
280, 0.04883456230163574, 29.344025920843624
281, 0.05048322677612305, 29.097890354067495
282, 0.0460505485534668, 29.326975923845595
283, 0.04371762275695801, 29.390544926044964
284, 0.04619169235229492, 29.3272718498502
285, 0.04676628112792969, 29.371511957217706
286, 0.04248857498168945, 29.488546848223205
287, 0.044260263442993164, 29.531393389852838
288, 0.04281735420227051, 29.494011784172585
289, 0.05138969421386719, 29.54408853446018
290, 0.05263662338256836, 29.97734310333936
291, 0.048766374588012695, 29.845828862017836
292, 0.0504155158996582, 30.103086134402698
293, 0.052231788635253906, 30.119744906242467
294, 0.04593801498413086, 30.12134010892545
295, 0.04372668266296387, 30.085709431551674
296, 0.042294979095458984, 29.999652810215515
297, 0.04922914505004883, 29.95682231103428
298, 0.04484415054321289, 30.022805580411905
299, 0.046399593353271484, 30.111261499210453
300, 0.07185769081115723, 47.689043363078625
301, 0.06983232498168945, 47.546788205712105
302, 0.06074094772338867, 48.18625343540436
303, 0.05197620391845703, 48.402800104668145
304, 0.05473804473876953, 48.31108482712103
305, 0.05002117156982422, 48.15576082471366
306, 0.04410195350646973, 48.01916520114765
307, 0.04673147201538086, 47.963228044602246
308, 0.04652738571166992, 47.80973546236173
309, 0.051477909088134766, 47.72126959894993
310, 0.06432962417602539, 47.26384297688038
311, 0.06533169746398926, 47.122032446929225
312, 0.054955482482910156, 47.17359582373106
313, 0.06205582618713379, 47.06026408298837
314, 0.05340170860290527, 47.24258421193068
315, 0.05196094512939453, 47.43022946980331
316, 0.06272149085998535, 47.487378196396726
317, 0.05835866928100586, 47.51217776980535
318, 0.04910588264465332, 47.3968433166595
319, 0.06267189979553223, 47.503292257025365
320, 0.0751500129699707, 47.11133127994501
321, 0.07153439521789551, 47.01413669447804
322, 0.06628894805908203, 47.25232910643035
323, 0.06662344932556152, 47.07413001452099
324, 0.05982375144958496, 47.083173551943375
325, 0.05711221694946289, 47.16327484099957
326, 0.056447505950927734, 47.09072745036992
327, 0.0551304817199707, 46.987797115586886
328, 0.05157136917114258, 47.05823651559422
329, 0.05408120155334473, 47.12296064450085
330, 0.08054566383361816, 47.12708375161146
331, 0.07223081588745117, 46.96364035569712
332, 0.0722801685333252, 47.46308997580864
333, 0.05864429473876953, 47.29676919482651
334, 0.06176638603210449, 47.27651761278438
335, 0.05655264854431152, 47.29254922761845
336, 0.0604243278503418, 47.3680537053848
337, 0.05333685874938965, 47.22254690397853
338, 0.05150961875915527, 47.25134262843895
339, 0.07174372673034668, 47.263118570272404
340, 0.0856175422668457, 47.20182309384914
341, 0.07918357849121094, 47.2610860743074
342, 0.07097744941711426, 47.15475173268641
343, 0.0674886703491211, 47.151323208840914
344, 0.06134915351867676, 47.237675335527726
345, 0.052752017974853516, 47.351105507303885
346, 0.05623817443847656, 47.354687908771126
347, 0.05594682693481445, 47.39576923645949
348, 0.0537257194519043, 47.402356430691796
349, 0.06461524963378906, 47.25606892294947
350, 0.07742547988891602, 47.61774400414866
351, 0.06946253776550293, 47.3501546653765
352, 0.06030631065368652, 47.311715986546965
353, 0.06197690963745117, 47.2954649898842
354, 0.05691862106323242, 47.40261854421637
355, 0.05081963539123535, 47.353282143872875
356, 0.058272600173950195, 47.36295188473096
357, 0.04769635200500488, 47.44641633849679
358, 0.05018973350524902, 47.37640303224058
359, 0.05997776985168457, 47.23094659455613
360, 0.08415055274963379, 47.45583452024349
361, 0.07893538475036621, 47.11379584876036
362, 0.07480835914611816, 47.05694148441726
363, 0.06734204292297363, 47.02834549470982
364, 0.05918717384338379, 47.008787937941065
365, 0.06060528755187988, 47.16584454228217
366, 0.06288647651672363, 47.20319702270453
367, 0.07989144325256348, 47.172153406075225
368, 0.07127547264099121, 47.05975614767933
369, 0.08852338790893555, 47.00183319115666
370, 0.08908414840698242, 47.500722109881195
371, 0.0886378288269043, 47.30163288432972
372, 0.07801294326782227, 47.45786219543183
373, 0.07221245765686035, 47.307926808424476
374, 0.06631708145141602, 47.47844530139167
375, 0.05537819862365723, 47.6229865868698
376, 0.059180259704589844, 47.59094860099892
377, 0.058579206466674805, 47.29961111399784
378, 0.04999542236328125, 47.08048619475378
379, 0.056574106216430664, 46.94196551128261
380, 0.07150912284851074, 46.72569317182271
381, 0.062188148498535156, 46.70523053396906
382, 0.05010247230529785, 46.8477066393522
383, 0.051625967025756836, 47.05612921983928
384, 0.05175495147705078, 47.19450524364157
385, 0.05609583854675293, 47.55151198024555
386, 0.05070900917053223, 47.437558288462554
387, 0.08585286140441895, 47.453005009325594
388, 0.05092000961303711, 47.60798023804328
389, 0.11984372138977051, 47.67420773529498
390, 0.10898256301879883, 46.99725879901873
391, 0.10545015335083008, 46.84655650524132
392, 0.09861564636230469, 47.49607373658715
393, 0.09073543548583984, 47.23293153392936
394, 0.08121061325073242, 47.094255271429326
395, 0.0802454948425293, 47.04045830252201
396, 0.06858062744140625, 47.24644036369948
397, 0.06552314758300781, 46.82928248326472
398, 0.05586552619934082, 47.00750163687964
399, 0.0590968132019043, 47.64186342803906
400, 0.06713128089904785, 47.39278713881936
401, 0.058789968490600586, 47.241069215718035
402, 0.04941701889038086, 47.1697735685364
403, 0.05488467216491699, 47.175548554230645
404, 0.06354689598083496, 47.094336107392095
405, 0.058211326599121094, 46.946025996647236
406, 0.04774308204650879, 46.830343183963244
407, 0.055416107177734375, 46.99181583945773
408, 0.049950599670410156, 47.007461749307694
409, 0.05996990203857422, 47.22605424832434
410, 0.06774544715881348, 46.603812465472075
411, 0.06314969062805176, 46.64707158838824
412, 0.0536656379699707, 46.74311458731318
413, 0.06739449501037598, 46.95779435546319
414, 0.06415176391601562, 47.095104949100715
415, 0.05226588249206543, 47.359461446592945
416, 0.0672903060913086, 47.424560428959595
417, 0.05528879165649414, 47.32647944887351
418, 0.049051523208618164, 47.51173521125348
419, 0.05007147789001465, 47.438611205172485
420, 0.09125661849975586, 47.064568367932566
421, 0.08946990966796875, 46.306144569474725
422, 0.08472132682800293, 46.40912967588701
423, 0.0819091796875, 46.566945858223754
424, 0.07072877883911133, 46.8909698699106
425, 0.06203484535217285, 46.896766481892705
426, 0.055428504943847656, 46.93005034536216
427, 0.04984140396118164, 47.072885502928806
428, 0.05660820007324219, 47.09189519472577
429, 0.05027437210083008, 46.9915134737242
430, 0.059972524642944336, 47.14020847102774
431, 0.05372905731201172, 47.0599781915747
432, 0.055511474609375, 47.19693414834303
433, 0.0520627498626709, 47.19461835597167
434, 0.055008888244628906, 47.19516651416718
435, 0.05260896682739258, 47.11876789686563
436, 0.06126236915588379, 47.21944138813828
437, 0.053115129470825195, 47.09305830541926
438, 0.052931785583496094, 47.11190380991059
439, 0.06577825546264648, 47.0272358633127
440, 0.08509397506713867, 46.76245814276888
441, 0.08272409439086914, 46.74183311172668
442, 0.0633997917175293, 46.78813028224526
443, 0.06194424629211426, 46.89115353724634
444, 0.055689334869384766, 46.88995406745028
445, 0.05031466484069824, 46.8875655593764
446, 0.05606365203857422, 46.97270138180411
447, 0.050375938415527344, 46.94398731143784
448, 0.05060267448425293, 47.08423283079897
449, 0.05153536796569824, 47.04888770351853
450, 0.06595396995544434, 46.7846673477426
451, 0.05378079414367676, 46.56664683445061
452, 0.058678627014160156, 46.66400751716782
453, 0.04948830604553223, 46.63194474056478
454, 0.054407358169555664, 46.613077117404586
455, 0.049245595932006836, 46.57960163545758
456, 0.048006296157836914, 46.577037066638056
457, 0.04738497734069824, 46.31045379727131
458, 0.05290865898132324, 46.556175490926286
459, 0.05837416648864746, 46.46533792950755
460, 0.08053183555603027, 46.6827835646211
461, 0.07133102416992188, 46.48632454656828
462, 0.06558966636657715, 46.41397583849623
463, 0.06325745582580566, 46.31904324082708
464, 0.05916953086853027, 46.429288040506734
465, 0.057158708572387695, 46.32510066182058
466, 0.05742216110229492, 46.24093545134261
467, 0.05905413627624512, 46.15687007988048
468, 0.05384349822998047, 46.16823295937027
469, 0.05580592155456543, 45.92844230589199
470, 0.07399511337280273, 45.97678833014964
471, 0.0608980655670166, 45.93041839346835
472, 0.06689810752868652, 45.962596412841535
473, 0.06063222885131836, 45.917574140137845
474, 0.061409950256347656, 45.9156437107721
475, 0.05991387367248535, 45.877621032410474
476, 0.06989312171936035, 45.957910065950294
477, 0.05993533134460449, 45.99135437157746
478, 0.05117011070251465, 46.02795239143023
479, 0.05832624435424805, 46.10496496837995
480, 0.06827926635742188, 46.070612084967124
481, 0.060236454010009766, 45.90614244582789
482, 0.06206989288330078, 45.77537992115669
483, 0.05466485023498535, 45.81980241469533
484, 0.05322432518005371, 45.97769738418143
485, 0.050934553146362305, 46.02012324434622
486, 0.05940389633178711, 46.131251423499165
487, 0.05379605293273926, 46.30772211978873
488, 0.05930829048156738, 46.39614741760803
489, 0.05782628059387207, 46.4933995057566
490, 0.07691144943237305, 46.66001562256022
491, 0.07257342338562012, 46.62911242935784
492, 0.06639671325683594, 46.65386397329452
493, 0.06525444984436035, 46.70328821405428
494, 0.055486440658569336, 46.637564914076926
495, 0.05945253372192383, 46.48505784967985
496, 0.0685429573059082, 46.50812219269067
497, 0.059174537658691406, 46.469462381736655
498, 0.05492854118347168, 46.45636858123279
499, 0.061640262603759766, 46.40092754338692
500, 0.07648086547851562, 46.43024879478279
501, 0.0662236213684082, 46.41807248416468
502, 0.060075998306274414, 46.44349780590111
503, 0.05285358428955078, 46.35430458149656
504, 0.05265927314758301, 46.39697020069021
505, 0.05025315284729004, 46.29803696137405
506, 0.056841373443603516, 46.34828180566814
507, 0.05518698692321777, 46.41872292159359
508, 0.05008435249328613, 46.381645782829395
509, 0.05380105972290039, 46.39280076100984
510, 0.06758809089660645, 46.49801613783144
511, 0.06441044807434082, 46.52026824825455
512, 0.05726265907287598, 46.56534967980275
513, 0.06806111335754395, 46.540740278145456
514, 0.05685544013977051, 46.4380559568485
515, 0.05541849136352539, 46.58286569092355
516, 0.06018233299255371, 46.64941478109796
517, 0.053861379623413086, 46.66655869534764
518, 0.054692983627319336, 46.73098084479754
519, 0.0634908676147461, 46.74595272546314
520, 0.07453775405883789, 46.48566342809903
521, 0.06749534606933594, 46.47384196639943
522, 0.05812644958496094, 46.555066020103595
523, 0.06399798393249512, 46.42792985131773
524, 0.06053972244262695, 46.46966763566723
525, 0.05169939994812012, 46.552329015732795
526, 0.050623178482055664, 46.54877887026455
527, 0.05447220802307129, 46.85563703177876
528, 0.052318572998046875, 46.830492737728086
529, 0.051079750061035156, 47.108319149639456
530, 0.06754946708679199, 46.47552884596755
531, 0.056426286697387695, 47.07697008394777
532, 0.05241703987121582, 46.98185851394447
533, 0.0497136116027832, 47.027615997926276
534, 0.06541132926940918, 46.86122090918324
535, 0.05895423889160156, 46.879947270481125
536, 0.06748723983764648, 46.69831573365612
537, 0.05402398109436035, 46.640050576788184
538, 0.0535273551940918, 46.76752556329195
539, 0.05245518684387207, 46.81847191516063
540, 0.05669593811035156, 46.648646479510845
541, 0.07489323616027832, 46.56506780441971
542, 0.06698822975158691, 46.566002590978655
543, 0.06015729904174805, 46.635559595533365
544, 0.05225181579589844, 46.73017067173642
545, 0.05955004692077637, 46.84694868025672
546, 0.05164623260498047, 46.96530339435775
547, 0.047765254974365234, 47.07626249367574
548, 0.05980181694030762, 46.981427711586846
549, 0.05080723762512207, 46.915320415660496
550, 0.06776618957519531, 47.362311946252056
551, 0.05446672439575195, 47.29590793783568
552, 0.05786252021789551, 47.3511971024573
553, 0.0496211051940918, 47.37329053033494
554, 0.050940752029418945, 47.296006440854576
555, 0.04786539077758789, 47.269694114617764
556, 0.05059933662414551, 47.208033755011854
557, 0.05155134201049805, 47.24215691014821
558, 0.05532026290893555, 47.23997724432245
559, 0.0518949031829834, 47.26127008005588
560, 0.0671546459197998, 47.23344082817873
561, 0.058060407638549805, 47.16391963834955
562, 0.05202603340148926, 47.19287922778918
563, 0.04971170425415039, 47.062632685983424
564, 0.17418766021728516, 47.07942070490603
565, 0.1394052505493164, 46.99426292992689
566, 0.27983880043029785, 46.879924239949474
567, 0.244858980178833, 46.87087850468518
568, 0.20981645584106445, 46.76446839726529
569, 0.17444491386413574, 46.745593416313724
570, 0.13603878021240234, 46.75325750744033
571, 0.28371620178222656, 46.68744234262556
572, 0.24881577491760254, 46.694726530529366
573, 0.21396803855895996, 46.2334153425219
574, 0.17896127700805664, 46.4963506906679
575, 0.14703941345214844, 46.35137649515709
576, 0.29908061027526855, 46.44065799697
577, 0.2642998695373535, 46.38522671989403
578, 0.2296135425567627, 46.54758449640332
579, 0.1929488182067871, 46.43703155348123
580, 0.15588951110839844, 46.658920098775035
581, 0.2548680305480957, 46.60057680770991
582, 0.22032570838928223, 46.606119650370786
583, 0.1857764720916748, 46.33067114576572
584, 0.15889191627502441, 46.40734773472792
585, 0.14410972595214844, 46.36652732075804
586, 0.3086533546447754, 46.396026612271655
587, 0.2739274501800537, 46.47222340693639
588, 0.23920369148254395, 46.51012094410882
589, 0.20445680618286133, 46.572750216939085
590, 0.2918562889099121, 46.56756442550753
591, 0.25713419914245605, 46.632880683985796
592, 0.22241783142089844, 46.625672255395145
593, 0.21773123741149902, 46.59621812884849
594, 0.3816075325012207, 46.67279274132908
595, 0.3469083309173584, 46.76973769073261
596, 0.3122720718383789, 46.82599285470359
597, 0.2776799201965332, 46.64276414774024
598, 0.24297118186950684, 46.658471421756936
599, 0.2083890438079834, 46.61098713234849
600, 0.39670515060424805, 46.7860547513509
601, 0.36192750930786133, 46.756342909166534
602, 0.3271934986114502, 46.75932919527039
603, 0.2926163673400879, 47.09799894987242
604, 0.25798773765563965, 47.164939552315765
605, 0.22326421737670898, 47.13078098417214
606, 0.18856096267700195, 47.205137725886644
607, 0.3829925060272217, 47.1766860910967
608, 0.3483750820159912, 47.251914530289945
609, 0.3137824535369873, 47.112023073481026
610, 0.2775876522064209, 46.71484785350545
611, 0.2429828643798828, 46.57705122327595
612, 0.20797204971313477, 46.49619160798374
613, 0.31748533248901367, 46.4432355627561
614, 0.28281235694885254, 46.243907539293936
615, 0.2478628158569336, 45.67469013667443
616, 0.21303582191467285, 46.15452869593198
617, 0.2025461196899414, 46.396644253175694
618, 0.250988245010376, 46.579210895050245
619, 0.21609234809875488, 46.71487153676851
620, 0.18203282356262207, 33.785206943588605
621, 0.1707172393798828, 33.42723927739932
622, 0.33658623695373535, 33.266781590226685
623, 0.3021562099456787, 33.53867507353143
624, 0.26784682273864746, 33.59952542252641
625, 0.23322701454162598, 33.63273707881094
626, 0.19900131225585938, 33.55281087623218
627, 0.20648622512817383, 33.54194275765053
628, 0.35709190368652344, 33.55783713614061
629, 0.3225982189178467, 33.41882830122182
630, 0.28580665588378906, 33.78356545173057
631, 0.2510838508605957, 32.957997191319706
632, 0.2163848876953125, 32.64740330295486
633, 0.2735941410064697, 32.48583182484913
634, 0.24033641815185547, 32.35453986302709
635, 0.23162579536437988, 32.3251337800708
636, 0.3975036144256592, 32.24312643298405
637, 0.36325502395629883, 32.28806379894071
638, 0.32889771461486816, 32.32702829861661
639, 0.294400691986084, 32.38532359762279
640, 0.25759172439575195, 33.752154772800004
641, 0.22308039665222168, 32.686645462789016
642, 0.18861889839172363, 32.694265187212785
643, 0.3817105293273926, 32.80766897372082
644, 0.3474087715148926, 32.75623705442157
645, 0.3130455017089844, 32.776301781692794
646, 0.2785191535949707, 32.76167549428283
647, 0.24408888816833496, 32.71893156987578
648, 0.20969581604003906, 32.88048770624773
649, 0.4008033275604248, 33.04078780848499
650, 0.36568784713745117, 31.825978959392458
651, 0.3315443992614746, 31.409173764770685
652, 0.2973809242248535, 31.174807497213695
653, 0.2632009983062744, 31.071486354312352
654, 0.22915434837341309, 30.99377773547694
655, 0.19516420364379883, 30.867414059915788
656, 0.38844847679138184, 30.831472448566437
657, 0.3542001247406006, 30.74909213073647
658, 0.32022881507873535, 30.704999085528737
659, 0.2862086296081543, 30.53428735017785
660, 0.2512936592102051, 30.874244070525265
661, 0.21730256080627441, 30.406164045734666
662, 0.41064453125, 30.190586348248395
663, 0.3765239715576172, 30.296354098924716
664, 0.3423275947570801, 30.49664161095526
665, 0.3081669807434082, 30.767728918242156
666, 0.2743048667907715, 30.812503418801054
667, 0.23987913131713867, 30.749404816530372
668, 0.20552587509155273, 30.851978849487963
669, 0.22271966934204102, 30.935015391030774
670, 0.21419119834899902, 31.782805095635112
671, 0.20943188667297363, 31.170927934121533
672, 0.23710107803344727, 30.92248495993966
673, 0.20378804206848145, 30.89184951906263
674, 0.20879864692687988, 30.80413847346046
675, 0.19575023651123047, 30.693536129485814
676, 0.1878654956817627, 30.629222003636208
677, 0.18009448051452637, 30.475381649800333
678, 0.17777776718139648, 30.468943442229172
679, 0.1729726791381836, 30.715171120059598
680, 0.166245698928833, 31.29006146616673
681, 0.16044068336486816, 30.800003165996475
682, 0.14937663078308105, 30.56653720975817
683, 0.14817333221435547, 30.534616080122184
684, 0.1390542984008789, 30.537940463739105
685, 0.14295458793640137, 30.55643543259783
686, 0.12371039390563965, 30.541634064281624
687, 0.1186826229095459, 30.51345011819989
688, 0.10758447647094727, 30.606248440706786
689, 0.09936332702636719, 30.637799933359947
690, 0.08514404296875, 30.950864632732795
691, 0.07117342948913574, 30.83555823614222
692, 0.06162595748901367, 30.607304132167496
693, 0.05327796936035156, 30.603206646966328
694, 0.04019808769226074, 30.47662463815311
695, 0.0494227409362793, 30.484345490159825
696, 0.04251408576965332, 30.491626902263217
697, 0.04210638999938965, 30.369994436631988
698, 0.039697885513305664, 30.379599355457128
699, 0.04050850868225098, 30.503975058753106
700, 0.04015183448791504, 30.92647289523118
701, 0.04783511161804199, 30.534436018075787
702, 0.03987622261047363, 30.940303406134426
703, 0.038709163665771484, 30.55179400888995
704, 0.04055213928222656, 30.406488264996767
705, 0.0391845703125, 30.326224932218505
706, 0.03876328468322754, 30.327797312972613
707, 0.040500640869140625, 30.18413786903135
708, 0.039452552795410156, 30.024231967228225
709, 0.04118680953979492, 29.897300480380892
710, 0.04267120361328125, 28.41381645831005
711, 0.03868222236633301, 28.149556147126376
712, 0.037611961364746094, 27.95556079465747
713, 0.03833198547363281, 27.7973850990456
714, 0.03796863555908203, 27.80121207818892
715, 0.03865766525268555, 27.97564418909685
716, 0.03604292869567871, 28.06342479249364
717, 0.04307913780212402, 28.15109173516924
718, 0.03705787658691406, 27.997582033165788
719, 0.04111456871032715, 27.800722812026034
720, 0.053138017654418945, 28.5231564196736
721, 0.04683375358581543, 27.997901534491078
722, 0.03986930847167969, 27.747880560912034
723, 0.039780616760253906, 27.543792335062463
724, 0.03877425193786621, 27.53159805910185
725, 0.04157733917236328, 27.453930073289392
726, 0.040322065353393555, 27.447396301534145
727, 0.03933072090148926, 27.42023456035474
728, 0.03908348083496094, 27.516430937073785
729, 0.04603290557861328, 27.683888410672452
730, 0.05048966407775879, 28.795691044528546
731, 0.050035953521728516, 27.94137815988986
732, 0.05712461471557617, 27.829084764353354
733, 0.04919910430908203, 27.782256463130675
734, 0.043196678161621094, 27.664921146022632
735, 0.04118704795837402, 27.53567770255568
736, 0.03708481788635254, 27.47919780860293
737, 0.040139198303222656, 27.355190404971964
738, 0.03933310508728027, 27.18936805313548
739, 0.046033620834350586, 27.298587359263262
740, 0.07479023933410645, 48.11968055159548
741, 0.06714749336242676, 48.24567580692605
742, 0.05897402763366699, 48.18235762817615
743, 0.0585174560546875, 48.152701905094524
744, 0.0590670108795166, 48.20734727570021
745, 0.053810834884643555, 48.265429601628284
746, 0.04929685592651367, 48.21593062600616
747, 0.05523872375488281, 47.71675363359448
748, 0.04718780517578125, 47.709283271391776
749, 0.05665707588195801, 47.74189806132433
750, 0.06925249099731445, 47.05620825904872
751, 0.06655192375183105, 47.13075880247905
752, 0.058217763900756836, 47.19548452265455
753, 0.05698800086975098, 47.264060837070275
754, 0.04606890678405762, 47.38739792660313
755, 0.047194480895996094, 47.409190127873806
756, 0.05193376541137695, 47.31131477934519
757, 0.06494355201721191, 47.31084135627248
758, 0.05409836769104004, 47.29058748717878
759, 0.06448793411254883, 47.472348847254096
760, 0.07628011703491211, 47.018211217452276
761, 0.07103753089904785, 47.03937543693725
762, 0.0639646053314209, 47.25141503856705
763, 0.061759233474731445, 47.16301337334255
764, 0.05219674110412598, 47.11523945544521
765, 0.053457021713256836, 47.15001015068873
766, 0.05205059051513672, 47.18210665053806
767, 0.05042910575866699, 47.228834938643864
768, 0.04470205307006836, 47.46798782689093
769, 0.05711483955383301, 47.36903014974917
770, 0.06982946395874023, 47.12976129794377
771, 0.06419873237609863, 47.02423440188437
772, 0.058149099349975586, 47.00454232709638
773, 0.05632209777832031, 47.12342952333664
774, 0.052854299545288086, 47.08231304380084
775, 0.05271172523498535, 47.50879827399502
776, 0.048547983169555664, 47.53797540572535
777, 0.058153629302978516, 47.38158178898602
778, 0.05268597602844238, 47.28300723945093
779, 0.051957130432128906, 46.944267793046244
780, 0.06021738052368164, 46.727366071324205
781, 0.06379079818725586, 46.795452511783296
782, 0.04722094535827637, 46.878536352466355
783, 0.04610157012939453, 46.98406999567509
784, 0.04984474182128906, 47.05386767268217
785, 0.04853558540344238, 47.03712693679222
786, 0.05241084098815918, 47.12497048174107
787, 0.0504450798034668, 47.11584289596266
788, 0.051815032958984375, 47.0626812722374
789, 0.05413222312927246, 46.889109495283435
790, 0.06266593933105469, 46.86467242888254
791, 0.05741381645202637, 46.501030423492075
792, 0.05042576789855957, 46.210157107383466
793, 0.044733285903930664, 46.254499019733316
794, 0.046047210693359375, 46.19656384633367
795, 0.048349618911743164, 46.25478999574731
796, 0.04711198806762695, 46.199024212794384
797, 0.04720425605773926, 46.49147831380456
798, 0.0505673885345459, 46.527125616880205
799, 0.056304931640625, 46.49602246923215
800, 0.06442523002624512, 46.40299995659617
801, 0.06562137603759766, 46.47876283035694
802, 0.052903175354003906, 46.599676260608405
803, 0.05027937889099121, 46.583625864347
804, 0.05867290496826172, 46.6155428900269
805, 0.0553896427154541, 46.63689670163107
806, 0.05024266242980957, 46.59459988436949
807, 0.054689645767211914, 46.55538367674852
808, 0.05083322525024414, 46.487720252886845
809, 0.06228995323181152, 46.36076716939215
810, 0.07578778266906738, 45.98269717968917
811, 0.06857013702392578, 45.99643312965852
812, 0.0590670108795166, 46.058987562604734
813, 0.05620741844177246, 46.11410523486468
814, 0.04753398895263672, 46.23502760001608
815, 0.04569363594055176, 46.3326452306045
816, 0.047882080078125, 46.21373089562138
817, 0.050177812576293945, 46.2132558965959
818, 0.04525136947631836, 46.23127846757994
819, 0.04768514633178711, 46.201466721983735
820, 0.07009482383728027, 46.23245251392041
821, 0.06502556800842285, 46.29591473167561
822, 0.057254791259765625, 46.32905757473733
823, 0.05617785453796387, 46.363443662451225
824, 0.047399282455444336, 46.335904733799254
825, 0.04825997352600098, 46.351818177813
826, 0.051230430603027344, 46.55693052060987
827, 0.04647707939147949, 46.578771842463766
828, 0.047624826431274414, 46.66661400989024
829, 0.050050973892211914, 46.68257899122858
830, 0.05791306495666504, 46.77576451318009
831, 0.05386233329772949, 46.75331546248052
832, 0.05049872398376465, 46.6919587538476
833, 0.05034470558166504, 46.63632558522717
834, 0.04775428771972656, 46.664633092162674
835, 0.05715632438659668, 46.74306589751563
836, 0.045754432678222656, 46.857247759963094
837, 0.04521369934082031, 46.78041366566737
838, 0.04573941230773926, 46.44062535540523
839, 0.05253458023071289, 46.410371597612716
840, 0.06427741050720215, 45.988970484075615
841, 0.05490446090698242, 45.96713468301636
842, 0.04826068878173828, 45.998871967941966
843, 0.04618406295776367, 45.94215676152349
844, 0.05085611343383789, 45.99106601794489
845, 0.0652613639831543, 46.12330611338892
846, 0.05387067794799805, 46.180097427025615
847, 0.05025458335876465, 46.24816628500977
848, 0.05588102340698242, 46.02129568617382
849, 0.059617042541503906, 46.08766689544253
850, 0.07123374938964844, 46.13903652664625
851, 0.06608128547668457, 46.22339974409263
852, 0.05708718299865723, 46.22450234640576
853, 0.0532839298248291, 46.21687986332944
854, 0.05726051330566406, 46.43100962134995
855, 0.05062389373779297, 46.55864172681406
856, 0.04814481735229492, 46.780008015198085
857, 0.06101489067077637, 47.244491366596705
858, 0.05573844909667969, 47.27567698950789
859, 0.05628824234008789, 47.274109140100016
860, 0.07605767250061035, 47.01734727642351
861, 0.06832385063171387, 47.07601552142815
862, 0.059404850006103516, 47.095066448782305
863, 0.05738973617553711, 47.05710450078009
864, 0.052523136138916016, 47.10327197709992
865, 0.0525972843170166, 47.05393468473788
866, 0.05303478240966797, 46.990144229948655
867, 0.05134320259094238, 47.06284341232191
868, 0.049138545989990234, 47.21860438290496
869, 0.05302262306213379, 47.11956928508791
870, 0.08113908767700195, 46.80822308554152
871, 0.0721750259399414, 46.88147802779262
872, 0.06502938270568848, 46.82626271624273
873, 0.05550694465637207, 46.72754092676896
874, 0.05755329132080078, 47.12653525511712
875, 0.053730010986328125, 47.112580232343134
876, 0.0542902946472168, 47.050369227469375
877, 0.062117576599121094, 47.44102691418513
878, 0.05441617965698242, 46.96673744919927
879, 0.05632901191711426, 47.10929297936456
880, 0.07448935508728027, 47.34218453441669
881, 0.07642316818237305, 47.165442611785764
882, 0.06473946571350098, 47.03245939858071
883, 0.06145453453063965, 47.01732566659352
884, 0.056299686431884766, 46.86117765224943
885, 0.0521702766418457, 46.88627534650874
886, 0.052176713943481445, 46.819172788784186
887, 0.05953264236450195, 46.74201818475903
888, 0.05454134941101074, 46.66833509260204
889, 0.057364702224731445, 46.59242568976122
890, 0.09963345527648926, 46.760765053396256
891, 0.09268474578857422, 46.72015562822381
892, 0.09015965461730957, 46.88234468398508
893, 0.0945439338684082, 46.92849814028567
894, 0.07969498634338379, 46.893747749524465
895, 0.06619739532470703, 46.91751093640943
896, 0.05939531326293945, 46.88463181088903
897, 0.048558712005615234, 46.966350859130614
898, 0.04702925682067871, 47.05727352086144
899, 0.05203604698181152, 46.79860092473261
900, 0.08012962341308594, 46.71860452451255
901, 0.0758814811706543, 46.93384266304045
902, 0.06761550903320312, 46.93063335967328
903, 0.06475400924682617, 46.99227614174433
904, 0.06249737739562988, 47.06288599556999
905, 0.056247711181640625, 46.525980602978606
906, 0.06418490409851074, 47.16549403892561
907, 0.05086350440979004, 47.19590162749215
908, 0.05568742752075195, 47.29472780347437
909, 0.06553030014038086, 47.17874057630976
910, 0.09019136428833008, 47.330149575183526
911, 0.08629941940307617, 47.212317571374555
912, 0.08350872993469238, 47.21152713364748
913, 0.07808423042297363, 47.27642528535745
914, 0.07076191902160645, 47.29953962537455
915, 0.05964994430541992, 47.35504934794694
916, 0.0636446475982666, 47.33937921104783
917, 0.056494712829589844, 47.31420499296931
918, 0.05277585983276367, 47.36753364946445
919, 0.0519564151763916, 47.29757126796002
920, 0.06405091285705566, 47.246020654730344
921, 0.05681967735290527, 47.20872080133084
922, 0.05183672904968262, 47.17681555383052
923, 0.0496370792388916, 47.12250288602188
924, 0.052010297775268555, 47.127807983903764
925, 0.04698801040649414, 47.10588525455552
926, 0.050261735916137695, 47.025868845015275
927, 0.0435943603515625, 47.04172289252929
928, 0.04530048370361328, 47.0921793475531
929, 0.0488588809967041, 47.06449900701955
930, 0.06450295448303223, 47.3660645936957
931, 0.056571006774902344, 47.38609327722411
932, 0.05446338653564453, 47.383539816458004
933, 0.04984307289123535, 47.363189399603556
934, 0.05486917495727539, 47.427022952039415
935, 0.05055975914001465, 47.362726667108966
936, 0.05452442169189453, 47.40380769927739
937, 0.05418515205383301, 47.55347297608725
938, 0.050367116928100586, 47.52630155079973
939, 0.047269344329833984, 47.511294513763566
940, 0.06522512435913086, 46.83290079653588
941, 0.06172800064086914, 46.71199521710996
942, 0.05733609199523926, 46.70468354028677
943, 0.053231239318847656, 46.610528621715666
944, 0.057280540466308594, 46.53066872417579
945, 0.05858349800109863, 46.436931820606944
946, 0.05405569076538086, 46.344023265235386
947, 0.05623626708984375, 46.30820435259374
948, 0.06104397773742676, 46.250589957228826
949, 0.05645585060119629, 46.28869630020367
950, 0.07559061050415039, 46.37695861227792
951, 0.06493639945983887, 46.36080107402016
952, 0.059099435806274414, 46.35523868357875
953, 0.0530545711517334, 46.363146244497855
954, 0.05425238609313965, 46.36953033112914
955, 0.052436113357543945, 46.41147995093817
956, 0.05277085304260254, 46.476294308442775
957, 0.05214810371398926, 46.40166871605203
958, 0.05737566947937012, 46.43255103403121
959, 0.05793881416320801, 46.24214736205491
960, 0.07673120498657227, 46.122773190594756
961, 0.0749654769897461, 45.98954607946681
962, 0.06876969337463379, 45.93140824707491
963, 0.06672906875610352, 45.831967610101565
964, 0.06535887718200684, 45.845895513922834
965, 0.0638422966003418, 45.84054963089039
966, 0.05722165107727051, 45.84970187317593
967, 0.07029914855957031, 45.827437301938325
968, 0.7643375396728516, 45.88269782351199
969, 0.7514739036560059, 45.96763611695821
970, 0.7502129077911377, 45.886122290539795
971, 0.739513635635376, 45.82187653817887
972, 0.7327957153320312, 45.858345935692874
973, 0.7293033599853516, 45.83766854416705
976, 0.7843387126922607, 13.31226663107396
989, 0.31806254386901855, 13.101712676067887
992, 0.20999765396118164, 12.36187294241777
993, 0.17378759384155273, 9.498413699495437
994, 0.1522977352142334, 9.419548425203681
995, 0.2815701961517334, 9.648957925675724
996, 0.24608826637268066, 9.418500835356207
997, 0.2106947898864746, 9.385105669935667
998, 0.17515945434570312, 9.21398461870637
999, 0.16675972938537598, 9.709955455576473
1000, 0.28699421882629395, 46.51283098775572
1001, 0.25185394287109375, 46.30663213143093
1002, 0.21595311164855957, 46.22598702630705
1003, 0.18013215065002441, 46.29092834808742
1004, 0.17067408561706543, 46.34153210408129
1005, 0.3077883720397949, 46.383417674167575
1006, 0.2726883888244629, 46.38977928449434
1007, 0.23755264282226562, 46.3857223076254
1008, 0.19869112968444824, 46.366911478596144
1009, 0.16347718238830566, 46.35866559922238
1010, 0.25350522994995117, 45.664986848841124
1011, 0.21942901611328125, 45.65795280604213
1012, 0.20663070678710938, 45.69413331296933
1013, 0.18408703804016113, 45.779139574101116
1014, 0.34388017654418945, 45.814900151605194
1015, 0.30835795402526855, 45.89485841215922
1016, 0.27349042892456055, 45.91541567153455
1017, 0.23919463157653809, 45.93141539940938
1018, 0.2046375274658203, 45.953424129019865
1019, 0.3294086456298828, 45.98692922781304
1020, 0.29282426834106445, 47.00380389174996
1021, 0.2588381767272949, 47.00105538748851
1022, 0.22373628616333008, 46.993375801041005
1023, 0.22644948959350586, 46.96504823988263
1024, 0.3850529193878174, 46.95895567689825
1026, 0.3135063648223877, 11.422110258550262
1027, 0.27850866317749023, 11.200841264355665
1028, 0.24288630485534668, 10.407516339924417
1029, 0.2073225975036621, 10.032374838901845
1030, 0.400571346282959, 46.12725626520379
1031, 0.3666493892669678, 46.30997039655216
1032, 0.33173179626464844, 46.46973478581075
1033, 0.29715585708618164, 46.386547789924826
1034, 0.26257872581481934, 46.45242113613463
1035, 0.26457977294921875, 46.57211043116582
1036, 0.42535853385925293, 46.601416668670254
1037, 0.39268016815185547, 46.7538711583955
1038, 0.35820984840393066, 46.715017670397614
1039, 0.3225367069244385, 46.92285463371799
1042, 0.2996246814727783, 12.31071555274623
1043, 0.2652575969696045, 11.541423611693155
1044, 0.23118853569030762, 11.22424336905686
1045, 0.21792984008789062, 10.847477995501762
1046, 0.2669508457183838, 10.92523930752748
1048, 0.19139432907104492, 11.44526827026025
1049, 0.15557265281677246, 11.403493891394348
1052, 0.2724592685699463, 10.825418862272711
1053, 0.23683929443359375, 10.803886181138456
1054, 0.20106959342956543, 10.627594798751156
1055, 0.39916157722473145, 10.109619635022934
1056, 0.36354684829711914, 10.09425936990551
1057, 0.32844066619873047, 9.923023134356349
1058, 0.29311513900756836, 9.759460774245817
1059, 0.2576014995574951, 9.770883920130448
1060, 0.22507357597351074, 31.935758401103417
1061, 0.26455259323120117, 31.116041143273762
1062, 0.23125791549682617, 31.224455507791305
1063, 0.22260832786560059, 31.2211817769335
1064, 0.3890841007232666, 31.39201212049472
1065, 0.3546149730682373, 31.30822177028724
1066, 0.32042598724365234, 31.571790985403908
1067, 0.2858147621154785, 31.56188643299036
1068, 0.2516896724700928, 31.676219938646643
1069, 0.21770977973937988, 31.681654849667247
1070, 0.4085731506347656, 32.74285177855128
1071, 0.37424635887145996, 31.858517732860708
1072, 0.3401637077331543, 31.764013197603447
1073, 0.3056039810180664, 31.41715696050188
1074, 0.27075934410095215, 31.060214407978187
1075, 0.2363755702972412, 30.94153246327123
1076, 0.2015516757965088, 30.856898220949965
1077, 0.3933753967285156, 30.798155602084357
1078, 0.35857701301574707, 30.552018608343054
1079, 0.32424235343933105, 30.469147135596796
1080, 0.28786301612854004, 31.47319011587223
1081, 0.25389528274536133, 30.748663013820632
1082, 0.2201080322265625, 30.97897258324158
1083, 0.18586444854736328, 31.121327704057475
1084, 0.32910919189453125, 31.4861129676429
1085, 0.2963898181915283, 32.32188937177132
1086, 0.262176513671875, 32.332084428925924
1087, 0.2277393341064453, 32.11527179721661
1088, 0.19365787506103516, 32.06615048212114
1089, 0.18316197395324707, 32.11366004260415
1090, 0.34804224967956543, 33.25316819849189
1091, 0.3142082691192627, 32.46578741806321
1092, 0.28023409843444824, 32.20888855442861
1093, 0.24602460861206055, 32.15820209640476
1094, 0.21164298057556152, 32.159865283287445
1095, 0.21908259391784668, 31.881374554629
1096, 0.21973657608032227, 31.722191140501046
1097, 0.2126779556274414, 31.440436370264088
1098, 0.20672273635864258, 31.424588898277367
1099, 0.2016592025756836, 31.290952579748716
1100, 0.1953730583190918, 32.34724886283787
1101, 0.18835902214050293, 31.49286174338298
1102, 0.1971886157989502, 31.001223387593914
1103, 0.1784048080444336, 30.65913541808477
1104, 0.1701831817626953, 30.680384267198235
1105, 0.15973687171936035, 30.654484908300894
1106, 0.16161179542541504, 30.663783907800134
1107, 0.1719374656677246, 30.861446173718416
1108, 0.1473541259765625, 30.93976120993264
1109, 0.1529526710510254, 30.870483396531796
1110, 0.15366911888122559, 31.895688245839338
1111, 0.14463472366333008, 30.269042194239518
1112, 0.13674664497375488, 30.419352725723957
1113, 0.1267070770263672, 30.309295257802063
1114, 0.12073159217834473, 30.432488270886537
1115, 0.11281347274780273, 30.452597345206183
1116, 0.12214016914367676, 30.185704843785665
1117, 0.1049642562866211, 30.259398629278053
1118, 0.09781718254089355, 29.900322216032386
1119, 0.09270143508911133, 29.950799526640914
1120, 0.08434534072875977, 28.878775848598064
1121, 0.0759115219116211, 28.181940160035374
1122, 0.06623506546020508, 28.371254599514508
1123, 0.05592203140258789, 28.578409860081557
1124, 0.05033564567565918, 28.57681809587939
1125, 0.05279970169067383, 28.70340944882318
1126, 0.047762155532836914, 28.942962389941126
1127, 0.05174875259399414, 29.231983843332806
1128, 0.053194522857666016, 29.313621045721774
1129, 0.05440115928649902, 29.25889647373792
1130, 0.05016350746154785, 29.830135107852918
1131, 0.049247026443481445, 28.962942721256475
1132, 0.048085927963256836, 28.847484130499
1133, 0.048002004623413086, 28.707641823489638
1134, 0.04728078842163086, 28.44816659591016
1135, 0.04900002479553223, 28.22040984651982
1136, 0.047791242599487305, 28.493022581664952
1137, 0.045258522033691406, 29.18797768888032
1138, 0.04895377159118652, 29.342446788013206
1139, 0.04575777053833008, 29.810248787490128
1140, 0.04837608337402344, 30.574217095060703
1141, 0.04934811592102051, 30.573408771033485
1142, 0.04800581932067871, 30.93162621415942
1143, 0.05181550979614258, 31.05326435384243
1144, 0.04669666290283203, 30.99612331453905
1145, 0.0437772274017334, 31.040384614968467
1146, 0.04572582244873047, 31.018696627305285
1147, 0.048697710037231445, 31.071243605553267
1148, 0.04679155349731445, 31.05371788981983
1149, 0.045775651931762695, 31.124469410985135
1150, 0.04913043975830078, 34.31644779849567
1151, 0.05399608612060547, 33.26051981394246
1152, 0.05554986000061035, 33.08796058995499
1153, 0.04870152473449707, 33.18367433902876
1154, 0.04726004600524902, 32.879566824014496
1155, 0.06747674942016602, 32.9005892671386
1156, 0.04819607734680176, 32.68570224583042
1157, 0.09021902084350586, 32.62271759505849
1158, 0.08569169044494629, 32.71300688713174
1159, 0.08002638816833496, 32.337617656503014
1160, 0.07497596740722656, 33.30931487733307
1161, 0.06600403785705566, 32.51403362807084
1162, 0.057679176330566406, 32.500744965208185
1163, 0.048641204833984375, 32.17745645070538
1164, 0.042331695556640625, 32.2290289600457
1165, 0.045441389083862305, 31.778844840000573
1166, 0.043056488037109375, 31.701760409093104
1167, 0.04688739776611328, 31.60121208233184
1168, 0.03966712951660156, 31.654368860961867
1169, 0.045798540115356445, 31.74281285192508
1170, 0.05295729637145996, 32.860901035417285
1171, 0.05256509780883789, 31.97121455016401
1172, 0.05097150802612305, 31.924968993408203
1173, 0.05070900917053223, 31.867109782125127
1174, 0.05249595642089844, 31.817652092522003
1175, 0.04914116859436035, 31.78322969007045
1176, 0.04390883445739746, 31.53826215553211
1177, 0.04123663902282715, 31.607801970018606
1178, 0.041571617126464844, 31.607385292105064
1179, 0.05850481986999512, 31.593962693552747
1180, 0.07532835006713867, 46.26898126243965
1181, 0.06750917434692383, 46.23596392236121
1182, 0.06487727165222168, 46.154702761084394
1183, 0.05759835243225098, 46.02592971324037
1184, 0.05224442481994629, 45.899785409029654
1185, 0.0527493953704834, 45.766535512367064
1186, 0.06172347068786621, 46.021013927670616
1187, 0.051090240478515625, 45.90508933270357
1188, 0.05597877502441406, 46.013370475327804
1189, 0.05627703666687012, 46.06874704688154
1190, 0.06691336631774902, 45.65878565307021
1191, 0.0629427433013916, 45.87257133722047
1192, 0.05445218086242676, 46.00528509606931
1193, 0.058956146240234375, 46.09647578906268
1194, 0.05570411682128906, 45.94407327530533
1195, 0.051438093185424805, 46.06315456493721
1196, 0.05695462226867676, 46.04064280663785
1197, 0.05751395225524902, 46.05509855905315
1198, 0.0521848201751709, 46.170501283352394
1199, 0.05845236778259277, 46.1150733391609
1200, 0.07447576522827148, 46.11871949041604
1201, 0.06900477409362793, 46.229395876916044
1202, 0.0589599609375, 46.35817076841035
1203, 0.05339980125427246, 46.34355184236192
1204, 0.058477163314819336, 46.32929871915627
1205, 0.0559539794921875, 46.20940125752789
1206, 0.05601239204406738, 46.250674180840846
1207, 0.056387901306152344, 46.62996326297822
1208, 0.05356955528259277, 46.431910325323
1209, 0.06818866729736328, 46.376134018268644
1210, 0.08075451850891113, 46.434300834442695
1211, 0.07404899597167969, 46.45118562752571
1212, 0.07342648506164551, 46.462392047125945
1213, 0.06540727615356445, 46.42819636067988
1214, 0.06470441818237305, 46.47195847055705
1215, 0.053650617599487305, 46.41191228071656
1216, 0.054525136947631836, 46.37617596669951
1217, 0.0504763126373291, 46.4298500276447
1218, 0.06230664253234863, 46.249650929304984
1219, 0.05921339988708496, 46.28025414333617
1220, 0.08781147003173828, 46.17657657146015
1221, 0.08003687858581543, 46.27678283249737
1222, 0.07665276527404785, 46.589983285647406
1223, 0.062239885330200195, 47.27751097360659
1224, 0.05858421325683594, 47.429450636689985
1225, 0.06671333312988281, 47.41513159886467
1226, 0.06200838088989258, 47.350564726885935
1227, 0.05522584915161133, 47.16471263567044
1228, 0.06382322311401367, 47.30263258399499
1229, 0.0585019588470459, 46.766929359177965
1230, 0.07695150375366211, 46.14018942808349
1231, 0.0658271312713623, 46.40283253265845
1232, 0.05274534225463867, 46.84005571704185
1233, 0.053296566009521484, 47.113361700430325
1234, 0.06294369697570801, 47.9734823444693
1235, 0.0593104362487793, 47.4313447929005
1236, 0.0646352767944336, 46.65613377859465
1237, 0.055550575256347656, 46.33452234292071
1238, 0.053217172622680664, 46.359874133199604
1239, 0.05889630317687988, 46.25042513725157
1240, 0.07125473022460938, 46.36739939873433
1241, 0.0640709400177002, 46.847740410313314
1242, 0.06280374526977539, 46.270103686875935
1243, 0.05508875846862793, 46.97135943755889
1244, 0.06600666046142578, 47.154298416982385
1245, 0.06090879440307617, 46.81330504484465
1246, 0.059762001037597656, 46.84306173843127
1247, 0.060407161712646484, 47.289014821768674
1248, 0.05536174774169922, 47.274005401110486
1249, 0.05131959915161133, 47.180483025576294
1250, 0.08263325691223145, 46.63006357548683
1251, 0.07648372650146484, 46.640802993032736
1252, 0.08028197288513184, 46.71902061991495
1253, 0.0635995864868164, 46.74968866252351
1254, 0.06769514083862305, 46.70829708558081
1255, 0.05596113204956055, 46.883342992995
1256, 0.05688166618347168, 46.92511612800495
1257, 0.06998634338378906, 47.244686625448495
1258, 0.5592730045318604, 46.997810569598656
1259, 0.5854206085205078, 47.64009843808686
1260, 0.5466122627258301, 47.07616666020481
1261, 0.5221564769744873, 47.626915532187965
1262, 0.5093464851379395, 47.51296128773687
1263, 0.5084483623504639, 47.503506152154074
1274, 0.16518902778625488, 9.839414099066119
1275, 0.1572110652923584, 10.026178127898913
1276, 0.14613056182861328, 10.517142413999313
1277, 0.13806509971618652, 10.331319604363971
1278, 0.1266312599182129, 10.058001917017688
1279, 0.11675167083740234, 8.700379521298299
1280, 0.1001739501953125, 46.19229461722121
1281, 0.09423232078552246, 46.98108160035345
1282, 0.08209776878356934, 47.93826870576233
1283, 0.07552647590637207, 47.944618671175235
1284, 0.06442737579345703, 48.18146898035109
1285, 0.05710315704345703, 47.881066967584296
1286, 0.04888916015625, 47.611950141928844
1287, 0.05495333671569824, 47.65432919275548
1288, 0.04799008369445801, 48.016455271240886
1289, 0.05597996711730957, 47.91547384012815
1290, 0.06289172172546387, 47.33189751533566
1291, 0.06719374656677246, 47.23647171103069
1292, 0.059554100036621094, 47.030449102777325
1293, 0.06442832946777344, 46.88630994290889
1294, 0.1021428108215332, 46.81147093857491
1295, 0.09727931022644043, 46.92747087716548
1296, 0.09053969383239746, 46.99326888496225
1297, 0.08435559272766113, 46.99312543888078
1298, 0.09229350090026855, 46.96357792409395
1299, 0.07062745094299316, 46.97516019360173
1300, 0.06892514228820801, 46.82896639282147
1301, 0.06398344039916992, 46.79089544012215
1302, 0.05874967575073242, 46.698681192887946
1303, 0.05972647666931152, 46.72454055478041
1304, 0.053546905517578125, 46.63008877751573
1305, 0.04952406883239746, 46.43601826062173
1306, 0.049483537673950195, 46.58088057926345
1307, 0.046929359436035156, 46.64428690778663
1308, 0.04804873466491699, 46.97840472423827
1309, 0.05433034896850586, 46.99807195908008
1310, 0.08241939544677734, 46.03762980120679
1311, 0.07534074783325195, 46.099013891936764
1312, 0.07390117645263672, 46.58493338053681
1313, 0.06667280197143555, 46.4603600109772
1314, 0.051859140396118164, 46.4520943205892
1315, 0.055840253829956055, 46.33933121044811
1316, 0.05080986022949219, 46.29014551573234
1317, 0.050940752029418945, 46.30569558387638
1318, 0.05173134803771973, 46.400602236190466
1319, 0.051313161849975586, 45.90743764830585
1320, 0.06953930854797363, 47.332950103021005
1321, 0.06391620635986328, 47.545001642967804
1322, 0.05875802040100098, 47.51387032143604
1323, 0.050421714782714844, 47.46002840606384
1324, 0.05669546127319336, 47.64278612345349
1325, 0.05631279945373535, 47.67642425509049
1326, 0.04861187934875488, 47.634672002831195
1327, 0.05003023147583008, 47.87949590999824
1328, 0.05384182929992676, 47.91881686972345
1329, 0.05161476135253906, 47.864263617592506
1330, 0.0666055679321289, 46.83884331357804
1331, 0.05734682083129883, 47.3823738258287
1332, 0.05480360984802246, 47.22859898714616
1333, 0.058765411376953125, 47.131152544374324
1334, 0.05394315719604492, 47.07969308150296
1335, 0.06134510040283203, 47.23781003947627
1336, 0.05296611785888672, 47.26663481608356
1337, 0.0516965389251709, 47.03010448116794
1338, 0.06277203559875488, 46.85065869340672
1339, 0.05220389366149902, 46.698593841318676
1340, 0.059189558029174805, 46.217764644053105
1341, 0.05587577819824219, 46.471744531930874
1342, 0.05154728889465332, 46.51791086265227
1343, 0.04688620567321777, 46.50079298338429
1344, 0.053485870361328125, 46.44190565631117
1345, 0.050649166107177734, 46.368910950197886
1346, 0.048300981521606445, 46.35801063355322
1347, 0.049215078353881836, 46.32132868418756
1348, 0.04845833778381348, 46.19608937961267
1349, 0.05190634727478027, 46.12184600804271
1350, 0.06139874458312988, 46.651949949144516
1351, 0.054671287536621094, 47.06769786120938
1352, 0.05621147155761719, 46.84553182299379
1353, 0.04796886444091797, 47.096022457666244
1354, 0.05301952362060547, 46.864345929050245
1355, 0.04508543014526367, 47.07180054043127
1356, 0.04429006576538086, 46.99120575898779
1357, 0.04817080497741699, 46.8662035502377
1358, 0.0526127815246582, 46.79212325471536
1359, 0.059296607971191406, 47.35679565716781
1360, 0.07349753379821777, 47.22921555088868
1361, 0.06307506561279297, 47.18050209712163
1362, 0.0544588565826416, 47.34437476079478
1363, 0.05207204818725586, 47.06261630871693
1364, 0.05032968521118164, 46.93331326662549
1365, 0.04971718788146973, 46.638269370811585
1366, 0.05012035369873047, 46.60281106887085
1367, 0.046175479888916016, 46.808166452501666
1368, 0.04787588119506836, 46.82019540010319
1369, 0.05600285530090332, 46.93071597293638
1370, 0.0813455581665039, 47.25011925084638
1371, 0.07221341133117676, 47.205605970714046
1372, 0.0666360855102539, 47.39934857091178
1373, 0.05460095405578613, 47.49011273307369
1374, 0.05367755889892578, 47.56873406711588
1375, 0.05163407325744629, 47.455530331081576
1376, 0.05135774612426758, 47.376210562600164
1377, 0.04471731185913086, 47.52275264130049
1378, 0.059920549392700195, 47.48790919168299
1379, 0.05640578269958496, 47.49319016677361
1380, 0.06734013557434082, 47.61936340210423
1381, 0.09056568145751953, 47.629726321098374
1382, 0.08413219451904297, 47.409492271009114
1383, 0.07874846458435059, 47.37029159331805
1384, 0.07056403160095215, 47.37794955372655
1385, 0.0640411376953125, 47.445787833795464
1386, 0.05511903762817383, 47.364990489202945
1387, 0.04931211471557617, 47.431189688205905
1388, 0.048333168029785156, 47.48114235721626
1389, 0.0532534122467041, 47.44002104904258
1390, 0.07660698890686035, 47.63636625685514
1391, 0.06462645530700684, 46.80310644063236
1392, 0.06096529960632324, 46.74996601566417
1393, 0.055257558822631836, 46.629328827677845
1394, 0.050237417221069336, 46.63748769316247
1395, 0.05496644973754883, 46.54161900177314
1396, 0.053879499435424805, 46.50861470651098
1397, 0.04577898979187012, 46.67951504484715
1398, 0.04659700393676758, 46.63132632761645
1399, 0.05337643623352051, 47.08455708431054
1400, 0.06664037704467773, 46.79933918838137
1401, 0.06409239768981934, 46.84117352306862
1402, 0.07205438613891602, 46.5428819639524
1403, 0.04944944381713867, 46.59963700394704
1404, 0.05458569526672363, 46.70162707372383
1405, 0.054918766021728516, 46.722171629738945
1406, 0.051682233810424805, 46.77141641468691
1407, 0.05292916297912598, 46.83496361606583
1408, 0.056394338607788086, 46.544550818837074
1409, 0.05444216728210449, 46.5052729555065
1410, 0.07620024681091309, 46.83879924198338
1411, 0.06516361236572266, 46.690242314989135
1412, 0.058151960372924805, 46.61818845576663
1413, 0.05274796485900879, 46.715636525231744
1414, 0.05691027641296387, 46.886387523717204
1415, 0.04955911636352539, 47.12756305020971
1416, 0.053289175033569336, 47.27764405074318
1417, 0.06259322166442871, 47.191414646831824
1418, 0.05179452896118164, 47.17823485294326
1419, 0.16834354400634766, 47.22246647793122
1420, 0.3076925277709961, 46.73026877453885
1421, 0.27242159843444824, 46.76776427188678
1422, 0.23768877983093262, 47.02387999289324
1423, 0.20150232315063477, 46.71456164896302
1424, 0.1674180030822754, 46.86148984147365
1425, 0.3219599723815918, 46.197334909416284
1426, 0.2873806953430176, 46.11770753463317
1427, 0.2532024383544922, 46.205527181635446
1428, 0.2164754867553711, 46.40560031132792
1429, 0.1816270351409912, 46.426141124163614
1430, 0.3275294303894043, 46.25798113327073
1431, 0.2913386821746826, 46.3573817552293
1432, 0.2568521499633789, 46.757448532024185
1433, 0.18381810188293457, 46.846869722969316
1434, 0.16393423080444336, 46.901142561530335
1435, 0.24443268775939941, 47.14396584654567
1436, 0.2096264362335205, 47.19440957879616
1437, 0.17446184158325195, 47.13041389172876
1438, 0.1649935245513916, 46.77895697872697
1439, 0.14078187942504883, 46.63899771010048
1440, 0.2962310314178467, 46.50016802632602
1441, 0.2591564655303955, 47.22020439754549
1442, 0.2246260643005371, 47.43702865298938
1443, 0.19019508361816406, 47.65963995429771
1444, 0.2783362865447998, 47.99313649223059
1445, 0.24425792694091797, 48.306520036419855
1446, 0.2102365493774414, 48.49880577190507
1447, 0.19246482849121094, 48.39864655392852
1448, 0.18374156951904297, 48.39892798733568
1449, 0.33373165130615234, 48.3858054321433
1450, 0.2963836193084717, 33.42832560114863
1451, 0.26213645935058594, 32.22506243490143
1452, 0.22814607620239258, 32.2709002624235
1453, 0.19360923767089844, 32.26471105356155
1454, 0.38646984100341797, 32.19110409501373
1455, 0.3526298999786377, 32.07576489395501
1456, 0.31888723373413086, 31.815518715844966
1457, 0.2844729423522949, 31.79488189417154
1458, 0.2499547004699707, 31.885149735516176
1459, 0.21565485000610352, 31.713342438641877
1460, 0.4078841209411621, 32.64284501702455
1461, 0.37612462043762207, 31.0598930375357
1462, 0.34168171882629395, 30.882551987931617
1463, 0.3076455593109131, 31.03446145069629
1464, 0.27324366569519043, 31.125148876829893
1465, 0.23891925811767578, 31.12188739228166
1466, 0.2047109603881836, 31.083453801399706
1467, 0.3101792335510254, 31.07499833760248
1468, 0.2756214141845703, 31.008752090081142
1469, 0.24127435684204102, 30.938464356919727
1470, 0.2062065601348877, 32.35948314898521
1471, 0.19188904762268066, 31.378026066666745
1472, 0.24965333938598633, 31.002589470986837
1473, 0.2156221866607666, 31.114063142092903
1474, 0.18152356147766113, 31.07937874134088
1475, 0.17844676971435547, 31.17434165912207
1476, 0.3444526195526123, 31.03395420521313
1477, 0.3107304573059082, 30.919398247169696
1478, 0.2768852710723877, 30.99254474862297
1479, 0.2430555820465088, 31.039476783220987
1480, 0.20828032493591309, 29.574392525762654
1481, 0.2166917324066162, 28.78728305153234
1482, 0.3707246780395508, 28.767063433871876
1483, 0.3364691734313965, 28.659606467107743
1484, 0.30205631256103516, 28.571795119848197
1485, 0.26773953437805176, 28.876681286997506
1486, 0.2329878807067871, 28.742801798120926
1487, 0.19878816604614258, 28.643733299469048
1488, 0.20801043510437012, 28.42770345972035
1489, 0.21339964866638184, 28.050696056347206
1490, 0.2004382610321045, 28.197810285085303
1491, 0.3724486827850342, 27.44341676906412
1492, 0.33818912506103516, 27.64947217966438
1493, 0.30420804023742676, 28.075958454989088
1494, 0.2698180675506592, 28.540069476777873
1495, 0.23538851737976074, 29.159863842482036
1496, 0.20109033584594727, 29.077031777840663
1497, 0.3942418098449707, 28.955626700388066
1498, 0.35995030403137207, 28.89203980405242
1499, 0.3260493278503418, 28.792561349649173
1500, 0.29163622856140137, 29.379161955777903
1501, 0.2579524517059326, 28.82416451354402
1502, 0.22386813163757324, 28.768046620733916
1503, 0.18956923484802246, 28.91791170860421
1504, 0.3825674057006836, 28.849688298186024
1505, 0.34876227378845215, 28.935959905013682
1506, 0.3150062561035156, 28.94226257821867
1507, 0.2810525894165039, 28.979167564431712
1508, 0.24703001976013184, 29.02207359769281
1509, 0.21314620971679688, 29.081363628080112
1510, 0.40592074394226074, 29.67944360043148
1511, 0.3719930648803711, 29.12699124009992
1512, 0.3377704620361328, 29.23880771618687
1513, 0.30394911766052246, 29.312940039314718
1514, 0.27013444900512695, 29.37805084998475
1515, 0.2362842559814453, 29.49078920997771
1516, 0.20218563079833984, 29.480149852594245
1517, 0.2103440761566162, 29.374717972836656
1518, 0.364330530166626, 29.32049758614462
1519, 0.3300349712371826, 29.07530704122088
1520, 0.29465532302856445, 29.577548492693673
1521, 0.26045656204223633, 29.058795381711814
1522, 0.22623300552368164, 29.22952848399953
1523, 0.19202160835266113, 29.445388029742166
1524, 0.20424556732177734, 29.75110134709287
1525, 0.19993925094604492, 30.000397940533652
1526, 0.19270062446594238, 30.189237455804076
1527, 0.1822798252105713, 29.92033471613693
1528, 0.17495369911193848, 29.67075587651349
1529, 0.16991829872131348, 29.537544598943736
1530, 0.16622447967529297, 29.721997525515818
1531, 0.15592026710510254, 29.421520774700966
1532, 0.14664673805236816, 29.50065646336779
1533, 0.13834834098815918, 29.90983652522442
1534, 0.1376180648803711, 29.906814406778928
1535, 0.12919068336486816, 30.02488417565675
1536, 0.12426424026489258, 29.83840499303026
1537, 0.12087225914001465, 29.681871404842557
1538, 0.11583805084228516, 29.739593839444325
1539, 0.10773444175720215, 29.873596339370238
1540, 0.09714531898498535, 28.89028049723031
1541, 0.08933186531066895, 28.609027003246585
1542, 0.07864618301391602, 28.738565646623226
1543, 0.06896567344665527, 29.132354244785002
1544, 0.056589603424072266, 29.744872618400777
1545, 0.053405046463012695, 30.15066182816932
1546, 0.07997560501098633, 30.413295275436013
1547, 0.045858144760131836, 30.504762360564225
1548, 0.052076101303100586, 30.67682186754949
1549, 0.041397809982299805, 30.708359447324437
1550, 0.0438840389251709, 31.14925330722695
1551, 0.03882646560668945, 30.707421548465632
1552, 0.04792141914367676, 30.538312382894578
1553, 0.036676645278930664, 30.54340245550123
1554, 0.0363156795501709, 30.43407299337236
1555, 0.03678154945373535, 30.32264871185854
1556, 0.04053139686584473, 30.23905650805166
1557, 0.03565406799316406, 30.195777111856643
1558, 0.038784027099609375, 30.30546321482191
1559, 0.03802204132080078, 30.452023930876596
1560, 0.04375100135803223, 30.911969379598485
1561, 0.03766894340515137, 30.750335530947034
1562, 0.03652215003967285, 30.611064639717075
1563, 0.03760409355163574, 30.42531612765189
1564, 0.04280543327331543, 30.250933727225558
1565, 0.03855443000793457, 29.90493524888126
1566, 0.03862190246582031, 29.67522711014435
1567, 0.039208173751831055, 29.196123285138093
1568, 0.04425835609436035, 29.17080880537593
1569, 0.0420382022857666, 28.899534443996266
1570, 0.05268979072570801, 31.22509858396167
1571, 0.04442954063415527, 30.303048077903707
1572, 0.04643535614013672, 30.02974582202244
1573, 0.04150843620300293, 29.860432673714293
1574, 0.04548144340515137, 29.823258064611622
1575, 0.0472407341003418, 29.86169839158145
1576, 0.049111366271972656, 30.28181677753093
1577, 0.04797530174255371, 30.225104893144568
1578, 0.05389857292175293, 30.161517014185492
1579, 0.046031951904296875, 29.954438439039453
1580, 0.05028557777404785, 31.13242020476976
1581, 0.05460405349731445, 30.1017127936705
1582, 0.05164647102355957, 30.045946667454473
1583, 0.05167531967163086, 29.798652954984085
1584, 0.044188499450683594, 29.911790028209882
1585, 0.046381473541259766, 30.050668882660176
1586, 0.04822802543640137, 30.009268073978976
1587, 0.045836687088012695, 29.970644958443277
1588, 0.04589986801147461, 30.06266976026385
1589, 0.04310178756713867, 30.089119016429535
1590, 0.05457568168640137, 31.3437380774093
1591, 0.05255579948425293, 30.38270669910576
1592, 0.04848933219909668, 30.337553541715117
1593, 0.048485517501831055, 30.464138918478874
1594, 0.046716928482055664, 30.47536116692307
1595, 0.04471087455749512, 30.431954256631922
1596, 0.055989980697631836, 30.287644360128795
1597, 0.04845857620239258, 29.977043076794814
1598, 0.04675579071044922, 29.799752845327326
1599, 0.047629356384277344, 29.75305108778582
1600, 0.0825655460357666, 45.65911124960054
1601, 0.08055377006530762, 46.202441513074874
1602, 0.07786870002746582, 45.996329779481954
1603, 0.08112835884094238, 45.65918949123944
1604, 0.06666374206542969, 45.64152491259841
1605, 0.06728720664978027, 45.7138752120902
1606, 0.0610198974609375, 45.64739487944587
1607, 0.05529618263244629, 45.741371762005876
1608, 0.056468963623046875, 45.7474985165977
1609, 0.06613826751708984, 45.72001897380122
1610, 0.08066129684448242, 45.72912364120535
1611, 0.07558870315551758, 45.756981525434234
1612, 0.07388782501220703, 45.73178169708214
1613, 0.06764936447143555, 46.18601975430754
1614, 0.0650336742401123, 46.19212395318876
1615, 0.06303024291992188, 46.557940347188534
1616, 0.058060646057128906, 45.63296556636736
1617, 0.051160335540771484, 46.42739452352477
1618, 0.06041288375854492, 46.43026861611646
1619, 0.05501866340637207, 46.36386287046433
1620, 0.06865048408508301, 45.73153056433821
1621, 0.06681442260742188, 45.851779588762625
1622, 0.06681442260742188, 45.91568479264289
1623, 0.056915283203125, 45.95978188050709
1624, 0.05583620071411133, 45.964761505520684
1625, 0.05139279365539551, 46.03480242789237
1626, 0.05128908157348633, 46.13261774510012
1627, 0.058150291442871094, 46.12306514679831
1628, 0.06190919876098633, 46.21363256925288
1629, 0.05614876747131348, 46.22146793977569
1630, 0.07110023498535156, 45.86960257074894
1631, 0.06039762496948242, 46.05021409111674
1632, 0.06607508659362793, 45.97264769683815
1633, 0.05574679374694824, 46.15734825841081
1634, 0.056647539138793945, 46.23245025930301
1635, 0.06738114356994629, 46.18040306467556
1636, 0.059238433837890625, 46.28720144680894
1637, 0.05202531814575195, 46.209200766318396
1638, 0.05699944496154785, 46.13563566193669
1639, 0.05500221252441406, 46.292226524738254
1640, 0.06808018684387207, 46.614650067452175
1641, 0.06086325645446777, 46.80520248642607
1642, 0.056212425231933594, 46.826099866755875
1643, 0.05168914794921875, 46.74174488790639
1644, 0.052965402603149414, 46.842062267439985
1645, 0.048334598541259766, 46.795796974883466
1646, 0.056697845458984375, 46.71771698753904
1647, 0.053066253662109375, 46.732841983058755
1648, 0.05245161056518555, 47.28945596194706
1649, 0.04954075813293457, 47.73762269482666
1650, 0.05973553657531738, 45.94174597914495
1651, 0.050046443939208984, 47.57922636496631
1652, 0.04753756523132324, 47.60030646810315
1653, 0.04885601997375488, 47.56022926947411
1654, 0.056090593338012695, 47.46764383263812
1655, 0.05340123176574707, 47.265658240448865
1656, 0.05037260055541992, 47.31342644685263
1657, 0.04850196838378906, 46.773769455554906
1658, 0.053485870361328125, 46.71026228539581
1659, 0.05666923522949219, 46.67996090264133
1660, 0.06521058082580566, 46.24946894255963
1661, 0.0626382827758789, 46.287327482410916
1662, 0.054956912994384766, 46.301845111446326
1663, 0.05476188659667969, 46.35081391304606
1664, 0.057703256607055664, 46.35243697985011
1665, 0.051978349685668945, 46.38740520562017
1666, 0.05325889587402344, 46.37849448051425
1667, 0.049504995346069336, 46.39045449096112
1668, 0.05266451835632324, 46.373333711807135
1669, 0.0530550479888916, 46.35397950173424
1670, 0.0694727897644043, 46.68886464324415
1671, 0.06574559211730957, 46.5802303128678
1672, 0.05339980125427246, 46.458035862077
1673, 0.061620235443115234, 46.3219739978483
1674, 0.05577445030212402, 46.34194226572955
1675, 0.052834272384643555, 46.638966514275715
1676, 0.05595827102661133, 46.56479422266648
1677, 0.053862810134887695, 46.56767110074115
1678, 0.05201530456542969, 46.366350135918346
1679, 0.05209708213806152, 46.37259456441057
1680, 0.0645291805267334, 46.23768908896332
1681, 0.05569601058959961, 46.57865463904574
1682, 0.06085324287414551, 46.776215252333586
1683, 0.06267452239990234, 46.50299711844481
1684, 0.0529327392578125, 46.659879786483685
1685, 0.05106639862060547, 46.78543090263982
1686, 0.0508425235748291, 46.54157009843104
1687, 0.05581927299499512, 46.81951397659648
1688, 0.05321621894836426, 46.68172578900884
1689, 0.05615115165710449, 46.74316175607512
1690, 0.07847023010253906, 46.64589947403289
1691, 0.07535243034362793, 46.47945440165097
1692, 0.0686793327331543, 46.36013882056723
1693, 0.06061267852783203, 46.415592114922944
1694, 0.06051325798034668, 46.45462600485526
1695, 0.05858492851257324, 46.50219526725107
1696, 0.049866676330566406, 46.555649379890866
1697, 0.05367469787597656, 46.49802860113854
1698, 0.0513761043548584, 46.52045857119905
1699, 0.06060171127319336, 46.5083523458558
1700, 0.07711076736450195, 47.00074107590855
1701, 0.06598210334777832, 46.683641477302125
1702, 0.059088706970214844, 46.758833883435
1703, 0.054231882095336914, 47.04779402960231
1704, 0.0484619140625, 46.97166040332468
1705, 0.05465531349182129, 46.93987937583785
1706, 0.05297517776489258, 46.97048445663468
1707, 0.05423307418823242, 46.899648499956434
1708, 0.04952192306518555, 46.92343509671234
1709, 0.049803972244262695, 46.77312081224152
1710, 0.060170888900756836, 46.9894576227567
1711, 0.05745196342468262, 46.82145063490181
1712, 0.06566119194030762, 47.39339152427567
1713, 0.06263113021850586, 47.6537543124934
1714, 0.06179356575012207, 47.28015779476584
1715, 0.06187176704406738, 46.88757447319177
1716, 0.05875706672668457, 46.98288264481069
1717, 0.06140565872192383, 46.49173774237398
1718, 0.05975055694580078, 46.479256321323945
1719, 0.056383609771728516, 46.50924184152697
1720, 0.06415319442749023, 46.286736607986796
1721, 0.06598639488220215, 46.37176288291694
1722, 0.05834627151489258, 46.556420351036145
1723, 0.06001543998718262, 47.14348250969768
1724, 0.05964326858520508, 47.801562515986475
1725, 0.0661623477935791, 47.633827614192484
1726, 0.061017513275146484, 47.6419320463732
1727, 0.05888223648071289, 47.64712398324363
1728, 0.059693336486816406, 47.65798355681881
1729, 0.05582761764526367, 47.63044236799877
1730, 0.0657498836517334, 46.37895338806463
1731, 0.06523823738098145, 46.64118940621529
1732, 0.06207871437072754, 47.24190885543177
1733, 0.05498337745666504, 47.231368821960764
1734, 0.05608534812927246, 47.230300280235376
1735, 0.06116318702697754, 47.52618553545546
1736, 0.058159589767456055, 47.32357989838608
1737, 0.05824542045593262, 47.144740187533046
1738, 0.06033587455749512, 47.1676936781136
1739, 0.05352449417114258, 47.28142066670644
1740, 0.06884765625, 46.242222383303314
1741, 0.06844162940979004, 45.99236589344916
1742, 0.06840276718139648, 46.56673887703433
1743, 0.05839681625366211, 46.524379633791796
1744, 0.06693720817565918, 46.058368900176646
1745, 0.0669410228729248, 46.4585398288219
1746, 0.06179475784301758, 46.44997986343775
1747, 0.059599876403808594, 46.39774863984498
1748, 0.057845354080200195, 46.446107846101505
1749, 0.0577392578125, 46.37556682204398
1750, 0.07660079002380371, 45.97404106534875
1751, 0.07442593574523926, 45.945740735360864
1752, 0.07100868225097656, 45.98695990988364
1753, 0.07003426551818848, 46.036066329338716
1754, 0.06808781623840332, 46.07945345676584
1755, 0.0683140754699707, 46.1155399143476
1756, 0.059049367904663086, 46.13604182573888
1757, 0.06426572799682617, 46.170283910236726
1758, 0.052465200424194336, 46.10964666688296
1759, 0.05481839179992676, 46.106102289287165
1760, 0.0716397762298584, 45.84386637909556
1761, 0.06783366203308105, 45.80358691131376
1762, 0.06424236297607422, 45.80981685802405
1763, 0.06161332130432129, 45.791163541037974
1764, 0.05483579635620117, 45.77821874900506
1765, 0.052071571350097656, 45.815517035656626
1766, 0.05263781547546387, 45.876841121328766
1767, 0.06055426597595215, 45.85535628094074
1768, 0.060629844665527344, 46.08311512363623
1769, 0.05777239799499512, 46.147172519696966
1770, 0.06805920600891113, 46.045836584632525
1771, 0.07019472122192383, 46.050677641648186
1772, 0.0619354248046875, 46.132608490912126
1773, 0.05936622619628906, 46.2551639421475
1774, 0.05939984321594238, 46.521959282698106
1775, 0.05865812301635742, 46.561352556858786
1776, 0.0615696907043457, 46.74076339203395
1777, 0.06700944900512695, 46.86442103226925
1778, 0.06327652931213379, 47.077863499176445
1779, 0.05928921699523926, 46.22400726584172
1780, 0.07620763778686523, 46.67701469088794
1781, 0.0784146785736084, 46.38159351461076
1782, 0.0683755874633789, 46.86162379264525
1783, 0.06822347640991211, 46.686767413622434
1784, 0.06265830993652344, 46.78488395631699
1785, 0.056839704513549805, 46.42651314513984
1786, 0.06359314918518066, 46.52409751147944
1787, 0.06980586051940918, 46.62957488270341
1788, 0.06677103042602539, 46.66948286011265
1789, 0.06486320495605469, 46.40207287486816
1790, 0.08187222480773926, 46.01763682565264
1791, 0.07992887496948242, 46.06249758372314
1792, 0.07987141609191895, 46.181251032168845
1793, 0.07703065872192383, 46.15098645801456
1794, 0.07160592079162598, 46.114871888981526
1795, 0.06810450553894043, 46.087754560160846
1796, 0.06716680526733398, 46.23347893731199
