frame_no,mtp,psnr
0,220.40700912475586,46.182256063524896
1,225.4822254180908,45.934351375495794
2,230.48901557922366,45.93580031404357
3,224.31468963623047,46.01848793755353
4,222.38564491271973,46.02167669053779
5,218.7182903289795,46.06209520470458
6,213.31334114074707,46.59695170937894
7,201.7731666564941,46.60565477389622
8,190.33074378967285,46.87234023197949
9,186.9218349456787,46.31602528045349
10,172.50537872314453,45.31748616935687
11,161.3931655883789,45.44965253888264
12,173.2809543609619,45.35435412473959
13,176.09238624572754,45.88926528692682
14,175.50110816955564,47.36585794696258
15,167.29283332824707,47.501565167957175
16,164.76821899414062,47.52694120936603
17,166.33296012878418,47.40713126580935
18,164.60537910461426,47.42728358993403
19,176.23114585876465,47.38125514523836
20,206.15172386169436,47.6492623585143
21,214.62345123291016,47.4590653794796
22,223.7560749053955,47.51583862857048
23,238.9745712280273,47.39614236373878
24,250.25701522827148,47.41223913075779
25,258.17131996154785,47.3547941769416
26,269.0682411193848,47.24640049814632
27,271.5859413146973,47.254681021026535
28,269.63210105896,47.15306360867701
29,266.22843742370605,47.1527888210003
30,259.3002319335937,47.075194206992165
33,193.6931610107422,13.303033313591962
34,189.84508514404294,12.601096084713356
35,184.04889106750488,12.223442207498303
36,177.08468437194824,12.287344381255984
37,177.88290977478027,12.558442301104396
38,178.71856689453125,12.590098466807678
39,180.8629035949707,12.282107151861336
40,175.9953498840332,27.569176914787434
41,174.47471618652344,27.07289814874427
42,171.82397842407227,26.90069699762232
43,163.55299949645996,26.64551211589179
44,156.4173698425293,26.65219548126049
45,154.89768981933594,26.738302278211755
46,148.85926246643064,26.71841244814977
47,140.1996612548828,26.78219048256945
48,135.41007041931152,26.668488283574987
49,126.01566314697266,26.70086278576927
50,124.6194839477539,27.157301932498456
51,124.10879135131835,26.860750698156682
52,115.89646339416505,26.726680943339186
53,109.1926097869873,26.571592312774897
54,105.9129238128662,26.623243418610343
55,99.29704666137697,26.664770835360574
56,92.6527976989746,26.59489466290884
57,83.6482048034668,26.608909467850967
58,73.65560531616211,26.566752011523977
59,65.27590751647949,26.466065723737078
60,59.778690338134766,26.94842963843904
61,49.8659610748291,26.61918008608605
62,48.95186424255371,26.41422949343748
63,47.81675338745117,26.296760053004974
64,52.425384521484375,26.073241476656285
65,54.39043045043945,26.057116486890674
66,51.16581916809082,26.084593355320454
67,49.1487979888916,26.033706772624363
68,54.65841293334961,26.085299696943306
69,48.9656925201416,26.0639273584175
70,51.52392387390137,26.67491390274661
71,46.19789123535156,26.257844090163328
72,52.128076553344734,26.25420087565568
73,47.074317932128906,26.168449781083122
74,48.10595512390137,26.18220947484664
75,49.00693893432617,26.35496646994141
76,52.71625518798828,26.542240771041488
77,47.16300964355469,26.713575012699803
78,46.62919044494629,26.869589181698533
79,43.01738739013672,27.13041150184789
80,46.56791687011719,27.865517856159624
81,46.141862869262695,27.875556353978943
82,47.67298698425293,28.03023404021182
83,45.197486877441406,27.989059124818002
84,45.21012306213379,27.81230235647332
85,41.013479232788086,27.83370012447344
86,45.676231384277344,27.859641494941396
87,45.09782791137695,27.89741882581407
88,45.57228088378906,27.958628260623044
89,44.20685768127442,28.232572448109337
90,50.56262016296387,28.859649224804397
91,48.42567443847656,29.080953868643213
92,48.0656623840332,29.32099623659055
93,43.74217987060547,29.54256137013063
94,50.6441593170166,29.22360200398149
95,55.535078048706055,29.150973058855804
96,82.74388313293457,28.817796107503128
97,48.59733581542969,28.476157203630123
98,67.90900230407715,28.265224719900647
99,56.97822570800781,28.12861374114153
100,67.4142837524414,45.86314344244131
101,79.96487617492676,45.98494430284482
102,81.1913013458252,46.616689103986175
103,72.13330268859862,46.70839419236773
104,61.25235557556152,46.715421327108686
105,62.78252601623535,46.81359319206282
106,70.79386711120605,46.873237991008
107,53.533315658569336,46.792988164583214
108,54.42094802856445,46.657561277075864
109,51.72109603881836,46.7220222268087
110,62.021732330322266,47.06680762742959
111,54.500818252563484,46.93041412440167
112,67.0175552368164,46.888340080894935
113,58.51602554321289,47.12907166223719
114,63.86375427246094,47.40540831766169
115,50.82011222839356,47.61669761103276
116,54.81410026550293,47.667330276424295
117,52.7195930480957,47.711353597149156
118,48.552513122558594,47.71784600057088
119,51.94592475891113,47.710439034052285
120,62.319278717041016,47.97839951358144
121,56.364774703979485,47.873967461340676
122,53.518056869506836,47.88708494493658
123,53.00235748291016,48.06473958136095
124,55.339574813842766,48.173628085075066
125,52.059412002563484,48.16409639263704
126,48.48814010620117,48.121606378235846
127,54.7487735748291,47.94682973658792
128,45.81928253173828,47.778314670867616
129,53.85327339172363,47.703754567872636
130,59.9215030670166,46.8297610600424
131,65.22870063781737,46.843757248559605
132,52.43873596191406,46.82977554751318
133,49.67260360717773,46.95393688348703
134,58.45499038696289,46.99335001199722
135,58.27498435974121,47.10043173213949
136,50.6126880645752,47.17611112143118
137,60.778617858886726,47.18474759972405
138,51.72872543334961,47.28829540504039
139,54.35466766357422,47.330931125252675
140,185.333251953125,46.27318274722167
141,150.0108242034912,46.3923314991502
142,290.6036376953125,46.67488622743008
143,256.1132907867432,46.83722384661744
144,221.51732444763186,47.017231124851634
145,186.73157691955566,46.71256478869693
146,152.00042724609375,46.75795182865242
147,307.9142570495605,46.786999402234365
148,273.07748794555664,46.81130555149916
149,238.30604553222656,46.80885485142675
150,201.1079788208008,47.07278646081868
151,166.5048599243164,47.1232014437192
152,315.0303363800049,47.186281827622274
153,280.390739440918,47.048290773715394
154,246.366024017334,47.06379016923046
155,211.9581699371338,47.13208546695015
156,177.39629745483398,46.986932765370064
157,279.65354919433594,46.96040309994111
158,238.7087345123291,46.76253761805459
159,203.78947257995605,47.200789973706954
160,175.20475387573242,47.223599942946294
161,170.62759399414062,47.699892072703705
162,324.643611907959,47.76846809119362
163,289.8719310760498,47.711600809428454
164,254.96315956115723,48.07160030331454
165,220.31569480896,48.17224922427342
166,346.4646339416504,48.02671143820038
167,311.82312965393066,48.18918819965294
168,277.4839401245117,47.85018651743302
169,242.65241622924805,48.0222846656844
170,207.3497772216797,48.00110036860176
171,200.347900390625,48.09386584824627
173,331.1066627502441,16.624680710746972
174,296.2617874145508,16.045248134629965
175,261.14988327026373,14.919935373982444
176,226.2611389160156,14.137817879914286
177,191.4956569671631,13.442180417801044
178,382.8098773956299,13.066049858327858
179,348.60682487487793,12.606122272929912
180,314.1367435455322,29.292286381418236
181,280.2286148071289,28.448536500979248
182,246.0570335388184,28.19920208799372
183,211.9607925415039,28.13139959671414
184,403.1450748443604,28.1209911701118
185,368.9670562744141,28.10314584484136
186,334.8674774169922,27.98228128426301
187,300.5201816558838,27.916876050674272
188,266.1740779876709,27.83829725779289
189,231.1389446258545,27.703661769532317
190,196.25163078308105,28.53520179167857
191,309.3969821929932,27.815114109184666
192,275.5956649780273,27.70547031498371
193,241.92094802856445,27.53981725650188
194,208.23025703430176,27.45582626681431
195,192.2850608825684,27.413511561639794
196,246.35767936706546,27.27842005770407
197,211.90166473388672,27.249037498681894
198,177.45399475097656,27.203714109123478
199,165.16876220703125,27.176210911876378
200,334.5310688018799,27.757758643660626
201,299.9551296234131,27.06779155130301
202,265.5014991760254,27.05553933841433
203,230.7379245758057,27.20544442054437
204,196.1853504180908,27.26471297337305
205,389.5621299743652,27.090322665317448
206,355.010986328125,27.087688676651567
207,320.4987049102783,27.174082607812124
208,285.9938144683838,27.28995023020915
209,251.2829303741455,27.034586609739954
210,215.6209945678711,27.28592122099158
211,274.8281955718994,26.670215720244716
212,240.2927875518799,27.05562588829451
213,225.6331443786621,27.09876976698929
214,398.3614444732666,28.62261662297495
215,363.9266490936279,28.75139691647073
216,329.5309543609619,29.227338770642074
217,295.0246334075928,28.980543478927174
218,260.6332302093506,28.840220982083764
219,226.1650562286377,28.796090945685396
220,190.78850746154785,29.605437231316447
221,383.2108974456787,28.959206347606553
222,348.7436771392822,28.672930684161066
223,314.2561912536621,28.411542900849234
224,279.74867820739746,28.246262992896572
225,245.1598644256592,27.268519787427604
226,210.25490760803225,26.591707714518556
227,400.8364677429199,26.405916034604502
228,366.208553314209,26.375708544248727
229,331.5134048461914,26.32723844024889
230,295.38607597351074,27.13926790685493
231,260.9105110168457,26.69995051906609
232,226.0565757751465,26.835493115423922
233,205.9633731842041,27.075194026320077
234,384.24181938171387,27.014414838398643
235,350.008487701416,26.988649100793328
236,315.64950942993164,26.86947821034369
237,281.2700271606445,26.751475005135887
238,246.8869686126709,26.810968701719407
239,212.5861644744873,26.90258074333912
240,400.2232551574707,27.509477230182753
241,365.9179210662842,27.023750351357254
242,331.62784576416016,26.985876291989943
243,297.2984313964844,26.90370211926218
244,262.96091079711914,27.01430731134586
245,228.0890941619873,26.97221496732123
246,193.42803955078125,27.10286855575499
247,213.97805213928225,27.176279670441232
248,205.87849617004395,27.254527368977108
249,199.57566261291504,27.328774516262023
250,191.7126178741455,27.944361043226493
251,186.81097030639648,27.59653767757369
252,176.0237216949463,27.510813036287807
253,170.66717147827148,27.625772186067465
254,164.96944427490234,27.732395491927146
255,154.9081802368164,27.700804828229767
256,147.4771499633789,27.63808688132319
257,140.64979553222656,27.75620811757806
258,138.37909698486328,27.725423821807947
259,126.79076194763186,27.705865819672827
260,120.08166313171388,27.923350704655718
261,116.49441719055174,27.436364825313486
262,108.86359214782716,27.52296240472466
263,104.86006736755373,27.618536223806768
264,101.73583030700684,27.740065333510408
265,94.2075252532959,27.82171508627625
266,88.5014533996582,27.914411196133557
267,86.0128402709961,27.83374732085032
268,79.48088645935059,28.05174211027307
269,71.57063484191895,27.87189627055168
270,68.39227676391603,28.286987914731718
271,60.442209243774414,27.68464112518065
272,60.81795692443848,27.687126039331666
273,58.10642242431641,28.032790795500578
274,52.52408981323242,28.07296438712601
275,59.8137378692627,28.43157204519721
276,50.13465881347656,28.67686934419697
277,47.1193790435791,29.006540600705122
278,49.97825622558594,28.998438631247893
279,47.395944595336914,28.843607039449676
280,48.834562301635735,29.344025920843624
281,50.48322677612305,29.097890354067488
282,46.0505485534668,29.32697592384559
283,43.717622756958015,29.390544926044964
284,46.19169235229492,29.327271849850195
285,46.76628112792969,29.371511957217702
286,42.48857498168945,29.488546848223205
287,44.26026344299317,29.531393389852838
288,42.817354202270515,29.49401178417259
289,51.38969421386719,29.544088534460176
290,52.63662338256836,29.977343103339358
291,48.766374588012695,29.845828862017843
292,50.4155158996582,30.103086134402695
293,52.23178863525391,30.11974490624247
294,45.93801498413086,30.121340108925448
295,43.72668266296387,30.085709431551678
296,42.29497909545898,29.999652810215515
297,49.22914505004883,29.95682231103428
298,44.84415054321289,30.022805580411905
299,46.399593353271484,30.11126149921045
300,71.85769081115723,47.68904336307863
301,69.83232498168945,47.5467882057121
302,60.74094772338867,48.18625343540436
303,51.97620391845703,48.40280010466815
304,54.73804473876953,48.31108482712103
305,50.02117156982422,48.15576082471366
306,44.101953506469734,48.01916520114765
307,46.73147201538086,47.96322804460225
308,46.52738571166992,47.80973546236173
309,51.477909088134766,47.72126959894993
310,64.32962417602539,47.263842976880376
311,65.33169746398926,47.12203244692922
312,54.95548248291016,47.17359582373106
313,62.05582618713379,47.06026408298837
314,53.401708602905266,47.24258421193068
315,51.96094512939453,47.430229469803315
316,62.72149085998535,47.487378196396726
317,58.35866928100586,47.512177769805355
318,49.10588264465332,47.3968433166595
319,62.67189979553223,47.503292257025365
320,75.1500129699707,47.11133127994501
321,71.53439521789551,47.01413669447803
322,66.28894805908203,47.25232910643035
323,66.62344932556152,47.07413001452099
324,59.82375144958496,47.083173551943375
325,57.11221694946289,47.16327484099958
326,56.44750595092773,47.09072745036992
327,55.1304817199707,46.98779711558689
328,51.57136917114258,47.05823651559422
329,54.081201553344734,47.12296064450085
330,80.54566383361816,47.12708375161146
331,72.23081588745117,46.963640355697116
332,72.2801685333252,47.46308997580864
333,58.644294738769524,47.29676919482651
334,61.766386032104485,47.27651761278439
335,56.55264854431152,47.29254922761846
336,60.4243278503418,47.368053705384796
337,53.33685874938965,47.22254690397853
338,51.509618759155266,47.25134262843895
339,71.74372673034668,47.2631185702724
340,85.6175422668457,47.20182309384914
341,79.18357849121094,47.26108607430739
342,70.97744941711426,47.15475173268641
343,67.4886703491211,47.15132320884091
344,61.349153518676765,47.237675335527726
345,52.752017974853516,47.351105507303885
346,56.23817443847656,47.35468790877113
347,55.94682693481445,47.39576923645949
348,53.7257194519043,47.402356430691796
349,64.61524963378906,47.25606892294947
350,77.42547988891603,47.617744004148655
351,69.46253776550293,47.3501546653765
352,60.30631065368652,47.311715986546965
353,61.97690963745117,47.2954649898842
354,56.91862106323242,47.40261854421637
355,50.81963539123535,47.35328214387288
356,58.2726001739502,47.36295188473096
357,47.69635200500488,47.44641633849679
358,50.189733505249016,47.37640303224058
359,59.97776985168458,47.23094659455613
360,84.15055274963379,47.45583452024349
361,78.93538475036621,47.113795848760354
362,74.80835914611816,47.05694148441726
363,67.34204292297362,47.02834549470982
364,59.18717384338379,47.008787937941065
365,60.605287551879876,47.16584454228217
366,62.88647651672362,47.203197022704536
367,79.89144325256348,47.17215340607522
368,71.27547264099121,47.05975614767933
369,88.52338790893555,47.001833191156656
370,89.08414840698242,47.5007221098812
371,88.6378288269043,47.30163288432972
372,78.01294326782228,47.45786219543182
373,72.21245765686035,47.307926808424476
374,66.31708145141603,47.478445301391666
375,55.378198623657234,47.62298658686979
376,59.18025970458984,47.59094860099893
377,58.57920646667481,47.29961111399784
378,49.99542236328125,47.08048619475378
379,56.57410621643065,46.9419655112826
380,71.50912284851074,46.72569317182271
381,62.18814849853516,46.70523053396906
382,50.10247230529785,46.847706639352204
383,51.625967025756836,47.05612921983928
384,51.75495147705078,47.194505243641565
385,56.09583854675293,47.55151198024554
386,50.709009170532234,47.43755828846256
387,85.85286140441895,47.4530050093256
388,50.92000961303711,47.60798023804328
389,119.84372138977052,47.67420773529498
390,108.98256301879884,46.997258799018724
391,105.45015335083008,46.84655650524132
392,98.61564636230467,47.49607373658715
393,90.73543548583984,47.23293153392936
394,81.21061325073242,47.094255271429326
395,80.2454948425293,47.04045830252201
396,68.58062744140625,47.24644036369948
397,65.52314758300781,46.82928248326472
398,55.86552619934082,47.007501636879645
399,59.0968132019043,47.641863428039066
400,67.13128089904785,47.39278713881936
401,58.789968490600586,47.24106921571804
402,49.41701889038086,47.1697735685364
403,54.884672164916985,47.17554855423065
404,63.54689598083496,47.0943361073921
405,58.21132659912109,46.94602599664724
406,47.74308204650879,46.83034318396325
407,55.416107177734375,46.99181583945773
408,49.95059967041016,47.0074617493077
409,59.969902038574226,47.226054248324346
410,67.74544715881348,46.60381246547208
411,63.14969062805176,46.64707158838824
412,53.6656379699707,46.74311458731317
413,67.39449501037598,46.95779435546319
414,64.15176391601562,47.09510494910072
415,52.26588249206543,47.35946144659295
416,67.2903060913086,47.4245604289596
417,55.28879165649414,47.32647944887351
418,49.051523208618164,47.51173521125348
419,50.07147789001465,47.43861120517249
420,91.25661849975586,47.064568367932566
421,89.46990966796875,46.306144569474725
422,84.72132682800293,46.409129675887016
423,81.9091796875,46.56694585822376
424,70.72877883911133,46.890969869910606
425,62.03484535217285,46.89676648189271
426,55.428504943847656,46.930050345362154
427,49.84140396118164,47.07288550292881
428,56.60820007324219,47.09189519472577
429,50.27437210083008,46.991513473724204
430,59.972524642944336,47.14020847102775
431,53.72905731201172,47.05997819157471
432,55.511474609375,47.196934148343026
433,52.0627498626709,47.19461835597167
434,55.008888244628906,47.19516651416718
435,52.60896682739258,47.118767896865634
436,61.26236915588379,47.219441388138286
437,53.1151294708252,47.093058305419255
438,52.931785583496094,47.111903809910594
439,65.77825546264647,47.027235863312704
440,85.09397506713867,46.76245814276888
441,82.72409439086914,46.74183311172668
442,63.3997917175293,46.788130282245255
443,61.944246292114265,46.89115353724634
444,55.689334869384766,46.88995406745028
445,50.314664840698235,46.887565559376405
446,56.06365203857422,46.972701381804114
447,50.375938415527344,46.943987311437844
448,50.60267448425293,47.08423283079897
449,51.535367965698235,47.04888770351853
450,65.95396995544434,46.784667347742605
451,53.780794143676765,46.56664683445061
452,58.67862701416016,46.66400751716782
453,49.488306045532234,46.631944740564784
454,54.407358169555664,46.61307711740457
455,49.245595932006836,46.579601635457585
456,48.006296157836914,46.57703706663806
457,47.384977340698235,46.31045379727131
458,52.908658981323235,46.556175490926286
459,58.37416648864746,46.46533792950755
460,80.53183555603027,46.682783564621104
461,71.33102416992188,46.48632454656828
462,65.58966636657715,46.41397583849623
463,63.257455825805664,46.31904324082707
464,59.16953086853027,46.42928804050675
465,57.1587085723877,46.32510066182057
466,57.42216110229492,46.24093545134261
467,59.054136276245124,46.15687007988048
468,53.84349822998047,46.16823295937027
469,55.80592155456543,45.92844230589199
470,73.99511337280272,45.97678833014964
471,60.8980655670166,45.93041839346835
472,66.89810752868652,45.96259641284154
473,60.63222885131836,45.91757414013785
474,61.40995025634765,45.9156437107721
475,59.91387367248535,45.87762103241048
476,69.89312171936035,45.95791006595029
477,59.935331344604485,45.991354371577465
478,51.17011070251465,46.027952391430226
479,58.32624435424805,46.10496496837995
480,68.27926635742188,46.07061208496712
481,60.236454010009766,45.906142445827896
482,62.069892883300774,45.775379921156684
483,54.66485023498535,45.81980241469533
484,53.22432518005371,45.97769738418143
485,50.93455314636231,46.020123244346216
486,59.40389633178711,46.13125142349917
487,53.796052932739265,46.30772211978872
488,59.308290481567376,46.396147417608034
489,57.82628059387208,46.4933995057566
490,76.91144943237305,46.660015622560216
491,72.57342338562013,46.629112429357846
492,66.39671325683594,46.65386397329453
493,65.25444984436035,46.70328821405428
494,55.486440658569336,46.63756491407693
495,59.45253372192383,46.485057849679855
496,68.5429573059082,46.50812219269067
497,59.17453765869141,46.46946238173666
498,54.92854118347168,46.45636858123279
499,61.640262603759766,46.40092754338692
500,76.48086547851562,46.43024879478279
501,66.2236213684082,46.418072484164675
502,60.075998306274414,46.44349780590111
503,52.85358428955078,46.354304581496564
504,52.659273147583015,46.39697020069021
505,50.25315284729004,46.298036961374045
506,56.84137344360352,46.348281805668144
507,55.186986923217766,46.41872292159359
508,50.08435249328613,46.3816457828294
509,53.80105972290039,46.392800761009845
510,67.58809089660645,46.49801613783144
511,64.41044807434082,46.520268248254546
512,57.26265907287598,46.56534967980275
513,68.06111335754395,46.540740278145456
514,56.855440139770515,46.438055956848494
515,55.41849136352539,46.58286569092355
516,60.18233299255371,46.64941478109797
517,53.861379623413086,46.666558695347646
518,54.692983627319336,46.730980844797536
519,63.490867614746094,46.74595272546314
520,74.53775405883789,46.48566342809903
521,67.49534606933594,46.47384196639943
522,58.12644958496094,46.555066020103595
523,63.99798393249513,46.42792985131773
524,60.53972244262695,46.46966763566723
525,51.69939994812012,46.552329015732795
526,50.623178482055664,46.54877887026455
527,54.47220802307129,46.855637031778755
528,52.31857299804688,46.83049273772809
529,51.07975006103516,47.10831914963946
530,67.54946708679199,46.47552884596755
531,56.4262866973877,47.07697008394777
532,52.41703987121582,46.98185851394447
533,49.7136116027832,47.02761599792628
534,65.41132926940918,46.861220909183245
535,58.95423889160156,46.87994727048113
536,67.48723983764647,46.69831573365612
537,54.02398109436035,46.64005057678818
538,53.5273551940918,46.76752556329195
539,52.45518684387207,46.818471915160636
540,56.69593811035156,46.64864647951085
541,74.89323616027832,46.565067804419705
542,66.98822975158691,46.56600259097866
543,60.15729904174805,46.63555959553337
544,52.25181579589844,46.730170671736424
545,59.550046920776374,46.846948680256716
546,51.64623260498047,46.96530339435775
547,47.765254974365234,47.07626249367575
548,59.801816940307624,46.981427711586846
549,50.80723762512207,46.915320415660496
550,67.76618957519531,47.36231194625206
551,54.46672439575195,47.295907937835686
552,57.862520217895515,47.35119710245729
553,49.6211051940918,47.37329053033494
554,50.94075202941895,47.296006440854576
555,47.86539077758789,47.26969411461776
556,50.599336624145515,47.20803375501186
557,51.55134201049805,47.24215691014821
558,55.32026290893555,47.23997724432245
559,51.8949031829834,47.26127008005589
560,67.1546459197998,47.23344082817873
561,58.06040763854981,47.16391963834954
562,52.026033401489265,47.192879227789184
563,49.71170425415039,47.06263268598342
564,174.18766021728516,47.079420704906035
565,139.4052505493164,46.99426292992689
566,279.83880043029785,46.87992423994947
567,244.858980178833,46.87087850468518
568,209.81645584106445,46.76446839726529
569,174.44491386413574,46.745593416313724
570,136.03878021240234,46.75325750744033
571,283.71620178222656,46.68744234262556
572,248.8157749176025,46.694726530529366
573,213.96803855896,46.233415342521894
574,178.96127700805664,46.496350690667896
575,147.03941345214844,46.35137649515709
576,299.0806102752685,46.44065799697
577,264.2998695373535,46.38522671989403
578,229.6135425567627,46.547584496403324
579,192.9488182067871,46.437031553481226
580,155.88951110839844,46.65892009877504
581,254.8680305480957,46.600576807709906
582,220.32570838928225,46.606119650370786
583,185.7764720916748,46.33067114576571
584,158.89191627502439,46.40734773472793
585,144.10972595214844,46.36652732075804
586,308.6533546447754,46.396026612271655
587,273.9274501800537,46.472223406936386
588,239.20369148254395,46.51012094410882
589,204.45680618286133,46.5727502169391
590,291.8562889099121,46.567564425507534
591,257.13419914245605,46.632880683985796
592,222.41783142089844,46.62567225539514
593,217.73123741149905,46.5962181288485
594,381.6075325012207,46.672792741329076
595,346.9083309173584,46.76973769073261
596,312.2720718383789,46.8259928547036
597,277.6799201965332,46.64276414774024
598,242.97118186950686,46.658471421756936
599,208.3890438079834,46.61098713234849
600,396.7051506042481,46.786054751350896
601,361.92750930786127,46.75634290916653
602,327.1934986114502,46.759329195270396
603,292.6163673400879,47.09799894987242
604,257.98773765563965,47.16493955231577
605,223.26421737670896,47.13078098417214
606,188.56096267700195,47.205137725886644
607,382.9925060272217,47.176686091096705
608,348.3750820159912,47.25191453028994
609,313.7824535369873,47.11202307348103
610,277.5876522064209,46.71484785350545
611,242.9828643798828,46.57705122327596
612,207.9720497131348,46.49619160798374
613,317.48533248901373,46.4432355627561
614,282.8123569488525,46.243907539293936
615,247.8628158569336,45.674690136674435
616,213.03582191467285,46.15452869593198
617,202.5461196899414,46.39664425317571
618,250.98824501037603,46.57921089505025
619,216.09234809875488,46.714871536768506
620,182.03282356262207,33.785206943588605
621,170.7172393798828,33.42723927739932
622,336.5862369537353,33.266781590226685
623,302.1562099456787,33.53867507353143
624,267.84682273864746,33.59952542252641
625,233.227014541626,33.63273707881094
626,199.00131225585935,33.55281087623218
627,206.48622512817386,33.54194275765053
628,357.09190368652344,33.557837136140606
629,322.5982189178467,33.41882830122182
630,285.80665588378906,33.783565451730574
631,251.0838508605957,32.957997191319706
632,216.3848876953125,32.64740330295486
633,273.5941410064697,32.48583182484913
634,240.3364181518555,32.35453986302709
635,231.6257953643799,32.3251337800708
636,397.5036144256592,32.24312643298405
637,363.25502395629877,32.28806379894071
638,328.89771461486816,32.32702829861661
639,294.400691986084,32.385323597622794
640,257.59172439575195,33.752154772800004
641,223.08039665222168,32.686645462789016
642,188.61889839172366,32.694265187212785
643,381.7105293273926,32.80766897372082
644,347.4087715148926,32.756237054421575
645,313.0455017089844,32.776301781692794
646,278.5191535949707,32.76167549428283
647,244.08888816833496,32.71893156987578
648,209.69581604003906,32.88048770624773
649,400.8033275604248,33.040787808484986
650,365.68784713745123,31.82597895939245
651,331.5443992614746,31.409173764770685
652,297.3809242248535,31.174807497213692
653,263.2009983062744,31.071486354312352
654,229.15434837341311,30.993777735476943
655,195.16420364379886,30.86741405991579
656,388.4484767913817,30.83147244856644
657,354.2001247406006,30.74909213073647
658,320.2288150787353,30.704999085528737
659,286.2086296081543,30.534287350177852
660,251.29365921020508,30.874244070525265
661,217.30256080627439,30.406164045734663
662,410.64453125,30.190586348248395
663,376.5239715576172,30.296354098924716
664,342.3275947570801,30.496641610955262
665,308.1669807434082,30.76772891824216
666,274.3048667907715,30.81250341880105
667,239.8791313171387,30.749404816530372
668,205.52587509155276,30.851978849487963
669,222.71966934204104,30.93501539103077
670,214.19119834899905,31.78280509563511
671,209.43188667297366,31.170927934121533
672,237.1010780334473,30.922484959939663
673,203.78804206848145,30.891849519062628
674,208.79864692687988,30.80413847346046
675,195.75023651123047,30.693536129485807
676,187.8654956817627,30.62922200363621
677,180.09448051452634,30.47538164980033
678,177.77776718139648,30.468943442229172
679,172.9726791381836,30.7151711200596
680,166.245698928833,31.29006146616673
681,160.44068336486814,30.800003165996475
682,149.37663078308105,30.566537209758174
683,148.17333221435547,30.534616080122184
684,139.0542984008789,30.537940463739105
685,142.95458793640134,30.556435432597826
686,123.71039390563965,30.541634064281627
687,118.6826229095459,30.51345011819989
688,107.58447647094728,30.606248440706786
689,99.3633270263672,30.637799933359947
690,85.14404296875,30.950864632732795
691,71.17342948913574,30.83555823614222
692,61.62595748901367,30.607304132167496
693,53.27796936035156,30.603206646966328
694,40.198087692260735,30.47662463815311
695,49.4227409362793,30.484345490159825
696,42.51408576965332,30.491626902263217
697,42.10638999938965,30.36999443663199
698,39.697885513305664,30.37959935545713
699,40.508508682250984,30.503975058753102
700,40.15183448791504,30.92647289523118
701,47.835111618041985,30.53443601807579
702,39.87622261047363,30.940303406134426
703,38.709163665771484,30.551794008889946
704,40.55213928222656,30.40648826499677
705,39.1845703125,30.326224932218505
706,38.76328468322754,30.327797312972606
707,40.50064086914063,30.184137869031353
708,39.45255279541016,30.024231967228225
709,41.18680953979492,29.897300480380892
710,42.67120361328125,28.413816458310052
711,38.682222366333015,28.149556147126376
712,37.611961364746094,27.95556079465747
713,38.33198547363281,27.797385099045602
714,37.96863555908203,27.80121207818892
715,38.65766525268555,27.97564418909685
716,36.04292869567871,28.063424792493638
717,43.079137802124016,28.15109173516924
718,37.05787658691406,27.997582033165788
719,41.11456871032715,27.800722812026034
720,53.13801765441895,28.5231564196736
721,46.83375358581543,27.997901534491078
722,39.86930847167969,27.747880560912037
723,39.78061676025391,27.543792335062466
724,38.77425193786621,27.531598059101853
725,41.57733917236328,27.45393007328939
726,40.32206535339356,27.44739630153414
727,39.330720901489265,27.42023456035474
728,39.08348083496094,27.516430937073785
729,46.03290557861328,27.68388841067245
730,50.48966407775879,28.795691044528546
731,50.035953521728516,27.94137815988986
732,57.12461471557617,27.829084764353357
733,49.19910430908203,27.782256463130675
734,43.19667816162109,27.66492114602263
735,41.187047958374016,27.53567770255568
736,37.08481788635254,27.47919780860293
737,40.139198303222656,27.355190404971967
738,39.333105087280266,27.18936805313548
739,46.03362083435058,27.29858735926327
740,74.79023933410645,48.11968055159548
741,67.14749336242676,48.24567580692605
742,58.974027633666985,48.18235762817615
743,58.5174560546875,48.15270190509453
744,59.0670108795166,48.20734727570021
745,53.81083488464356,48.265429601628284
746,49.29685592651367,48.215930626006156
747,55.23872375488281,47.71675363359447
748,47.18780517578125,47.70928327139178
749,56.657075881958015,47.74189806132433
750,69.25249099731445,47.05620825904872
751,66.55192375183105,47.13075880247905
752,58.217763900756836,47.195484522654546
753,56.98800086975098,47.26406083707028
754,46.06890678405762,47.387397926603136
755,47.194480895996094,47.40919012787381
756,51.93376541137695,47.31131477934519
757,64.94355201721191,47.310841356272476
758,54.09836769104004,47.29058748717878
759,64.48793411254883,47.4723488472541
760,76.28011703491211,47.018211217452276
761,71.03753089904785,47.03937543693725
762,63.9646053314209,47.251415038567046
763,61.75923347473145,47.163013373342544
764,52.196741104125984,47.11523945544521
765,53.457021713256836,47.15001015068872
766,52.05059051513672,47.18210665053806
767,50.429105758666985,47.22883493864386
768,44.70205307006836,47.467987826890926
769,57.114839553833015,47.36903014974917
770,69.82946395874022,47.12976129794377
771,64.19873237609862,47.024234401884364
772,58.149099349975586,47.00454232709639
773,56.32209777832031,47.12342952333664
774,52.854299545288086,47.08231304380084
775,52.71172523498535,47.508798273995026
776,48.547983169555664,47.537975405725355
777,58.15362930297852,47.381581788986026
778,52.68597602844238,47.28300723945093
779,51.957130432128906,46.944267793046244
780,60.21738052368164,46.72736607132421
781,63.79079818725586,46.795452511783296
782,47.22094535827637,46.87853635246636
783,46.10157012939453,46.9840699956751
784,49.84474182128906,47.05386767268217
785,48.53558540344238,47.03712693679222
786,52.41084098815918,47.124970481741066
787,50.4450798034668,47.11584289596266
788,51.815032958984375,47.0626812722374
789,54.13222312927246,46.88910949528344
790,62.66593933105469,46.86467242888254
791,57.413816452026374,46.501030423492075
792,50.42576789855957,46.21015710738346
793,44.73328590393066,46.25449901973332
794,46.047210693359375,46.196563846333675
795,48.34961891174317,46.25478999574731
796,47.11198806762695,46.19902421279438
797,47.204256057739265,46.491478313804556
798,50.5673885345459,46.527125616880205
799,56.304931640625,46.49602246923215
800,64.42523002624513,46.402999956596176
801,65.62137603759766,46.47876283035694
802,52.90317535400391,46.599676260608405
803,50.27937889099121,46.583625864347
804,58.672904968261726,46.6155428900269
805,55.3896427154541,46.636896701631066
806,50.24266242980957,46.59459988436949
807,54.68964576721192,46.55538367674853
808,50.83322525024414,46.487720252886845
809,62.28995323181152,46.36076716939215
810,75.78778266906737,45.98269717968917
811,68.57013702392578,45.99643312965853
812,59.0670108795166,46.05898756260474
813,56.20741844177246,46.11410523486468
814,47.53398895263672,46.23502760001608
815,45.693635940551765,46.3326452306045
816,47.882080078125,46.21373089562139
817,50.177812576293945,46.213255896595896
818,45.25136947631836,46.23127846757993
819,47.68514633178711,46.201466721983735
820,70.09482383728027,46.2324525139204
821,65.02556800842285,46.29591473167561
822,57.254791259765625,46.32905757473733
823,56.17785453796387,46.36344366245122
824,47.399282455444336,46.33590473379925
825,48.259973526000984,46.351818177812994
826,51.230430603027344,46.55693052060987
827,46.477079391479485,46.57877184246377
828,47.62482643127442,46.66661400989024
829,50.05097389221192,46.68257899122858
830,57.91306495666504,46.77576451318009
831,53.862333297729485,46.75331546248053
832,50.49872398376465,46.6919587538476
833,50.34470558166504,46.636325585227176
834,47.75428771972656,46.664633092162674
835,57.15632438659667,46.74306589751563
836,45.754432678222656,46.857247759963094
837,45.21369934082031,46.780413665667375
838,45.739412307739265,46.440625355405224
839,52.53458023071289,46.410371597612716
840,64.27741050720215,45.988970484075615
841,54.90446090698242,45.967134683016354
842,48.26068878173828,45.99887196794197
843,46.18406295776367,45.94215676152349
844,50.85611343383789,45.99106601794489
845,65.2613639831543,46.12330611338892
846,53.87067794799805,46.180097427025615
847,50.25458335876465,46.24816628500977
848,55.88102340698242,46.02129568617382
849,59.61704254150391,46.08766689544253
850,71.23374938964844,46.13903652664625
851,66.08128547668457,46.22339974409264
852,57.08718299865723,46.22450234640576
853,53.2839298248291,46.21687986332944
854,57.26051330566406,46.43100962134996
855,50.62389373779297,46.55864172681406
856,48.14481735229492,46.7800080151981
857,61.014890670776374,47.244491366596705
858,55.73844909667969,47.27567698950789
859,56.28824234008789,47.27410914010002
860,76.05767250061035,47.017347276423514
861,68.32385063171388,47.07601552142815
862,59.40485000610352,47.09506644878231
863,57.38973617553711,47.0571045007801
864,52.523136138916016,47.10327197709992
865,52.5972843170166,47.05393468473788
866,53.03478240966797,46.990144229948655
867,51.34320259094238,47.06284341232191
868,49.138545989990234,47.21860438290496
869,53.02262306213379,47.11956928508791
870,81.13908767700195,46.80822308554153
871,72.1750259399414,46.88147802779262
872,65.02938270568848,46.826262716242724
873,55.50694465637207,46.72754092676896
874,57.553291320800774,47.12653525511712
875,53.730010986328125,47.11258023234314
876,54.2902946472168,47.05036922746939
877,62.11757659912109,47.44102691418513
878,54.41617965698242,46.96673744919928
879,56.329011917114265,47.10929297936457
880,74.48935508728027,47.34218453441669
881,76.42316818237305,47.16544261178576
882,64.73946571350098,47.03245939858071
883,61.45453453063965,47.01732566659352
884,56.299686431884766,46.86117765224943
885,52.1702766418457,46.88627534650874
886,52.17671394348145,46.81917278878418
887,59.53264236450195,46.74201818475903
888,54.541349411010735,46.66833509260204
889,57.36470222473145,46.59242568976122
890,99.63345527648926,46.760765053396256
891,92.68474578857422,46.72015562822381
892,90.15965461730956,46.88234468398508
893,94.5439338684082,46.928498140285676
894,79.69498634338379,46.89374774952447
895,66.19739532470703,46.91751093640943
896,59.39531326293945,46.88463181088903
897,48.558712005615234,46.966350859130614
898,47.02925682067871,47.057273520861436
899,52.036046981811516,46.79860092473261
900,80.12962341308594,46.71860452451255
901,75.8814811706543,46.93384266304046
902,67.61550903320312,46.93063335967328
903,64.75400924682617,46.99227614174433
904,62.497377395629876,47.06288599556999
905,56.24771118164063,46.52598060297861
906,64.18490409851074,47.16549403892561
907,50.86350440979004,47.19590162749215
908,55.68742752075195,47.294727803474366
909,65.53030014038086,47.17874057630976
910,90.19136428833008,47.33014957518353
911,86.29941940307617,47.21231757137456
912,83.50872993469237,47.21152713364748
913,78.08423042297362,47.276425285357455
914,70.76191902160645,47.29953962537454
915,59.64994430541992,47.35504934794694
916,63.6446475982666,47.33937921104783
917,56.49471282958984,47.314204992969316
918,52.77585983276367,47.367533649464455
919,51.9564151763916,47.29757126796002
920,64.05091285705566,47.24602065473034
921,56.81967735290527,47.20872080133084
922,51.83672904968262,47.176815553830515
923,49.6370792388916,47.122502886021884
924,52.01029777526856,47.12780798390376
925,46.98801040649414,47.105885254555524
926,50.261735916137695,47.025868845015275
927,43.5943603515625,47.041722892529286
928,45.30048370361328,47.0921793475531
929,48.8588809967041,47.06449900701955
930,64.50295448303223,47.366064593695704
931,56.57100677490234,47.38609327722411
932,54.46338653564453,47.383539816458
933,49.84307289123535,47.36318939960357
934,54.86917495727539,47.42702295203942
935,50.55975914001465,47.362726667108966
936,54.52442169189453,47.403807699277394
937,54.185152053833015,47.55347297608725
938,50.36711692810058,47.52630155079972
939,47.269344329833984,47.51129451376357
940,65.22512435913086,46.83290079653588
941,61.72800064086914,46.71199521710996
942,57.336091995239265,46.70468354028677
943,53.231239318847656,46.61052862171567
944,57.28054046630859,46.53066872417579
945,58.583498001098626,46.43693182060694
946,54.05569076538086,46.344023265235386
947,56.23626708984375,46.30820435259375
948,61.043977737426765,46.250589957228826
949,56.45585060119629,46.288696300203675
950,75.59061050415039,46.37695861227792
951,64.93639945983888,46.36080107402016
952,59.099435806274414,46.35523868357875
953,53.0545711517334,46.36314624449786
954,54.25238609313965,46.36953033112914
955,52.436113357543945,46.411479950938165
956,52.77085304260254,46.47629430844278
957,52.148103713989265,46.40166871605203
958,57.375669479370124,46.432551034031206
959,57.938814163208015,46.24214736205491
960,76.73120498657228,46.122773190594756
961,74.9654769897461,45.98954607946681
962,68.76969337463379,45.931408247074906
963,66.72906875610353,45.831967610101565
964,65.35887718200684,45.84589551392283
965,63.8422966003418,45.840549630890386
966,57.221651077270515,45.849701873175924
967,70.29914855957031,45.827437301938325
968,764.3375396728516,45.88269782351199
969,751.4739036560059,45.96763611695821
970,750.2129077911377,45.886122290539795
971,739.513635635376,45.82187653817886
972,732.7957153320312,45.85834593569288
973,729.3033599853516,45.83766854416705
976,784.3387126922607,13.312266631073962
989,318.0625438690185,13.101712676067887
992,209.99765396118164,12.361872942417769
993,173.78759384155273,9.498413699495435
994,152.2977352142334,9.41954842520368
995,281.5701961517334,9.648957925675724
996,246.08826637268064,9.418500835356207
997,210.6947898864746,9.385105669935667
998,175.15945434570312,9.21398461870637
999,166.75972938537598,9.709955455576472
1000,286.99421882629395,46.51283098775572
1001,251.8539428710937,46.30663213143093
1002,215.9531116485596,46.225987026307045
1003,180.13215065002439,46.29092834808743
1004,170.67408561706546,46.34153210408129
1005,307.7883720397949,46.383417674167575
1006,272.6883888244629,46.389779284494345
1007,237.5526428222656,46.3857223076254
1008,198.69112968444824,46.366911478596144
1009,163.47718238830564,46.358665599222384
1010,253.50522994995123,45.66498684884112
1011,219.42901611328125,45.65795280604214
1012,206.63070678710935,45.694133312969335
1013,184.08703804016116,45.779139574101116
1014,343.88017654418945,45.81490015160521
1015,308.3579540252685,45.894858412159216
1016,273.4904289245605,45.91541567153455
1017,239.19463157653811,45.93141539940938
1018,204.6375274658203,45.95342412901986
1019,329.4086456298828,45.98692922781304
1020,292.82426834106445,47.00380389174996
1021,258.8381767272949,47.001055387488506
1022,223.73628616333008,46.99337580104101
1023,226.44948959350586,46.965048239882634
1024,385.0529193878174,46.95895567689825
1026,313.5063648223877,11.422110258550262
1027,278.50866317749023,11.200841264355665
1028,242.8863048553467,10.407516339924417
1029,207.3225975036621,10.032374838901845
1030,400.571346282959,46.12725626520379
1031,366.6493892669678,46.30997039655215
1032,331.73179626464844,46.46973478581075
1033,297.15585708618164,46.38654778992482
1034,262.5787258148193,46.45242113613463
1035,264.57977294921875,46.57211043116582
1036,425.3585338592529,46.601416668670254
1037,392.68016815185547,46.7538711583955
1038,358.20984840393066,46.715017670397614
1039,322.5367069244385,46.922854633717996
1042,299.6246814727783,12.310715552746231
1043,265.2575969696045,11.541423611693153
1044,231.1885356903076,11.22424336905686
1045,217.92984008789065,10.84747799550176
1046,266.9508457183838,10.92523930752748
1048,191.39432907104487,11.44526827026025
1049,155.57265281677246,11.403493891394348
1052,272.4592685699463,10.825418862272713
1053,236.8392944335937,10.803886181138456
1054,201.06959342956546,10.627594798751156
1055,399.16157722473145,10.109619635022934
1056,363.5468482971192,10.09425936990551
1057,328.4406661987305,9.923023134356347
1058,293.1151390075684,9.759460774245817
1059,257.6014995574951,9.770883920130448
1060,225.07357597351074,31.935758401103417
1061,264.55259323120123,31.116041143273765
1062,231.25791549682614,31.224455507791305
1063,222.60832786560056,31.2211817769335
1064,389.0841007232666,31.39201212049472
1065,354.6149730682373,31.308221770287236
1066,320.42598724365234,31.57179098540391
1067,285.8147621154785,31.56188643299036
1068,251.68967247009277,31.676219938646646
1069,217.70977973937988,31.68165484966725
1070,408.5731506347656,32.742851778551284
1071,374.24635887146,31.85851773286071
1072,340.1637077331543,31.76401319760345
1073,305.6039810180664,31.41715696050188
1074,270.7593441009521,31.06021440797819
1075,236.3755702972412,30.941532463271233
1076,201.5516757965088,30.856898220949965
1077,393.3753967285156,30.79815560208436
1078,358.5770130157471,30.552018608343054
1079,324.24235343933105,30.4691471355968
1080,287.86301612854004,31.47319011587223
1081,253.89528274536127,30.74866301382063
1082,220.1080322265625,30.97897258324158
1083,185.86444854736328,31.121327704057478
1084,329.10919189453125,31.4861129676429
1085,296.3898181915283,32.32188937177132
1086,262.176513671875,32.332084428925924
1087,227.7393341064453,32.115271797216614
1088,193.6578750610352,32.06615048212114
1089,183.16197395324707,32.11366004260415
1090,348.04224967956543,33.25316819849189
1091,314.2082691192627,32.465787418063215
1092,280.23409843444824,32.20888855442861
1093,246.0246086120605,32.158202096404764
1094,211.64298057556152,32.159865283287445
1095,219.08259391784668,31.881374554629
1096,219.73657608032227,31.72219114050105
1097,212.6779556274414,31.44043637026409
1098,206.72273635864255,31.424588898277374
1099,201.6592025756836,31.290952579748723
1100,195.3730583190918,32.34724886283787
1101,188.35902214050293,31.492861743382978
1102,197.1886157989502,31.001223387593914
1103,178.4048080444336,30.65913541808477
1104,170.1831817626953,30.680384267198235
1105,159.73687171936035,30.65448490830089
1106,161.61179542541504,30.66378390780013
1107,171.9374656677246,30.861446173718413
1108,147.3541259765625,30.93976120993264
1109,152.9526710510254,30.8704833965318
1110,153.66911888122561,31.895688245839338
1111,144.63472366333008,30.26904219423952
1112,136.74664497375488,30.419352725723964
1113,126.70707702636719,30.309295257802066
1114,120.73159217834473,30.432488270886537
1115,112.81347274780272,30.452597345206183
1116,122.14016914367674,30.18570484378566
1117,104.9642562866211,30.25939862927805
1118,97.81718254089357,29.900322216032386
1119,92.70143508911133,29.950799526640917
1120,84.34534072875978,28.878775848598064
1121,75.9115219116211,28.18194016003537
1122,66.23506546020508,28.37125459951451
1123,55.92203140258789,28.578409860081557
1124,50.33564567565918,28.576818095879393
1125,52.79970169067383,28.70340944882318
1126,47.762155532836914,28.94296238994113
1127,51.74875259399414,29.23198384333281
1128,53.194522857666016,29.31362104572177
1129,54.401159286499016,29.25889647373792
1130,50.16350746154785,29.83013510785292
1131,49.24702644348145,28.962942721256475
1132,48.085927963256836,28.847484130499
1133,48.002004623413086,28.70764182348964
1134,47.28078842163086,28.44816659591016
1135,49.000024795532234,28.220409846519818
1136,47.791242599487305,28.49302258166495
1137,45.258522033691406,29.18797768888032
1138,48.953771591186516,29.34244678801321
1139,45.75777053833008,29.810248787490128
1140,48.37608337402344,30.5742170950607
1141,49.348115921020515,30.57340877103348
1142,48.00581932067871,30.931626214159422
1143,51.81550979614258,31.05326435384243
1144,46.69666290283203,30.99612331453905
1145,43.7772274017334,31.040384614968467
1146,45.72582244873047,31.018696627305285
1147,48.69771003723145,31.07124360555327
1148,46.79155349731445,31.053717889819826
1149,45.775651931762695,31.12446941098513
1150,49.13043975830078,34.31644779849567
1151,53.99608612060547,33.26051981394246
1152,55.54986000061035,33.08796058995499
1153,48.70152473449707,33.18367433902876
1154,47.260046005249016,32.879566824014496
1155,67.47674942016603,32.9005892671386
1156,48.196077346801765,32.68570224583042
1157,90.21902084350586,32.62271759505849
1158,85.69169044494629,32.71300688713174
1159,80.02638816833496,32.33761765650301
1160,74.97596740722656,33.309314877333065
1161,66.00403785705566,32.51403362807084
1162,57.67917633056641,32.500744965208185
1163,48.641204833984375,32.17745645070538
1164,42.33169555664063,32.2290289600457
1165,45.44138908386231,31.778844840000573
1166,43.056488037109375,31.701760409093104
1167,46.88739776611328,31.601212082331838
1168,39.66712951660156,31.65436886096187
1169,45.79854011535645,31.742812851925077
1170,52.95729637145996,32.860901035417285
1171,52.56509780883789,31.971214550164014
1172,50.97150802612305,31.924968993408203
1173,50.709009170532234,31.86710978212513
1174,52.49595642089844,31.817652092522007
1175,49.14116859436035,31.78322969007045
1176,43.90883445739746,31.538262155532106
1177,41.23663902282715,31.60780197001861
1178,41.57161712646485,31.607385292105064
1179,58.504819869995124,31.59396269355275
1180,75.32835006713867,46.26898126243965
1181,67.50917434692383,46.235963922361215
1182,64.87727165222168,46.154702761084394
1183,57.59835243225098,46.025929713240366
1184,52.24442481994629,45.89978540902965
1185,52.7493953704834,45.76653551236706
1186,61.72347068786621,46.02101392767062
1187,51.090240478515625,45.90508933270357
1188,55.97877502441406,46.01337047532782
1189,56.27703666687012,46.06874704688154
1190,66.91336631774902,45.65878565307021
1191,62.9427433013916,45.87257133722047
1192,54.452180862426765,46.005285096069315
1193,58.956146240234375,46.09647578906268
1194,55.70411682128906,45.94407327530533
1195,51.438093185424805,46.06315456493721
1196,56.954622268676765,46.04064280663785
1197,57.51395225524902,46.05509855905314
1198,52.1848201751709,46.170501283352394
1199,58.45236778259277,46.1150733391609
1200,74.47576522827147,46.11871949041604
1201,69.00477409362793,46.229395876916044
1202,58.9599609375,46.358170768410346
1203,53.39980125427246,46.34355184236192
1204,58.477163314819336,46.32929871915628
1205,55.9539794921875,46.209401257527894
1206,56.01239204406738,46.25067418084085
1207,56.38790130615234,46.62996326297822
1208,53.569555282592766,46.431910325323
1209,68.18866729736328,46.376134018268644
1210,80.75451850891112,46.4343008344427
1211,74.04899597167969,46.45118562752571
1212,73.42648506164551,46.46239204712594
1213,65.40727615356445,46.428196360679884
1214,64.70441818237305,46.47195847055705
1215,53.650617599487305,46.411912280716564
1216,54.525136947631836,46.376175966699506
1217,50.4763126373291,46.429850027644704
1218,62.306642532348626,46.249650929304984
1219,59.21339988708496,46.28025414333617
1220,87.81147003173828,46.17657657146015
1221,80.03687858581543,46.27678283249737
1222,76.65276527404785,46.5899832856474
1223,62.2398853302002,47.277510973606596
1224,58.58421325683594,47.42945063669
1225,66.71333312988281,47.41513159886467
1226,62.00838088989258,47.35056472688594
1227,55.22584915161133,47.16471263567043
1228,63.82322311401367,47.30263258399499
1229,58.5019588470459,46.76692935917797
1230,76.95150375366211,46.140189428083495
1231,65.8271312713623,46.40283253265845
1232,52.74534225463867,46.84005571704186
1233,53.296566009521484,47.113361700430325
1234,62.94369697570801,47.973482344469296
1235,59.3104362487793,47.4313447929005
1236,64.6352767944336,46.65613377859464
1237,55.550575256347656,46.334522342920714
1238,53.21717262268066,46.359874133199604
1239,58.896303176879876,46.25042513725157
1240,71.25473022460938,46.36739939873433
1241,64.0709400177002,46.847740410313314
1242,62.80374526977539,46.270103686875935
1243,55.08875846862793,46.97135943755889
1244,66.00666046142578,47.15429841698239
1245,60.90879440307617,46.81330504484465
1246,59.76200103759765,46.843061738431274
1247,60.40716171264648,47.289014821768674
1248,55.36174774169922,47.27400540111049
1249,51.31959915161133,47.18048302557629
1250,82.63325691223145,46.63006357548683
1251,76.48372650146484,46.64080299303274
1252,80.28197288513184,46.71902061991495
1253,63.599586486816406,46.74968866252351
1254,67.69514083862305,46.70829708558082
1255,55.96113204956055,46.883342992995004
1256,56.88166618347167,46.92511612800495
1257,69.98634338378906,47.2446866254485
1258,559.2730045318604,46.997810569598656
1259,585.4206085205078,47.64009843808686
1260,546.6122627258301,47.07616666020481
1261,522.1564769744873,47.626915532187965
1262,509.34648513793945,47.512961287736864
1263,508.44836235046387,47.503506152154074
1274,165.18902778625488,9.839414099066119
1275,157.2110652923584,10.026178127898913
1276,146.13056182861328,10.517142413999311
1277,138.06509971618652,10.331319604363973
1278,126.63125991821289,10.058001917017688
1279,116.75167083740234,8.700379521298299
1280,100.1739501953125,46.192294617221215
1281,94.23232078552246,46.98108160035345
1282,82.09776878356934,47.938268705762326
1283,75.52647590637207,47.94461867117524
1284,64.42737579345703,48.1814689803511
1285,57.103157043457024,47.881066967584296
1286,48.88916015625,47.61195014192885
1287,54.953336715698235,47.65432919275548
1288,47.990083694458015,48.01645527124089
1289,55.97996711730957,47.91547384012814
1290,62.89172172546388,47.331897515335655
1291,67.19374656677246,47.23647171103068
1292,59.55410003662109,47.030449102777325
1293,64.42832946777344,46.88630994290889
1294,102.1428108215332,46.81147093857491
1295,97.27931022644044,46.92747087716548
1296,90.53969383239746,46.993268884962255
1297,84.35559272766112,46.993125438880774
1298,92.29350090026857,46.963577924093954
1299,70.62745094299316,46.975160193601724
1300,68.92514228820801,46.828966392821464
1301,63.98344039916992,46.79089544012215
1302,58.74967575073242,46.69868119288794
1303,59.72647666931152,46.724540554780404
1304,53.546905517578125,46.630088777515724
1305,49.52406883239746,46.43601826062173
1306,49.4835376739502,46.58088057926345
1307,46.92935943603516,46.644286907786636
1308,48.048734664916985,46.978404724238274
1309,54.33034896850586,46.99807195908008
1310,82.41939544677734,46.03762980120679
1311,75.34074783325195,46.09901389193677
1312,73.90117645263672,46.58493338053681
1313,66.67280197143555,46.460360010977205
1314,51.859140396118164,46.4520943205892
1315,55.840253829956055,46.339331210448115
1316,50.80986022949219,46.29014551573235
1317,50.94075202941895,46.30569558387638
1318,51.731348037719734,46.40060223619047
1319,51.31316184997559,45.90743764830585
1320,69.53930854797362,47.33295010302101
1321,63.91620635986328,47.54500164296782
1322,58.75802040100098,47.513870321436045
1323,50.42171478271485,47.46002840606384
1324,56.69546127319336,47.64278612345349
1325,56.31279945373535,47.676424255090495
1326,48.61187934875488,47.6346720028312
1327,50.03023147583008,47.87949590999825
1328,53.841829299926765,47.91881686972345
1329,51.61476135253906,47.8642636175925
1330,66.6055679321289,46.838843313578046
1331,57.34682083129883,47.38237382582871
1332,54.80360984802246,47.22859898714616
1333,58.765411376953125,47.131152544374324
1334,53.94315719604492,47.07969308150296
1335,61.345100402832024,47.23781003947627
1336,52.96611785888672,47.26663481608357
1337,51.6965389251709,47.03010448116794
1338,62.77203559875487,46.850658693406714
1339,52.203893661499016,46.69859384131868
1340,59.18955802917481,46.217764644053105
1341,55.87577819824219,46.47174453193089
1342,51.54728889465332,46.51791086265227
1343,46.886205673217766,46.50079298338429
1344,53.485870361328125,46.44190565631117
1345,50.64916610717773,46.368910950197886
1346,48.30098152160645,46.35801063355322
1347,49.215078353881836,46.32132868418756
1348,48.458337783813484,46.19608937961267
1349,51.906347274780266,46.12184600804271
1350,61.398744583129876,46.65194994914452
1351,54.67128753662109,47.06769786120938
1352,56.21147155761719,46.84553182299379
1353,47.96886444091797,47.096022457666244
1354,53.01952362060547,46.864345929050245
1355,45.08543014526367,47.07180054043127
1356,44.29006576538086,46.99120575898779
1357,48.170804977416985,46.86620355023771
1358,52.6127815246582,46.79212325471536
1359,59.29660797119141,47.356795657167815
1360,73.49753379821777,47.22921555088868
1361,63.07506561279297,47.18050209712163
1362,54.4588565826416,47.344374760794786
1363,52.07204818725586,47.062616308716926
1364,50.32968521118164,46.93331326662549
1365,49.717187881469734,46.6382693708116
1366,50.12035369873047,46.60281106887085
1367,46.175479888916016,46.808166452501666
1368,47.87588119506836,46.82019540010319
1369,56.00285530090332,46.93071597293638
1370,81.3455581665039,47.25011925084639
1371,72.21341133117676,47.205605970714046
1372,66.6360855102539,47.399348570911776
1373,54.60095405578613,47.49011273307368
1374,53.67755889892578,47.56873406711588
1375,51.63407325744629,47.45553033108158
1376,51.35774612426758,47.37621056260016
1377,44.71731185913086,47.522752641300485
1378,59.9205493927002,47.487909191682995
1379,56.40578269958496,47.49319016677361
1380,67.34013557434082,47.61936340210423
1381,90.56568145751953,47.62972632109837
1382,84.13219451904297,47.40949227100912
1383,78.74846458435059,47.37029159331804
1384,70.56403160095215,47.37794955372655
1385,64.0411376953125,47.445787833795464
1386,55.11903762817383,47.36499048920296
1387,49.31211471557617,47.43118968820591
1388,48.33316802978516,47.48114235721626
1389,53.2534122467041,47.44002104904258
1390,76.60698890686035,47.63636625685515
1391,64.62645530700684,46.80310644063236
1392,60.965299606323235,46.749966015664164
1393,55.257558822631836,46.62932882767785
1394,50.237417221069336,46.63748769316247
1395,54.96644973754883,46.541619001773135
1396,53.879499435424805,46.508614706510976
1397,45.77898979187012,46.67951504484714
1398,46.59700393676758,46.631326327616456
1399,53.376436233520515,47.08455708431054
1400,66.64037704467772,46.79933918838137
1401,64.09239768981934,46.84117352306862
1402,72.05438613891603,46.5428819639524
1403,49.44944381713867,46.59963700394704
1404,54.58569526672363,46.701627073723834
1405,54.918766021728516,46.72217162973895
1406,51.682233810424805,46.77141641468691
1407,52.929162979125984,46.83496361606583
1408,56.394338607788086,46.544550818837074
1409,54.442167282104485,46.5052729555065
1410,76.20024681091309,46.83879924198339
1411,65.16361236572266,46.690242314989135
1412,58.15196037292481,46.61818845576663
1413,52.74796485900879,46.715636525231744
1414,56.910276412963874,46.886387523717204
1415,49.55911636352539,47.127563050209716
1416,53.289175033569336,47.27764405074318
1417,62.59322166442871,47.19141464683182
1418,51.79452896118164,47.178234852943255
1419,168.34354400634766,47.22246647793122
1420,307.6925277709961,46.73026877453885
1421,272.42159843444824,46.767764271886776
1422,237.68877983093265,47.023879992893235
1423,201.5023231506348,46.71456164896302
1424,167.4180030822754,46.86148984147365
1425,321.9599723815918,46.197334909416284
1426,287.3806953430176,46.11770753463317
1427,253.2024383544922,46.20552718163545
1428,216.4754867553711,46.40560031132792
1429,181.6270351409912,46.42614112416362
1430,327.5294303894043,46.25798113327073
1431,291.3386821746826,46.3573817552293
1432,256.8521499633789,46.757448532024185
1433,183.81810188293454,46.84686972296932
1434,163.93423080444336,46.90114256153034
1435,244.43268775939939,47.14396584654567
1436,209.6264362335205,47.194409578796154
1437,174.46184158325195,47.13041389172876
1438,164.9935245513916,46.77895697872697
1439,140.78187942504886,46.638997710100476
1440,296.2310314178467,46.50016802632603
1441,259.1564655303955,47.22020439754549
1442,224.6260643005371,47.43702865298939
1443,190.19508361816406,47.65963995429772
1444,278.3362865447998,47.9931364922306
1445,244.257926940918,48.30652003641986
1446,210.2365493774414,48.49880577190507
1447,192.46482849121094,48.39864655392853
1448,183.74156951904294,48.39892798733568
1449,333.73165130615234,48.3858054321433
1450,296.3836193084717,33.42832560114863
1451,262.13645935058594,32.22506243490143
1452,228.14607620239255,32.2709002624235
1453,193.60923767089844,32.26471105356155
1454,386.469841003418,32.19110409501373
1455,352.6298999786377,32.07576489395501
1456,318.8872337341309,31.81551871584497
1457,284.4729423522949,31.79488189417154
1458,249.9547004699707,31.885149735516176
1459,215.65485000610352,31.713342438641877
1460,407.8841209411621,32.64284501702455
1461,376.1246204376221,31.0598930375357
1462,341.68171882629395,30.882551987931613
1463,307.6455593109131,31.034461450696288
1464,273.24366569519043,31.12514887682989
1465,238.91925811767575,31.12188739228166
1466,204.7109603881836,31.083453801399703
1467,310.1792335510254,31.07499833760248
1468,275.6214141845703,31.008752090081142
1469,241.27435684204104,30.93846435691973
1470,206.2065601348877,32.35948314898521
1471,191.88904762268064,31.378026066666745
1472,249.65333938598636,31.002589470986837
1473,215.6221866607666,31.114063142092906
1474,181.52356147766116,31.07937874134088
1475,178.44676971435547,31.17434165912207
1476,344.4526195526123,31.033954205213128
1477,310.7304573059082,30.919398247169696
1478,276.8852710723877,30.992544748622972
1479,243.0555820465088,31.039476783220987
1480,208.2803249359131,29.574392525762647
1481,216.6917324066162,28.78728305153234
1482,370.7246780395508,28.76706343387188
1483,336.4691734313965,28.659606467107743
1484,302.0563125610352,28.5717951198482
1485,267.73953437805176,28.876681286997503
1486,232.9878807067871,28.74280179812093
1487,198.78816604614255,28.64373329946905
1488,208.01043510437006,28.427703459720348
1489,213.39964866638186,28.050696056347213
1490,200.4382610321045,28.197810285085307
1491,372.4486827850342,27.44341676906412
1492,338.1891250610352,27.64947217966438
1493,304.2080402374268,28.07595845498909
1494,269.8180675506592,28.540069476777873
1495,235.38851737976074,29.159863842482036
1496,201.09033584594727,29.077031777840663
1497,394.2418098449707,28.955626700388063
1498,359.9503040313721,28.89203980405242
1499,326.0493278503418,28.792561349649173
1500,291.63622856140137,29.379161955777906
1501,257.9524517059326,28.82416451354402
1502,223.86813163757324,28.768046620733923
1503,189.5692348480225,28.917911708604212
1504,382.5674057006836,28.849688298186024
1505,348.7622737884521,28.935959905013682
1506,315.0062561035156,28.94226257821867
1507,281.0525894165039,28.97916756443171
1508,247.03001976013186,29.02207359769281
1509,213.14620971679688,29.081363628080112
1510,405.9207439422608,29.67944360043148
1511,371.9930648803711,29.126991240099922
1512,337.7704620361328,29.238807716186873
1513,303.9491176605225,29.312940039314718
1514,270.1344490051269,29.37805084998475
1515,236.2842559814453,29.490789209977713
1516,202.18563079833984,29.48014985259425
1517,210.3440761566162,29.374717972836656
1518,364.33053016662603,29.32049758614462
1519,330.0349712371826,29.075307041220878
1520,294.65532302856445,29.577548492693676
1521,260.4565620422363,29.058795381711807
1522,226.23300552368164,29.22952848399953
1523,192.02160835266116,29.445388029742173
1524,204.24556732177732,29.75110134709287
1525,199.93925094604487,30.00039794053365
1526,192.7006244659424,30.189237455804076
1527,182.2798252105713,29.920334716136928
1528,174.95369911193848,29.670755876513486
1529,169.91829872131348,29.537544598943732
1530,166.22447967529294,29.721997525515818
1531,155.92026710510254,29.42152077470097
1532,146.64673805236814,29.50065646336779
1533,138.34834098815918,29.909836525224424
1534,137.6180648803711,29.90681440677893
1535,129.19068336486814,30.024884175656748
1536,124.26424026489258,29.838404993030263
1537,120.87225914001465,29.681871404842557
1538,115.83805084228516,29.73959383944432
1539,107.73444175720216,29.873596339370238
1540,97.14531898498537,28.89028049723031
1541,89.33186531066895,28.609027003246585
1542,78.64618301391603,28.738565646623226
1543,68.96567344665527,29.132354244785
1544,56.589603424072266,29.744872618400773
1545,53.405046463012695,30.150661828169323
1546,79.97560501098633,30.41329527543601
1547,45.858144760131836,30.50476236056423
1548,52.07610130310058,30.676821867549485
1549,41.397809982299805,30.708359447324444
1550,43.8840389251709,31.14925330722695
1551,38.82646560668945,30.70742154846563
1552,47.921419143676765,30.538312382894574
1553,36.67664527893066,30.543402455501234
1554,36.3156795501709,30.43407299337236
1555,36.78154945373535,30.32264871185854
1556,40.531396865844734,30.23905650805166
1557,35.65406799316406,30.195777111856646
1558,38.784027099609375,30.30546321482191
1559,38.02204132080078,30.452023930876603
1560,43.751001358032234,30.911969379598485
1561,37.66894340515137,30.750335530947037
1562,36.52215003967285,30.611064639717075
1563,37.604093551635735,30.425316127651893
1564,42.80543327331543,30.250933727225558
1565,38.55443000793457,29.904935248881262
1566,38.62190246582031,29.675227110144352
1567,39.208173751831055,29.196123285138093
1568,44.25835609436035,29.17080880537593
1569,42.0382022857666,28.899534443996266
1570,52.689790725708015,31.22509858396167
1571,44.429540634155266,30.30304807790371
1572,46.43535614013672,30.02974582202244
1573,41.50843620300293,29.86043267371429
1574,45.48144340515137,29.823258064611625
1575,47.2407341003418,29.86169839158145
1576,49.111366271972656,30.281816777530928
1577,47.97530174255371,30.225104893144568
1578,53.89857292175293,30.161517014185492
1579,46.03195190429688,29.95443843903945
1580,50.28557777404785,31.132420204769765
1581,54.60405349731445,30.1017127936705
1582,51.64647102355957,30.045946667454476
1583,51.67531967163086,29.79865295498409
1584,44.1884994506836,29.91179002820988
1585,46.381473541259766,30.050668882660176
1586,48.22802543640137,30.009268073978976
1587,45.836687088012695,29.97064495844328
1588,45.89986801147461,30.06266976026385
1589,43.10178756713867,30.089119016429528
1590,54.57568168640137,31.343738077409302
1591,52.55579948425293,30.382706699105764
1592,48.48933219909668,30.33755354171512
1593,48.485517501831055,30.464138918478874
1594,46.716928482055664,30.47536116692307
1595,44.71087455749512,30.431954256631922
1596,55.989980697631836,30.287644360128798
1597,48.45857620239258,29.97704307679481
1598,46.75579071044922,29.79975284532733
1599,47.629356384277344,29.75305108778582
1600,82.5655460357666,45.659111249600535
1601,80.55377006530763,46.20244151307489
1602,77.86870002746582,45.996329779481954
1603,81.12835884094237,45.65918949123943
1604,66.66374206542969,45.641524912598406
1605,67.28720664978027,45.71387521209021
1606,61.0198974609375,45.64739487944587
1607,55.29618263244629,45.74137176200588
1608,56.468963623046875,45.7474985165977
1609,66.13826751708984,45.720018973801224
1610,80.66129684448242,45.72912364120535
1611,75.58870315551758,45.75698152543425
1612,73.88782501220703,45.73178169708214
1613,67.64936447143555,46.18601975430754
1614,65.0336742401123,46.192123953188755
1615,63.030242919921875,46.55794034718853
1616,58.0606460571289,45.63296556636736
1617,51.160335540771484,46.42739452352477
1618,60.41288375854492,46.43026861611646
1619,55.01866340637207,46.363862870464324
1620,68.65048408508301,45.73153056433821
1621,66.81442260742188,45.85177958876264
1622,66.81442260742188,45.91568479264289
1623,56.915283203125,45.959781880507094
1624,55.83620071411133,45.964761505520684
1625,51.392793655395515,46.03480242789237
1626,51.28908157348633,46.13261774510012
1627,58.15029144287109,46.12306514679832
1628,61.90919876098633,46.21363256925288
1629,56.148767471313484,46.221467939775685
1630,71.10023498535156,45.86960257074894
1631,60.39762496948242,46.05021409111674
1632,66.07508659362793,45.97264769683815
1633,55.746793746948235,46.15734825841081
1634,56.64753913879395,46.23245025930301
1635,67.38114356994629,46.18040306467556
1636,59.23843383789064,46.287201446808936
1637,52.02531814575195,46.209200766318396
1638,56.99944496154785,46.13563566193668
1639,55.00221252441406,46.292226524738254
1640,68.08018684387207,46.61465006745218
1641,60.86325645446777,46.80520248642607
1642,56.2124252319336,46.82609986675589
1643,51.68914794921875,46.74174488790639
1644,52.96540260314941,46.84206226743999
1645,48.334598541259766,46.79579697488346
1646,56.697845458984375,46.71771698753904
1647,53.066253662109375,46.732841983058755
1648,52.45161056518555,47.28945596194706
1649,49.54075813293457,47.73762269482666
1650,59.735536575317376,45.941745979144955
1651,50.04644393920898,47.57922636496632
1652,47.537565231323235,47.60030646810315
1653,48.85601997375488,47.56022926947411
1654,56.090593338012695,47.46764383263812
1655,53.40123176574707,47.265658240448865
1656,50.37260055541992,47.31342644685264
1657,48.50196838378906,46.7737694555549
1658,53.485870361328125,46.710262285395814
1659,56.66923522949219,46.67996090264133
1660,65.21058082580566,46.24946894255963
1661,62.638282775878906,46.287327482410916
1662,54.956912994384766,46.301845111446326
1663,54.76188659667969,46.35081391304607
1664,57.703256607055664,46.35243697985011
1665,51.97834968566895,46.387405205620176
1666,53.25889587402344,46.37849448051425
1667,49.504995346069336,46.39045449096111
1668,52.664518356323235,46.373333711807135
1669,53.0550479888916,46.35397950173424
1670,69.4727897644043,46.68886464324415
1671,65.74559211730957,46.58023031286779
1672,53.39980125427246,46.458035862077
1673,61.620235443115234,46.3219739978483
1674,55.774450302124016,46.34194226572955
1675,52.83427238464356,46.63896651427572
1676,55.95827102661133,46.56479422266647
1677,53.862810134887695,46.56767110074115
1678,52.01530456542969,46.36635013591834
1679,52.097082138061516,46.37259456441057
1680,64.5291805267334,46.237689088963315
1681,55.69601058959961,46.578654639045745
1682,60.853242874145515,46.77621525233359
1683,62.674522399902344,46.50299711844482
1684,52.9327392578125,46.659879786483685
1685,51.06639862060547,46.78543090263982
1686,50.8425235748291,46.541570098431045
1687,55.81927299499512,46.81951397659648
1688,53.216218948364265,46.681725789008844
1689,56.151151657104485,46.74316175607512
1690,78.47023010253906,46.64589947403289
1691,75.35243034362793,46.47945440165097
1692,68.6793327331543,46.36013882056723
1693,60.612678527832024,46.41559211492294
1694,60.51325798034667,46.454626004855264
1695,58.584928512573235,46.502195267251075
1696,49.866676330566406,46.55564937989087
1697,53.67469787597656,46.498028601138536
1698,51.3761043548584,46.52045857119904
1699,60.60171127319336,46.5083523458558
1700,77.11076736450195,47.00074107590854
1701,65.98210334777832,46.68364147730213
1702,59.08870697021485,46.758833883435
1703,54.231882095336914,47.04779402960231
1704,48.4619140625,46.971660403324684
1705,54.65531349182129,46.93987937583785
1706,52.97517776489258,46.970484456634686
1707,54.23307418823242,46.89964849995643
1708,49.52192306518555,46.92343509671234
1709,49.803972244262695,46.77312081224152
1710,60.170888900756836,46.9894576227567
1711,57.451963424682624,46.82145063490181
1712,65.66119194030763,47.39339152427568
1713,62.63113021850586,47.6537543124934
1714,61.79356575012208,47.28015779476584
1715,61.871767044067376,46.887574473191776
1716,58.75706672668458,46.98288264481069
1717,61.40565872192383,46.49173774237397
1718,59.750556945800774,46.47925632132394
1719,56.38360977172852,46.509241841526965
1720,64.15319442749022,46.286736607986796
1721,65.98639488220215,46.37176288291694
1722,58.34627151489258,46.556420351036145
1723,60.015439987182624,47.14348250969768
1724,59.64326858520508,47.80156251598648
1725,66.1623477935791,47.63382761419248
1726,61.01751327514648,47.641932046373206
1727,58.88223648071289,47.64712398324364
1728,59.69333648681641,47.65798355681881
1729,55.82761764526367,47.630442367998775
1730,65.7498836517334,46.37895338806463
1731,65.23823738098145,46.64118940621529
1732,62.07871437072754,47.241908855431774
1733,54.98337745666504,47.23136882196077
1734,56.08534812927246,47.23030028023538
1735,61.16318702697754,47.52618553545547
1736,58.15958976745605,47.32357989838608
1737,58.245420455932624,47.144740187533046
1738,60.335874557495124,47.1676936781136
1739,53.52449417114258,47.28142066670644
1740,68.84765625,46.24222238330331
1741,68.44162940979004,45.992365893449154
1742,68.40276718139647,46.56673887703433
1743,58.39681625366211,46.5243796337918
1744,66.93720817565918,46.058368900176646
1745,66.9410228729248,46.4585398288219
1746,61.79475784301758,46.44997986343775
1747,59.59987640380859,46.39774863984498
1748,57.8453540802002,46.446107846101505
1749,57.7392578125,46.37556682204397
1750,76.60079002380371,45.97404106534875
1751,74.42593574523926,45.94574073536086
1752,71.00868225097656,45.986959909883645
1753,70.03426551818848,46.03606632933872
1754,68.08781623840332,46.07945345676584
1755,68.3140754699707,46.1155399143476
1756,59.049367904663086,46.13604182573888
1757,64.26572799682617,46.17028391023673
1758,52.465200424194336,46.109646666882966
1759,54.818391799926765,46.10610228928718
1760,71.6397762298584,45.843866379095566
1761,67.83366203308105,45.80358691131375
1762,64.24236297607422,45.80981685802404
1763,61.61332130432129,45.79116354103797
1764,54.83579635620117,45.77821874900506
1765,52.071571350097656,45.81551703565663
1766,52.63781547546387,45.87684112132877
1767,60.55426597595215,45.85535628094074
1768,60.62984466552735,46.083115123636226
1769,57.772397994995124,46.14717251969697
1770,68.05920600891112,46.04583658463253
1771,70.19472122192383,46.05067764164818
1772,61.9354248046875,46.13260849091213
1773,59.36622619628906,46.255163942147504
1774,59.399843215942376,46.5219592826981
1775,58.65812301635742,46.561352556858786
1776,61.5696907043457,46.74076339203395
1777,67.00944900512695,46.86442103226925
1778,63.27652931213379,47.07786349917645
1779,59.289216995239265,46.22400726584172
1780,76.20763778686522,46.67701469088794
1781,78.4146785736084,46.381593514610756
1782,68.3755874633789,46.861623792645254
1783,68.22347640991211,46.68676741362243
1784,62.65830993652344,46.784883956316996
1785,56.83970451354981,46.42651314513985
1786,63.593149185180664,46.52409751147943
1787,69.80586051940918,46.62957488270341
1788,66.77103042602539,46.669482860112645
1789,64.86320495605469,46.40207287486815
1790,81.87222480773926,46.01763682565264
1791,79.92887496948242,46.06249758372314
1792,79.87141609191895,46.18125103216886
1793,77.03065872192383,46.150986458014565
1794,71.60592079162598,46.11487188898153
1795,68.10450553894043,46.08775456016085
1796,67.16680526733397,46.23347893731199
