frame_no,mtp,psnr
1,178.573974609375,30.21436008756423
2,156.033203125,29.84556344932565
3,163.908447265625,29.840218663659037
4,175.143310546875,30.535474601163568
5,155.795654296875,30.84125697467832
6,153.994873046875,31.19612307010653
7,148.5966796875,31.442805557978048
8,144.98291015625,31.580761041293712
9,148.406982421875,31.66348206195844
10,162.98486328125,32.33113306135218
11,158.44482421875,32.197900587662865
12,157.707275390625,32.252574672872484
13,150.463623046875,32.53819492375207
14,140.3193359375,31.207913572972483
15,160.91064453125,30.97769795061823
16,157.807373046875,30.60927524461336
17,134.8369140625,30.72284996375824
18,132.78076171875,30.625160855033478
19,139.750244140625,30.52343097274475
20,144.100341796875,31.69693026598259
21,131.847900390625,32.39928981532501
22,110.4912109375,32.34282622630582
23,114.719970703125,32.328218215488
24,123.203369140625,32.45156916782729
25,137.588134765625,32.47612832496632
26,152.026123046875,31.92941007773079
27,162.781494140625,31.502197139775053
28,153.6806640625,31.35888289830855
29,153.426025390625,31.436670275908032
30,165.0947265625,30.901316152228198
31,152.383056640625,30.48485650282364
32,158.10693359375,30.299958156365317
33,156.2705078125,29.806899826539112
34,160.3115234375,29.66199470338168
35,158.379150390625,29.4158135112052
36,154.71435546875,29.55928840719821
37,144.964599609375,29.564261897497026
38,147.010498046875,29.63119584882033
39,135.2548828125,29.29500305512957
40,136.130859375,30.012231166324497
41,149.9072265625,29.695231193063908
42,156.798583984375,29.75622278929003
43,152.9794921875,29.465321124679523
44,140.2578125,29.531123682145576
45,147.487060546875,29.661006247252498
46,164.515625,29.94442816018359
47,172.8349609375,29.935213036087145
48,160.72998046875,29.728704366070147
49,148.22998046875,29.79298004864181
50,133.699951171875,29.635411967691603
51,147.807861328125,29.74619866836812
52,154.397705078125,29.97828171192026
53,141.833251953125,29.534172458571593
54,153.17578125,29.61122991812081
55,151.212890625,29.705432546018702
56,155.482666015625,29.72193234876386
57,142.980224609375,29.771269694117713
58,147.25,29.857237832130323
59,152.971923828125,29.44918133197113
60,149.38232421875,29.413489377385716
61,164.888671875,29.45224645063597
62,169.158935546875,29.206683472681583
63,164.4814453125,29.099051655220407
64,155.96826171875,29.286563966967645
65,280.593017578125,29.064832432063195
66,240.80126953125,29.110383417210983
67,219.853271484375,29.106460925021906
68,180.28759765625,29.02602398163916
69,250.888671875,29.070304613305822
70,211.439453125,29.400585262052374
71,185.372802734375,29.26140009851243
72,256.365478515625,29.35960593450408
73,210.355712890625,29.267066775706013
74,176.427734375,29.12782211458202
75,268.9990234375,29.20238187032023
76,237.340576171875,29.54033531504724
77,196.84423828125,29.620607575809778
78,156.254638671875,29.88327736939005
79,196.9794921875,30.086920294757647
80,167.037109375,30.43304959803897
81,306.87890625,30.738213290969373
82,260.984619140625,31.11692963275987
83,237.391845703125,31.12147648387486
84,200.88671875,31.099780934988193
85,252.96435546875,31.20797452940778
86,210.1796875,31.19477390615965
87,166.557373046875,31.235928336243138
88,319.31103515625,31.191379303192033
89,287.790283203125,31.304837692755818
90,246.885986328125,31.255073922763795
91,211.941162109375,31.784546130295965
92,326.9833984375,32.31563197099953
93,291.021484375,32.326887048830606
94,263.6337890625,31.917539864276122
95,222.97705078125,31.89057410976376
96,340.359375,31.457346754484572
97,302.01220703125,30.88400410336462
98,258.197265625,30.719694089338464
99,228.191650390625,30.702774420591982
100,270.381591796875,30.652292076135588
101,256.769287109375,30.91986126352825
102,209.19091796875,31.409759746964387
103,179.274169921875,31.109645109709856
104,175.81982421875,30.99237367280136
105,290.53857421875,30.92033267646329
106,249.9970703125,31.073393641420594
107,234.22509765625,31.046308218362277
108,200.914306640625,31.29043407197804
109,313.257568359375,31.27141450978708
110,283.472900390625,30.974803614262967
111,240.99072265625,31.08460865140603
112,195.454833984375,31.10974283708312
113,189.829833984375,31.29375263453796
114,156.100341796875,31.750450391440932
115,314.685791015625,31.705837404233804
116,278.86767578125,31.89943888430469
117,236.05029296875,31.86613172991055
118,201.217529296875,32.05059019690897
119,334.210693359375,32.163332791852625
120,301.555419921875,31.873332354093932
121,266.53369140625,32.32102535537059
122,227.777099609375,32.54925513748224
123,195.415283203125,32.58271052155111
124,306.1611328125,32.64146606092771
125,274.235595703125,32.63892643595114
126,234.491943359375,32.591561677881586
127,204.120361328125,32.577039678815176
128,179.985107421875,32.846032874287786
129,267.759521484375,32.61832503701627
130,239.113037109375,32.08392906546382
131,226.046630859375,32.20337977278121
132,204.387451171875,32.1614167683926
133,186.518310546875,32.14092480357226
134,302.26708984375,32.268268630114136
135,281.259765625,32.36936393777471
136,245.796142578125,32.69821126051231
137,208.014404296875,32.75298893749793
138,177.612548828125,32.76733562965467
139,149.0576171875,32.475131095710545
140,141.87841796875,32.041134670129516
141,140.7353515625,32.535814809826796
142,141.457763671875,32.655108462285924
143,143.8427734375,32.763545021879345
144,140.32373046875,33.124959739958456
145,142.53076171875,33.34601674213363
146,141.886474609375,33.539638153438666
147,128.851318359375,33.46695179902543
148,130.038330078125,33.548600575298636
149,131.59912109375,33.6104893009552
150,140.43896484375,33.24465160266532
151,141.562744140625,33.46505211290416
152,138.13427734375,33.64967021260645
153,135.16748046875,33.71063587175229
154,142.3828125,33.87330519598332
155,164.538818359375,33.95903996824801
156,163.98291015625,34.11415914647031
157,154.185546875,34.35939983164557
158,150.25,34.7935955952225
159,148.985595703125,34.420874607669106
160,140.041748046875,33.282012746022374
161,133.394775390625,34.34548196721239
162,147.210205078125,34.25303317862281
163,134.3681640625,34.41736939421101
164,124.660888671875,34.55287114003787
165,124.12353515625,34.37195634717808
166,123.799072265625,34.241302954779115
167,128.433837890625,34.11571888863031
168,136.15869140625,34.19624003120519
169,137.30224609375,34.07020057248828
170,140.634765625,33.00019085028451
171,143.387451171875,33.2169511807472
172,144.4189453125,33.05387145555595
173,147.64892578125,32.96027752326192
174,152.055908203125,32.56401512412228
175,140.916748046875,32.259189737455
176,135.5576171875,32.022617231611555
177,128.814697265625,31.793697142392613
178,131.5947265625,31.77650247542123
179,133.563720703125,31.679431353862604
180,133.053955078125,30.374178374970864
181,138.556884765625,30.428085217091684
182,138.41357421875,30.425573049986273
183,135.776123046875,30.47710879964289
184,142.871337890625,30.633655488198013
185,149.177734375,30.67452140732109
186,134.556640625,30.731647597588072
187,148.936279296875,30.6019033223864
188,152.3720703125,30.54465894612699
189,148.357177734375,30.417926324216946
190,155.974365234375,29.82176985444147
191,166.33203125,29.985055455108103
192,162.0625,30.416989832075906
193,160.748291015625,30.41761212438436
194,163.469482421875,30.38782104235234
195,161.255126953125,30.298331202909498
196,159.315673828125,30.393750126459715
197,164.56494140625,30.309325405936136
198,167.656005859375,30.50248110917199
199,160.56689453125,30.12734501009874
200,154.848876953125,29.76668438899237
201,136.9208984375,29.83298942144659
202,159.052001953125,30.00469951299518
203,167.740478515625,30.306539749116645
204,163.778564453125,30.79484054260924
205,180.8515625,30.627224452922203
206,153.568603515625,30.628111355409985
207,152.9619140625,30.728357937432516
208,136.987548828125,30.934710116046354
209,146.541015625,30.628499080903314
210,156.584228515625,30.04746899732817
211,162.246337890625,30.022449666644683
212,157.59033203125,30.585260510720712
213,145.65966796875,30.51866936072537
214,149.58154296875,30.6893560972452
215,145.138671875,31.29333375845483
216,156.35009765625,31.972494104391746
217,151.7822265625,31.82329558445096
218,156.6572265625,32.15616485985095
219,157.661865234375,32.363587706896496
220,165.173095703125,31.668899390250115
221,147.809326171875,31.828115175740443
222,144.927734375,31.82530011046186
223,153.6572265625,31.826354873764497
224,144.3349609375,31.63566773099809
225,141.583740234375,30.971221766931272
226,149.904541015625,30.46411384106266
227,151.226806640625,30.104296794042806
228,164.02587890625,29.950997689427066
229,160.71484375,29.948881911384106
230,151.0029296875,29.74857466938885
231,164.56201171875,30.14800123487198
232,155.57421875,30.4217703121062
233,147.947021484375,30.695323328360878
234,153.814697265625,30.619687494629652
235,157.313232421875,30.750357365402518
236,162.46240234375,30.830230559972872
237,157.417724609375,30.585300450230413
238,158.972412109375,30.58074593033568
239,153.520751953125,30.726975034186534
240,150.700439453125,30.350211108664325
241,150.299072265625,30.314302197004288
242,151.01220703125,30.455475115721725
243,161.5751953125,30.41619554641663
244,159.809326171875,30.483489395714606
245,158.08837890625,30.38207082926881
246,154.80859375,30.61046530837111
247,160.940185546875,30.582481789843346
248,157.15087890625,30.693724132218467
249,160.75927734375,30.65805331124508
250,157.935302734375,30.348266087540363
251,149.825439453125,30.81054886484527
252,149.84912109375,30.857108771781768
253,151.424072265625,30.831820898966512
254,149.468994140625,31.00896356441677
255,152.2587890625,31.09598909641345
256,159.8994140625,31.24067575278698
257,147.90966796875,31.174442246202744
258,150.62158203125,31.28020519142867
259,155.67333984375,31.14213385234805
260,156.958251953125,30.45076890551175
261,157.28662109375,30.767031697594643
262,164.01708984375,31.338363048897442
263,155.0302734375,31.539178629891964
264,166.983642578125,31.636576699594983
265,157.249755859375,31.5424751598897
266,160.87646484375,31.59099659217729
267,161.0751953125,31.700317897832168
268,153.251953125,32.05380842794236
269,156.693603515625,31.69227676690559
270,158.0146484375,31.11810526727918
271,152.923583984375,30.936951890987622
272,150.09814453125,31.211420008175
273,153.537353515625,31.171702703358477
274,148.010009765625,31.544212395624772
275,149.062744140625,31.662175815723025
276,154.06103515625,31.943189917050454
277,157.3095703125,32.234890925537876
278,153.785400390625,32.366540486133296
279,152.049072265625,32.01851750822131
280,157.206787109375,31.40828389973722
281,157.638916015625,32.218678804703
282,151.83349609375,32.61828679857836
283,158.77734375,33.0528103727783
284,164.175048828125,33.23032143365115
285,163.974365234375,33.50748950688271
286,150.534423828125,33.60549507942896
287,152.505615234375,33.717292493184665
288,159.561767578125,33.66562028308786
289,153.541259765625,33.808308924488394
290,154.2353515625,33.41019206387517
291,154.2197265625,33.7342189322394
292,153.71435546875,34.09559343068895
293,149.18994140625,34.3822418586723
294,142.9970703125,34.54357810078341
295,142.28515625,34.70691420212831
296,148.03369140625,34.585147217251055
297,149.883056640625,34.578929550628864
298,158.494384765625,34.25886957417018
299,155.02197265625,34.05941846681855
300,152.23193359375,33.178431385933926
301,149.50439453125,33.47637354617553
302,162.81298828125,33.3986078875984
303,156.7548828125,33.23706189034712
304,150.97021484375,33.19743210138967
305,139.23291015625,32.99469622312764
306,167.59375,33.076450752125865
307,154.179931640625,32.80269295549985
308,155.976806640625,32.61650058139903
309,152.447021484375,32.39744433162311
310,146.9833984375,31.43384641666783
311,160.629150390625,31.222824046382364
312,161.109375,31.11022277278225
313,165.732177734375,30.60928639971532
314,159.974853515625,30.441939725223648
315,156.971435546875,30.41352488201705
316,157.66845703125,30.34225757646159
317,167.630615234375,30.126675099255568
318,163.70263671875,30.0760773812998
319,169.1396484375,29.78221796049633
320,159.9130859375,29.458275862975984
321,165.487060546875,29.399318805664922
322,170.598388671875,29.55307612373033
323,175.30322265625,29.596303025579825
324,176.470947265625,29.66838586159127
325,160.73486328125,29.72691668041828
326,153.80419921875,29.90446830139522
327,158.139892578125,30.00333277592383
328,147.156982421875,29.827087574575817
329,162.260009765625,29.764381433727568
330,155.2939453125,29.416370167977032
331,150.671630859375,29.7314102707514
332,273.450439453125,29.69584972922393
333,239.56640625,29.62602574774618
334,203.92138671875,29.63060250559713
335,294.831298828125,29.52988433497529
336,242.314697265625,29.518505416280433
337,192.77392578125,29.515892719369248
338,282.5888671875,29.699427546139106
339,243.218994140625,29.8006368303662
340,203.974365234375,29.841322218191014
341,280.34716796875,29.41092160745502
342,221.0712890625,29.76565372202378
343,182.78076171875,30.02486719032623
344,221.748779296875,30.023185258953013
345,180.153564453125,29.97856435646795
346,332.6865234375,30.244032432348853
347,288.240234375,30.188819498803028
348,259.451171875,30.755985981850657
349,217.23486328125,30.82889334960491
350,191.57763671875,30.387521420440716
351,190.142578125,30.63460102409209
352,166.2197265625,31.11546705040952
353,305.901611328125,31.03198602599688
354,271.27099609375,31.199268853988446
355,227.955810546875,31.11596852550262
356,205.702392578125,31.273783341654877
357,330.801025390625,30.90118526987154
358,307.857177734375,31.060474385971762
359,259.117431640625,30.96449985614525
360,208.101318359375,30.476134372705182
361,337.72216796875,30.66894167577229
362,289.828125,30.6736846950773
363,252.27783203125,30.480988521581768
364,223.0673828125,30.641252401197892
365,199.451904296875,30.330106067869398
366,208.947021484375,30.143089363676616
367,161.3505859375,29.899275646896445
368,186.12109375,29.797995612033237
369,151.241455078125,29.577763096681604
370,301.36865234375,29.70763124191952
371,255.2841796875,29.7278544336176
372,213.590087890625,29.818905942093714
373,170.95068359375,29.845041882672948
374,306.312744140625,30.012647317507742
375,252.402099609375,30.15231577655359
376,197.853271484375,30.585126972178852
377,256.28857421875,30.50933606693441
378,213.2783203125,30.335931620259984
379,154.6103515625,30.39448987826489
380,295.044677734375,30.0461959012479
381,260.583984375,30.07679951496768
382,210.333740234375,30.444819301254462
383,171.08251953125,30.12044444625625
384,307.134521484375,30.203463586372234
385,269.97216796875,30.11542856048832
386,214.91748046875,30.33696888312624
387,167.3134765625,30.372887837011877
388,297.916259765625,30.51559858934311
389,260.958251953125,30.667937897650038
390,216.666748046875,30.511215472284803
391,169.99755859375,30.631391432055732
392,257.370361328125,30.75949397337557
393,215.8623046875,31.110707267736124
394,173.0341796875,31.175043214257396
395,305.748046875,31.29445329563223
396,260.809814453125,31.288338560140144
397,215.23974609375,30.65181942354648
398,164.519287109375,30.590339287191163
399,145.22314453125,30.474924820739364
400,115.730224609375,29.875366189493647
401,119.2353515625,30.12251844172595
402,119.2333984375,30.812687516090683
403,133.856201171875,30.472363216292138
404,153.0283203125,30.444386036554903
405,153.951171875,30.55489618635441
406,148.046142578125,30.516868658929237
407,151.602294921875,30.78324780755988
408,171.096923828125,30.639075903163448
409,163.622314453125,29.93533269988588
410,151.001953125,29.79771975359793
411,155.060791015625,29.85558935014912
412,156.869384765625,30.14950128304376
413,154.359619140625,30.203188544937106
414,159.098876953125,30.463241597903014
415,144.732177734375,30.362508666433516
416,136.35693359375,30.670212910809127
417,140.36279296875,31.097710169139496
418,142.278076171875,30.983615380806594
419,144.093505859375,31.01704531843328
420,162.54931640625,30.687780367023986
421,154.929443359375,30.2419505701312
422,153.660400390625,29.877452353079658
423,154.534423828125,29.88440979806095
424,158.785888671875,30.170542405195636
425,153.61669921875,30.36868879014761
426,150.9677734375,30.457412216770066
427,154.386474609375,30.721574169938368
428,144.986572265625,31.07403733506425
429,143.0400390625,31.09079395757588
430,139.609375,30.58426219146196
431,142.739013671875,30.367053764260568
432,138.860107421875,30.660832144890083
433,144.277587890625,30.570390360942756
434,135.16845703125,30.578610405915672
435,135.15869140625,30.484015286313983
436,131.301025390625,30.60642236947496
437,128.77685546875,30.736422465231882
438,134.26904296875,30.790502970356073
439,128.792236328125,30.75427408043457
440,127.4716796875,30.376135600392747
441,123.294921875,30.38941303356995
442,134.33056640625,30.493310646216887
443,139.847412109375,30.33553306907843
444,140.906005859375,30.449062483767587
445,150.947509765625,30.35571840144895
446,155.146484375,30.5202766401048
447,155.525390625,30.58332757533748
448,141.284423828125,30.797637378997873
449,132.077392578125,30.896152304893693
450,130.66943359375,30.865360225541483
451,142.124755859375,30.953135609823928
452,146.37939453125,31.16023586529744
453,149.404541015625,31.106535062576533
454,157.95751953125,31.02969876433755
455,157.506591796875,30.970410662220754
456,155.597900390625,30.90158252705061
457,141.600341796875,30.508025305634657
458,143.570556640625,30.312456578749238
459,132.579345703125,30.220344517701268
460,135.403564453125,29.792341464853333
461,148.161865234375,29.862960348493072
462,157.802001953125,30.175852164866477
463,169.646240234375,29.762147747689013
464,173.711669921875,29.800317173519375
465,165.316650390625,29.6982382987502
466,174.531494140625,29.836431059004912
467,163.331298828125,29.58443692065588
468,164.8154296875,29.730347085425077
469,155.828857421875,29.529815320904426
470,152.082763671875,29.369094945314412
471,176.359619140625,29.51040707484654
472,178.330322265625,29.897202903725265
473,160.745849609375,29.570859278367138
474,157.5234375,29.54753181876264
475,143.947021484375,29.629846977408114
476,131.71240234375,29.691099755829075
477,141.128662109375,29.84195911099367
478,150.680908203125,30.095659669771265
479,140.128662109375,30.141796460998503
480,130.965087890625,29.886311669316946
481,135.43115234375,30.205982759521863
482,140.637451171875,30.92026010008809
483,132.0751953125,30.855218077463668
484,137.541015625,30.594886794427303
485,146.843994140625,30.55619161625607
486,149.082763671875,30.44291030179863
487,144.00732421875,30.467363139807233
488,146.413818359375,30.73085695038435
489,152.0986328125,30.715895449475266
490,163.056396484375,30.00854753956301
491,161.024169921875,30.10799140164472
492,143.847900390625,30.400302307028607
493,137.095947265625,30.109995940824145
494,149.9990234375,30.33941431646976
495,151.975830078125,30.02614513052313
496,150.921142578125,29.95857332433814
497,139.414794921875,29.76680971388987
498,133.61279296875,30.0531654903789
499,141.59619140625,30.106873155551554
500,143.539794921875,29.739563353272878
501,151.12890625,29.77801857704348
502,152.51806640625,30.23493099224093
503,145.23193359375,30.14427781965227
504,137.53466796875,30.32527839347528
505,149.3134765625,30.141806422256582
506,152.70361328125,30.032326088154306
507,141.11474609375,30.39928174129443
508,153.63427734375,30.255265048921892
509,143.43359375,30.189697612749754
510,134.476806640625,29.85215592371357
511,135.278564453125,30.040594496494432
512,135.274169921875,30.51812412419743
513,148.63330078125,30.33761369800817
514,146.908203125,30.37126822199471
515,140.482421875,30.289867806086818
516,142.447021484375,30.27930795988607
517,146.364501953125,30.23954254304409
518,149.899169921875,30.485059359268647
519,144.41845703125,30.34112832267328
520,140.80517578125,29.71921372229896
521,144.308837890625,29.862865506437288
522,140.033935546875,30.251214618976423
523,139.363525390625,30.415938859208808
524,151.467041015625,30.70280078845368
525,148.586181640625,30.636154267320816
526,153.3271484375,30.72265090693
527,153.517578125,30.66413963935803
528,153.2099609375,30.67536461490167
529,155.856689453125,30.637973339668736
530,155.013916015625,30.49736955540309
531,137.91455078125,30.645830826284307
532,144.3701171875,30.931269051635738
533,145.45556640625,31.027299159635554
534,143.9560546875,31.193223899504858
535,149.130126953125,31.373040473186695
536,133.19287109375,31.66349831319557
537,139.3935546875,31.736827821535268
538,144.351806640625,31.80330477105069
539,145.699462890625,31.76064830659913
540,141.857177734375,31.453696077474106
541,141.58544921875,31.82606329779141
542,152.6787109375,32.30033522076787
543,141.90283203125,32.21657088552912
544,150.209228515625,32.17161706624745
545,131.802001953125,31.82523052990603
546,127.931640625,31.690984383197748
547,133.01513671875,31.542857367486338
548,132.696044921875,31.475964166344056
549,127.2431640625,31.184063512322865
550,135.08154296875,30.55608492421661
551,141.558837890625,30.49091536692112
552,142.3828125,30.48283737451893
553,133.948974609375,30.24070527484839
554,144.28466796875,30.181794422390777
555,153.56005859375,30.273335939653748
556,141.341552734375,30.34178918077722
557,148.3251953125,30.560505460464505
558,141.962890625,30.753968847484174
559,148.002685546875,30.656230493429252
560,152.878662109375,29.96049683105076
561,157.605712890625,30.152085417843896
562,148.844482421875,30.135512157661985
563,155.12451171875,30.21893435465101
564,147.2333984375,30.169474049153514
565,129.533447265625,30.245508152694693
566,139.22705078125,30.339063352253383
567,131.107177734375,30.41429771472641
568,149.853515625,30.55199192108227
569,138.41064453125,30.791192981409594
570,142.19775390625,30.539971118820247
571,146.38232421875,30.802496139781532
572,137.49658203125,31.200326650670647
573,128.063232421875,31.554051754699287
574,129.45263671875,31.772352189124373
575,127.6630859375,32.16357614205157
576,138.751953125,32.599002575686725
577,130.59033203125,32.84084919169915
578,132.772705078125,33.13767559155629
579,140.236083984375,33.296168585461174
580,142.060546875,32.65416105042662
581,147.4208984375,33.101361796769446
582,147.8212890625,33.370099307242974
583,141.604736328125,33.357825493377284
584,135.698974609375,33.28924136312689
585,138.327392578125,33.22698215332161
586,135.076904296875,33.08370913925118
587,129.548828125,32.98914088605613
588,125.735595703125,33.00134310138148
589,130.2578125,32.93424397048618
590,142.892578125,32.46789438781701
591,143.565185546875,32.59156891204227
592,124.5,32.76975200363593
593,122.934326171875,32.9220882279252
594,129.8662109375,33.10767681690333
595,129.08837890625,33.127905518794705
596,124.24365234375,33.409855635726906
597,134.419189453125,33.55435650807348
598,134.18115234375,33.34658651078796
599,145.530517578125,33.47326450183737
600,148.963623046875,33.144759792706644
601,138.309326171875,33.34197763269722
602,243.64453125,33.72485835772843
603,205.89404296875,34.05484013487176
604,160.25732421875,34.13827422314472
605,264.556396484375,34.1755970276149
606,229.256103515625,34.34146569155603
607,179.88818359375,34.46561207086032
608,293.445556640625,34.13940685997579
609,259.8330078125,34.16177719829434
610,225.8486328125,33.97559479643122
611,186.4150390625,34.37902613340254
612,275.653076171875,34.32790499061037
613,236.811767578125,33.954778735515276
614,207.681640625,33.808389072741825
615,167.105712890625,33.44146524902613
616,203.099609375,33.55868434090188
617,161.697021484375,34.042750470092486
618,322.7060546875,34.50046399367377
619,281.5859375,34.444895312926995
620,247.4052734375,33.14737742909485
621,212.0234375,33.76185223355526
622,181.333251953125,34.48056096403266
623,213.01416015625,34.765872562645
624,165.763916015625,35.02025204622833
625,131.057861328125,35.335197410929666
626,282.1298828125,35.31923850942455
627,252.735107421875,35.3315376263608
628,212.316650390625,34.69791371630896
629,181.352294921875,34.54880604270768
630,321.692138671875,33.791512301598125
631,285.95849609375,33.709940153285125
632,249.7998046875,33.54576722210032
633,204.088623046875,33.738201798991696
634,165.9873046875,33.99225738997864
635,288.479248046875,33.93492386762751
636,259.365478515625,33.803796894629784
637,230.068359375,33.76934001341753
638,198.508056640625,33.86751031281065
639,176.313232421875,33.803076917032875
640,213.12353515625,33.05164391030273
641,176.502197265625,33.62447355131978
642,148.611572265625,33.89502144821954
643,166.29296875,33.988559089539216
644,135.7021484375,33.936526447017776
645,290.27294921875,33.905555767782396
646,261.8212890625,34.08462924128449
647,225.417236328125,34.13121485953304
648,205.88232421875,34.27231583988886
649,178.236328125,34.536314716466606
650,316.276611328125,33.84264931209739
651,278.68359375,34.11265462653574
652,236.1708984375,34.047021817935764
653,198.444580078125,34.03630032398981
654,175.545654296875,34.00979039909966
655,186.739013671875,34.08370533772079
656,144.260986328125,34.08336957396505
657,324.7568359375,33.85785338536512
658,278.867919921875,33.924429364715536
659,245.857666015625,33.76358261282054
660,202.322998046875,32.01877815315705
661,170.292236328125,32.449935325881945
662,302.7734375,32.490234821962446
663,262.077880859375,32.79308484267383
664,215.095947265625,33.32552207066081
665,171.4560546875,33.984046886468846
666,311.01708984375,33.99277354086578
667,286.45654296875,33.9093469830532
668,253.41845703125,34.09041830479851
669,222.905517578125,34.352721279921234
670,189.56298828125,33.938994023454086
671,167.023193359375,34.043856964909374
672,138.62060546875,33.987030740674264
673,131.052734375,34.24251739673191
674,287.735107421875,34.372169328782846
675,248.68603515625,34.34240185813281
676,213.60107421875,34.438460242147706
677,185.81982421875,34.41603956313496
678,162.57763671875,34.24846694225081
679,141.374267578125,34.43365342010112
680,116.581787109375,33.92685944684304
681,106.390869140625,34.35562882279796
682,104.521240234375,34.86323861327019
683,109.56201171875,34.79788501378005
684,120.010498046875,35.035485489101326
685,115.968505859375,35.476360893542804
686,125.658203125,35.60185358141332
687,126.40869140625,35.99631982895425
688,130.724365234375,36.318524708764144
689,127.65966796875,36.25358347894049
690,122.45703125,35.65600125886479
691,133.308349609375,35.69716314770576
692,129.350830078125,35.66300235695666
693,128.318603515625,35.69047715029792
694,129.9140625,35.706758728657626
695,126.3984375,35.57080150320415
696,131.97900390625,35.4667712605042
697,136.477783203125,35.578637720481865
698,128.50634765625,35.31351545185607
699,129.2158203125,35.472880709510406
700,128.39013671875,35.18901658598086
701,132.470703125,35.13217433289107
702,138.569580078125,35.078915347199896
703,141.91845703125,34.73158434862316
704,138.638427734375,34.42736861124283
705,123.606689453125,34.31779007177147
706,121.646240234375,34.44027377957496
707,120.540771484375,34.4934348151329
708,119.126953125,33.928196725684515
709,121.129150390625,33.77360586473146
710,136.279541015625,32.95988363454813
711,147.48681640625,33.20855808320922
712,155.39501953125,33.15115972885677
713,149.5615234375,33.04594123137535
714,141.00537109375,33.09019956217956
715,148.58203125,33.129633860208095
716,159.818603515625,33.0839310488929
717,148.71923828125,32.67266129282922
718,152.602783203125,32.68707040581401
719,153.7392578125,32.41968891949153
720,150.40966796875,31.328779299220443
721,150.227294921875,31.53750505291101
722,155.57421875,31.69217038511207
723,159.60791015625,31.55345618787825
724,158.21875,31.80339579340128
725,153.224853515625,31.769604122012602
726,149.2158203125,31.791460817093554
727,149.524658203125,31.804117583452765
728,159.505859375,31.549398993942518
729,168.772216796875,31.656075736151386
730,164.05224609375,31.202464769036744
731,157.79345703125,31.23799926246781
732,156.962890625,31.627143203411368
733,159.8349609375,31.77925754858353
734,164.187255859375,31.824222529641318
735,158.8916015625,31.75584063487051
736,153.07958984375,31.971023154936624
737,140.48876953125,32.031649943426785
738,135.40576171875,31.805059381134697
739,128.11572265625,31.779602219412666
740,122.595703125,31.612425559236318
741,129.418701171875,31.430072464847974
742,122.98779296875,31.86827334898193
743,119.157470703125,32.058735404928456
744,143.1142578125,32.058852259684826
745,148.340087890625,32.272896813318816
746,133.38134765625,32.166806572260874
747,128.51123046875,32.339052511754616
748,143.038330078125,32.675360414835346
749,142.397705078125,32.870580163505835
750,137.904541015625,32.17389931436545
751,150.5556640625,32.401775622096174
752,140.7509765625,32.76506892464444
753,135.775390625,32.96827479408852
754,136.1767578125,33.18377152854324
755,141.331787109375,33.04513381601376
756,145.458984375,33.12251142585041
757,146.9619140625,33.08707761581464
758,148.016845703125,33.27940992121985
759,137.237548828125,33.363321437210196
760,136.76123046875,32.905648502831696
761,129.901611328125,33.03607090632318
762,137.173095703125,33.69229852566138
763,133.92236328125,33.936605116447275
764,134.477294921875,34.300242400880734
765,144.40478515625,34.361290345413195
766,140.276123046875,34.241423123543164
767,147.113525390625,34.134317033574774
768,160.805419921875,34.189608339423444
769,144.544677734375,34.229612943872084
770,130.7646484375,33.5235849289913
771,122.9052734375,33.663083665506846
772,119.011962890625,33.86122119294862
773,130.352294921875,33.91854317309624
774,142.699951171875,34.13958236339078
775,139.726318359375,34.106463154107985
776,135.214599609375,34.134121827639454
777,125.244384765625,34.199954586414016
778,124.279296875,34.12672854478117
779,131.12646484375,34.336570305975535
780,136.072509765625,33.450844806695855
781,143.11181640625,33.431586984499084
782,145.4990234375,33.50317313512412
783,147.9833984375,33.45690272543755
784,147.240478515625,33.56237535367881
785,143.859619140625,33.861238484688144
786,138.37744140625,34.03692680409537
787,141.37255859375,34.096973713998906
788,136.100830078125,34.197236505618804
789,130.11767578125,34.24985926439789
790,134.076416015625,33.3914990988658
791,141.713134765625,33.440856530405675
792,137.196533203125,33.68477364816991
793,135.10791015625,33.72014839222293
794,131.084716796875,33.6486452883221
795,131.14697265625,33.53640000317653
796,134.37548828125,33.513260536233666
797,144.636962890625,33.40982799751196
798,143.54931640625,33.26634810349869
799,142.98828125,33.49125271287693
800,138.197265625,33.015450371646665
801,138.554443359375,33.343716828328255
802,139.774169921875,33.67354261690073
803,145.414306640625,33.82479684672425
804,142.623046875,33.78806001922119
805,138.5263671875,33.81103229066649
806,134.683837890625,33.86238085845988
807,142.445068359375,33.93235783689475
808,147.2802734375,33.799337083396985
809,140.576171875,33.82595677460042
810,141.40087890625,33.13750018171548
811,138.7099609375,33.153635969321755
812,135.6923828125,33.283425210424966
813,140.767822265625,33.285105424906504
814,143.091064453125,33.33621002040202
815,144.71435546875,33.293063254292214
816,146.3896484375,33.35411166342195
817,146.75390625,33.42512903451252
818,146.271484375,33.60561048194402
819,142.03369140625,33.623605131790484
820,135.943115234375,33.08423083382482
821,144.468505859375,33.30688652817992
822,139.4150390625,33.58527075303282
823,136.733642578125,33.72132000488393
824,138.015625,33.75190848526357
825,131.459716796875,33.694318733265746
826,153.544677734375,33.667494466365014
827,141.31982421875,33.8682186576016
828,146.087158203125,34.182778298798944
829,152.895751953125,34.230501274113145
830,127.126708984375,33.62980133851536
831,122.523193359375,33.66922308525342
832,138.743896484375,33.80431811710477
833,140.7421875,33.812160628526485
834,139.986328125,33.94743871222969
835,137.59716796875,34.003826939610704
836,138.053955078125,34.07848495294587
837,135.386962890625,33.95877503969035
838,139.27197265625,33.746462654116456
839,133.009033203125,33.67124546107786
840,130.10498046875,33.022143712902874
841,131.72216796875,33.23194802909095
842,120.948974609375,33.502505610590006
843,132.077880859375,33.79453813094954
844,127.6572265625,33.88603866947467
845,125.1630859375,33.901275091317466
846,141.138427734375,34.10201513316432
847,136.519287109375,34.1038837624776
848,139.10009765625,33.72017984757163
849,137.289794921875,33.785395704240884
850,135.705810546875,32.971773902426754
851,140.2060546875,33.00658549257974
852,147.12353515625,33.043916547389934
853,151.18896484375,32.414611108007804
854,146.109375,32.03487723565793
855,153.83251953125,31.777496322955074
856,148.260986328125,31.435499624485985
857,148.476318359375,31.204770109699336
858,144.916015625,31.00556479380307
859,144.02490234375,30.558447870262228
860,147.27734375,29.64926498540565
861,142.14892578125,29.976552571844675
862,141.72998046875,30.51609004158973
863,134.123291015625,30.67189988492952
864,146.095947265625,30.88780798865215
865,141.243408203125,30.73773675527245
866,135.89990234375,30.677203501322175
867,156.05322265625,30.606067359237343
868,155.544921875,30.798776617150754
869,139.265869140625,30.992585875828862
870,139.379638671875,30.135168695013046
871,151.46044921875,30.31944767863152
872,141.850341796875,30.159590350021528
873,134.673828125,30.53082825181605
874,142.174072265625,30.854304374999924
875,144.890869140625,30.49389741744905
876,137.39111328125,30.62944663465057
877,142.181396484375,30.736072236513763
878,138.653076171875,31.065247388401012
879,139.319091796875,31.332194916439697
880,141.94091796875,31.05445909286856
881,148.416748046875,31.001741644122983
882,159.000732421875,30.819882870255604
883,160.35302734375,30.76105096453185
884,161.048583984375,30.82062087001605
885,167.1533203125,31.198046330202946
886,155.728759765625,31.392287443434917
887,148.786865234375,31.339985663890058
888,154.571533203125,31.330642243617202
889,152.5830078125,31.233801868912444
890,150.65283203125,30.16321239092669
891,156.96923828125,30.37338956331386
892,276.756591796875,30.533767647490507
893,236.38916015625,30.612110760602945
894,205.55126953125,30.796271641940926
895,168.54296875,30.895835550513397
896,265.593994140625,31.118866849228173
897,226.84033203125,31.025312662341054
898,195.60888671875,31.011694111612982
899,161.52880859375,30.799386131303358
900,244.8203125,30.064853979775876
901,201.1982421875,30.119819381326128
902,161.186279296875,30.502810851655454
903,268.336181640625,30.537616877208148
904,234.792236328125,30.53722599048841
905,183.284423828125,30.80957730567018
906,149.375732421875,30.874612791342713
907,198.375,30.9822352216122
908,167.034423828125,30.97986484018516
909,132.827880859375,30.872172082062978
910,281.20263671875,30.179841264231246
911,244.525390625,30.217354838651218
912,203.80224609375,30.669093547536026
913,174.85986328125,30.919409392100576
914,173.6552734375,31.313210326425253
915,147.33984375,31.387262985017976
916,304.119384765625,31.526946797049327
917,264.81103515625,31.61121601190073
918,225.65673828125,31.853923317620684
919,186.080078125,31.814168188134666
920,159.605712890625,31.582349008514853
921,267.281982421875,31.41562564694429
922,243.04345703125,31.579701689198043
923,202.969970703125,31.64464715548143
924,180.084228515625,31.69567077986267
925,314.231689453125,31.521376591649798
926,285.147216796875,31.791180185690216
927,250.6103515625,31.68642130756584
928,212.515625,31.817183202351657
929,174.772216796875,31.57993459658595
930,194.637939453125,31.173499191337477
931,157.503173828125,30.98780049041089
932,181.315673828125,31.286262394165448
933,151.241455078125,31.2146656381016
934,302.932373046875,31.250833453090515
935,266.732421875,31.081679805170573
936,243.825927734375,31.262636057501947
937,220.53369140625,31.23681944389249
938,193.059326171875,31.407771429845067
939,318.0869140625,31.218795996713123
940,290.525390625,30.67618095134845
941,260.17431640625,30.840431945429444
942,247.025390625,30.689196028488965
943,208.179443359375,30.042420222612012
944,194.485595703125,30.24657880052271
945,168.40380859375,29.820770971384697
946,304.361083984375,29.902453084716054
947,252.6357421875,29.898311533347613
948,205.489013671875,30.02143366300272
949,164.981201171875,30.013560394941567
950,302.5888671875,30.26964090120667
951,261.1708984375,30.150391177361755
952,220.765869140625,30.30700791880786
953,347.41845703125,30.43432098925805
954,306.777587890625,30.515243878270002
955,255.4384765625,30.33513369624015
956,216.59326171875,30.721310966188607
957,177.44775390625,30.56569259621377
958,164.91796875,30.373129567227192
959,346.69921875,30.322426970416156
960,290.33447265625,29.73560290152193
961,244.09228515625,30.008161307712587
962,212.462646484375,30.303347235612435
963,180.799072265625,29.87268898677968
964,159.81787109375,29.944561063383695
965,134.079345703125,29.942458843555933
966,129.85400390625,29.939080597186422
967,139.34521484375,29.517218939949835
968,141.448486328125,29.72876570076632
969,139.810546875,29.295473034833442
970,138.7998046875,29.270969013963324
971,146.21435546875,29.50398051694844
972,156.07861328125,29.506315746703486
973,161.44873046875,29.76345202856057
974,153.39453125,30.150362290413433
975,147.30078125,30.057221214423514
976,155.25634765625,30.00289367631998
977,147.871826171875,29.98893233860453
978,152.2734375,29.734629123740767
979,139.16162109375,29.57855146527202
980,137.01513671875,29.827041889768573
981,143.90625,29.892936703447038
982,149.6748046875,29.773600519726426
983,155.555419921875,29.65474412774797
984,155.9833984375,29.486928602284394
985,147.708740234375,29.353098979407157
986,149.715087890625,29.754045258031017
987,147.6806640625,29.69014187275261
988,145.29296875,29.881997814332248
989,153.6376953125,29.995954003110164
990,151.434814453125,29.90792085755943
991,149.173583984375,30.001987607641958
992,157.72021484375,30.36324643052712
993,164.13037109375,29.91128041313796
994,160.14306640625,29.766486788574525
995,158.38525390625,30.077834687570885
996,146.344970703125,30.28438637711605
997,157.414306640625,30.247173804810537
998,160.308837890625,30.25218775083055
999,156.1171875,29.947288766740407
1000,148.243408203125,29.84868948900549
1001,148.471435546875,29.59232445933845
1002,146.2734375,29.39684216807619
1003,154.55615234375,29.45045223558848
1004,149.110595703125,29.74981649963293
1005,145.130615234375,29.53740864460942
1006,149.575927734375,29.495370672190738
1007,151.90478515625,29.549396816236282
1008,163.4658203125,29.50888297144725
1009,161.826904296875,29.5764332390204
1010,171.314697265625,30.097078625531545
1011,176.034423828125,29.97527656379791
1012,163.136962890625,30.337638496475698
1013,149.951416015625,30.80415555408979
1014,149.26611328125,31.186318780146493
1015,155.216064453125,31.383698274451284
1016,156.16943359375,31.840402984056727
1017,145.420654296875,31.85395169946162
1018,143.803955078125,31.97822554758175
1019,152.86279296875,32.04665133044471
1020,164.212158203125,32.17473279419461
1021,161.98779296875,32.151384955990736
1022,158.14599609375,31.980274230456928
1023,162.3701171875,31.799858270568556
1024,164.890380859375,31.88566619679653
1025,179.322509765625,30.00379299230609
1026,165.567626953125,29.4454033564236
1027,156.025390625,29.602430555329093
1028,156.861328125,29.757497085742067
1029,155.45166015625,29.877057556278572
1030,147.99462890625,29.950776533676514
1031,149.830078125,30.18716820458941
1032,149.208740234375,30.023999288408238
1033,138.491455078125,30.19486130699244
1034,150.228515625,30.169479195586227
1035,157.7509765625,30.123079005427538
1036,154.20947265625,29.979727134906007
1037,146.342041015625,29.93015859462687
1038,154.591796875,29.84764140681825
1039,139.275634765625,29.514848115112077
1040,124.154541015625,29.216865774255037
1041,124.4580078125,29.372679811765003
1042,137.033447265625,29.673224127331533
1043,146.936279296875,29.906812536273122
1044,132.866455078125,30.140856711292447
1045,134.708251953125,30.00211934082956
1046,142.25439453125,29.586861562784186
1047,142.9970703125,29.566747340300946
1048,137.721923828125,29.135085431758448
1049,136.111328125,29.15618001842859
1050,141.08740234375,29.237635032879247
1051,136.3603515625,29.513166359881183
1052,150.47900390625,29.612439654305525
1053,141.482177734375,29.77976838715593
1054,132.13623046875,29.824421018015666
1055,140.318603515625,29.81778289630052
1056,143.487060546875,30.36287320250253
1057,142.295654296875,30.27357131119184
1058,135.2353515625,30.31931397932539
1059,140.3271484375,30.429748033059997
1060,136.271728515625,30.39324057701833
1061,139.320068359375,30.95965792203216
1062,147.682373046875,31.430942983583712
1063,150.40966796875,31.492630355331173
1064,140.949951171875,31.615075232357025
1065,140.9287109375,31.581456510013698
1066,144.783935546875,31.943148198788304
1067,146.28271484375,31.96926755689275
1068,147.6162109375,32.18167255089383
1069,146.927001953125,32.395333850817124
1070,153.752197265625,31.957887683804422
1071,146.786376953125,32.26579061656305
1072,142.220703125,32.468583638407395
1073,135.663818359375,32.390580851843595
1074,148.517333984375,31.89847247506709
1075,154.852783203125,32.079367017465266
1076,147.283203125,32.09635150204015
1077,149.605224609375,31.96530543974309
1078,156.372802734375,31.800341902803694
1079,145.250732421875,31.67354102637553
1080,134.7412109375,30.95849745107631
1081,139.96923828125,31.18829786101106
1082,142.8955078125,31.698572038339076
1083,151.069580078125,32.08519140614578
1084,146.26513671875,32.453211217509626
1085,140.846923828125,33.314971331996915
1086,144.477783203125,33.37881867167261
1087,137.32080078125,33.49866740005383
1088,134.0009765625,33.648621982701826
1089,137.260009765625,33.5184023215633
1090,144.35888671875,32.64109841323639
1091,144.06103515625,32.941832368752166
1092,141.4482421875,33.17190634010338
1093,144.663818359375,33.38410982644889
1094,140.763916015625,33.09424092465271
1095,143.724853515625,32.77475188530551
1096,140.05322265625,32.68185332261825
1097,131.95068359375,32.459764426688444
1098,131.553466796875,32.494198332763204
1099,157.880859375,32.45868461552597
1100,134.76220703125,31.861208231935482
1101,134.656982421875,31.918410613089954
1102,138.453857421875,31.74496875831238
1103,141.2607421875,31.591102119465088
1104,134.991943359375,31.789369475564023
1105,133.770751953125,31.63143576405869
1106,138.064697265625,31.83197695270833
1107,137.513916015625,31.91689437920033
1108,135.5166015625,31.96747404282779
1109,135.57958984375,31.658759073016736
1110,139.593994140625,30.80435552648482
1111,155.936279296875,30.75052219292308
1112,160.57177734375,30.769036710582125
1113,141.137451171875,30.820416645716694
1114,141.562255859375,31.000568861056102
1115,130.153076171875,31.016032137951928
1116,128.98193359375,31.21905890531292
1117,140.318115234375,31.00900286992727
1118,142.747802734375,30.682447531721284
1119,141.821533203125,30.942289775212647
1120,143.482421875,30.511523267769732
1121,143.607177734375,30.608254334381424
1122,150.678466796875,30.77290427823775
1123,148.13134765625,30.67286549320473
1124,141.188232421875,30.878847064438762
1125,140.998046875,31.21792446796928
1126,142.58740234375,31.62231227719241
1127,142.910888671875,31.977563260936677
1128,138.1318359375,32.035898709430235
1129,139.180419921875,31.89974746702323
1130,144.72412109375,31.05591741188311
1131,144.698974609375,31.073373227683906
1132,143.23046875,31.26283990129883
1133,151.38671875,30.949297971897273
1134,151.74267578125,30.683447016635558
1135,141.480712890625,30.93607265488564
1136,136.166748046875,31.43543110118152
1137,133.851806640625,32.133888299192265
1138,142.916748046875,32.46214118005074
1139,132.653564453125,33.13128477228952
1140,129.147705078125,32.91988625564564
1141,129.421630859375,33.689678187013
1142,130.912841796875,34.15803514787935
1143,131.14990234375,34.232888552260604
1144,128.215087890625,34.365672436588866
1145,127.79150390625,34.4490831680991
1146,129.5576171875,34.505308141831954
1147,135.713134765625,34.62034860001212
1148,131.960205078125,34.49219777827373
1149,133.4521484375,33.611825639976566
1150,131.1552734375,33.135809795663555
1151,132.57177734375,33.28600852429224
1152,131.90771484375,33.38425958384913
1153,130.6298828125,33.23536734283028
1154,129.054931640625,33.35440749452712
1155,129.672119140625,33.409062272317264
1156,132.25146484375,33.0591183074555
1157,130.282470703125,33.21281972604553
1158,130.45556640625,33.40054687331289
1159,129.37841796875,33.101353990500684
1160,129.256103515625,32.759838533207024
1161,128.408203125,32.94040330671537
1162,130.056884765625,33.293853286544646
1163,132.080078125,33.33415862215273
1164,129.942626953125,33.53668762142465
1165,129.144287109375,33.31330568095729
1166,130.81787109375,33.37975807159616
1167,131.73193359375,33.231755867689316
1168,131.416015625,33.17934681732358
1169,235.37841796875,33.27343872317259
1170,205.028564453125,32.751775444653305
1171,166.22412109375,32.74666843353761
1172,268.5185546875,32.95970023388145
1173,224.845458984375,33.0076570572242
1174,194.3818359375,32.90101659354443
1175,156.24072265625,32.850269682671446
1176,247.81494140625,32.60435158327229
1177,210.19921875,32.88600295619521
1178,175.814208984375,32.70725257937658
1179,293.51220703125,32.6997750572976
1180,248.7470703125,31.831949483509693
1181,209.06982421875,32.096670344745924
1182,170.825927734375,32.442941892533746
1183,194.236083984375,31.97088413119189
1184,154.593994140625,31.912802229225818
1185,312.3896484375,31.617122783727407
1186,271.69580078125,31.271061501195927
1187,236.2158203125,31.63266659261316
1188,201.341796875,31.917746915955785
1189,161.972412109375,31.523952138681288
1190,219.93994140625,31.052186985289282
1191,178.227294921875,31.569100753006662
1192,141.4228515625,31.94805870747817
1193,287.455322265625,32.00809382818044
1194,249.314697265625,32.01810348542813
1195,218.043212890625,32.14425610283116
1196,181.659912109375,31.75090967310133
1197,312.46875,31.660919064545908
1198,283.066162109375,32.010553509241646
1199,242.296142578125,31.75040717461471
1200,204.7001953125,30.812035475798183
1201,159.3837890625,30.78916014026753
1202,280.986083984375,31.372461309223088
1203,240.281494140625,31.623702423527984
1204,202.072998046875,31.58436774757993
1205,167.9755859375,31.58917628617786
1206,216.75927734375,31.67332727151205
1207,176.050048828125,31.17106702077837
1208,139.892578125,30.838546568438797
1209,155.737060546875,30.91177703877777
1210,139.134765625,30.03241957693761
1211,287.555908203125,30.355303535681518
1212,250.45458984375,30.891903441394817
1213,202.48583984375,31.086639768208503
1214,183.467529296875,31.18285201341433
1215,309.80322265625,31.506291161797567
1216,269.73828125,31.35332003535359
1217,224.718505859375,31.33916498599014
1218,191.773681640625,31.20575599126533
1219,203.299560546875,31.36316711385305
1220,168.3603515625,30.351893860641397
1221,323.002685546875,30.986461592610674
1222,282.43310546875,31.13409299163445
1223,238.15380859375,31.09504510076668
1224,196.33203125,31.43317257401021
1225,155.57568359375,31.383646125494327
1226,281.733154296875,31.471771736733984
1227,240.335693359375,31.40883879842834
1228,196.47265625,31.17487198708986
1229,167.297607421875,31.208948573045845
1230,295.87841796875,30.51072819416945
1231,266.765625,30.699889880075087
1232,222.74462890625,31.05024044533081
1233,200.750732421875,31.01681597364608
1234,159.509033203125,30.820514833517233
1235,285.486328125,31.146202019060127
1236,243.2861328125,31.17678871493082
1237,210.952392578125,31.099706583212072
1238,165.400146484375,31.082492358880195
1239,316.692626953125,30.448258692397694
1240,261.1416015625,29.81336114412739
1241,229.731689453125,30.56758586039949
1242,187.458984375,30.925737017816967
1243,155.018798828125,30.39336364203196
1244,141.400634765625,29.9173007143447
1245,131.487060546875,30.190112592084034
1246,142.0419921875,30.21059905614573
1247,143.223876953125,30.151702040065157
1248,143.440673828125,30.26022353324593
1249,131.8056640625,30.54742271064135
1250,137.650146484375,29.95618853378475
1251,143.076904296875,30.05457180181796
1252,140.03125,30.57400084108355
1253,135.167236328125,30.50337407297682
1254,136.68310546875,30.455028912073125
1255,143.30078125,30.394209617371768
1256,145.794189453125,30.382281966561905
1257,144.940673828125,30.200573607528487
1258,147.8671875,31.117517278312203
1259,141.57763671875,30.844317224021502
1260,142.820068359375,29.954887669573193
1261,155.3349609375,30.367311714368785
1262,152.051513671875,30.26806321185555
1263,144.935546875,30.227248031404013
1264,145.422119140625,30.66026449158317
1265,142.51806640625,30.362673896117286
1266,145.826904296875,30.161704468920217
1267,147.91552734375,30.105435002227136
1268,145.5458984375,29.80227175186305
1269,148.133056640625,29.73966764416643
1270,148.48779296875,28.604812058701967
1271,146.138427734375,28.913188622316216
1272,146.552978515625,30.379054418732558
1273,151.803466796875,30.288824346513618
1274,152.271728515625,30.389064240964704
1275,135.1767578125,30.530066099386296
1276,133.947509765625,30.745290976268702
1277,131.924560546875,30.96589313768725
1278,135.066650390625,30.98436901035525
1279,131.794677734375,31.144321879306997
1280,125.3349609375,32.19567986807034
1281,128.97998046875,32.5425573257897
1282,129.321533203125,32.78318886499057
1283,125.04931640625,32.55874313321631
1284,127.77392578125,32.32847377233113
1285,124.85791015625,32.167751244940035
1286,127.36767578125,31.43719452326409
1287,122.033935546875,31.600550863425894
1288,125.158203125,31.613846934331693
1289,128.654052734375,31.872599746121306
1290,128.92919921875,31.851463867769734
1291,130.45166015625,32.06533649242495
1292,137.080078125,32.200676899884
1293,138.542724609375,32.424124713057616
1294,130.040771484375,32.39151984045558
1295,134.1953125,32.16289853052474
1296,132.2216796875,32.38871604469522
1297,126.80615234375,32.35095397890606
1298,125.584716796875,32.10033332106778
1299,127.328125,32.2664607733685
1300,127.306884765625,31.52578353619256
1301,127.514892578125,31.92577857084632
1302,126.15966796875,32.17020512822961
1303,119.760986328125,32.459217158432864
1304,125.642333984375,32.77158031856946
1305,128.6337890625,33.02525546745856
1306,129.755126953125,33.38960941894592
1307,130.407470703125,33.45460267069662
1308,132.025146484375,33.09948794935444
1309,124.95458984375,32.913507602495656
1310,127.94140625,31.977627250483856
1311,129.510986328125,31.690658463355227
1312,136.913818359375,31.67997266934184
1313,130.795654296875,31.763142195480157
1314,131.933349609375,31.689576290813214
1315,123.298828125,31.550596998565695
1316,128.52294921875,31.607833374443754
1317,134.21630859375,31.48079200979287
1318,135.605224609375,31.525681979267173
1319,135.42138671875,31.57246950577611
1320,125.818115234375,31.54430620535802
1321,128.54541015625,31.33957732980937
1322,127.41650390625,31.55664159583836
1323,126.263671875,31.54824005555192
1324,130.009765625,31.378627445665675
1325,127.95654296875,31.640429209086506
1326,124.095458984375,31.9985914839458
1327,123.332763671875,31.988257683985506
1328,129.12451171875,31.971323562838364
1329,134.361328125,32.18389250841662
1330,145.4169921875,31.74094618946191
1331,136.60791015625,31.99481613288868
1332,130.567138671875,32.20027103398601
1333,123.88037109375,31.81351253670052
1334,125.434814453125,31.811721252446088
1335,125.560302734375,31.96955027033514
1336,131.921875,32.243927678426324
1337,132.478759765625,32.57280218588684
1338,126.53125,32.632314858468035
1339,129.237548828125,32.70594377095448
1340,128.779541015625,32.475622296385296
1341,131.49169921875,32.61445130495619
1342,129.80908203125,32.73555919010483
1343,121.712646484375,32.926897518628124
1344,125.19580078125,32.95620973311799
1345,125.2255859375,33.051229834131156
1346,125.402587890625,33.1824711257227
1347,120.025146484375,33.511339598267554
1348,125.455322265625,33.575041968947694
1349,129.2685546875,33.69720752508718
1350,123.302978515625,33.351329076234315
1351,127.945068359375,33.361206841427915
1352,128.329345703125,33.478184921302464
1353,128.91650390625,33.46198692306645
1354,128.59375,33.66885458666842
1355,129.6103515625,33.706250977139014
1356,122.8154296875,33.771733414681194
1357,117.72900390625,33.58160263353428
1358,116.491455078125,33.6691708548122
1359,120.695556640625,34.007351246420605
1360,129.75,33.55415752126076
1361,125.36962890625,33.703839373521426
1362,118.000244140625,34.0571574578827
1363,124.8310546875,33.82869284074856
1364,132.913330078125,33.55959306875022
1365,135.6064453125,32.779292126539076
1366,133.384521484375,32.342498051881236
1367,129.1064453125,32.05993859883072
1368,132.44189453125,31.312484918468556
1369,129.0634765625,31.028755664798354
1370,129.5986328125,30.713320202576483
1371,128.26220703125,31.09739520434484
1372,131.131591796875,31.51424074599707
1373,135.864990234375,31.733902646957393
1374,131.63623046875,31.828594244362375
1375,137.123291015625,31.79274507009993
1376,134.644287109375,32.00655122956369
1377,132.76611328125,32.093960545052674
1378,131.079833984375,31.994668680607575
1379,129.7080078125,32.022367593406045
1380,132.772705078125,31.05532032770987
1381,131.538330078125,31.25180734652149
1382,130.601806640625,31.394752354570127
1383,126.13134765625,31.275444878111838
1384,134.801513671875,31.24486928761054
1385,143.504638671875,31.26996415806149
1386,134.465576171875,31.208845070447456
1387,134.199462890625,31.19823670967402
1388,138.39404296875,31.652726604542213
1389,139.233642578125,31.448556064342046
1390,134.18505859375,30.572268538877374
1391,143.273681640625,30.63244822391685
1392,143.527099609375,30.874098744296823
1393,143.51611328125,31.0720249101043
1394,138.93798828125,31.28218309264901
1395,134.025390625,31.536375557169663
1396,143.971923828125,31.924758168765788
1397,138.5361328125,32.22806290284411
1398,133.235107421875,32.065278590570195
1399,135.131103515625,32.12491853264428
1400,140.646728515625,31.592477863689933
1401,138.307373046875,31.98403164934549
1402,138.640869140625,32.030136018281674
1403,136.36328125,31.661361907307626
1404,141.753662109375,31.603381482879964
1405,139.697998046875,31.44928533070694
1406,138.91357421875,31.440804241585045
1407,136.40234375,31.67295903741959
1408,141.380126953125,32.011453551396265
1409,141.859130859375,31.93646763395794
1410,137.990478515625,31.25214101704628
1411,135.105224609375,31.818230790306266
1412,135.84423828125,32.253970676859886
1413,134.39111328125,32.70945345676918
1414,133.9453125,32.748228553425484
1415,134.140625,32.82135979796466
1416,135.77783203125,32.492947464671786
1417,136.249755859375,32.442228269497946
1418,136.35302734375,32.405975219479906
1419,135.76904296875,32.296485204703366
1420,134.869140625,32.344784482685455
1421,135.34619140625,32.767938591909626
1422,132.240966796875,32.94389848319297
1423,131.652099609375,32.97226018487815
1424,132.26318359375,32.66944405367793
1425,135.6171875,32.037509816286786
1426,137.744873046875,31.569280576998448
1427,151.635498046875,30.815723068196586
1428,154.081787109375,30.138378358952643
1429,146.37255859375,30.08381902135984
1430,143.924072265625,30.05078724065864
1431,141.99853515625,30.439955310132042
1432,143.4873046875,31.02923643531843
1433,142.3740234375,31.395458428552686
1434,276.808349609375,31.335477365095077
1435,242.64013671875,31.333851514352236
1436,202.617431640625,31.247226585333014
1437,160.354736328125,31.183393998434678
1438,144.9140625,31.03157171803556
1439,139.068359375,32.3423560587168
1440,129.6025390625,33.62326521112515
1441,380.352783203125,34.97070591243988
1442,345.5537109375,35.3121411979395
1443,310.365966796875,35.06760817623881
1444,275.560546875,34.51931526180633
1445,246.313720703125,34.37930182338855
1446,210.89111328125,34.458157100767394
1447,174.412353515625,34.391801961609175
1448,145.190673828125,34.26173894176849
1449,134.96875,34.044739622653786
1450,135.59033203125,32.980791078210146
1451,388.272705078125,33.37869165730155
1452,352.96630859375,33.65670194758528
1453,314.744140625,33.74584223559278
1454,277.197998046875,33.58033748142641
1455,239.349853515625,33.46209733549283
1456,208.416259765625,33.39095601236074
1457,168.225830078125,33.235809825659146
1458,136.705078125,33.13939970799058
1459,132.9296875,33.052081765854425
1460,419.110595703125,31.826633846999286
1461,389.0830078125,31.83678636316237
1462,346.352294921875,32.108950657906725
1463,308.11083984375,32.329015070276476
1464,273.13916015625,32.406040611770074
1465,232.58056640625,32.495682268388705
1466,190.698974609375,32.38991274834105
1467,534.733642578125,32.52125598356613
1468,490.20947265625,32.50781702903789
1469,450.920166015625,32.43682604366943
1470,403.643310546875,31.71003994603325
1471,368.498046875,31.7762211119482
1472,327.30859375,31.855154931048556
1473,279.18896484375,32.061344437774245
1474,238.3466796875,32.380912098884785
1475,196.301025390625,32.37951075780749
1476,564.973876953125,32.31951025114138
1477,528.87744140625,32.348773713667704
1478,486.208740234375,32.50594531375705
1479,449.5693359375,32.586824701459484
1480,410.978515625,31.841891806853475
1481,372.498046875,31.859580958032915
1482,333.603759765625,32.06122770577664
1483,310.792236328125,32.10939432069361
1484,269.138916015625,31.814006707318363
1485,228.9453125,32.094745569955194
1486,196.218505859375,32.11640750908603
1487,468.679931640625,31.77358081358017
1488,437.29638671875,31.536391553772106
1489,393.0185546875,31.31314090199833
1490,345.140869140625,29.790349650293454
1491,333.249267578125,29.8083970948985
1492,291.591064453125,30.500395678596696
1493,241.647705078125,30.527290431321468
1494,197.366943359375,30.93485703203044
1495,161.286376953125,31.434393402632214
1496,445.088134765625,31.392965699051253
1497,401.7421875,31.313484650203343
1498,366.806640625,31.49413710458955
1499,320.619384765625,31.358123327929004
1500,286.710205078125,30.81535126899148
1501,253.722412109375,31.08883061989113
1502,209.232177734375,31.319882062584053
1503,175.283935546875,31.623209623816784
1504,476.260986328125,31.876030461941728
1505,438.10595703125,32.041248303714596
1506,396.129150390625,32.12813825364623
1507,358.49609375,32.30065088776086
1508,327.503662109375,32.37271562421021
1509,285.3388671875,32.45742559415469
1510,246.50341796875,32.072073472432535
1511,296.283447265625,32.14161550262716
1512,253.8212890625,32.377793124861824
1513,216.7783203125,32.58730900531517
1514,179.9072265625,32.91340504226261
1515,401.091552734375,32.94673601837909
1516,360.225830078125,33.00844482799974
1517,319.914794921875,32.832577954492706
1518,287.585205078125,32.4014681406173
1519,249.765380859375,32.13647433538683
1520,284.521728515625,31.633361572535566
1521,247.675537109375,31.696489319400293
1522,215.20849609375,32.35154810571205
1523,185.8447265625,32.64884043583069
1524,152.51708984375,33.10260551895456
1525,389.747314453125,33.446218539708795
1526,354.74365234375,33.628129059058146
1527,334.16455078125,33.40385170564105
1528,302.396240234375,33.208585436240725
1529,277.072998046875,33.14227607801789
1530,296.420166015625,32.51042904503079
1531,277.681884765625,32.444775258942755
1532,235.403076171875,33.14669475923489
1533,206.253662109375,33.51897126297606
1534,167.900634765625,33.44403086209224
1535,141.11962890625,33.353433661451646
1536,109.41259765625,33.53812699260939
1537,97.021240234375,33.152111026751804
1538,102.478759765625,33.32829800900862
1539,99.672119140625,33.51076799318166
1540,97.203857421875,33.46563127684636
1541,99.21484375,33.45579474131415
1542,98.6064453125,34.040279076313084
1543,100.818603515625,34.77300316403398
1544,110.12939453125,35.288674555707715
1545,108.090576171875,35.953587315081904
1546,280.8388671875,36.100349198913335
1547,261.325439453125,36.393309427017705
1548,230.938232421875,36.26824343095775
1549,204.644287109375,36.14931418535014
1550,176.399658203125,35.599493552841246
1551,141.06982421875,35.69142935948477
1552,122.913818359375,35.908499868724384
1553,120.68505859375,35.88402388063048
1554,117.40185546875,35.6427497238344
1555,380.26416015625,35.57883241261964
1556,347.495361328125,35.53657266256593
1557,318.40576171875,35.488986002547094
1558,285.573486328125,35.30874792702786
1559,258.967529296875,35.29850813051914
1560,230.045166015625,34.87552569430496
1561,202.37841796875,34.996245287516516
1562,166.872314453125,34.89045316888136
1563,138.809814453125,34.63173211849264
1564,133.076416015625,34.53244509645757
1565,421.722412109375,34.256950695551694
1566,384.93994140625,34.196136426564976
1567,349.775634765625,33.696004579633176
1568,315.205322265625,33.66550135227839
1569,282.34716796875,33.19285978207149
1570,250.881591796875,32.477678257170325
1571,212.454833984375,32.37606531620009
1572,169.788818359375,32.50025249975934
1573,142.489013671875,32.35287793954113
1574,142.7890625,32.297458987284344
1575,390.45849609375,32.289013379475364
1576,350.286376953125,32.38175236629907
1577,310.8974609375,32.573124079497404
1578,267.422607421875,32.43169454428361
1579,236.210693359375,32.12715187025706
1580,194.771484375,31.112045084425674
1581,159.518310546875,31.326594242161953
1582,138.5224609375,31.61972744966923
1583,145.654541015625,31.677623437940703
1584,390.314208984375,31.855408883160106
1585,352.31591796875,31.974004861256837
1586,312.495361328125,32.16962298236857
1587,270.12158203125,31.964551313121113
1588,228.76416015625,32.04247882891143
1589,186.210205078125,32.12004062845615
1590,148.000244140625,31.43495466549834
1591,139.9814453125,31.87509735408141
1592,143.957763671875,32.128955984937136
1593,447.278564453125,32.394528574087836
1594,406.431884765625,32.593925062035545
1595,362.4375,32.639068785081264
1596,324.050537109375,32.666353458155285
1597,282.359130859375,32.602971831638236
1598,249.664794921875,32.55686878611185
1599,206.447998046875,32.649925045297486
1600,164.8388671875,31.40696781352819
1601,143.98974609375,31.89693312478765
1602,145.225830078125,32.13763571679635
1603,385.350830078125,32.22374660042623
1604,344.096923828125,32.51997215363476
1605,300.662109375,32.49101359296278
1606,260.81689453125,32.42544700770994
1607,219.986572265625,32.29524856322242
1608,179.41064453125,32.14556346510825
1609,142.05810546875,32.23406257622295
1610,142.027587890625,31.494144495392327
1611,427.912109375,31.534766441015268
1612,389.107177734375,31.53679801876387
1613,347.03369140625,31.980289898965182
1614,307.0068359375,32.22274530314722
1615,271.97802734375,32.280327488831546
1616,232.5625,32.551263382691396
1617,189.721923828125,32.2652559112895
1618,151.191650390625,32.25616924705068
1619,140.813232421875,32.23139772548737
1620,413.8662109375,31.23138716497811
1621,375.519775390625,31.522208932502128
1622,336.70654296875,31.986988898865516
1623,304.345947265625,32.15689505275824
1624,267.19580078125,31.983501747334195
1625,226.06640625,31.979454177294826
1626,184.19775390625,31.890363969240397
1627,148.6015625,31.95058847849555
1628,139.478515625,32.06446937547749
1629,426.54736328125,31.914196814604594
1630,385.051025390625,30.855236680564904
1631,344.94970703125,31.089214568569624
1632,304.312744140625,31.202659010247693
1633,266.11865234375,31.14599320490864
1634,225.141845703125,31.580573387344042
1635,181.43115234375,31.64685662698329
1636,146.229248046875,31.92780292390898
1637,137.2734375,32.07272178011323
1638,427.207275390625,32.22880123220153
1639,562.101318359375,32.55229546693178
1640,524.46484375,32.39641064392499
1641,487.42529296875,32.640888824589446
1642,449.14013671875,33.03755967694698
1643,419.578369140625,33.316194361406325
1644,385.094482421875,33.50221202271623
1645,349.026123046875,33.7060904004919
1646,313.8701171875,33.96499498499158
1647,277.34521484375,34.021297269343485
1648,240.130615234375,34.20498227481481
1649,203.90576171875,34.18282476614916
1650,172.72412109375,33.877292763713434
1651,140.856201171875,34.328321080569374
1652,405.512939453125,34.538600611573614
1653,375.37744140625,34.763933975833275
1654,340.07080078125,34.78227344959117
1655,306.486572265625,34.663043416266625
1656,272.98486328125,34.45224552913373
1657,236.90234375,34.08405187819608
1658,201.505615234375,33.85738188559997
1659,165.7509765625,33.83300335512851
1660,134.78173828125,33.84037459388328
1661,127.376708984375,33.93479334363904
1662,413.67919921875,34.05482612421836
1663,380.093994140625,33.86284971340447
1664,346.66357421875,34.114630956106765
1665,313.801513671875,34.04412642663266
1666,285.048095703125,34.098563986578306
1667,249.9833984375,34.1042353698353
1668,217.427978515625,34.07259875164107
1669,182.721435546875,33.893056506873265
1670,148.0439453125,33.126257963604644
1671,129.098388671875,33.45819457638225
1672,131.933349609375,33.45533069648483
1673,382.846923828125,33.626403081593836
1674,348.135986328125,33.631430931734556
1675,312.31103515625,33.34844442150802
1676,275.90673828125,33.6120516053331
1677,240.08740234375,33.97387053651733
1678,208.634033203125,33.96953354175057
1679,171.330078125,34.03993584765357
1680,140.782470703125,33.232292422396576
1681,138.858154296875,34.02772154508062
1682,129.680908203125,34.102634956423486
1683,368.429443359375,33.693427792100856
1684,333.4482421875,33.70366062341125
1685,297.037109375,33.545256813902625
1686,262.0615234375,33.2042712038988
1687,223.085693359375,32.87821486127334
1688,183.378662109375,33.266678561743305
1689,145.689453125,33.15111756370256
1690,139.6240234375,32.029255959842395
1691,137.05859375,31.866916467708286
1692,449.1240234375,31.852067268251805
1693,414.463134765625,31.71152041734591
1694,376.578125,31.500427029897274
1695,339.333984375,31.66179110039629
1696,301.698486328125,31.708019273252877
1697,272.4716796875,31.572000155252113
1698,234.43310546875,31.72239459200859
1699,196.574951171875,31.994156035669103
1700,159.68310546875,31.418174177514967
1701,130.674560546875,32.09353662487911
1702,434.563720703125,32.27029464729914
1703,398.99853515625,32.425413170351874
1704,353.708740234375,32.75120369019464
1705,323.21044921875,32.98106111213561
1706,288.510986328125,33.23419037478028
1707,251.865966796875,33.486849278179115
1708,215.43115234375,33.76961429884081
1709,179.995361328125,34.17052939881105
1710,150.074951171875,33.71954287059712
1711,125.16357421875,33.974044810936874
1712,127.462890625,33.88292641132649
1713,379.000244140625,33.558484108150786
1714,350.30810546875,33.004904651540016
1715,314.72802734375,33.105176881537446
1716,280.070068359375,32.90737991228697
1717,243.5322265625,33.03772603978365
1718,205.982177734375,33.672902088121056
1719,167.5830078125,34.140755065277084
1720,137.658203125,33.40019921170767
1721,125.642578125,33.55078362971921
1722,127.442626953125,33.718128394230284
1723,379.996826171875,32.81034051928436
1724,342.3583984375,32.60297349341968
1725,310.80078125,32.434527230460375
1726,273.180908203125,32.68053188419739
1727,236.8564453125,32.982655275040415
1728,200.72216796875,33.19658677056942
1729,165.95068359375,33.16673292698799
1730,135.425048828125,32.31170290752969
1731,130.186279296875,32.452778918702364
1732,418.559326171875,32.30833957591461
1733,383.95751953125,32.236688650409825
1734,345.387451171875,32.250368655912574
1735,308.218505859375,32.301474782574694
1736,271.355712890625,32.14108076904706
1737,242.3173828125,32.40217451815053
1738,204.98876953125,32.47961982362524
1739,164.50390625,32.42502748438681
1740,132.44287109375,31.58483497257939
1741,138.609130859375,30.954409700265927
1742,411.095947265625,31.668389832367268
1743,373.516845703125,31.704769884578084
1744,343.603271484375,31.58855444638141
1745,305.934326171875,31.534563627475933
1746,268.044677734375,31.580691500546703
1747,229.418701171875,31.26742812741798
1748,189.14990234375,31.157034763937286
1749,153.6005859375,31.33302463954089
1750,138.208740234375,30.966285213207225
1751,135.970458984375,31.205671299796535
1752,135.062255859375,31.41189386682651
1753,135.76123046875,31.64448865787841
1754,134.567626953125,31.80850890608109
1755,278.781494140625,31.96961454746271
1756,242.234130859375,32.21918217735145
1757,207.153076171875,32.25874592958288
1758,178.37646484375,32.44304617139249
1759,271.0263671875,32.283156760338905
1760,249.534912109375,31.41518930298996
1761,210.661865234375,31.624600853416357
1762,176.375732421875,31.83131245310332
1763,253.25634765625,32.05606260945744
1764,221.98193359375,32.171498058131725
1765,183.99560546875,32.23360665819165
1766,152.654541015625,32.202722791210604
1767,243.923095703125,32.41681157447396
1768,219.108642578125,32.70411195747065
1769,175.7265625,32.82515301629215
1770,143.814697265625,32.14275794956751
1771,180.46875,32.604203503386394
1772,158.72509765625,32.77655815408356
1773,131.4306640625,32.7522607727757
1774,276.745849609375,33.15236050963135
1775,245.817626953125,33.48767589139933
1776,215.36669921875,33.77331264126052
1777,192.592529296875,34.06046489720164
1778,165.8291015625,34.266740174612885
1779,139.663330078125,34.206466580231464
1780,204.369873046875,32.881570146700184
1781,178.88916015625,33.751542913228676
1782,145.853271484375,34.30087177875498
1783,126.003173828125,33.122679863027514
1784,271.245361328125,32.9325810827096
1785,245.21728515625,32.77838068578071
1786,214.07080078125,32.495790014821424
1787,186.59814453125,32.28353804230917
1788,167.279052734375,31.523577171976967
1789,289.523193359375,30.8596972531074
1790,254.796142578125,29.49488142313859
1791,225.6982421875,30.00596480139675
1792,193.4775390625,30.2150819855966
1793,158.326416015625,30.341914188219015
1794,288.31005859375,30.409055309874624
1795,261.133544921875,30.550252299621487
1796,227.039794921875,30.88602939669889
1797,208.34228515625,31.185302276565103
1798,177.2705078125,31.53815380415588
